Using pre-set license
Built from '2021.3/staging' branch; Version is '2021.3.1f1 (3b70a0754835) revision 3895456'; Using compiler version '192829333'; Build Type 'Release'
OS: 'Windows 10  (10.0.19044) 64bit Professional' Language: 'ko' Physical Memory: 16321 MB
BatchMode: 1, IsHumanControllingUs: 0, StartBugReporterOnCrash: 0, Is64bit: 1, IsPro: 1

COMMAND LINE ARGUMENTS:
C:\Program Files\Unity 2021.3.1f1\Editor\Unity.exe
-adb2
-batchMode
-noUpm
-name
AssetImportWorker9
-projectPath
C:/Users/Atents/Desktop/WOS/WOS
-logFile
Logs/AssetImportWorker9.log
-srvPort
53745
Successfully changed project path to: C:/Users/Atents/Desktop/WOS/WOS
C:/Users/Atents/Desktop/WOS/WOS
[UnityMemory] Configuration Parameters - Can be set up in boot.config
    "memorysetup-bucket-allocator-granularity=16"
    "memorysetup-bucket-allocator-bucket-count=8"
    "memorysetup-bucket-allocator-block-size=33554432"
    "memorysetup-bucket-allocator-block-count=8"
    "memorysetup-main-allocator-block-size=16777216"
    "memorysetup-thread-allocator-block-size=16777216"
    "memorysetup-gfx-main-allocator-block-size=16777216"
    "memorysetup-gfx-thread-allocator-block-size=16777216"
    "memorysetup-cache-allocator-block-size=4194304"
    "memorysetup-typetree-allocator-block-size=2097152"
    "memorysetup-profiler-bucket-allocator-granularity=16"
    "memorysetup-profiler-bucket-allocator-bucket-count=8"
    "memorysetup-profiler-bucket-allocator-block-size=33554432"
    "memorysetup-profiler-bucket-allocator-block-count=8"
    "memorysetup-profiler-allocator-block-size=16777216"
    "memorysetup-profiler-editor-allocator-block-size=1048576"
    "memorysetup-temp-allocator-size-main=16777216"
    "memorysetup-job-temp-allocator-block-size=2097152"
    "memorysetup-job-temp-allocator-block-size-background=1048576"
    "memorysetup-job-temp-allocator-reduction-small-platforms=262144"
    "memorysetup-temp-allocator-size-background-worker=32768"
    "memorysetup-temp-allocator-size-job-worker=262144"
    "memorysetup-temp-allocator-size-preload-manager=33554432"
    "memorysetup-temp-allocator-size-nav-mesh-worker=65536"
    "memorysetup-temp-allocator-size-audio-worker=65536"
    "memorysetup-temp-allocator-size-cloud-worker=32768"
    "memorysetup-temp-allocator-size-gi-baking-worker=262144"
    "memorysetup-temp-allocator-size-gfx=262144"
Refreshing native plugins compatible for Editor in 205.21 ms, found 3 plugins.
Preloading 0 native plugins for Editor in 0.00 ms.
Initialize engine version: 2021.3.1f1 (3b70a0754835)
[Subsystems] Discovering subsystems at path C:/Program Files/Unity 2021.3.1f1/Editor/Data/Resources/UnitySubsystems
[Subsystems] Discovering subsystems at path C:/Users/Atents/Desktop/WOS/WOS/Assets
GfxDevice: creating device client; threaded=0; jobified=0
Direct3D:
    Version:  Direct3D 11.0 [level 11.0]
    Renderer: NVIDIA GeForce GT 710 (ID=0x128b)
    Vendor:   NVIDIA
    VRAM:     984 MB
    Driver:   30.0.14.7404
Initialize mono
Mono path[0] = 'C:/Program Files/Unity 2021.3.1f1/Editor/Data/Managed'
Mono path[1] = 'C:/Program Files/Unity 2021.3.1f1/Editor/Data/MonoBleedingEdge/lib/mono/unityjit-win32'
Mono config path = 'C:/Program Files/Unity 2021.3.1f1/Editor/Data/MonoBleedingEdge/etc'
Using monoOptions --debugger-agent=transport=dt_socket,embedding=1,server=y,suspend=n,address=127.0.0.1:56772
Begin MonoManager ReloadAssembly
Registering precompiled unity dll's ...
Register platform support module: C:/Program Files/Unity 2021.3.1f1/Editor/Data/PlaybackEngines/WindowsStandaloneSupport/UnityEditor.WindowsStandalone.Extensions.dll
Registered in 0.005287 seconds.
Native extension for WindowsStandalone target not found
Refreshing native plugins compatible for Editor in 156.67 ms, found 3 plugins.
Preloading 0 native plugins for Editor in 0.00 ms.
Mono: successfully reloaded assembly
- Completed reload, in  1.021 seconds
Domain Reload Profiling:
	ReloadAssembly (1022ms)
		BeginReloadAssembly (109ms)
			ExecutionOrderSort (0ms)
			DisableScriptedObjects (0ms)
			BackupInstance (0ms)
			ReleaseScriptingObjects (0ms)
			CreateAndSetChildDomain (1ms)
		EndReloadAssembly (728ms)
			LoadAssemblies (109ms)
			RebuildTransferFunctionScriptingTraits (0ms)
			SetupTypeCache (170ms)
			ReleaseScriptCaches (0ms)
			RebuildScriptCaches (48ms)
			SetupLoadedEditorAssemblies (435ms)
				LogAssemblyErrors (0ms)
				InitializePlatformSupportModulesInManaged (7ms)
				SetLoadedEditorAssemblies (0ms)
				RefreshPlugins (157ms)
				BeforeProcessingInitializeOnLoad (1ms)
				ProcessInitializeOnLoadAttributes (194ms)
				ProcessInitializeOnLoadMethodAttributes (76ms)
				AfterProcessingInitializeOnLoad (0ms)
				EditorAssembliesLoaded (0ms)
			ExecutionOrderSort2 (0ms)
			AwakeInstancesAfterBackupRestoration (0ms)
Platform modules already initialized, skipping
Registering precompiled user dll's ...
Registered in 0.005757 seconds.
Begin MonoManager ReloadAssembly
Symbol file LoadedFromMemory doesn't match image C:\Users\Atents\Desktop\WOS\WOS\Library\PackageCache\com.unity.visualscripting@1.7.8\Editor\VisualScripting.Core\Dependencies\YamlDotNet\Unity.VisualScripting.YamlDotNet.dll
Symbol file LoadedFromMemory doesn't match image C:\Users\Atents\Desktop\WOS\WOS\Library\PackageCache\com.unity.visualscripting@1.7.8\Editor\VisualScripting.Core\Dependencies\DotNetZip\Unity.VisualScripting.IonicZip.dll
Native extension for WindowsStandalone target not found
Refreshing native plugins compatible for Editor in 0.83 ms, found 3 plugins.
Preloading 0 native plugins for Editor in 0.00 ms.
Mono: successfully reloaded assembly
- Completed reload, in  1.655 seconds
Domain Reload Profiling:
	ReloadAssembly (1656ms)
		BeginReloadAssembly (145ms)
			ExecutionOrderSort (0ms)
			DisableScriptedObjects (9ms)
			BackupInstance (0ms)
			ReleaseScriptingObjects (0ms)
			CreateAndSetChildDomain (23ms)
		EndReloadAssembly (1307ms)
			LoadAssemblies (91ms)
			RebuildTransferFunctionScriptingTraits (0ms)
			SetupTypeCache (474ms)
			ReleaseScriptCaches (1ms)
			RebuildScriptCaches (90ms)
			SetupLoadedEditorAssemblies (564ms)
				LogAssemblyErrors (0ms)
				InitializePlatformSupportModulesInManaged (6ms)
				SetLoadedEditorAssemblies (0ms)
				RefreshPlugins (1ms)
				BeforeProcessingInitializeOnLoad (116ms)
				ProcessInitializeOnLoadAttributes (383ms)
				ProcessInitializeOnLoadMethodAttributes (49ms)
				AfterProcessingInitializeOnLoad (9ms)
				EditorAssembliesLoaded (0ms)
			ExecutionOrderSort2 (0ms)
			AwakeInstancesAfterBackupRestoration (19ms)
Platform modules already initialized, skipping
========================================================================
Worker process is ready to serve import requests
Launched and connected shader compiler UnityShaderCompiler.exe after 0.23 seconds
Refreshing native plugins compatible for Editor in 0.79 ms, found 3 plugins.
Preloading 0 native plugins for Editor in 0.00 ms.
Unloading 3647 Unused Serialized files (Serialized files now loaded: 0)
Unloading 40 unused Assets / (1.4 MB). Loaded Objects now: 4128.
Memory consumption went from 226.0 MB to 224.6 MB.
Total: 3.681500 ms (FindLiveObjects: 0.341500 ms CreateObjectMapping: 0.263100 ms MarkObjects: 2.581800 ms  DeleteObjects: 0.494100 ms)

AssetImportParameters requested are different than current active one (requested -> active):
  custom:video-decoder-ogg-theora: a1e56fd34408186e4bbccfd4996cb3dc -> 
  custom:container-muxer-webm: aa71ff27fc2769a1b78a27578f13a17b -> 
  custom:container-demuxer-webm: 4f35f7cbe854078d1ac9338744f61a02 -> 
  custom:video-encoder-webm-vp8: eb34c28f22e8b96e1ab97ce403110664 -> 
  custom:audio-encoder-webm-vorbis: bf7c407c2cedff20999df2af8eb42d56 -> 
  custom:framework-win-MediaFoundation: 216162199b28c13a410421893ffa2e32 -> 
  custom:container-demuxer-ogg: 62fdf1f143b41e24485cea50d1cbac27 -> 
  custom:video-decoder-webm-vp8: 9c59270c3fd7afecdb556c50c9e8de78 -> 
  custom:audio-decoder-ogg-vorbis: bf7c407c2cedff20999df2af8eb42d56 -> 
========================================================================
Received Import Request.
  Time since last request: 1056657.092547 seconds.
  path: Assets/AssetStore/Basic_RPG_Icons/Items/Resources/Nobg/08_Cloth_blue_nobg.png
  artifactKey: Guid(7d0db3a719d4ecb4d944bab596d811ab) Importer(815301076,1909f56bfc062723c751e8b465ee728b)
Start importing Assets/AssetStore/Basic_RPG_Icons/Items/Resources/Nobg/08_Cloth_blue_nobg.png using Guid(7d0db3a719d4ecb4d944bab596d811ab) Importer(815301076,1909f56bfc062723c751e8b465ee728b)  -> (artifact id: 'aa4c3b2a63956418e236375c6b19f9a0') in 0.192247 seconds 
========================================================================
Received Import Request.
  Time since last request: 0.000018 seconds.
  path: Assets/AssetStore/Dark_Brown_GUI_kit/background/other/health_bar_background2.png
  artifactKey: Guid(59a7e08ad339e9c4880e3f9648abc5c9) Importer(815301076,1909f56bfc062723c751e8b465ee728b)
Start importing Assets/AssetStore/Dark_Brown_GUI_kit/background/other/health_bar_background2.png using Guid(59a7e08ad339e9c4880e3f9648abc5c9) Importer(815301076,1909f56bfc062723c751e8b465ee728b)  -> (artifact id: '5d1e84310e5a31d0b7cdbf5d5ecc6bcd') in 0.075090 seconds 
========================================================================
Received Import Request.
  Time since last request: 0.000028 seconds.
  path: Assets/AssetStore/GUI_Parts/Gui_parts/lil_roundframe_ready.png
  artifactKey: Guid(8c2e33cc130931740a5c07703c7e47ef) Importer(815301076,1909f56bfc062723c751e8b465ee728b)
Start importing Assets/AssetStore/GUI_Parts/Gui_parts/lil_roundframe_ready.png using Guid(8c2e33cc130931740a5c07703c7e47ef) Importer(815301076,1909f56bfc062723c751e8b465ee728b)  -> (artifact id: 'd87c0c1e6b3bd5c60cf249262c654ba8') in 0.082576 seconds 
========================================================================
Received Import Request.
  Time since last request: 0.000028 seconds.
  path: Assets/AssetStore/Basic_RPG_Icons/Items/Armor/Common/Nobg/02_Leather_cloak_nobg.png
  artifactKey: Guid(ddec27237ca81ec4888b1c38ab09ba9c) Importer(815301076,1909f56bfc062723c751e8b465ee728b)
Start importing Assets/AssetStore/Basic_RPG_Icons/Items/Armor/Common/Nobg/02_Leather_cloak_nobg.png using Guid(ddec27237ca81ec4888b1c38ab09ba9c) Importer(815301076,1909f56bfc062723c751e8b465ee728b)  -> (artifact id: '3c4ba7fce7386c1ec6e5a767922ca403') in 0.079878 seconds 
========================================================================
Received Import Request.
  Time since last request: 0.000020 seconds.
  path: Assets/AssetStore/Dark_Brown_GUI_kit/bar/other/low_darkness_bar.png
  artifactKey: Guid(ea8e53a333b2c4b4f94e1b45237ff377) Importer(815301076,1909f56bfc062723c751e8b465ee728b)
Start importing Assets/AssetStore/Dark_Brown_GUI_kit/bar/other/low_darkness_bar.png using Guid(ea8e53a333b2c4b4f94e1b45237ff377) Importer(815301076,1909f56bfc062723c751e8b465ee728b)  -> (artifact id: 'df505e2052708c70ca3e22a657f89a11') in 0.116344 seconds 
========================================================================
Received Import Request.
  Time since last request: 0.000024 seconds.
  path: Assets/AssetStore/Dark_Brown_GUI_kit/background/other/health_bar_background0.png
  artifactKey: Guid(da0cbf9852130fb48972846671b85b48) Importer(815301076,1909f56bfc062723c751e8b465ee728b)
Start importing Assets/AssetStore/Dark_Brown_GUI_kit/background/other/health_bar_background0.png using Guid(da0cbf9852130fb48972846671b85b48) Importer(815301076,1909f56bfc062723c751e8b465ee728b)  -> (artifact id: '6bd218a1ad0dfb96218c65d68c58a78b') in 0.124318 seconds 
========================================================================
Received Import Request.
  Time since last request: 0.000237 seconds.
  path: Packages/com.unity.collab-proxy/Editor/PlasticSCM/Assets/Images/d_genericbuhochristmas2.png
  artifactKey: Guid(5955491dc8dcecb4a993d9a008cf65a7) Importer(815301076,1909f56bfc062723c751e8b465ee728b)
Start importing Packages/com.unity.collab-proxy/Editor/PlasticSCM/Assets/Images/d_genericbuhochristmas2.png using Guid(5955491dc8dcecb4a993d9a008cf65a7) Importer(815301076,1909f56bfc062723c751e8b465ee728b)  -> (artifact id: 'cce41dec60c8db2f385e59f0474f7c40') in 0.113804 seconds 
========================================================================
Received Import Request.
  Time since last request: 0.000020 seconds.
  path: Assets/AssetStore/Basic_RPG_Icons/Items/Armor/Epic/Nobg/02_leather_cloak_E_nobg.png
  artifactKey: Guid(45f3bb93e3df3204bb984889f579d327) Importer(815301076,1909f56bfc062723c751e8b465ee728b)
Start importing Assets/AssetStore/Basic_RPG_Icons/Items/Armor/Epic/Nobg/02_leather_cloak_E_nobg.png using Guid(45f3bb93e3df3204bb984889f579d327) Importer(815301076,1909f56bfc062723c751e8b465ee728b)  -> (artifact id: '8005896b92b914dc88ec17fe538a5f04') in 0.100575 seconds 
========================================================================
Received Import Request.
  Time since last request: 0.000018 seconds.
  path: Assets/AssetStore/Dark_Brown_GUI_kit/icon/simple/door.png
  artifactKey: Guid(faeede99f0dca474ea7ca29dc13b07d7) Importer(815301076,1909f56bfc062723c751e8b465ee728b)
Start importing Assets/AssetStore/Dark_Brown_GUI_kit/icon/simple/door.png using Guid(faeede99f0dca474ea7ca29dc13b07d7) Importer(815301076,1909f56bfc062723c751e8b465ee728b)  -> (artifact id: '736a9e5a6741eb1f2b714b2d4364a367') in 0.079803 seconds 
========================================================================
Received Import Request.
  Time since last request: 0.000026 seconds.
  path: Assets/AssetStore/Basic_RPG_Icons/Items/Armor/Epic/03_Leather_helm_E.png
  artifactKey: Guid(fe58bbacc4ff23341aa38d74eae3a5c8) Importer(815301076,1909f56bfc062723c751e8b465ee728b)
Start importing Assets/AssetStore/Basic_RPG_Icons/Items/Armor/Epic/03_Leather_helm_E.png using Guid(fe58bbacc4ff23341aa38d74eae3a5c8) Importer(815301076,1909f56bfc062723c751e8b465ee728b)  -> (artifact id: '2855ac41ee0c9dd7422c421ac2b8a4b7') in 0.127153 seconds 
========================================================================
Received Import Request.
  Time since last request: 0.000018 seconds.
  path: Assets/Model/2D_Model/Ui/Interface/Icons/Equipment.png
  artifactKey: Guid(36b43a3505f4c82408adafd4feb1f24b) Importer(815301076,1909f56bfc062723c751e8b465ee728b)
Start importing Assets/Model/2D_Model/Ui/Interface/Icons/Equipment.png using Guid(36b43a3505f4c82408adafd4feb1f24b) Importer(815301076,1909f56bfc062723c751e8b465ee728b)  -> (artifact id: '2d678a4518c58c44ac655ba416f1f593') in 0.131607 seconds 
========================================================================
Received Import Request.
  Time since last request: 0.000027 seconds.
  path: Assets/AssetStore/Dark_Brown_GUI_kit/skill_icon/holy/holy_hand.png
  artifactKey: Guid(5d4f7f8c18c81b14499cfb251e39af08) Importer(815301076,1909f56bfc062723c751e8b465ee728b)
Start importing Assets/AssetStore/Dark_Brown_GUI_kit/skill_icon/holy/holy_hand.png using Guid(5d4f7f8c18c81b14499cfb251e39af08) Importer(815301076,1909f56bfc062723c751e8b465ee728b)  -> (artifact id: 'f3830ed0f7f5ad3f397e18ce1465f3cd') in 0.090218 seconds 
========================================================================
Received Import Request.
  Time since last request: 0.000028 seconds.
  path: Assets/AssetStore/Dark_Brown_GUI_kit/icon/other/potion/potion_0.png
  artifactKey: Guid(cbee6a5e7ce462a489ba4a33a6291344) Importer(815301076,1909f56bfc062723c751e8b465ee728b)
Start importing Assets/AssetStore/Dark_Brown_GUI_kit/icon/other/potion/potion_0.png using Guid(cbee6a5e7ce462a489ba4a33a6291344) Importer(815301076,1909f56bfc062723c751e8b465ee728b)  -> (artifact id: 'a2d2b76425af14ddb3e8710032da5fc0') in 0.118870 seconds 
========================================================================
Received Import Request.
  Time since last request: 0.000026 seconds.
  path: Assets/AssetStore/Basic_RPG_Icons/Skills/No_bg/03_Fire_rain_nobg.png
  artifactKey: Guid(9d6f02363bab23a439a20c03f5cbb323) Importer(815301076,1909f56bfc062723c751e8b465ee728b)
Start importing Assets/AssetStore/Basic_RPG_Icons/Skills/No_bg/03_Fire_rain_nobg.png using Guid(9d6f02363bab23a439a20c03f5cbb323) Importer(815301076,1909f56bfc062723c751e8b465ee728b)  -> (artifact id: '0b877b8d6b3f051b18d66a85d18b83c1') in 0.128619 seconds 
========================================================================
Received Import Request.
  Time since last request: 0.000019 seconds.
  path: Packages/com.unity.collab-proxy/Editor/PlasticSCM/Assets/Images/buttonssosigningoogle.png
  artifactKey: Guid(f09eae8c0ea04254b90c5386a034a225) Importer(815301076,1909f56bfc062723c751e8b465ee728b)
Start importing Packages/com.unity.collab-proxy/Editor/PlasticSCM/Assets/Images/buttonssosigningoogle.png using Guid(f09eae8c0ea04254b90c5386a034a225) Importer(815301076,1909f56bfc062723c751e8b465ee728b)  -> (artifact id: 'f5f81990d6edc7ca983d8956f837d601') in 0.086302 seconds 
========================================================================
Received Import Request.
  Time since last request: 0.000034 seconds.
  path: Assets/AssetStore/Dark_Brown_GUI_kit/icon/simple/chest.png
  artifactKey: Guid(4f1704bddf928d24cbc50eff0d2fffbb) Importer(815301076,1909f56bfc062723c751e8b465ee728b)
Start importing Assets/AssetStore/Dark_Brown_GUI_kit/icon/simple/chest.png using Guid(4f1704bddf928d24cbc50eff0d2fffbb) Importer(815301076,1909f56bfc062723c751e8b465ee728b)  -> (artifact id: '4510515b53a5dbb95f655ec1a8748ebb') in 0.114880 seconds 
========================================================================
Received Import Request.
  Time since last request: 0.000022 seconds.
  path: Assets/AssetStore/Dark_Brown_GUI_kit/skill_icon/ice/ice_gliphs.png
  artifactKey: Guid(9a9815bdf5e311646bdc4e9bf0f5b8a7) Importer(815301076,1909f56bfc062723c751e8b465ee728b)
Start importing Assets/AssetStore/Dark_Brown_GUI_kit/skill_icon/ice/ice_gliphs.png using Guid(9a9815bdf5e311646bdc4e9bf0f5b8a7) Importer(815301076,1909f56bfc062723c751e8b465ee728b)  -> (artifact id: '1aac53d994bfad7ebf144846a29e6652') in 0.143876 seconds 
========================================================================
Received Import Request.
  Time since last request: 0.000025 seconds.
  path: Assets/AssetStore/GUI_Parts/Gui_parts/Frame_mid.png
  artifactKey: Guid(d5bda4f272648f34c8020e4e2772de3f) Importer(815301076,1909f56bfc062723c751e8b465ee728b)
Start importing Assets/AssetStore/GUI_Parts/Gui_parts/Frame_mid.png using Guid(d5bda4f272648f34c8020e4e2772de3f) Importer(815301076,1909f56bfc062723c751e8b465ee728b)  -> (artifact id: '2597b7070ee4b44bfc3bf2086024e28b') in 0.213938 seconds 
========================================================================
Received Import Request.
  Time since last request: 0.000030 seconds.
  path: Assets/AssetStore/Basic_RPG_Icons/Items/Resources/02_Iron_Ore.png
  artifactKey: Guid(ca6299f192d72b047a99c160e51a72d0) Importer(815301076,1909f56bfc062723c751e8b465ee728b)
Start importing Assets/AssetStore/Basic_RPG_Icons/Items/Resources/02_Iron_Ore.png using Guid(ca6299f192d72b047a99c160e51a72d0) Importer(815301076,1909f56bfc062723c751e8b465ee728b)  -> (artifact id: 'ce146b5112bd25fda59c2bb3b1d29142') in 0.101518 seconds 
========================================================================
Received Import Request.
  Time since last request: 0.000022 seconds.
  path: Assets/AssetStore/Basic_RPG_Icons/Items/Armor/Common/Nobg/01_plate_chest_nobg.png
  artifactKey: Guid(c9d48411a39cdc9429fca1da96828e34) Importer(815301076,1909f56bfc062723c751e8b465ee728b)
Start importing Assets/AssetStore/Basic_RPG_Icons/Items/Armor/Common/Nobg/01_plate_chest_nobg.png using Guid(c9d48411a39cdc9429fca1da96828e34) Importer(815301076,1909f56bfc062723c751e8b465ee728b)  -> (artifact id: '0c6fe09d1c9d660e80d03597f43079b5') in 0.080419 seconds 
========================================================================
Received Import Request.
  Time since last request: 0.000021 seconds.
  path: Assets/AssetStore/GUI_Parts/Gui_parts/button_frame.png
  artifactKey: Guid(7364a4590b0bc38428e39dd6dc8e7a65) Importer(815301076,1909f56bfc062723c751e8b465ee728b)
Start importing Assets/AssetStore/GUI_Parts/Gui_parts/button_frame.png using Guid(7364a4590b0bc38428e39dd6dc8e7a65) Importer(815301076,1909f56bfc062723c751e8b465ee728b)  -> (artifact id: '1331dc26c685b90d3abeb3debcf22310') in 0.102881 seconds 
========================================================================
Received Import Request.
  Time since last request: 0.000020 seconds.
  path: Packages/com.unity.collab-proxy/Editor/PlasticSCM/Assets/Images/iconclosebutton.png
  artifactKey: Guid(13527793884104b46b7446fd7464c3ed) Importer(815301076,1909f56bfc062723c751e8b465ee728b)
Start importing Packages/com.unity.collab-proxy/Editor/PlasticSCM/Assets/Images/iconclosebutton.png using Guid(13527793884104b46b7446fd7464c3ed) Importer(815301076,1909f56bfc062723c751e8b465ee728b)  -> (artifact id: '819c05bc763509d4474f394e2aee2e47') in 0.071490 seconds 
========================================================================
Received Import Request.
  Time since last request: 0.000025 seconds.
  path: Packages/com.unity.collab-proxy/Editor/PlasticSCM/Assets/Images/d_cloudbuho.png
  artifactKey: Guid(e5600378dd761e64d9423790c482bf36) Importer(815301076,1909f56bfc062723c751e8b465ee728b)
Start importing Packages/com.unity.collab-proxy/Editor/PlasticSCM/Assets/Images/d_cloudbuho.png using Guid(e5600378dd761e64d9423790c482bf36) Importer(815301076,1909f56bfc062723c751e8b465ee728b)  -> (artifact id: '8d73660de003b64f09e92e9dda75a401') in 0.145647 seconds 
========================================================================
Received Import Request.
  Time since last request: 0.000019 seconds.
  path: Assets/AssetStore/Basic_RPG_Icons/Char/01_mining.png
  artifactKey: Guid(9a32185a4d4b2d1459c58a811ed95887) Importer(815301076,1909f56bfc062723c751e8b465ee728b)
Start importing Assets/AssetStore/Basic_RPG_Icons/Char/01_mining.png using Guid(9a32185a4d4b2d1459c58a811ed95887) Importer(815301076,1909f56bfc062723c751e8b465ee728b)  -> (artifact id: '40efa3f4eb615967a9f10bba44ecc15d') in 0.097628 seconds 
========================================================================
Received Import Request.
  Time since last request: 0.000024 seconds.
  path: Packages/com.unity.collab-proxy/Editor/PlasticSCM/Assets/Images/iconconflicted.png
  artifactKey: Guid(d1c88f142eee55b4eb2b2cfd7b3624ce) Importer(815301076,1909f56bfc062723c751e8b465ee728b)
Start importing Packages/com.unity.collab-proxy/Editor/PlasticSCM/Assets/Images/iconconflicted.png using Guid(d1c88f142eee55b4eb2b2cfd7b3624ce) Importer(815301076,1909f56bfc062723c751e8b465ee728b)  -> (artifact id: '1349df3d8f5ec23903361c06b3f1670b') in 0.075682 seconds 
========================================================================
Received Import Request.
  Time since last request: 0.000027 seconds.
  path: Assets/AssetStore/Basic_RPG_Icons/Items/Armor/Common/06_cloth_pants.png
  artifactKey: Guid(8582dacd09786f04a93ff54beadcc3dd) Importer(815301076,1909f56bfc062723c751e8b465ee728b)
Start importing Assets/AssetStore/Basic_RPG_Icons/Items/Armor/Common/06_cloth_pants.png using Guid(8582dacd09786f04a93ff54beadcc3dd) Importer(815301076,1909f56bfc062723c751e8b465ee728b)  -> (artifact id: '8a47504ea0ceee3d8ded76f5e836cad5') in 0.258010 seconds 
========================================================================
Received Import Request.
  Time since last request: 0.000023 seconds.
  path: Packages/com.unity.collab-proxy/Editor/PlasticSCM/Assets/Images/d_buttonssosigninemail.png
  artifactKey: Guid(3086d66a563317b40a20a20da2c64ac0) Importer(815301076,1909f56bfc062723c751e8b465ee728b)
Start importing Packages/com.unity.collab-proxy/Editor/PlasticSCM/Assets/Images/d_buttonssosigninemail.png using Guid(3086d66a563317b40a20a20da2c64ac0) Importer(815301076,1909f56bfc062723c751e8b465ee728b)  -> (artifact id: '0f0a27e553c09a0a5f562af1aceef0cb') in 0.066565 seconds 
========================================================================
Received Import Request.
  Time since last request: 0.000028 seconds.
  path: Assets/AssetStore/Basic_RPG_Icons/Items/Armor/Epic/06_plate_pants_E.png
  artifactKey: Guid(600efcd1e359c604b823dcc06b09c4fc) Importer(815301076,1909f56bfc062723c751e8b465ee728b)
Start importing Assets/AssetStore/Basic_RPG_Icons/Items/Armor/Epic/06_plate_pants_E.png using Guid(600efcd1e359c604b823dcc06b09c4fc) Importer(815301076,1909f56bfc062723c751e8b465ee728b)  -> (artifact id: '0ce691d29e35ccc5481aa42cd5e6928e') in 0.162392 seconds 
========================================================================
Received Import Request.
  Time since last request: 0.000036 seconds.
  path: Assets/AssetStore/Dark_Brown_GUI_kit/skill_icon/ice/frost_bolt.png
  artifactKey: Guid(9a8d3d5bc2a72654290305a8e1188a3e) Importer(815301076,1909f56bfc062723c751e8b465ee728b)
Start importing Assets/AssetStore/Dark_Brown_GUI_kit/skill_icon/ice/frost_bolt.png using Guid(9a8d3d5bc2a72654290305a8e1188a3e) Importer(815301076,1909f56bfc062723c751e8b465ee728b)  -> (artifact id: '3ab9c9f5d1aecc06528465d2300df461') in 0.099208 seconds 
========================================================================
Received Import Request.
  Time since last request: 0.000437 seconds.
  path: Assets/AssetStore/Basic_RPG_Icons/Items/Resources/03_Copper_Bar.png
  artifactKey: Guid(3d4b8772a53d74a408443af996aa36f0) Importer(815301076,1909f56bfc062723c751e8b465ee728b)
Start importing Assets/AssetStore/Basic_RPG_Icons/Items/Resources/03_Copper_Bar.png using Guid(3d4b8772a53d74a408443af996aa36f0) Importer(815301076,1909f56bfc062723c751e8b465ee728b)  -> (artifact id: '06411fc062d48278da217ae3e0be22c8') in 0.109919 seconds 
========================================================================
Received Import Request.
  Time since last request: 0.000243 seconds.
  path: Packages/com.unity.collab-proxy/Editor/PlasticSCM/Assets/Images/d_genericbuhoshe2.png
  artifactKey: Guid(17035c204825f6340a252046ab6476fd) Importer(815301076,1909f56bfc062723c751e8b465ee728b)
Start importing Packages/com.unity.collab-proxy/Editor/PlasticSCM/Assets/Images/d_genericbuhoshe2.png using Guid(17035c204825f6340a252046ab6476fd) Importer(815301076,1909f56bfc062723c751e8b465ee728b)  -> (artifact id: 'c3839ad0f8ad30bf5e41cb40cdbfc9d9') in 0.102327 seconds 
========================================================================
Received Import Request.
  Time since last request: 0.000020 seconds.
  path: Assets/AssetStore/Basic_RPG_Icons/Items/Armor/Common/02_Leather_cloak.png
  artifactKey: Guid(56ed30666258e6d48b6f1446eb306eaa) Importer(815301076,1909f56bfc062723c751e8b465ee728b)
Start importing Assets/AssetStore/Basic_RPG_Icons/Items/Armor/Common/02_Leather_cloak.png using Guid(56ed30666258e6d48b6f1446eb306eaa) Importer(815301076,1909f56bfc062723c751e8b465ee728b)  -> (artifact id: 'd8937249aa5111a0afe865133499c35c') in 0.117897 seconds 
========================================================================
Received Import Request.
  Time since last request: 0.000026 seconds.
  path: Assets/AssetStore/Basic_RPG_Icons/Items/Armor/Common/Nobg/06_plate_pants_nobg.png
  artifactKey: Guid(69aaf000ffeac1d428b655ee0b268225) Importer(815301076,1909f56bfc062723c751e8b465ee728b)
Start importing Assets/AssetStore/Basic_RPG_Icons/Items/Armor/Common/Nobg/06_plate_pants_nobg.png using Guid(69aaf000ffeac1d428b655ee0b268225) Importer(815301076,1909f56bfc062723c751e8b465ee728b)  -> (artifact id: 'cb58c45e72f7bfab01724d3cffc2a023') in 0.179338 seconds 
========================================================================
Received Import Request.
  Time since last request: 0.000026 seconds.
  path: Assets/AssetStore/Basic_RPG_Icons/Items/Armor/Common/01_plate_chest.png
  artifactKey: Guid(40f2d97515d2434418f9dcdd11d438a2) Importer(815301076,1909f56bfc062723c751e8b465ee728b)
Start importing Assets/AssetStore/Basic_RPG_Icons/Items/Armor/Common/01_plate_chest.png using Guid(40f2d97515d2434418f9dcdd11d438a2) Importer(815301076,1909f56bfc062723c751e8b465ee728b)  -> (artifact id: 'ed7ec9ca52d4807ec8a67aea3d33c79a') in 0.154824 seconds 
========================================================================
Received Import Request.
  Time since last request: 0.000049 seconds.
  path: Packages/com.unity.collab-proxy/Editor/PlasticSCM/Assets/Images/d_expertbuhoshe.png
  artifactKey: Guid(8325d4ef0a6eb3d43952aff8a06d9f45) Importer(815301076,1909f56bfc062723c751e8b465ee728b)
Start importing Packages/com.unity.collab-proxy/Editor/PlasticSCM/Assets/Images/d_expertbuhoshe.png using Guid(8325d4ef0a6eb3d43952aff8a06d9f45) Importer(815301076,1909f56bfc062723c751e8b465ee728b)  -> (artifact id: '6683370b8ea69ea4a13a66b19770fa46') in 0.087721 seconds 
========================================================================
Received Import Request.
  Time since last request: 0.000024 seconds.
  path: Assets/AssetStore/Basic_RPG_Icons/Items/Armor/Epic/01_cloth_chest_E.png
  artifactKey: Guid(e1ba674e14010ec4580da105317b7b77) Importer(815301076,1909f56bfc062723c751e8b465ee728b)
Start importing Assets/AssetStore/Basic_RPG_Icons/Items/Armor/Epic/01_cloth_chest_E.png using Guid(e1ba674e14010ec4580da105317b7b77) Importer(815301076,1909f56bfc062723c751e8b465ee728b)  -> (artifact id: 'f2d7e232c0e32f1682824674883882bb') in 0.101852 seconds 
========================================================================
Received Import Request.
  Time since last request: 0.000027 seconds.
  path: Assets/AssetStore/Basic_RPG_Icons/Items/Armor/Epic/02_plate_shoulder_E.png
  artifactKey: Guid(31d9fd9a71fd2fa46b253808d9db9ab2) Importer(815301076,1909f56bfc062723c751e8b465ee728b)
Start importing Assets/AssetStore/Basic_RPG_Icons/Items/Armor/Epic/02_plate_shoulder_E.png using Guid(31d9fd9a71fd2fa46b253808d9db9ab2) Importer(815301076,1909f56bfc062723c751e8b465ee728b)  -> (artifact id: '91caf10c5e9da69cdbb2cd2a3fd2027f') in 0.116097 seconds 
========================================================================
Received Import Request.
  Time since last request: 0.000031 seconds.
  path: Assets/AssetStore/Dark_Brown_GUI_kit/frame/other/button_square_frame.png
  artifactKey: Guid(57ab0d48e28c6fd4cb9a71170f3c42b7) Importer(815301076,1909f56bfc062723c751e8b465ee728b)
Start importing Assets/AssetStore/Dark_Brown_GUI_kit/frame/other/button_square_frame.png using Guid(57ab0d48e28c6fd4cb9a71170f3c42b7) Importer(815301076,1909f56bfc062723c751e8b465ee728b)  -> (artifact id: '5ce06efe38168c1c8de2d2f06457c099') in 0.110534 seconds 
========================================================================
Received Import Request.
  Time since last request: 0.000024 seconds.
  path: Packages/com.unity.collab-proxy/Editor/PlasticSCM/Assets/Images/d_genericbuho3.png
  artifactKey: Guid(9e9474494461bd048803b48e391ef0f6) Importer(815301076,1909f56bfc062723c751e8b465ee728b)
Start importing Packages/com.unity.collab-proxy/Editor/PlasticSCM/Assets/Images/d_genericbuho3.png using Guid(9e9474494461bd048803b48e391ef0f6) Importer(815301076,1909f56bfc062723c751e8b465ee728b)  -> (artifact id: '8b4849ccba5ca3f2e3b189d423d799fb') in 0.152539 seconds 
========================================================================
Received Import Request.
  Time since last request: 0.000120 seconds.
  path: Assets/AssetStore/Basic_RPG_Icons/Items/Armor/Common/01_Leather_chest.png
  artifactKey: Guid(3f7035d4263aa1a4b968754d4753d5b5) Importer(815301076,1909f56bfc062723c751e8b465ee728b)
Start importing Assets/AssetStore/Basic_RPG_Icons/Items/Armor/Common/01_Leather_chest.png using Guid(3f7035d4263aa1a4b968754d4753d5b5) Importer(815301076,1909f56bfc062723c751e8b465ee728b)  -> (artifact id: 'ed8bcef81dbd9dc2820ff73d2737d25e') in 0.087231 seconds 
========================================================================
Received Import Request.
  Time since last request: 0.000030 seconds.
  path: Packages/com.unity.collab-proxy/Editor/PlasticSCM/Assets/Images/d_colorbuho.png
  artifactKey: Guid(3a0c527d7f890d64a9b56b086e6e766a) Importer(815301076,1909f56bfc062723c751e8b465ee728b)
Start importing Packages/com.unity.collab-proxy/Editor/PlasticSCM/Assets/Images/d_colorbuho.png using Guid(3a0c527d7f890d64a9b56b086e6e766a) Importer(815301076,1909f56bfc062723c751e8b465ee728b)  -> (artifact id: 'efefcea73819406535595b7ea7f3c77c') in 0.096534 seconds 
========================================================================
Received Import Request.
  Time since last request: 0.000020 seconds.
  path: Assets/AssetStore/Basic_RPG_Icons/Items/Resources/Nobg/10_Basic_Leather_nobg.png
  artifactKey: Guid(fe17bcef71ea81e4cbc4ede9743ec01f) Importer(815301076,1909f56bfc062723c751e8b465ee728b)
Start importing Assets/AssetStore/Basic_RPG_Icons/Items/Resources/Nobg/10_Basic_Leather_nobg.png using Guid(fe17bcef71ea81e4cbc4ede9743ec01f) Importer(815301076,1909f56bfc062723c751e8b465ee728b)  -> (artifact id: '0e75ade1f1a726719107ecd32bd89d44') in 0.090080 seconds 
========================================================================
Received Import Request.
  Time since last request: 0.000023 seconds.
  path: Assets/AssetStore/Basic_RPG_Icons/Skills/No_bg/06_Lightning_Bolt_nobg.png
  artifactKey: Guid(cc1940d6befa78a44aaa92ecf8644d76) Importer(815301076,1909f56bfc062723c751e8b465ee728b)
Start importing Assets/AssetStore/Basic_RPG_Icons/Skills/No_bg/06_Lightning_Bolt_nobg.png using Guid(cc1940d6befa78a44aaa92ecf8644d76) Importer(815301076,1909f56bfc062723c751e8b465ee728b)  -> (artifact id: 'ded011ea301dc03d3602055b5c06f487') in 0.091838 seconds 
========================================================================
Received Import Request.
  Time since last request: 0.000025 seconds.
  path: Packages/com.unity.collab-proxy/Editor/PlasticSCM/Assets/Images/d_stevejobsbuhoshe.png
  artifactKey: Guid(56e456ab0f7f79a4dbabcc9079c49a94) Importer(815301076,1909f56bfc062723c751e8b465ee728b)
Start importing Packages/com.unity.collab-proxy/Editor/PlasticSCM/Assets/Images/d_stevejobsbuhoshe.png using Guid(56e456ab0f7f79a4dbabcc9079c49a94) Importer(815301076,1909f56bfc062723c751e8b465ee728b)  -> (artifact id: '55df74595de0ea8dbf0a785263ac49ff') in 0.123641 seconds 
========================================================================
Received Import Request.
  Time since last request: 0.000036 seconds.
  path: Assets/AssetStore/Basic_RPG_Icons/Items/Armor/Epic/Nobg/06_cloth_pants_E_nobg.png
  artifactKey: Guid(c3dbdee0ce8cf8948a9c29068bf93e51) Importer(815301076,1909f56bfc062723c751e8b465ee728b)
Start importing Assets/AssetStore/Basic_RPG_Icons/Items/Armor/Epic/Nobg/06_cloth_pants_E_nobg.png using Guid(c3dbdee0ce8cf8948a9c29068bf93e51) Importer(815301076,1909f56bfc062723c751e8b465ee728b)  -> (artifact id: '22c124efe3d9e62f76a0953bf1da9f3c') in 0.138776 seconds 
========================================================================
Received Import Request.
  Time since last request: 0.000025 seconds.
  path: Assets/AssetStore/Basic_RPG_Icons/Skills/No_bg/01_Fireball_nobg.png
  artifactKey: Guid(4a8b11548ae1ade4ba8602f9191f1807) Importer(815301076,1909f56bfc062723c751e8b465ee728b)
Start importing Assets/AssetStore/Basic_RPG_Icons/Skills/No_bg/01_Fireball_nobg.png using Guid(4a8b11548ae1ade4ba8602f9191f1807) Importer(815301076,1909f56bfc062723c751e8b465ee728b)  -> (artifact id: 'dc9788f599dbe82f80e2554a72e6c74d') in 0.090964 seconds 
========================================================================
Received Import Request.
  Time since last request: 0.000025 seconds.
  path: Assets/AssetStore/Basic_RPG_Icons/Items/Armor/Epic/02_leather_cloak_E.png
  artifactKey: Guid(465a559bdfa55bd4daa55ba2dccc5240) Importer(815301076,1909f56bfc062723c751e8b465ee728b)
Start importing Assets/AssetStore/Basic_RPG_Icons/Items/Armor/Epic/02_leather_cloak_E.png using Guid(465a559bdfa55bd4daa55ba2dccc5240) Importer(815301076,1909f56bfc062723c751e8b465ee728b)  -> (artifact id: 'a6e91162e2c4ad722e860ce75a3159f8') in 0.083293 seconds 
========================================================================
Received Import Request.
  Time since last request: 0.000022 seconds.
  path: Assets/AssetStore/Dark_Brown_GUI_kit/icon/simple/mail.png
  artifactKey: Guid(289d5842c7faba94d92c3e00fa11762d) Importer(815301076,1909f56bfc062723c751e8b465ee728b)
Start importing Assets/AssetStore/Dark_Brown_GUI_kit/icon/simple/mail.png using Guid(289d5842c7faba94d92c3e00fa11762d) Importer(815301076,1909f56bfc062723c751e8b465ee728b)  -> (artifact id: '17892b64961f4da10af09f658f3a1c88') in 0.132969 seconds 
========================================================================
Received Import Request.
  Time since last request: 0.000023 seconds.
  path: Assets/AssetStore/Dark_Brown_GUI_kit/background/other/health_bar_background1.png
  artifactKey: Guid(64127fe68977d034e877cf8547479af9) Importer(815301076,1909f56bfc062723c751e8b465ee728b)
Start importing Assets/AssetStore/Dark_Brown_GUI_kit/background/other/health_bar_background1.png using Guid(64127fe68977d034e877cf8547479af9) Importer(815301076,1909f56bfc062723c751e8b465ee728b)  -> (artifact id: '92a83d7e44e1cd8e39154f97d98b08e2') in 0.109131 seconds 
========================================================================
Received Import Request.
  Time since last request: 0.000046 seconds.
  path: Assets/Model/2D_Model/Ui/Interface/DownBar/MP_Bar.png
  artifactKey: Guid(944fb2bcae6ae5f458cde0f853f59f7a) Importer(815301076,1909f56bfc062723c751e8b465ee728b)
Start importing Assets/Model/2D_Model/Ui/Interface/DownBar/MP_Bar.png using Guid(944fb2bcae6ae5f458cde0f853f59f7a) Importer(815301076,1909f56bfc062723c751e8b465ee728b)  -> (artifact id: 'c20e3eba5d6eb7d3c2eee27824a2fd0f') in 0.093847 seconds 
========================================================================
Received Import Request.
  Time since last request: 0.000021 seconds.
  path: Packages/com.unity.collab-proxy/Editor/PlasticSCM/Assets/Images/d_genericbuhoshe3.png
  artifactKey: Guid(9bb60d9b0987c3747b57516cc172d0c7) Importer(815301076,1909f56bfc062723c751e8b465ee728b)
Start importing Packages/com.unity.collab-proxy/Editor/PlasticSCM/Assets/Images/d_genericbuhoshe3.png using Guid(9bb60d9b0987c3747b57516cc172d0c7) Importer(815301076,1909f56bfc062723c751e8b465ee728b)  -> (artifact id: '4379e1db0cdcef5a055bc573b08927a1') in 0.126731 seconds 
========================================================================
Received Import Request.
  Time since last request: 0.000024 seconds.
  path: Assets/AssetStore/Basic_RPG_Icons/Items/Armor/Common/02_plate_shoulder.png
  artifactKey: Guid(3f273b2bc731f014ca35add54b0b75c8) Importer(815301076,1909f56bfc062723c751e8b465ee728b)
Start importing Assets/AssetStore/Basic_RPG_Icons/Items/Armor/Common/02_plate_shoulder.png using Guid(3f273b2bc731f014ca35add54b0b75c8) Importer(815301076,1909f56bfc062723c751e8b465ee728b)  -> (artifact id: '40c56cd676f07bab6459071bc56358a3') in 0.100673 seconds 
========================================================================
Received Import Request.
  Time since last request: 0.000028 seconds.
  path: Packages/com.unity.collab-proxy/Editor/PlasticSCM/Assets/Images/d_genericbuhochristmas1.png
  artifactKey: Guid(e36d1a38d7aa309409e80bf66a089330) Importer(815301076,1909f56bfc062723c751e8b465ee728b)
Start importing Packages/com.unity.collab-proxy/Editor/PlasticSCM/Assets/Images/d_genericbuhochristmas1.png using Guid(e36d1a38d7aa309409e80bf66a089330) Importer(815301076,1909f56bfc062723c751e8b465ee728b)  -> (artifact id: 'a0849c6da881d441ad80d2bd7f2bb8df') in 0.129931 seconds 
========================================================================
Received Import Request.
  Time since last request: 0.000056 seconds.
  path: Assets/Model/2D_Model/Ui/Interface/Icons/Quest.png
  artifactKey: Guid(8f709bff9323bdd40b776d8ab829eaa5) Importer(815301076,1909f56bfc062723c751e8b465ee728b)
Start importing Assets/Model/2D_Model/Ui/Interface/Icons/Quest.png using Guid(8f709bff9323bdd40b776d8ab829eaa5) Importer(815301076,1909f56bfc062723c751e8b465ee728b)  -> (artifact id: '4211cd1fbad94cd8f848673c34ab8fd7') in 0.047334 seconds 
========================================================================
Received Import Request.
  Time since last request: 0.000024 seconds.
  path: Assets/AssetStore/GUI_Parts/Gui_parts/button_ready_off.png
  artifactKey: Guid(a2e2a83536d4eef45ace93d156eab562) Importer(815301076,1909f56bfc062723c751e8b465ee728b)
Start importing Assets/AssetStore/GUI_Parts/Gui_parts/button_ready_off.png using Guid(a2e2a83536d4eef45ace93d156eab562) Importer(815301076,1909f56bfc062723c751e8b465ee728b)  -> (artifact id: 'd0bd528e45faf6c5490a231f7b0d15ea') in 0.105455 seconds 
========================================================================
Received Import Request.
  Time since last request: 0.000022 seconds.
  path: Assets/AssetStore/Basic_RPG_Icons/Items/Armor/Common/Nobg/02_plate_cloak_nobg.png
  artifactKey: Guid(0f2252a9d2fedbe409afd310ec83e4cd) Importer(815301076,1909f56bfc062723c751e8b465ee728b)
Start importing Assets/AssetStore/Basic_RPG_Icons/Items/Armor/Common/Nobg/02_plate_cloak_nobg.png using Guid(0f2252a9d2fedbe409afd310ec83e4cd) Importer(815301076,1909f56bfc062723c751e8b465ee728b)  -> (artifact id: '6a3b4d773f88268ae30413d9da13b8cd') in 0.140658 seconds 
========================================================================
Received Import Request.
  Time since last request: 0.000030 seconds.
  path: Assets/AssetStore/Dark_Brown_GUI_kit/icon/simple/question.png
  artifactKey: Guid(d6c0f79c1a448354891c9bb9b4074be3) Importer(815301076,1909f56bfc062723c751e8b465ee728b)
Start importing Assets/AssetStore/Dark_Brown_GUI_kit/icon/simple/question.png using Guid(d6c0f79c1a448354891c9bb9b4074be3) Importer(815301076,1909f56bfc062723c751e8b465ee728b)  -> (artifact id: '6099da82e5ab3f74f409022604895d39') in 0.092758 seconds 
========================================================================
Received Import Request.
  Time since last request: 0.000020 seconds.
  path: Assets/Model/2D_Model/Ui/Interface/Icons/Icon_Frame.png
  artifactKey: Guid(76a827c0b7b700d4fa9e135b970a64b1) Importer(815301076,1909f56bfc062723c751e8b465ee728b)
Start importing Assets/Model/2D_Model/Ui/Interface/Icons/Icon_Frame.png using Guid(76a827c0b7b700d4fa9e135b970a64b1) Importer(815301076,1909f56bfc062723c751e8b465ee728b)  -> (artifact id: '09cf728dfe89e50db6ff8a3ca8c29201') in 0.123533 seconds 
========================================================================
Received Import Request.
  Time since last request: 0.000022 seconds.
  path: Assets/AssetStore/Dark_Brown_GUI_kit/icon/simple/e.png
  artifactKey: Guid(2f46ba72c4d1781478b32b8931123b9c) Importer(815301076,1909f56bfc062723c751e8b465ee728b)
Start importing Assets/AssetStore/Dark_Brown_GUI_kit/icon/simple/e.png using Guid(2f46ba72c4d1781478b32b8931123b9c) Importer(815301076,1909f56bfc062723c751e8b465ee728b)  -> (artifact id: 'f01f3ff2e869900077ef799107103b09') in 0.120453 seconds 
========================================================================
Received Import Request.
  Time since last request: 0.000026 seconds.
  path: Assets/AssetStore/Basic_RPG_Icons/Items/Weapons/No_bg/07_Priest_Staff_nobg.png
  artifactKey: Guid(3fa53af4c50543b469421a6895537de8) Importer(815301076,1909f56bfc062723c751e8b465ee728b)
Start importing Assets/AssetStore/Basic_RPG_Icons/Items/Weapons/No_bg/07_Priest_Staff_nobg.png using Guid(3fa53af4c50543b469421a6895537de8) Importer(815301076,1909f56bfc062723c751e8b465ee728b)  -> (artifact id: '866c5a2e7d3f52bca1ba8938cc583066') in 0.087407 seconds 
========================================================================
Received Import Request.
  Time since last request: 0.000022 seconds.
  path: Assets/AssetStore/Basic_RPG_Icons/Items/Armor/Common/02_Cloth_cloak.png
  artifactKey: Guid(d8562397fd7dd16489c1aa65ecd5e66d) Importer(815301076,1909f56bfc062723c751e8b465ee728b)
Start importing Assets/AssetStore/Basic_RPG_Icons/Items/Armor/Common/02_Cloth_cloak.png using Guid(d8562397fd7dd16489c1aa65ecd5e66d) Importer(815301076,1909f56bfc062723c751e8b465ee728b)  -> (artifact id: 'f2876fad209ade25319ab476893904f4') in 0.092784 seconds 
========================================================================
Received Import Request.
  Time since last request: 6.231939 seconds.
  path: Assets/AssetStore/Basic_RPG_Icons/Items/Armor/Epic/04_cloth_gloves_E.png
  artifactKey: Guid(9c443e725aede404ab4a473f96e7f585) Importer(815301076,1909f56bfc062723c751e8b465ee728b)
Start importing Assets/AssetStore/Basic_RPG_Icons/Items/Armor/Epic/04_cloth_gloves_E.png using Guid(9c443e725aede404ab4a473f96e7f585) Importer(815301076,1909f56bfc062723c751e8b465ee728b)  -> (artifact id: 'd946f746d48354b12a7531fd83567447') in 0.099443 seconds 
========================================================================
Received Import Request.
  Time since last request: 0.000024 seconds.
  path: Assets/AssetStore/Basic_RPG_Icons/Items/Armor/Epic/04_leather_gloves_E.png
  artifactKey: Guid(1c467e4d8975db74d93c99737e38c07f) Importer(815301076,1909f56bfc062723c751e8b465ee728b)
Start importing Assets/AssetStore/Basic_RPG_Icons/Items/Armor/Epic/04_leather_gloves_E.png using Guid(1c467e4d8975db74d93c99737e38c07f) Importer(815301076,1909f56bfc062723c751e8b465ee728b)  -> (artifact id: '03fa8d674ebb584358f3aabababe85f7') in 0.115392 seconds 
========================================================================
Received Import Request.
  Time since last request: 0.000021 seconds.
  path: Assets/AssetStore/Basic_RPG_Icons/Items/Armor/Common/Nobg/04_cloth_gloves_nobg.png
  artifactKey: Guid(266c6672eaea23248813e9fd4517aa5f) Importer(815301076,1909f56bfc062723c751e8b465ee728b)
Start importing Assets/AssetStore/Basic_RPG_Icons/Items/Armor/Common/Nobg/04_cloth_gloves_nobg.png using Guid(266c6672eaea23248813e9fd4517aa5f) Importer(815301076,1909f56bfc062723c751e8b465ee728b)  -> (artifact id: 'f0dcf85790eddaa18fa68d9014128aa0') in 0.099163 seconds 
========================================================================
Received Import Request.
  Time since last request: 0.000027 seconds.
  path: Assets/AssetStore/Basic_RPG_Icons/Items/Armor/Epic/05_leather_boots_E.png
  artifactKey: Guid(ef630bd2e9341ec4e955ee2eedcf33d1) Importer(815301076,1909f56bfc062723c751e8b465ee728b)
Start importing Assets/AssetStore/Basic_RPG_Icons/Items/Armor/Epic/05_leather_boots_E.png using Guid(ef630bd2e9341ec4e955ee2eedcf33d1) Importer(815301076,1909f56bfc062723c751e8b465ee728b)  -> (artifact id: '4f2e10c8ca509fd88a5334372ac3c9c7') in 0.092522 seconds 
========================================================================
Received Import Request.
  Time since last request: 0.000021 seconds.
  path: Assets/AssetStore/Basic_RPG_Icons/Items/Armor/Common/Nobg/05_leather_boots_nobg.png
  artifactKey: Guid(0e7073b873373a346a2166e6abacc604) Importer(815301076,1909f56bfc062723c751e8b465ee728b)
Start importing Assets/AssetStore/Basic_RPG_Icons/Items/Armor/Common/Nobg/05_leather_boots_nobg.png using Guid(0e7073b873373a346a2166e6abacc604) Importer(815301076,1909f56bfc062723c751e8b465ee728b)  -> (artifact id: '0a657a58407a6f7a69dd9de6b7f675c0') in 0.126912 seconds 
========================================================================
Received Import Request.
  Time since last request: 0.000025 seconds.
  path: Assets/AssetStore/Basic_RPG_Icons/Items/Armor/Common/04_leather_gloves.png
  artifactKey: Guid(6e2d9e76728b86841bcb3fc15b91bdd4) Importer(815301076,1909f56bfc062723c751e8b465ee728b)
Start importing Assets/AssetStore/Basic_RPG_Icons/Items/Armor/Common/04_leather_gloves.png using Guid(6e2d9e76728b86841bcb3fc15b91bdd4) Importer(815301076,1909f56bfc062723c751e8b465ee728b)  -> (artifact id: '531a03bd96253c08e31c200af7d3686d') in 0.097974 seconds 
========================================================================
Received Import Request.
  Time since last request: 0.000029 seconds.
  path: Assets/AssetStore/Basic_RPG_Icons/Items/Weapons/04_Mace_with_spikes.png
  artifactKey: Guid(d91ce643b75a45f47baee6493da5d705) Importer(815301076,1909f56bfc062723c751e8b465ee728b)
Start importing Assets/AssetStore/Basic_RPG_Icons/Items/Weapons/04_Mace_with_spikes.png using Guid(d91ce643b75a45f47baee6493da5d705) Importer(815301076,1909f56bfc062723c751e8b465ee728b)  -> (artifact id: '51b6c86857e9f23eddc0d8d9aaf33a1e') in 0.092445 seconds 
========================================================================
Received Import Request.
  Time since last request: 0.000021 seconds.
  path: Packages/com.unity.collab-proxy/Editor/PlasticSCM/Assets/Images/iconrepository.png
  artifactKey: Guid(ed64f3a17f2ede646be21ed6edc9161a) Importer(815301076,1909f56bfc062723c751e8b465ee728b)
Start importing Packages/com.unity.collab-proxy/Editor/PlasticSCM/Assets/Images/iconrepository.png using Guid(ed64f3a17f2ede646be21ed6edc9161a) Importer(815301076,1909f56bfc062723c751e8b465ee728b)  -> (artifact id: '56b126043ea02ee82ecc4b768cb6f62b') in 0.077514 seconds 
========================================================================
Received Import Request.
  Time since last request: 0.000020 seconds.
  path: Assets/AssetStore/GUI_Parts/Gui_parts/warrior_silhouette_woman.png
  artifactKey: Guid(f5e8da77b82ac754fbd66c63a608fe55) Importer(815301076,1909f56bfc062723c751e8b465ee728b)
Start importing Assets/AssetStore/GUI_Parts/Gui_parts/warrior_silhouette_woman.png using Guid(f5e8da77b82ac754fbd66c63a608fe55) Importer(815301076,1909f56bfc062723c751e8b465ee728b)  -> (artifact id: '8f376c8e7327846b6b8a958055027671') in 0.417011 seconds 
========================================================================
Received Import Request.
  Time since last request: 0.000025 seconds.
  path: Assets/AssetStore/Basic_RPG_Icons/Items/Armor/Common/05_leather_boots.png
  artifactKey: Guid(dc32764b6d7615c408f2d50d6c532c9f) Importer(815301076,1909f56bfc062723c751e8b465ee728b)
Start importing Assets/AssetStore/Basic_RPG_Icons/Items/Armor/Common/05_leather_boots.png using Guid(dc32764b6d7615c408f2d50d6c532c9f) Importer(815301076,1909f56bfc062723c751e8b465ee728b)  -> (artifact id: 'bb258bc9594db3b04fe244f6dcaad359') in 0.137514 seconds 
========================================================================
Received Import Request.
  Time since last request: 0.000029 seconds.
  path: Assets/AssetStore/Basic_RPG_Icons/Items/Armor/Epic/Nobg/04_leather_gloves_E_nobg.png
  artifactKey: Guid(8cb3d9c163d2e8b4695d0207b58ce606) Importer(815301076,1909f56bfc062723c751e8b465ee728b)
Start importing Assets/AssetStore/Basic_RPG_Icons/Items/Armor/Epic/Nobg/04_leather_gloves_E_nobg.png using Guid(8cb3d9c163d2e8b4695d0207b58ce606) Importer(815301076,1909f56bfc062723c751e8b465ee728b)  -> (artifact id: '7725fc2bf978ad251fc73dad205e0897') in 0.305942 seconds 
========================================================================
Received Prepare
Registering precompiled user dll's ...
Registered in 0.006633 seconds.
Begin MonoManager ReloadAssembly
Symbol file LoadedFromMemory doesn't match image C:\Users\Atents\Desktop\WOS\WOS\Library\PackageCache\com.unity.visualscripting@1.7.8\Editor\VisualScripting.Core\Dependencies\YamlDotNet\Unity.VisualScripting.YamlDotNet.dll
Symbol file LoadedFromMemory doesn't match image C:\Users\Atents\Desktop\WOS\WOS\Library\PackageCache\com.unity.visualscripting@1.7.8\Editor\VisualScripting.Core\Dependencies\DotNetZip\Unity.VisualScripting.IonicZip.dll
Native extension for WindowsStandalone target not found
Refreshing native plugins compatible for Editor in 1.46 ms, found 3 plugins.
Preloading 0 native plugins for Editor in 0.00 ms.
Mono: successfully reloaded assembly
- Completed reload, in  1.087 seconds
Domain Reload Profiling:
	ReloadAssembly (1087ms)
		BeginReloadAssembly (147ms)
			ExecutionOrderSort (0ms)
			DisableScriptedObjects (7ms)
			BackupInstance (0ms)
			ReleaseScriptingObjects (0ms)
			CreateAndSetChildDomain (37ms)
		EndReloadAssembly (832ms)
			LoadAssemblies (89ms)
			RebuildTransferFunctionScriptingTraits (0ms)
			SetupTypeCache (298ms)
			ReleaseScriptCaches (2ms)
			RebuildScriptCaches (45ms)
			SetupLoadedEditorAssemblies (353ms)
				LogAssemblyErrors (0ms)
				InitializePlatformSupportModulesInManaged (19ms)
				SetLoadedEditorAssemblies (1ms)
				RefreshPlugins (2ms)
				BeforeProcessingInitializeOnLoad (81ms)
				ProcessInitializeOnLoadAttributes (214ms)
				ProcessInitializeOnLoadMethodAttributes (29ms)
				AfterProcessingInitializeOnLoad (8ms)
				EditorAssembliesLoaded (0ms)
			ExecutionOrderSort2 (0ms)
			AwakeInstancesAfterBackupRestoration (7ms)
Platform modules already initialized, skipping
Refreshing native plugins compatible for Editor in 2.00 ms, found 3 plugins.
Preloading 0 native plugins for Editor in 0.00 ms.
Unloading 3591 Unused Serialized files (Serialized files now loaded: 0)
Unloading 29 unused Assets / (1.3 MB). Loaded Objects now: 4165.
Memory consumption went from 225.1 MB to 223.8 MB.
Total: 3.135200 ms (FindLiveObjects: 0.356000 ms CreateObjectMapping: 0.228600 ms MarkObjects: 2.279500 ms  DeleteObjects: 0.269900 ms)

AssetImportParameters requested are different than current active one (requested -> active):
  custom:video-decoder-ogg-theora: a1e56fd34408186e4bbccfd4996cb3dc -> 
  custom:container-muxer-webm: aa71ff27fc2769a1b78a27578f13a17b -> 
  custom:container-demuxer-webm: 4f35f7cbe854078d1ac9338744f61a02 -> 
  custom:video-encoder-webm-vp8: eb34c28f22e8b96e1ab97ce403110664 -> 
  custom:audio-encoder-webm-vorbis: bf7c407c2cedff20999df2af8eb42d56 -> 
  custom:framework-win-MediaFoundation: 216162199b28c13a410421893ffa2e32 -> 
  custom:container-demuxer-ogg: 62fdf1f143b41e24485cea50d1cbac27 -> 
  custom:video-decoder-webm-vp8: 9c59270c3fd7afecdb556c50c9e8de78 -> 
  custom:audio-decoder-ogg-vorbis: bf7c407c2cedff20999df2af8eb42d56 -> 
========================================================================
Received Prepare
Registering precompiled user dll's ...
Registered in 0.005286 seconds.
Begin MonoManager ReloadAssembly
Symbol file LoadedFromMemory doesn't match image C:\Users\Atents\Desktop\WOS\WOS\Library\PackageCache\com.unity.visualscripting@1.7.8\Editor\VisualScripting.Core\Dependencies\YamlDotNet\Unity.VisualScripting.YamlDotNet.dll
Symbol file LoadedFromMemory doesn't match image C:\Users\Atents\Desktop\WOS\WOS\Library\PackageCache\com.unity.visualscripting@1.7.8\Editor\VisualScripting.Core\Dependencies\DotNetZip\Unity.VisualScripting.IonicZip.dll
Native extension for WindowsStandalone target not found
Refreshing native plugins compatible for Editor in 0.80 ms, found 3 plugins.
Preloading 0 native plugins for Editor in 0.00 ms.
Mono: successfully reloaded assembly
- Completed reload, in  1.063 seconds
Domain Reload Profiling:
	ReloadAssembly (1063ms)
		BeginReloadAssembly (140ms)
			ExecutionOrderSort (0ms)
			DisableScriptedObjects (7ms)
			BackupInstance (0ms)
			ReleaseScriptingObjects (0ms)
			CreateAndSetChildDomain (36ms)
		EndReloadAssembly (811ms)
			LoadAssemblies (86ms)
			RebuildTransferFunctionScriptingTraits (0ms)
			SetupTypeCache (287ms)
			ReleaseScriptCaches (1ms)
			RebuildScriptCaches (47ms)
			SetupLoadedEditorAssemblies (345ms)
				LogAssemblyErrors (0ms)
				InitializePlatformSupportModulesInManaged (13ms)
				SetLoadedEditorAssemblies (0ms)
				RefreshPlugins (1ms)
				BeforeProcessingInitializeOnLoad (71ms)
				ProcessInitializeOnLoadAttributes (220ms)
				ProcessInitializeOnLoadMethodAttributes (30ms)
				AfterProcessingInitializeOnLoad (10ms)
				EditorAssembliesLoaded (0ms)
			ExecutionOrderSort2 (0ms)
			AwakeInstancesAfterBackupRestoration (7ms)
Platform modules already initialized, skipping
Refreshing native plugins compatible for Editor in 2.06 ms, found 3 plugins.
Preloading 0 native plugins for Editor in 0.00 ms.
Unloading 3591 Unused Serialized files (Serialized files now loaded: 0)
Unloading 29 unused Assets / (1.3 MB). Loaded Objects now: 4168.
Memory consumption went from 225.1 MB to 223.8 MB.
Total: 2.855700 ms (FindLiveObjects: 0.293800 ms CreateObjectMapping: 0.191800 ms MarkObjects: 2.106900 ms  DeleteObjects: 0.262100 ms)

AssetImportParameters requested are different than current active one (requested -> active):
  custom:video-decoder-ogg-theora: a1e56fd34408186e4bbccfd4996cb3dc -> 
  custom:container-muxer-webm: aa71ff27fc2769a1b78a27578f13a17b -> 
  custom:container-demuxer-webm: 4f35f7cbe854078d1ac9338744f61a02 -> 
  custom:video-encoder-webm-vp8: eb34c28f22e8b96e1ab97ce403110664 -> 
  custom:audio-encoder-webm-vorbis: bf7c407c2cedff20999df2af8eb42d56 -> 
  custom:framework-win-MediaFoundation: 216162199b28c13a410421893ffa2e32 -> 
  custom:container-demuxer-ogg: 62fdf1f143b41e24485cea50d1cbac27 -> 
  custom:video-decoder-webm-vp8: 9c59270c3fd7afecdb556c50c9e8de78 -> 
  custom:audio-decoder-ogg-vorbis: bf7c407c2cedff20999df2af8eb42d56 -> 
========================================================================
Received Prepare
Registering precompiled user dll's ...
Registered in 0.005521 seconds.
Begin MonoManager ReloadAssembly
Symbol file LoadedFromMemory doesn't match image C:\Users\Atents\Desktop\WOS\WOS\Library\PackageCache\com.unity.visualscripting@1.7.8\Editor\VisualScripting.Core\Dependencies\YamlDotNet\Unity.VisualScripting.YamlDotNet.dll
Symbol file LoadedFromMemory doesn't match image C:\Users\Atents\Desktop\WOS\WOS\Library\PackageCache\com.unity.visualscripting@1.7.8\Editor\VisualScripting.Core\Dependencies\DotNetZip\Unity.VisualScripting.IonicZip.dll
Native extension for WindowsStandalone target not found
Refreshing native plugins compatible for Editor in 0.84 ms, found 3 plugins.
Preloading 0 native plugins for Editor in 0.00 ms.
Mono: successfully reloaded assembly
- Completed reload, in  1.074 seconds
Domain Reload Profiling:
	ReloadAssembly (1076ms)
		BeginReloadAssembly (144ms)
			ExecutionOrderSort (0ms)
			DisableScriptedObjects (8ms)
			BackupInstance (0ms)
			ReleaseScriptingObjects (0ms)
			CreateAndSetChildDomain (35ms)
		EndReloadAssembly (822ms)
			LoadAssemblies (90ms)
			RebuildTransferFunctionScriptingTraits (0ms)
			SetupTypeCache (283ms)
			ReleaseScriptCaches (1ms)
			RebuildScriptCaches (49ms)
			SetupLoadedEditorAssemblies (344ms)
				LogAssemblyErrors (0ms)
				InitializePlatformSupportModulesInManaged (19ms)
				SetLoadedEditorAssemblies (1ms)
				RefreshPlugins (1ms)
				BeforeProcessingInitializeOnLoad (75ms)
				ProcessInitializeOnLoadAttributes (209ms)
				ProcessInitializeOnLoadMethodAttributes (32ms)
				AfterProcessingInitializeOnLoad (8ms)
				EditorAssembliesLoaded (0ms)
			ExecutionOrderSort2 (0ms)
			AwakeInstancesAfterBackupRestoration (7ms)
Platform modules already initialized, skipping
Refreshing native plugins compatible for Editor in 2.34 ms, found 3 plugins.
Preloading 0 native plugins for Editor in 0.00 ms.
Unloading 3591 Unused Serialized files (Serialized files now loaded: 0)
Unloading 29 unused Assets / (1.3 MB). Loaded Objects now: 4171.
Memory consumption went from 225.1 MB to 223.8 MB.
Total: 3.323300 ms (FindLiveObjects: 0.335500 ms CreateObjectMapping: 0.231200 ms MarkObjects: 2.339500 ms  DeleteObjects: 0.415600 ms)

AssetImportParameters requested are different than current active one (requested -> active):
  custom:video-decoder-ogg-theora: a1e56fd34408186e4bbccfd4996cb3dc -> 
  custom:container-muxer-webm: aa71ff27fc2769a1b78a27578f13a17b -> 
  custom:container-demuxer-webm: 4f35f7cbe854078d1ac9338744f61a02 -> 
  custom:video-encoder-webm-vp8: eb34c28f22e8b96e1ab97ce403110664 -> 
  custom:audio-encoder-webm-vorbis: bf7c407c2cedff20999df2af8eb42d56 -> 
  custom:framework-win-MediaFoundation: 216162199b28c13a410421893ffa2e32 -> 
  custom:container-demuxer-ogg: 62fdf1f143b41e24485cea50d1cbac27 -> 
  custom:video-decoder-webm-vp8: 9c59270c3fd7afecdb556c50c9e8de78 -> 
  custom:audio-decoder-ogg-vorbis: bf7c407c2cedff20999df2af8eb42d56 -> 
========================================================================
Received Prepare
Registering precompiled user dll's ...
Registered in 0.008486 seconds.
Begin MonoManager ReloadAssembly
Symbol file LoadedFromMemory doesn't match image C:\Users\Atents\Desktop\WOS\WOS\Library\PackageCache\com.unity.visualscripting@1.7.8\Editor\VisualScripting.Core\Dependencies\YamlDotNet\Unity.VisualScripting.YamlDotNet.dll
Symbol file LoadedFromMemory doesn't match image C:\Users\Atents\Desktop\WOS\WOS\Library\PackageCache\com.unity.visualscripting@1.7.8\Editor\VisualScripting.Core\Dependencies\DotNetZip\Unity.VisualScripting.IonicZip.dll
Native extension for WindowsStandalone target not found
Refreshing native plugins compatible for Editor in 0.83 ms, found 3 plugins.
Preloading 0 native plugins for Editor in 0.00 ms.
Mono: successfully reloaded assembly
- Completed reload, in  1.080 seconds
Domain Reload Profiling:
	ReloadAssembly (1081ms)
		BeginReloadAssembly (148ms)
			ExecutionOrderSort (0ms)
			DisableScriptedObjects (7ms)
			BackupInstance (0ms)
			ReleaseScriptingObjects (0ms)
			CreateAndSetChildDomain (37ms)
		EndReloadAssembly (808ms)
			LoadAssemblies (92ms)
			RebuildTransferFunctionScriptingTraits (0ms)
			SetupTypeCache (282ms)
			ReleaseScriptCaches (1ms)
			RebuildScriptCaches (50ms)
			SetupLoadedEditorAssemblies (335ms)
				LogAssemblyErrors (0ms)
				InitializePlatformSupportModulesInManaged (13ms)
				SetLoadedEditorAssemblies (0ms)
				RefreshPlugins (1ms)
				BeforeProcessingInitializeOnLoad (72ms)
				ProcessInitializeOnLoadAttributes (210ms)
				ProcessInitializeOnLoadMethodAttributes (30ms)
				AfterProcessingInitializeOnLoad (8ms)
				EditorAssembliesLoaded (0ms)
			ExecutionOrderSort2 (0ms)
			AwakeInstancesAfterBackupRestoration (8ms)
Platform modules already initialized, skipping
Refreshing native plugins compatible for Editor in 1.87 ms, found 3 plugins.
Preloading 0 native plugins for Editor in 0.00 ms.
Unloading 3591 Unused Serialized files (Serialized files now loaded: 0)
Unloading 29 unused Assets / (1.3 MB). Loaded Objects now: 4174.
Memory consumption went from 225.1 MB to 223.8 MB.
Total: 2.935400 ms (FindLiveObjects: 0.323000 ms CreateObjectMapping: 0.221300 ms MarkObjects: 2.115900 ms  DeleteObjects: 0.274200 ms)

AssetImportParameters requested are different than current active one (requested -> active):
  custom:video-decoder-ogg-theora: a1e56fd34408186e4bbccfd4996cb3dc -> 
  custom:container-muxer-webm: aa71ff27fc2769a1b78a27578f13a17b -> 
  custom:container-demuxer-webm: 4f35f7cbe854078d1ac9338744f61a02 -> 
  custom:video-encoder-webm-vp8: eb34c28f22e8b96e1ab97ce403110664 -> 
  custom:audio-encoder-webm-vorbis: bf7c407c2cedff20999df2af8eb42d56 -> 
  custom:framework-win-MediaFoundation: 216162199b28c13a410421893ffa2e32 -> 
  custom:container-demuxer-ogg: 62fdf1f143b41e24485cea50d1cbac27 -> 
  custom:video-decoder-webm-vp8: 9c59270c3fd7afecdb556c50c9e8de78 -> 
  custom:audio-decoder-ogg-vorbis: bf7c407c2cedff20999df2af8eb42d56 -> 
========================================================================
Received Prepare
Registering precompiled user dll's ...
Registered in 0.006298 seconds.
Begin MonoManager ReloadAssembly
Symbol file LoadedFromMemory doesn't match image C:\Users\Atents\Desktop\WOS\WOS\Library\PackageCache\com.unity.visualscripting@1.7.8\Editor\VisualScripting.Core\Dependencies\YamlDotNet\Unity.VisualScripting.YamlDotNet.dll
Symbol file LoadedFromMemory doesn't match image C:\Users\Atents\Desktop\WOS\WOS\Library\PackageCache\com.unity.visualscripting@1.7.8\Editor\VisualScripting.Core\Dependencies\DotNetZip\Unity.VisualScripting.IonicZip.dll
Native extension for WindowsStandalone target not found
Refreshing native plugins compatible for Editor in 0.82 ms, found 3 plugins.
Preloading 0 native plugins for Editor in 0.00 ms.
Mono: successfully reloaded assembly
- Completed reload, in  1.056 seconds
Domain Reload Profiling:
	ReloadAssembly (1057ms)
		BeginReloadAssembly (146ms)
			ExecutionOrderSort (0ms)
			DisableScriptedObjects (7ms)
			BackupInstance (0ms)
			ReleaseScriptingObjects (0ms)
			CreateAndSetChildDomain (35ms)
		EndReloadAssembly (800ms)
			LoadAssemblies (101ms)
			RebuildTransferFunctionScriptingTraits (0ms)
			SetupTypeCache (301ms)
			ReleaseScriptCaches (1ms)
			RebuildScriptCaches (49ms)
			SetupLoadedEditorAssemblies (309ms)
				LogAssemblyErrors (0ms)
				InitializePlatformSupportModulesInManaged (12ms)
				SetLoadedEditorAssemblies (0ms)
				RefreshPlugins (1ms)
				BeforeProcessingInitializeOnLoad (67ms)
				ProcessInitializeOnLoadAttributes (192ms)
				ProcessInitializeOnLoadMethodAttributes (28ms)
				AfterProcessingInitializeOnLoad (8ms)
				EditorAssembliesLoaded (0ms)
			ExecutionOrderSort2 (0ms)
			AwakeInstancesAfterBackupRestoration (7ms)
Platform modules already initialized, skipping
Refreshing native plugins compatible for Editor in 1.99 ms, found 3 plugins.
Preloading 0 native plugins for Editor in 0.00 ms.
Unloading 3591 Unused Serialized files (Serialized files now loaded: 0)
Unloading 29 unused Assets / (1.3 MB). Loaded Objects now: 4177.
Memory consumption went from 225.1 MB to 223.8 MB.
Total: 2.948600 ms (FindLiveObjects: 0.292500 ms CreateObjectMapping: 0.186900 ms MarkObjects: 2.183400 ms  DeleteObjects: 0.284800 ms)

AssetImportParameters requested are different than current active one (requested -> active):
  custom:video-decoder-ogg-theora: a1e56fd34408186e4bbccfd4996cb3dc -> 
  custom:container-muxer-webm: aa71ff27fc2769a1b78a27578f13a17b -> 
  custom:container-demuxer-webm: 4f35f7cbe854078d1ac9338744f61a02 -> 
  custom:video-encoder-webm-vp8: eb34c28f22e8b96e1ab97ce403110664 -> 
  custom:audio-encoder-webm-vorbis: bf7c407c2cedff20999df2af8eb42d56 -> 
  custom:framework-win-MediaFoundation: 216162199b28c13a410421893ffa2e32 -> 
  custom:container-demuxer-ogg: 62fdf1f143b41e24485cea50d1cbac27 -> 
  custom:video-decoder-webm-vp8: 9c59270c3fd7afecdb556c50c9e8de78 -> 
  custom:audio-decoder-ogg-vorbis: bf7c407c2cedff20999df2af8eb42d56 -> 
========================================================================
Received Prepare
Registering precompiled user dll's ...
Registered in 0.005508 seconds.
Begin MonoManager ReloadAssembly
Symbol file LoadedFromMemory doesn't match image C:\Users\Atents\Desktop\WOS\WOS\Library\PackageCache\com.unity.visualscripting@1.7.8\Editor\VisualScripting.Core\Dependencies\YamlDotNet\Unity.VisualScripting.YamlDotNet.dll
Symbol file LoadedFromMemory doesn't match image C:\Users\Atents\Desktop\WOS\WOS\Library\PackageCache\com.unity.visualscripting@1.7.8\Editor\VisualScripting.Core\Dependencies\DotNetZip\Unity.VisualScripting.IonicZip.dll
Native extension for WindowsStandalone target not found
Refreshing native plugins compatible for Editor in 0.81 ms, found 3 plugins.
Preloading 0 native plugins for Editor in 0.00 ms.
Mono: successfully reloaded assembly
- Completed reload, in  1.056 seconds
Domain Reload Profiling:
	ReloadAssembly (1057ms)
		BeginReloadAssembly (145ms)
			ExecutionOrderSort (0ms)
			DisableScriptedObjects (7ms)
			BackupInstance (0ms)
			ReleaseScriptingObjects (0ms)
			CreateAndSetChildDomain (35ms)
		EndReloadAssembly (804ms)
			LoadAssemblies (86ms)
			RebuildTransferFunctionScriptingTraits (0ms)
			SetupTypeCache (283ms)
			ReleaseScriptCaches (1ms)
			RebuildScriptCaches (56ms)
			SetupLoadedEditorAssemblies (329ms)
				LogAssemblyErrors (0ms)
				InitializePlatformSupportModulesInManaged (12ms)
				SetLoadedEditorAssemblies (0ms)
				RefreshPlugins (1ms)
				BeforeProcessingInitializeOnLoad (72ms)
				ProcessInitializeOnLoadAttributes (205ms)
				ProcessInitializeOnLoadMethodAttributes (29ms)
				AfterProcessingInitializeOnLoad (9ms)
				EditorAssembliesLoaded (0ms)
			ExecutionOrderSort2 (0ms)
			AwakeInstancesAfterBackupRestoration (8ms)
Platform modules already initialized, skipping
Refreshing native plugins compatible for Editor in 2.21 ms, found 3 plugins.
Preloading 0 native plugins for Editor in 0.00 ms.
Unloading 3591 Unused Serialized files (Serialized files now loaded: 0)
Unloading 29 unused Assets / (1.3 MB). Loaded Objects now: 4180.
Memory consumption went from 225.1 MB to 223.8 MB.
Total: 3.771200 ms (FindLiveObjects: 0.318300 ms CreateObjectMapping: 0.217800 ms MarkObjects: 2.946600 ms  DeleteObjects: 0.287300 ms)

AssetImportParameters requested are different than current active one (requested -> active):
  custom:video-decoder-ogg-theora: a1e56fd34408186e4bbccfd4996cb3dc -> 
  custom:container-muxer-webm: aa71ff27fc2769a1b78a27578f13a17b -> 
  custom:container-demuxer-webm: 4f35f7cbe854078d1ac9338744f61a02 -> 
  custom:video-encoder-webm-vp8: eb34c28f22e8b96e1ab97ce403110664 -> 
  custom:audio-encoder-webm-vorbis: bf7c407c2cedff20999df2af8eb42d56 -> 
  custom:framework-win-MediaFoundation: 216162199b28c13a410421893ffa2e32 -> 
  custom:container-demuxer-ogg: 62fdf1f143b41e24485cea50d1cbac27 -> 
  custom:video-decoder-webm-vp8: 9c59270c3fd7afecdb556c50c9e8de78 -> 
  custom:audio-decoder-ogg-vorbis: bf7c407c2cedff20999df2af8eb42d56 -> 
