Using pre-set license
Built from '2021.3/staging' branch; Version is '2021.3.16f1 (4016570cf34f) revision 4200023'; Using compiler version '192829333'; Build Type 'Release'
OS: 'Windows 10  (10.0.19044) 64bit Professional' Language: 'ko' Physical Memory: 16321 MB
BatchMode: 1, IsHumanControllingUs: 0, StartBugReporterOnCrash: 0, Is64bit: 1, IsPro: 1

COMMAND LINE ARGUMENTS:
C:\Program Files\Unity\Hub\Editor\2021.3.16f1\Editor\Unity.exe
-adb2
-batchMode
-noUpm
-name
AssetImportWorker21
-projectPath
C:/Users/Atents/Desktop/WOS/WOS
-logFile
Logs/AssetImportWorker21.log
-srvPort
50172
Successfully changed project path to: C:/Users/Atents/Desktop/WOS/WOS
C:/Users/Atents/Desktop/WOS/WOS
[UnityMemory] Configuration Parameters - Can be set up in boot.config
    "memorysetup-bucket-allocator-granularity=16"
    "memorysetup-bucket-allocator-bucket-count=8"
    "memorysetup-bucket-allocator-block-size=33554432"
    "memorysetup-bucket-allocator-block-count=8"
    "memorysetup-main-allocator-block-size=16777216"
    "memorysetup-thread-allocator-block-size=16777216"
    "memorysetup-gfx-main-allocator-block-size=16777216"
    "memorysetup-gfx-thread-allocator-block-size=16777216"
    "memorysetup-cache-allocator-block-size=4194304"
    "memorysetup-typetree-allocator-block-size=2097152"
    "memorysetup-profiler-bucket-allocator-granularity=16"
    "memorysetup-profiler-bucket-allocator-bucket-count=8"
    "memorysetup-profiler-bucket-allocator-block-size=33554432"
    "memorysetup-profiler-bucket-allocator-block-count=8"
    "memorysetup-profiler-allocator-block-size=16777216"
    "memorysetup-profiler-editor-allocator-block-size=1048576"
    "memorysetup-temp-allocator-size-main=16777216"
    "memorysetup-job-temp-allocator-block-size=2097152"
    "memorysetup-job-temp-allocator-block-size-background=1048576"
    "memorysetup-job-temp-allocator-reduction-small-platforms=262144"
    "memorysetup-temp-allocator-size-background-worker=32768"
    "memorysetup-temp-allocator-size-job-worker=262144"
    "memorysetup-temp-allocator-size-preload-manager=33554432"
    "memorysetup-temp-allocator-size-nav-mesh-worker=65536"
    "memorysetup-temp-allocator-size-audio-worker=65536"
    "memorysetup-temp-allocator-size-cloud-worker=32768"
    "memorysetup-temp-allocator-size-gi-baking-worker=262144"
    "memorysetup-temp-allocator-size-gfx=262144"
Player connection [4484] Host "[IP] 192.168.20.34 [Port] 0 [Flags] 2 [Guid] 1254642352 [EditorId] 1254642352 [Version] 1048832 [Id] WindowsEditor(7,DESKTOP-CN8CFQ1) [Debug] 1 [PackageName] WindowsEditor [ProjectName] Editor" joined multi-casting on [225.0.0.222:54997]...

Player connection [4484] Host "[IP] 192.168.20.34 [Port] 0 [Flags] 2 [Guid] 1254642352 [EditorId] 1254642352 [Version] 1048832 [Id] WindowsEditor(7,DESKTOP-CN8CFQ1) [Debug] 1 [PackageName] WindowsEditor [ProjectName] Editor" joined alternative multi-casting on [225.0.0.222:34997]...

Refreshing native plugins compatible for Editor in 184.48 ms, found 3 plugins.
Preloading 0 native plugins for Editor in 0.00 ms.
Initialize engine version: 2021.3.16f1 (4016570cf34f)
[Subsystems] Discovering subsystems at path C:/Program Files/Unity/Hub/Editor/2021.3.16f1/Editor/Data/Resources/UnitySubsystems
[Subsystems] Discovering subsystems at path C:/Users/Atents/Desktop/WOS/WOS/Assets
GfxDevice: creating device client; threaded=0; jobified=0
Direct3D:
    Version:  Direct3D 11.0 [level 11.0]
    Renderer: NVIDIA GeForce GT 710 (ID=0x128b)
    Vendor:   NVIDIA
    VRAM:     984 MB
    Driver:   30.0.14.7404
Initialize mono
Mono path[0] = 'C:/Program Files/Unity/Hub/Editor/2021.3.16f1/Editor/Data/Managed'
Mono path[1] = 'C:/Program Files/Unity/Hub/Editor/2021.3.16f1/Editor/Data/MonoBleedingEdge/lib/mono/unityjit-win32'
Mono config path = 'C:/Program Files/Unity/Hub/Editor/2021.3.16f1/Editor/Data/MonoBleedingEdge/etc'
Using monoOptions --debugger-agent=transport=dt_socket,embedding=1,server=y,suspend=n,address=127.0.0.1:56596
Begin MonoManager ReloadAssembly
Registering precompiled unity dll's ...
Register platform support module: C:/Program Files/Unity/Hub/Editor/2021.3.16f1/Editor/Data/PlaybackEngines/WebGLSupport/UnityEditor.WebGL.Extensions.dll
Register platform support module: C:/Program Files/Unity/Hub/Editor/2021.3.16f1/Editor/Data/PlaybackEngines/AndroidPlayer/UnityEditor.Android.Extensions.dll
Register platform support module: C:/Program Files/Unity/Hub/Editor/2021.3.16f1/Editor/Data/PlaybackEngines/WindowsStandaloneSupport/UnityEditor.WindowsStandalone.Extensions.dll
Register platform support module: C:/Program Files/Unity/Hub/Editor/2021.3.16f1/Editor/Data/PlaybackEngines/MetroSupport/UnityEditor.UWP.Extensions.dll
Registered in 0.026277 seconds.
Native extension for UWP target not found
Native extension for WindowsStandalone target not found
Native extension for Android target not found
Native extension for WebGL target not found
Refreshing native plugins compatible for Editor in 229.94 ms, found 3 plugins.
Preloading 0 native plugins for Editor in 0.00 ms.
Mono: successfully reloaded assembly
- Completed reload, in  1.259 seconds
Domain Reload Profiling:
	ReloadAssembly (1260ms)
		BeginReloadAssembly (122ms)
			ExecutionOrderSort (0ms)
			DisableScriptedObjects (0ms)
			BackupInstance (0ms)
			ReleaseScriptingObjects (0ms)
			CreateAndSetChildDomain (1ms)
		EndReloadAssembly (834ms)
			LoadAssemblies (120ms)
			RebuildTransferFunctionScriptingTraits (0ms)
			SetupTypeCache (138ms)
			ReleaseScriptCaches (0ms)
			RebuildScriptCaches (29ms)
			SetupLoadedEditorAssemblies (603ms)
				LogAssemblyErrors (0ms)
				InitializePlatformSupportModulesInManaged (72ms)
				SetLoadedEditorAssemblies (0ms)
				RefreshPlugins (230ms)
				BeforeProcessingInitializeOnLoad (2ms)
				ProcessInitializeOnLoadAttributes (215ms)
				ProcessInitializeOnLoadMethodAttributes (84ms)
				AfterProcessingInitializeOnLoad (0ms)
				EditorAssembliesLoaded (0ms)
			ExecutionOrderSort2 (0ms)
			AwakeInstancesAfterBackupRestoration (0ms)
Platform modules already initialized, skipping
Registering precompiled user dll's ...
Registered in 0.012216 seconds.
Begin MonoManager ReloadAssembly
Symbol file LoadedFromMemory doesn't match image C:\Users\Atents\Desktop\WOS\WOS\Library\PackageCache\com.unity.visualscripting@1.7.8\Editor\VisualScripting.Core\Dependencies\YamlDotNet\Unity.VisualScripting.YamlDotNet.dll
Symbol file LoadedFromMemory doesn't match image C:\Users\Atents\Desktop\WOS\WOS\Library\PackageCache\com.unity.visualscripting@1.7.8\Editor\VisualScripting.Core\Dependencies\DotNetZip\Unity.VisualScripting.IonicZip.dll
Native extension for UWP target not found
Native extension for WindowsStandalone target not found
Native extension for Android target not found
Native extension for WebGL target not found
Refreshing native plugins compatible for Editor in 0.84 ms, found 3 plugins.
Preloading 0 native plugins for Editor in 0.00 ms.
Mono: successfully reloaded assembly
- Completed reload, in  1.396 seconds
Domain Reload Profiling:
	ReloadAssembly (1397ms)
		BeginReloadAssembly (223ms)
			ExecutionOrderSort (0ms)
			DisableScriptedObjects (6ms)
			BackupInstance (0ms)
			ReleaseScriptingObjects (0ms)
			CreateAndSetChildDomain (124ms)
		EndReloadAssembly (1042ms)
			LoadAssemblies (93ms)
			RebuildTransferFunctionScriptingTraits (0ms)
			SetupTypeCache (340ms)
			ReleaseScriptCaches (1ms)
			RebuildScriptCaches (62ms)
			SetupLoadedEditorAssemblies (503ms)
				LogAssemblyErrors (0ms)
				InitializePlatformSupportModulesInManaged (19ms)
				SetLoadedEditorAssemblies (0ms)
				RefreshPlugins (1ms)
				BeforeProcessingInitializeOnLoad (100ms)
				ProcessInitializeOnLoadAttributes (336ms)
				ProcessInitializeOnLoadMethodAttributes (38ms)
				AfterProcessingInitializeOnLoad (9ms)
				EditorAssembliesLoaded (0ms)
			ExecutionOrderSort2 (0ms)
			AwakeInstancesAfterBackupRestoration (7ms)
Platform modules already initialized, skipping
========================================================================
Worker process is ready to serve import requests
Launched and connected shader compiler UnityShaderCompiler.exe after 0.05 seconds
Refreshing native plugins compatible for Editor in 0.82 ms, found 3 plugins.
Preloading 0 native plugins for Editor in 0.00 ms.
Unloading 3828 Unused Serialized files (Serialized files now loaded: 0)
Unloading 43 unused Assets / (1.4 MB). Loaded Objects now: 4287.
Memory consumption went from 218.4 MB to 217.0 MB.
Total: 4.367100 ms (FindLiveObjects: 0.364200 ms CreateObjectMapping: 0.443100 ms MarkObjects: 3.262500 ms  DeleteObjects: 0.296300 ms)

AssetImportParameters requested are different than current active one (requested -> active):
  custom:video-decoder-ogg-theora: a1e56fd34408186e4bbccfd4996cb3dc -> 
  custom:container-muxer-webm: aa71ff27fc2769a1b78a27578f13a17b -> 
  custom:container-demuxer-webm: 4f35f7cbe854078d1ac9338744f61a02 -> 
  custom:video-encoder-webm-vp8: eb34c28f22e8b96e1ab97ce403110664 -> 
  custom:audio-encoder-webm-vorbis: bf7c407c2cedff20999df2af8eb42d56 -> 
  custom:framework-win-MediaFoundation: 216162199b28c13a410421893ffa2e32 -> 
  custom:container-demuxer-ogg: 62fdf1f143b41e24485cea50d1cbac27 -> 
  custom:video-decoder-webm-vp8: 9c59270c3fd7afecdb556c50c9e8de78 -> 
  custom:audio-decoder-ogg-vorbis: bf7c407c2cedff20999df2af8eb42d56 -> 
========================================================================
Received Import Request.
  Time since last request: 15231.250667 seconds.
  path: Assets/Model/2D_Model/Ui/Window/Icon_Window/Status/Agility.png
  artifactKey: Guid(378f97ab4214ade4baa38ae94c5d6e17) Importer(815301076,1909f56bfc062723c751e8b465ee728b)
Start importing Assets/Model/2D_Model/Ui/Window/Icon_Window/Status/Agility.png using Guid(378f97ab4214ade4baa38ae94c5d6e17) Importer(815301076,1909f56bfc062723c751e8b465ee728b)  -> (artifact id: '109a9ca80285534cdaff9613126ca8ff') in 0.083697 seconds 
========================================================================
Received Import Request.
  Time since last request: 4.662335 seconds.
  path: Assets/Model/2D_Model/Ui/Window/Icon_Window/Status/Agility.png
  artifactKey: Guid(378f97ab4214ade4baa38ae94c5d6e17) Importer(815301076,1909f56bfc062723c751e8b465ee728b)
Start importing Assets/Model/2D_Model/Ui/Window/Icon_Window/Status/Agility.png using Guid(378f97ab4214ade4baa38ae94c5d6e17) Importer(815301076,1909f56bfc062723c751e8b465ee728b)  -> (artifact id: '966157e0b112531130412bf45e746559') in 0.028441 seconds 
========================================================================
Received Import Request.
  Time since last request: 26.162897 seconds.
  path: Assets/Model/2D_Model/Ui/Window/Icon_Window/Status/Agility.png
  artifactKey: Guid(378f97ab4214ade4baa38ae94c5d6e17) Importer(815301076,1909f56bfc062723c751e8b465ee728b)
Start importing Assets/Model/2D_Model/Ui/Window/Icon_Window/Status/Agility.png using Guid(378f97ab4214ade4baa38ae94c5d6e17) Importer(815301076,1909f56bfc062723c751e8b465ee728b)  -> (artifact id: 'b1c7a969cc389dd79f5fe03358f3dcf4') in 0.077519 seconds 
========================================================================
Received Import Request.
  Time since last request: 42.977660 seconds.
  path: Assets/Model/2D_Model/Ui/Window/Icon_Window/Status/Agility.png
  artifactKey: Guid(378f97ab4214ade4baa38ae94c5d6e17) Importer(815301076,1909f56bfc062723c751e8b465ee728b)
Start importing Assets/Model/2D_Model/Ui/Window/Icon_Window/Status/Agility.png using Guid(378f97ab4214ade4baa38ae94c5d6e17) Importer(815301076,1909f56bfc062723c751e8b465ee728b)  -> (artifact id: '89be58c7bed5a1f015a9b27bdd693e1f') in 0.012426 seconds 
========================================================================
Received Import Request.
  Time since last request: 31.181330 seconds.
  path: Assets/Model/2D_Model/Ui/Window/Icon_Window/Status/Agility.png
  artifactKey: Guid(378f97ab4214ade4baa38ae94c5d6e17) Importer(815301076,1909f56bfc062723c751e8b465ee728b)
Start importing Assets/Model/2D_Model/Ui/Window/Icon_Window/Status/Agility.png using Guid(378f97ab4214ade4baa38ae94c5d6e17) Importer(815301076,1909f56bfc062723c751e8b465ee728b)  -> (artifact id: '6dbea605833961382b9f910bcb30d4d1') in 0.066317 seconds 
========================================================================
Received Import Request.
  Time since last request: 42.702006 seconds.
  path: Assets/Model/2D_Model/Ui/Window/Icon_Window/Status/Agility.png
  artifactKey: Guid(378f97ab4214ade4baa38ae94c5d6e17) Importer(815301076,1909f56bfc062723c751e8b465ee728b)
Start importing Assets/Model/2D_Model/Ui/Window/Icon_Window/Status/Agility.png using Guid(378f97ab4214ade4baa38ae94c5d6e17) Importer(815301076,1909f56bfc062723c751e8b465ee728b)  -> (artifact id: '65b3b4a446cdc3cc1435fd1b61e9a19d') in 0.062107 seconds 
========================================================================
Received Import Request.
  Time since last request: 883.683420 seconds.
  path: Assets/Model/2D_Model/Ui/Window/Icon_Window/Status/Speed.PNG
  artifactKey: Guid(b0f6c54731f5c244cbbe5f1975dc015f) Importer(815301076,1909f56bfc062723c751e8b465ee728b)
Start importing Assets/Model/2D_Model/Ui/Window/Icon_Window/Status/Speed.PNG using Guid(b0f6c54731f5c244cbbe5f1975dc015f) Importer(815301076,1909f56bfc062723c751e8b465ee728b)  -> (artifact id: 'b30450f755389cb011895845ccea8df7') in 0.029939 seconds 
========================================================================
Received Import Request.
  Time since last request: 5.719234 seconds.
  path: Assets/Model/2D_Model/Ui/Window/Icon_Window/Status/Speed.PNG
  artifactKey: Guid(b0f6c54731f5c244cbbe5f1975dc015f) Importer(815301076,1909f56bfc062723c751e8b465ee728b)
Start importing Assets/Model/2D_Model/Ui/Window/Icon_Window/Status/Speed.PNG using Guid(b0f6c54731f5c244cbbe5f1975dc015f) Importer(815301076,1909f56bfc062723c751e8b465ee728b)  -> (artifact id: 'cb8b24a7804fe45b96b8801296114830') in 0.013799 seconds 
========================================================================
Received Import Request.
  Time since last request: 10.494733 seconds.
  path: Assets/Model/2D_Model/Ui/Window/Icon_Window/Status/Speed.PNG
  artifactKey: Guid(b0f6c54731f5c244cbbe5f1975dc015f) Importer(815301076,1909f56bfc062723c751e8b465ee728b)
Start importing Assets/Model/2D_Model/Ui/Window/Icon_Window/Status/Speed.PNG using Guid(b0f6c54731f5c244cbbe5f1975dc015f) Importer(815301076,1909f56bfc062723c751e8b465ee728b)  -> (artifact id: '1e96929643f7f85fb2db93aa772e5f83') in 0.040163 seconds 
========================================================================
Received Import Request.
  Time since last request: 112.840786 seconds.
  path: Assets/Model/2D_Model/Ui/Window/Icon_Window/Status/Speed 1.PNG
  artifactKey: Guid(6fba0abb0653dad48b6d271483e90fd0) Importer(815301076,1909f56bfc062723c751e8b465ee728b)
Start importing Assets/Model/2D_Model/Ui/Window/Icon_Window/Status/Speed 1.PNG using Guid(6fba0abb0653dad48b6d271483e90fd0) Importer(815301076,1909f56bfc062723c751e8b465ee728b)  -> (artifact id: '8cc987e01b161109af9bbcc25d7115f5') in 0.029357 seconds 
========================================================================
Received Import Request.
  Time since last request: 4.689542 seconds.
  path: Assets/Model/2D_Model/Ui/Window/Icon_Window/Status/Speed 1.PNG
  artifactKey: Guid(6fba0abb0653dad48b6d271483e90fd0) Importer(815301076,1909f56bfc062723c751e8b465ee728b)
Start importing Assets/Model/2D_Model/Ui/Window/Icon_Window/Status/Speed 1.PNG using Guid(6fba0abb0653dad48b6d271483e90fd0) Importer(815301076,1909f56bfc062723c751e8b465ee728b)  -> (artifact id: '35c280ad3ad02c605c1fac24e5c8c34b') in 0.038977 seconds 
========================================================================
Received Import Request.
  Time since last request: 4.078038 seconds.
  path: Assets/Model/2D_Model/Ui/Window/Icon_Window/Status/Speed 1.PNG
  artifactKey: Guid(6fba0abb0653dad48b6d271483e90fd0) Importer(815301076,1909f56bfc062723c751e8b465ee728b)
Start importing Assets/Model/2D_Model/Ui/Window/Icon_Window/Status/Speed 1.PNG using Guid(6fba0abb0653dad48b6d271483e90fd0) Importer(815301076,1909f56bfc062723c751e8b465ee728b)  -> (artifact id: '0a5cb54ada6e59fb75c73575561ed5e2') in 0.075247 seconds 
========================================================================
Received Import Request.
  Time since last request: 122.341099 seconds.
  path: Assets/AssetStore/Dark_Brown_GUI_kit/frame/other/button_frame.png
  artifactKey: Guid(e4fc4a2033af46a408e5833289c92ec1) Importer(815301076,1909f56bfc062723c751e8b465ee728b)
Start importing Assets/AssetStore/Dark_Brown_GUI_kit/frame/other/button_frame.png using Guid(e4fc4a2033af46a408e5833289c92ec1) Importer(815301076,1909f56bfc062723c751e8b465ee728b)  -> (artifact id: '44acc743c77bfef70baafa51b54a8107') in 0.118477 seconds 
========================================================================
Received Import Request.
  Time since last request: 1.688540 seconds.
  path: Assets/AssetStore/world/Slavic World Free/Texture/EA03_FREE_Slavica.png
  artifactKey: Guid(4f4a523b69ecaf542bcff16bc65d3002) Importer(815301076,1909f56bfc062723c751e8b465ee728b)
Start importing Assets/AssetStore/world/Slavic World Free/Texture/EA03_FREE_Slavica.png using Guid(4f4a523b69ecaf542bcff16bc65d3002) Importer(815301076,1909f56bfc062723c751e8b465ee728b)  -> (artifact id: '5c4d20295f5d603ab1763b4f09d4da16') in 0.036459 seconds 
========================================================================
Received Import Request.
  Time since last request: 0.000020 seconds.
  path: Assets/AssetStore/world/Slavic World Free/Prefabs/Compound/Walls/EA03_Town_Hut_Wall_Front_04b_PRE.prefab
  artifactKey: Guid(7a671999f01e8394f8224141a5e39ba3) Importer(815301076,1909f56bfc062723c751e8b465ee728b)
Start importing Assets/AssetStore/world/Slavic World Free/Prefabs/Compound/Walls/EA03_Town_Hut_Wall_Front_04b_PRE.prefab using Guid(7a671999f01e8394f8224141a5e39ba3) Importer(815301076,1909f56bfc062723c751e8b465ee728b)  -> (artifact id: '8931a0793c8866c3749ad46735861cde') in 0.613349 seconds 
========================================================================
Received Import Request.
  Time since last request: 0.000021 seconds.
  path: Assets/AssetStore/world/Slavic World Free/Prefabs/Compound/Walls_Painted/EA03_Town_Hut_Wall_Painted_Front_02a_PRE.prefab
  artifactKey: Guid(100539ae3b0bce945a2f6004a921042d) Importer(815301076,1909f56bfc062723c751e8b465ee728b)
Start importing Assets/AssetStore/world/Slavic World Free/Prefabs/Compound/Walls_Painted/EA03_Town_Hut_Wall_Painted_Front_02a_PRE.prefab using Guid(100539ae3b0bce945a2f6004a921042d) Importer(815301076,1909f56bfc062723c751e8b465ee728b)  -> (artifact id: '92428b9d4b018aafd2cf9199264a5f36') in 0.050684 seconds 
========================================================================
Received Import Request.
  Time since last request: 0.000029 seconds.
  path: Assets/AssetStore/world/Slavic World Free/Prefabs/Compound/Walls/EA03_Town_Hut_Wall_Front_04e_PRE 1.prefab
  artifactKey: Guid(4d6e0dd5df7f29449ba81ce4de2c49a1) Importer(815301076,1909f56bfc062723c751e8b465ee728b)
Start importing Assets/AssetStore/world/Slavic World Free/Prefabs/Compound/Walls/EA03_Town_Hut_Wall_Front_04e_PRE 1.prefab using Guid(4d6e0dd5df7f29449ba81ce4de2c49a1) Importer(815301076,1909f56bfc062723c751e8b465ee728b)  -> (artifact id: '0b5b2ff1e5394dc4540c75f45f737ba0') in 0.032127 seconds 
========================================================================
Received Import Request.
  Time since last request: 0.009760 seconds.
  path: Assets/AssetStore/world/Slavic World Free/Resources/LOD4/EA03_Village_Hut_Wall_Front_01i.fbx
  artifactKey: Guid(c231ab4bdde8ca245b5f0ad0ee2ffa5b) Importer(815301076,1909f56bfc062723c751e8b465ee728b)
Start importing Assets/AssetStore/world/Slavic World Free/Resources/LOD4/EA03_Village_Hut_Wall_Front_01i.fbx using Guid(c231ab4bdde8ca245b5f0ad0ee2ffa5b) Importer(815301076,1909f56bfc062723c751e8b465ee728b)  -> (artifact id: '47c9737dde023de524d67a7ab23ab3f3') in 0.361981 seconds 
========================================================================
Received Import Request.
  Time since last request: 0.268968 seconds.
  path: Assets/AssetStore/world/Slavic World Free/Prefabs/Village/Building/Compound/Walls/EA03_Village_Hut_Wall_Front_01i_PRE.prefab
  artifactKey: Guid(225337266f16dc04aa201f020490e7cb) Importer(815301076,1909f56bfc062723c751e8b465ee728b)
Start importing Assets/AssetStore/world/Slavic World Free/Prefabs/Village/Building/Compound/Walls/EA03_Village_Hut_Wall_Front_01i_PRE.prefab using Guid(225337266f16dc04aa201f020490e7cb) Importer(815301076,1909f56bfc062723c751e8b465ee728b)  -> (artifact id: '98587d7e8f54d90e75225b70a4a9f272') in 0.029020 seconds 
========================================================================
Received Import Request.
  Time since last request: 0.041142 seconds.
  path: Assets/AssetStore/world/Slavic World Free/Prefabs/Compound/Walls/EA03_Village_Hut_Wall_Front_02d_PRE.prefab
  artifactKey: Guid(41b2c1261ee15604e83b7b9709a0b208) Importer(815301076,1909f56bfc062723c751e8b465ee728b)
Start importing Assets/AssetStore/world/Slavic World Free/Prefabs/Compound/Walls/EA03_Village_Hut_Wall_Front_02d_PRE.prefab using Guid(41b2c1261ee15604e83b7b9709a0b208) Importer(815301076,1909f56bfc062723c751e8b465ee728b)  -> (artifact id: '178dd32440e01e8fc622c62111de9ab2') in 0.086829 seconds 
========================================================================
Received Import Request.
  Time since last request: 0.000028 seconds.
  path: Assets/AssetStore/world/Slavic World Free/Resources/LOD4/EA03_Village_Hut_Wall_Front_02i.fbx
  artifactKey: Guid(04e6236850221664a92860d51717c846) Importer(815301076,1909f56bfc062723c751e8b465ee728b)
Start importing Assets/AssetStore/world/Slavic World Free/Resources/LOD4/EA03_Village_Hut_Wall_Front_02i.fbx using Guid(04e6236850221664a92860d51717c846) Importer(815301076,1909f56bfc062723c751e8b465ee728b)  -> (artifact id: 'fe3a768ab4a046f3e2b3e3b2f60a06f8') in 0.147014 seconds 
========================================================================
Received Import Request.
  Time since last request: 0.269994 seconds.
  path: Assets/AssetStore/world/Slavic World Free/Prefabs/Compound/Walls/EA03_Village_Hut_Wall_Front_02i_PRE.prefab
  artifactKey: Guid(8beab32d0b0a3f04786a91a7d19292b3) Importer(815301076,1909f56bfc062723c751e8b465ee728b)
Start importing Assets/AssetStore/world/Slavic World Free/Prefabs/Compound/Walls/EA03_Village_Hut_Wall_Front_02i_PRE.prefab using Guid(8beab32d0b0a3f04786a91a7d19292b3) Importer(815301076,1909f56bfc062723c751e8b465ee728b)  -> (artifact id: '6110bbbbef18b7442a0abdcb348fc533') in 0.046210 seconds 
========================================================================
Received Import Request.
  Time since last request: 0.032749 seconds.
  path: Assets/AssetStore/world/Slavic World Free/Prefabs/Compound/Walls/EA03_Village_Hut_Wall_Front_03f_PRE.prefab
  artifactKey: Guid(143c781376b84854ba8ddfed3f3098ab) Importer(815301076,1909f56bfc062723c751e8b465ee728b)
Start importing Assets/AssetStore/world/Slavic World Free/Prefabs/Compound/Walls/EA03_Village_Hut_Wall_Front_03f_PRE.prefab using Guid(143c781376b84854ba8ddfed3f3098ab) Importer(815301076,1909f56bfc062723c751e8b465ee728b)  -> (artifact id: '09967624b55bc6cbcc7b4f05f1d37efd') in 0.036633 seconds 
========================================================================
Received Import Request.
  Time since last request: 0.000020 seconds.
  path: Assets/AssetStore/world/Slavic World Free/Resources/LOD4/EA03_Village_Hut_Wall_Front_04b.fbx
  artifactKey: Guid(8b9175d6598bd614abcc74740ea0012f) Importer(815301076,1909f56bfc062723c751e8b465ee728b)
Start importing Assets/AssetStore/world/Slavic World Free/Resources/LOD4/EA03_Village_Hut_Wall_Front_04b.fbx using Guid(8b9175d6598bd614abcc74740ea0012f) Importer(815301076,1909f56bfc062723c751e8b465ee728b)  -> (artifact id: 'e5f06098831024d1be421b565c552e06') in 0.150580 seconds 
========================================================================
Received Import Request.
  Time since last request: 0.141976 seconds.
  path: Assets/AssetStore/world/Slavic World Free/Resources/LOD4/EA03_Village_Hut_Wall_Front_04e.fbx
  artifactKey: Guid(7c39965b26d41264aa2e9d96d16c8b28) Importer(815301076,1909f56bfc062723c751e8b465ee728b)
Start importing Assets/AssetStore/world/Slavic World Free/Resources/LOD4/EA03_Village_Hut_Wall_Front_04e.fbx using Guid(7c39965b26d41264aa2e9d96d16c8b28) Importer(815301076,1909f56bfc062723c751e8b465ee728b)  -> (artifact id: 'c28c6240b889c4e6f0cf1b3a92922320') in 0.102777 seconds 
========================================================================
Received Import Request.
  Time since last request: 3.454160 seconds.
  path: Assets/AssetStore/GUI_Parts/Gui_parts/lil_roundframe_ready.png
  artifactKey: Guid(8c2e33cc130931740a5c07703c7e47ef) Importer(815301076,1909f56bfc062723c751e8b465ee728b)
Start importing Assets/AssetStore/GUI_Parts/Gui_parts/lil_roundframe_ready.png using Guid(8c2e33cc130931740a5c07703c7e47ef) Importer(815301076,1909f56bfc062723c751e8b465ee728b)  -> (artifact id: '2df501745c74227fbc9c24b591d2d74b') in 0.082218 seconds 
========================================================================
Received Import Request.
  Time since last request: 0.000039 seconds.
  path: Assets/AssetStore/Dark_Brown_GUI_kit/frame/mid/mid_frameA.png
  artifactKey: Guid(77a8fd08d4767044991261e926cac755) Importer(815301076,1909f56bfc062723c751e8b465ee728b)
Start importing Assets/AssetStore/Dark_Brown_GUI_kit/frame/mid/mid_frameA.png using Guid(77a8fd08d4767044991261e926cac755) Importer(815301076,1909f56bfc062723c751e8b465ee728b)  -> (artifact id: '32fc8c6f687d424674d8edaeeb90787e') in 0.186476 seconds 
========================================================================
Received Import Request.
  Time since last request: 0.764695 seconds.
  path: Assets/AssetStore/Dark_Brown_GUI_kit/frame/small/small_frame.png
  artifactKey: Guid(688a2a25ef766644697ec94e1640a752) Importer(815301076,1909f56bfc062723c751e8b465ee728b)
Start importing Assets/AssetStore/Dark_Brown_GUI_kit/frame/small/small_frame.png using Guid(688a2a25ef766644697ec94e1640a752) Importer(815301076,1909f56bfc062723c751e8b465ee728b)  -> (artifact id: 'b6ce40a978cd7cdbb71489117fea23b2') in 0.103852 seconds 
========================================================================
Received Prepare
Registering precompiled user dll's ...
Registered in 0.007456 seconds.
Begin MonoManager ReloadAssembly
Symbol file LoadedFromMemory doesn't match image C:\Users\Atents\Desktop\WOS\WOS\Library\PackageCache\com.unity.visualscripting@1.7.8\Editor\VisualScripting.Core\Dependencies\YamlDotNet\Unity.VisualScripting.YamlDotNet.dll
Symbol file LoadedFromMemory doesn't match image C:\Users\Atents\Desktop\WOS\WOS\Library\PackageCache\com.unity.visualscripting@1.7.8\Editor\VisualScripting.Core\Dependencies\DotNetZip\Unity.VisualScripting.IonicZip.dll
Native extension for UWP target not found
Native extension for WindowsStandalone target not found
Native extension for Android target not found
Native extension for WebGL target not found
Refreshing native plugins compatible for Editor in 0.87 ms, found 3 plugins.
Preloading 0 native plugins for Editor in 0.00 ms.
Mono: successfully reloaded assembly
- Completed reload, in  1.321 seconds
Domain Reload Profiling:
	ReloadAssembly (1322ms)
		BeginReloadAssembly (211ms)
			ExecutionOrderSort (0ms)
			DisableScriptedObjects (7ms)
			BackupInstance (0ms)
			ReleaseScriptingObjects (0ms)
			CreateAndSetChildDomain (52ms)
		EndReloadAssembly (975ms)
			LoadAssemblies (106ms)
			RebuildTransferFunctionScriptingTraits (0ms)
			SetupTypeCache (341ms)
			ReleaseScriptCaches (1ms)
			RebuildScriptCaches (51ms)
			SetupLoadedEditorAssemblies (424ms)
				LogAssemblyErrors (0ms)
				InitializePlatformSupportModulesInManaged (31ms)
				SetLoadedEditorAssemblies (1ms)
				RefreshPlugins (1ms)
				BeforeProcessingInitializeOnLoad (84ms)
				ProcessInitializeOnLoadAttributes (256ms)
				ProcessInitializeOnLoadMethodAttributes (38ms)
				AfterProcessingInitializeOnLoad (13ms)
				EditorAssembliesLoaded (0ms)
			ExecutionOrderSort2 (0ms)
			AwakeInstancesAfterBackupRestoration (8ms)
Platform modules already initialized, skipping
Refreshing native plugins compatible for Editor in 2.19 ms, found 3 plugins.
Preloading 0 native plugins for Editor in 0.00 ms.
Unloading 3772 Unused Serialized files (Serialized files now loaded: 0)
Unloading 32 unused Assets / (1.3 MB). Loaded Objects now: 4359.
Memory consumption went from 217.8 MB to 216.5 MB.
Total: 3.514900 ms (FindLiveObjects: 0.344700 ms CreateObjectMapping: 0.229600 ms MarkObjects: 2.673100 ms  DeleteObjects: 0.266400 ms)

AssetImportParameters requested are different than current active one (requested -> active):
  custom:video-decoder-ogg-theora: a1e56fd34408186e4bbccfd4996cb3dc -> 
  custom:container-muxer-webm: aa71ff27fc2769a1b78a27578f13a17b -> 
  custom:container-demuxer-webm: 4f35f7cbe854078d1ac9338744f61a02 -> 
  custom:video-encoder-webm-vp8: eb34c28f22e8b96e1ab97ce403110664 -> 
  custom:audio-encoder-webm-vorbis: bf7c407c2cedff20999df2af8eb42d56 -> 
  custom:framework-win-MediaFoundation: 216162199b28c13a410421893ffa2e32 -> 
  custom:container-demuxer-ogg: 62fdf1f143b41e24485cea50d1cbac27 -> 
  custom:video-decoder-webm-vp8: 9c59270c3fd7afecdb556c50c9e8de78 -> 
  custom:audio-decoder-ogg-vorbis: bf7c407c2cedff20999df2af8eb42d56 -> 
========================================================================
Received Prepare
Registering precompiled user dll's ...
Registered in 0.007398 seconds.
Begin MonoManager ReloadAssembly
Symbol file LoadedFromMemory doesn't match image C:\Users\Atents\Desktop\WOS\WOS\Library\PackageCache\com.unity.visualscripting@1.7.8\Editor\VisualScripting.Core\Dependencies\YamlDotNet\Unity.VisualScripting.YamlDotNet.dll
Symbol file LoadedFromMemory doesn't match image C:\Users\Atents\Desktop\WOS\WOS\Library\PackageCache\com.unity.visualscripting@1.7.8\Editor\VisualScripting.Core\Dependencies\DotNetZip\Unity.VisualScripting.IonicZip.dll
Native extension for UWP target not found
Native extension for WindowsStandalone target not found
Native extension for Android target not found
Native extension for WebGL target not found
Refreshing native plugins compatible for Editor in 0.86 ms, found 3 plugins.
Preloading 0 native plugins for Editor in 0.00 ms.
Mono: successfully reloaded assembly
- Completed reload, in  1.292 seconds
Domain Reload Profiling:
	ReloadAssembly (1292ms)
		BeginReloadAssembly (162ms)
			ExecutionOrderSort (0ms)
			DisableScriptedObjects (8ms)
			BackupInstance (0ms)
			ReleaseScriptingObjects (1ms)
			CreateAndSetChildDomain (44ms)
		EndReloadAssembly (1011ms)
			LoadAssemblies (111ms)
			RebuildTransferFunctionScriptingTraits (0ms)
			SetupTypeCache (389ms)
			ReleaseScriptCaches (1ms)
			RebuildScriptCaches (59ms)
			SetupLoadedEditorAssemblies (398ms)
				LogAssemblyErrors (0ms)
				InitializePlatformSupportModulesInManaged (28ms)
				SetLoadedEditorAssemblies (0ms)
				RefreshPlugins (1ms)
				BeforeProcessingInitializeOnLoad (87ms)
				ProcessInitializeOnLoadAttributes (235ms)
				ProcessInitializeOnLoadMethodAttributes (35ms)
				AfterProcessingInitializeOnLoad (11ms)
				EditorAssembliesLoaded (0ms)
			ExecutionOrderSort2 (0ms)
			AwakeInstancesAfterBackupRestoration (7ms)
Platform modules already initialized, skipping
Refreshing native plugins compatible for Editor in 2.21 ms, found 3 plugins.
Preloading 0 native plugins for Editor in 0.00 ms.
Unloading 3772 Unused Serialized files (Serialized files now loaded: 0)
Unloading 32 unused Assets / (1.3 MB). Loaded Objects now: 4362.
Memory consumption went from 217.9 MB to 216.5 MB.
Total: 3.883100 ms (FindLiveObjects: 0.701800 ms CreateObjectMapping: 0.215800 ms MarkObjects: 2.705400 ms  DeleteObjects: 0.259300 ms)

AssetImportParameters requested are different than current active one (requested -> active):
  custom:video-decoder-ogg-theora: a1e56fd34408186e4bbccfd4996cb3dc -> 
  custom:container-muxer-webm: aa71ff27fc2769a1b78a27578f13a17b -> 
  custom:container-demuxer-webm: 4f35f7cbe854078d1ac9338744f61a02 -> 
  custom:video-encoder-webm-vp8: eb34c28f22e8b96e1ab97ce403110664 -> 
  custom:audio-encoder-webm-vorbis: bf7c407c2cedff20999df2af8eb42d56 -> 
  custom:framework-win-MediaFoundation: 216162199b28c13a410421893ffa2e32 -> 
  custom:container-demuxer-ogg: 62fdf1f143b41e24485cea50d1cbac27 -> 
  custom:video-decoder-webm-vp8: 9c59270c3fd7afecdb556c50c9e8de78 -> 
  custom:audio-decoder-ogg-vorbis: bf7c407c2cedff20999df2af8eb42d56 -> 
========================================================================
Received Prepare
Registering precompiled user dll's ...
Registered in 0.006661 seconds.
Begin MonoManager ReloadAssembly
Symbol file LoadedFromMemory doesn't match image C:\Users\Atents\Desktop\WOS\WOS\Library\PackageCache\com.unity.visualscripting@1.7.8\Editor\VisualScripting.Core\Dependencies\YamlDotNet\Unity.VisualScripting.YamlDotNet.dll
Symbol file LoadedFromMemory doesn't match image C:\Users\Atents\Desktop\WOS\WOS\Library\PackageCache\com.unity.visualscripting@1.7.8\Editor\VisualScripting.Core\Dependencies\DotNetZip\Unity.VisualScripting.IonicZip.dll
Native extension for UWP target not found
Native extension for WindowsStandalone target not found
Native extension for Android target not found
Native extension for WebGL target not found
Refreshing native plugins compatible for Editor in 0.89 ms, found 3 plugins.
Preloading 0 native plugins for Editor in 0.00 ms.
Mono: successfully reloaded assembly
- Completed reload, in  1.257 seconds
Domain Reload Profiling:
	ReloadAssembly (1258ms)
		BeginReloadAssembly (176ms)
			ExecutionOrderSort (0ms)
			DisableScriptedObjects (9ms)
			BackupInstance (0ms)
			ReleaseScriptingObjects (0ms)
			CreateAndSetChildDomain (45ms)
		EndReloadAssembly (941ms)
			LoadAssemblies (113ms)
			RebuildTransferFunctionScriptingTraits (0ms)
			SetupTypeCache (337ms)
			ReleaseScriptCaches (1ms)
			RebuildScriptCaches (48ms)
			SetupLoadedEditorAssemblies (393ms)
				LogAssemblyErrors (0ms)
				InitializePlatformSupportModulesInManaged (30ms)
				SetLoadedEditorAssemblies (0ms)
				RefreshPlugins (1ms)
				BeforeProcessingInitializeOnLoad (82ms)
				ProcessInitializeOnLoadAttributes (235ms)
				ProcessInitializeOnLoadMethodAttributes (32ms)
				AfterProcessingInitializeOnLoad (11ms)
				EditorAssembliesLoaded (0ms)
			ExecutionOrderSort2 (0ms)
			AwakeInstancesAfterBackupRestoration (7ms)
Platform modules already initialized, skipping
Refreshing native plugins compatible for Editor in 2.17 ms, found 3 plugins.
Preloading 0 native plugins for Editor in 0.00 ms.
Unloading 3772 Unused Serialized files (Serialized files now loaded: 0)
Unloading 32 unused Assets / (1.3 MB). Loaded Objects now: 4365.
Memory consumption went from 217.9 MB to 216.5 MB.
Total: 3.722200 ms (FindLiveObjects: 0.322300 ms CreateObjectMapping: 0.213200 ms MarkObjects: 2.914900 ms  DeleteObjects: 0.270300 ms)

AssetImportParameters requested are different than current active one (requested -> active):
  custom:video-decoder-ogg-theora: a1e56fd34408186e4bbccfd4996cb3dc -> 
  custom:container-muxer-webm: aa71ff27fc2769a1b78a27578f13a17b -> 
  custom:container-demuxer-webm: 4f35f7cbe854078d1ac9338744f61a02 -> 
  custom:video-encoder-webm-vp8: eb34c28f22e8b96e1ab97ce403110664 -> 
  custom:audio-encoder-webm-vorbis: bf7c407c2cedff20999df2af8eb42d56 -> 
  custom:framework-win-MediaFoundation: 216162199b28c13a410421893ffa2e32 -> 
  custom:container-demuxer-ogg: 62fdf1f143b41e24485cea50d1cbac27 -> 
  custom:video-decoder-webm-vp8: 9c59270c3fd7afecdb556c50c9e8de78 -> 
  custom:audio-decoder-ogg-vorbis: bf7c407c2cedff20999df2af8eb42d56 -> 
========================================================================
Received Prepare
Registering precompiled user dll's ...
Registered in 0.008074 seconds.
Begin MonoManager ReloadAssembly
Symbol file LoadedFromMemory doesn't match image C:\Users\Atents\Desktop\WOS\WOS\Library\PackageCache\com.unity.visualscripting@1.7.8\Editor\VisualScripting.Core\Dependencies\YamlDotNet\Unity.VisualScripting.YamlDotNet.dll
Symbol file LoadedFromMemory doesn't match image C:\Users\Atents\Desktop\WOS\WOS\Library\PackageCache\com.unity.visualscripting@1.7.8\Editor\VisualScripting.Core\Dependencies\DotNetZip\Unity.VisualScripting.IonicZip.dll
Native extension for UWP target not found
Native extension for WindowsStandalone target not found
Native extension for Android target not found
Native extension for WebGL target not found
Refreshing native plugins compatible for Editor in 0.88 ms, found 3 plugins.
Preloading 0 native plugins for Editor in 0.00 ms.
Mono: successfully reloaded assembly
- Completed reload, in  1.271 seconds
Domain Reload Profiling:
	ReloadAssembly (1272ms)
		BeginReloadAssembly (161ms)
			ExecutionOrderSort (0ms)
			DisableScriptedObjects (8ms)
			BackupInstance (0ms)
			ReleaseScriptingObjects (0ms)
			CreateAndSetChildDomain (43ms)
		EndReloadAssembly (987ms)
			LoadAssemblies (106ms)
			RebuildTransferFunctionScriptingTraits (0ms)
			SetupTypeCache (372ms)
			ReleaseScriptCaches (1ms)
			RebuildScriptCaches (63ms)
			SetupLoadedEditorAssemblies (390ms)
				LogAssemblyErrors (0ms)
				InitializePlatformSupportModulesInManaged (31ms)
				SetLoadedEditorAssemblies (0ms)
				RefreshPlugins (1ms)
				BeforeProcessingInitializeOnLoad (83ms)
				ProcessInitializeOnLoadAttributes (230ms)
				ProcessInitializeOnLoadMethodAttributes (34ms)
				AfterProcessingInitializeOnLoad (9ms)
				EditorAssembliesLoaded (0ms)
			ExecutionOrderSort2 (0ms)
			AwakeInstancesAfterBackupRestoration (11ms)
Platform modules already initialized, skipping
Refreshing native plugins compatible for Editor in 2.14 ms, found 3 plugins.
Preloading 0 native plugins for Editor in 0.00 ms.
Unloading 3772 Unused Serialized files (Serialized files now loaded: 0)
Unloading 32 unused Assets / (1.3 MB). Loaded Objects now: 4368.
Memory consumption went from 217.9 MB to 216.5 MB.
Total: 4.891100 ms (FindLiveObjects: 0.337600 ms CreateObjectMapping: 0.274100 ms MarkObjects: 4.013500 ms  DeleteObjects: 0.264800 ms)

AssetImportParameters requested are different than current active one (requested -> active):
  custom:video-decoder-ogg-theora: a1e56fd34408186e4bbccfd4996cb3dc -> 
  custom:container-muxer-webm: aa71ff27fc2769a1b78a27578f13a17b -> 
  custom:container-demuxer-webm: 4f35f7cbe854078d1ac9338744f61a02 -> 
  custom:video-encoder-webm-vp8: eb34c28f22e8b96e1ab97ce403110664 -> 
  custom:audio-encoder-webm-vorbis: bf7c407c2cedff20999df2af8eb42d56 -> 
  custom:framework-win-MediaFoundation: 216162199b28c13a410421893ffa2e32 -> 
  custom:container-demuxer-ogg: 62fdf1f143b41e24485cea50d1cbac27 -> 
  custom:video-decoder-webm-vp8: 9c59270c3fd7afecdb556c50c9e8de78 -> 
  custom:audio-decoder-ogg-vorbis: bf7c407c2cedff20999df2af8eb42d56 -> 
========================================================================
Received Prepare
Registering precompiled user dll's ...
Registered in 0.008275 seconds.
Begin MonoManager ReloadAssembly
Symbol file LoadedFromMemory doesn't match image C:\Users\Atents\Desktop\WOS\WOS\Library\PackageCache\com.unity.visualscripting@1.7.8\Editor\VisualScripting.Core\Dependencies\YamlDotNet\Unity.VisualScripting.YamlDotNet.dll
Symbol file LoadedFromMemory doesn't match image C:\Users\Atents\Desktop\WOS\WOS\Library\PackageCache\com.unity.visualscripting@1.7.8\Editor\VisualScripting.Core\Dependencies\DotNetZip\Unity.VisualScripting.IonicZip.dll
Native extension for UWP target not found
Native extension for WindowsStandalone target not found
Native extension for Android target not found
Native extension for WebGL target not found
Refreshing native plugins compatible for Editor in 0.85 ms, found 3 plugins.
Preloading 0 native plugins for Editor in 0.00 ms.
Mono: successfully reloaded assembly
- Completed reload, in  1.300 seconds
Domain Reload Profiling:
	ReloadAssembly (1301ms)
		BeginReloadAssembly (177ms)
			ExecutionOrderSort (0ms)
			DisableScriptedObjects (8ms)
			BackupInstance (0ms)
			ReleaseScriptingObjects (0ms)
			CreateAndSetChildDomain (51ms)
		EndReloadAssembly (997ms)
			LoadAssemblies (119ms)
			RebuildTransferFunctionScriptingTraits (0ms)
			SetupTypeCache (366ms)
			ReleaseScriptCaches (2ms)
			RebuildScriptCaches (57ms)
			SetupLoadedEditorAssemblies (410ms)
				LogAssemblyErrors (0ms)
				InitializePlatformSupportModulesInManaged (30ms)
				SetLoadedEditorAssemblies (1ms)
				RefreshPlugins (1ms)
				BeforeProcessingInitializeOnLoad (91ms)
				ProcessInitializeOnLoadAttributes (242ms)
				ProcessInitializeOnLoadMethodAttributes (32ms)
				AfterProcessingInitializeOnLoad (13ms)
				EditorAssembliesLoaded (0ms)
			ExecutionOrderSort2 (0ms)
			AwakeInstancesAfterBackupRestoration (7ms)
Platform modules already initialized, skipping
Refreshing native plugins compatible for Editor in 2.17 ms, found 3 plugins.
Preloading 0 native plugins for Editor in 0.00 ms.
Unloading 3772 Unused Serialized files (Serialized files now loaded: 0)
Unloading 32 unused Assets / (1.3 MB). Loaded Objects now: 4371.
Memory consumption went from 217.9 MB to 216.5 MB.
Total: 4.361300 ms (FindLiveObjects: 0.305200 ms CreateObjectMapping: 0.285700 ms MarkObjects: 3.451200 ms  DeleteObjects: 0.318000 ms)

AssetImportParameters requested are different than current active one (requested -> active):
  custom:video-decoder-ogg-theora: a1e56fd34408186e4bbccfd4996cb3dc -> 
  custom:container-muxer-webm: aa71ff27fc2769a1b78a27578f13a17b -> 
  custom:container-demuxer-webm: 4f35f7cbe854078d1ac9338744f61a02 -> 
  custom:video-encoder-webm-vp8: eb34c28f22e8b96e1ab97ce403110664 -> 
  custom:audio-encoder-webm-vorbis: bf7c407c2cedff20999df2af8eb42d56 -> 
  custom:framework-win-MediaFoundation: 216162199b28c13a410421893ffa2e32 -> 
  custom:container-demuxer-ogg: 62fdf1f143b41e24485cea50d1cbac27 -> 
  custom:video-decoder-webm-vp8: 9c59270c3fd7afecdb556c50c9e8de78 -> 
  custom:audio-decoder-ogg-vorbis: bf7c407c2cedff20999df2af8eb42d56 -> 
========================================================================
Received Prepare
Registering precompiled user dll's ...
Registered in 0.009089 seconds.
Begin MonoManager ReloadAssembly
Symbol file LoadedFromMemory doesn't match image C:\Users\Atents\Desktop\WOS\WOS\Library\PackageCache\com.unity.visualscripting@1.7.8\Editor\VisualScripting.Core\Dependencies\YamlDotNet\Unity.VisualScripting.YamlDotNet.dll
Symbol file LoadedFromMemory doesn't match image C:\Users\Atents\Desktop\WOS\WOS\Library\PackageCache\com.unity.visualscripting@1.7.8\Editor\VisualScripting.Core\Dependencies\DotNetZip\Unity.VisualScripting.IonicZip.dll
Native extension for UWP target not found
Native extension for WindowsStandalone target not found
Native extension for Android target not found
Native extension for WebGL target not found
Refreshing native plugins compatible for Editor in 2.40 ms, found 3 plugins.
Preloading 0 native plugins for Editor in 0.00 ms.
Mono: successfully reloaded assembly
- Completed reload, in  1.342 seconds
Domain Reload Profiling:
	ReloadAssembly (1343ms)
		BeginReloadAssembly (168ms)
			ExecutionOrderSort (0ms)
			DisableScriptedObjects (8ms)
			BackupInstance (0ms)
			ReleaseScriptingObjects (0ms)
			CreateAndSetChildDomain (40ms)
		EndReloadAssembly (1050ms)
			LoadAssemblies (107ms)
			RebuildTransferFunctionScriptingTraits (0ms)
			SetupTypeCache (349ms)
			ReleaseScriptCaches (2ms)
			RebuildScriptCaches (75ms)
			SetupLoadedEditorAssemblies (445ms)
				LogAssemblyErrors (0ms)
				InitializePlatformSupportModulesInManaged (34ms)
				SetLoadedEditorAssemblies (1ms)
				RefreshPlugins (2ms)
				BeforeProcessingInitializeOnLoad (104ms)
				ProcessInitializeOnLoadAttributes (260ms)
				ProcessInitializeOnLoadMethodAttributes (33ms)
				AfterProcessingInitializeOnLoad (11ms)
				EditorAssembliesLoaded (0ms)
			ExecutionOrderSort2 (0ms)
			AwakeInstancesAfterBackupRestoration (7ms)
Platform modules already initialized, skipping
Refreshing native plugins compatible for Editor in 2.23 ms, found 3 plugins.
Preloading 0 native plugins for Editor in 0.00 ms.
Unloading 3773 Unused Serialized files (Serialized files now loaded: 0)
Unloading 32 unused Assets / (1.3 MB). Loaded Objects now: 4375.
Memory consumption went from 217.9 MB to 216.6 MB.
Total: 4.217800 ms (FindLiveObjects: 0.366400 ms CreateObjectMapping: 0.280600 ms MarkObjects: 3.287800 ms  DeleteObjects: 0.281600 ms)

AssetImportParameters requested are different than current active one (requested -> active):
  custom:video-decoder-ogg-theora: a1e56fd34408186e4bbccfd4996cb3dc -> 
  custom:container-muxer-webm: aa71ff27fc2769a1b78a27578f13a17b -> 
  custom:container-demuxer-webm: 4f35f7cbe854078d1ac9338744f61a02 -> 
  custom:video-encoder-webm-vp8: eb34c28f22e8b96e1ab97ce403110664 -> 
  custom:audio-encoder-webm-vorbis: bf7c407c2cedff20999df2af8eb42d56 -> 
  custom:framework-win-MediaFoundation: 216162199b28c13a410421893ffa2e32 -> 
  custom:container-demuxer-ogg: 62fdf1f143b41e24485cea50d1cbac27 -> 
  custom:video-decoder-webm-vp8: 9c59270c3fd7afecdb556c50c9e8de78 -> 
  custom:audio-decoder-ogg-vorbis: bf7c407c2cedff20999df2af8eb42d56 -> 
========================================================================
Received Prepare
Registering precompiled user dll's ...
Registered in 0.006679 seconds.
Begin MonoManager ReloadAssembly
Symbol file LoadedFromMemory doesn't match image C:\Users\Atents\Desktop\WOS\WOS\Library\PackageCache\com.unity.visualscripting@1.7.8\Editor\VisualScripting.Core\Dependencies\YamlDotNet\Unity.VisualScripting.YamlDotNet.dll
Symbol file LoadedFromMemory doesn't match image C:\Users\Atents\Desktop\WOS\WOS\Library\PackageCache\com.unity.visualscripting@1.7.8\Editor\VisualScripting.Core\Dependencies\DotNetZip\Unity.VisualScripting.IonicZip.dll
Native extension for UWP target not found
Native extension for WindowsStandalone target not found
Native extension for Android target not found
Native extension for WebGL target not found
Refreshing native plugins compatible for Editor in 0.86 ms, found 3 plugins.
Preloading 0 native plugins for Editor in 0.00 ms.
Mono: successfully reloaded assembly
- Completed reload, in  1.245 seconds
Domain Reload Profiling:
	ReloadAssembly (1245ms)
		BeginReloadAssembly (169ms)
			ExecutionOrderSort (0ms)
			DisableScriptedObjects (7ms)
			BackupInstance (0ms)
			ReleaseScriptingObjects (0ms)
			CreateAndSetChildDomain (42ms)
		EndReloadAssembly (945ms)
			LoadAssemblies (111ms)
			RebuildTransferFunctionScriptingTraits (0ms)
			SetupTypeCache (319ms)
			ReleaseScriptCaches (1ms)
			RebuildScriptCaches (63ms)
			SetupLoadedEditorAssemblies (404ms)
				LogAssemblyErrors (0ms)
				InitializePlatformSupportModulesInManaged (27ms)
				SetLoadedEditorAssemblies (1ms)
				RefreshPlugins (1ms)
				BeforeProcessingInitializeOnLoad (86ms)
				ProcessInitializeOnLoadAttributes (237ms)
				ProcessInitializeOnLoadMethodAttributes (41ms)
				AfterProcessingInitializeOnLoad (12ms)
				EditorAssembliesLoaded (0ms)
			ExecutionOrderSort2 (0ms)
			AwakeInstancesAfterBackupRestoration (9ms)
Platform modules already initialized, skipping
Refreshing native plugins compatible for Editor in 3.16 ms, found 3 plugins.
Preloading 0 native plugins for Editor in 0.00 ms.
Unloading 3773 Unused Serialized files (Serialized files now loaded: 0)
Unloading 32 unused Assets / (1.3 MB). Loaded Objects now: 4378.
Memory consumption went from 217.9 MB to 216.6 MB.
Total: 4.116500 ms (FindLiveObjects: 0.339400 ms CreateObjectMapping: 0.395800 ms MarkObjects: 3.102100 ms  DeleteObjects: 0.278000 ms)

AssetImportParameters requested are different than current active one (requested -> active):
  custom:video-decoder-ogg-theora: a1e56fd34408186e4bbccfd4996cb3dc -> 
  custom:container-muxer-webm: aa71ff27fc2769a1b78a27578f13a17b -> 
  custom:container-demuxer-webm: 4f35f7cbe854078d1ac9338744f61a02 -> 
  custom:video-encoder-webm-vp8: eb34c28f22e8b96e1ab97ce403110664 -> 
  custom:audio-encoder-webm-vorbis: bf7c407c2cedff20999df2af8eb42d56 -> 
  custom:framework-win-MediaFoundation: 216162199b28c13a410421893ffa2e32 -> 
  custom:container-demuxer-ogg: 62fdf1f143b41e24485cea50d1cbac27 -> 
  custom:video-decoder-webm-vp8: 9c59270c3fd7afecdb556c50c9e8de78 -> 
  custom:audio-decoder-ogg-vorbis: bf7c407c2cedff20999df2af8eb42d56 -> 
========================================================================
Received Prepare
Registering precompiled user dll's ...
Registered in 0.006060 seconds.
Begin MonoManager ReloadAssembly
Symbol file LoadedFromMemory doesn't match image C:\Users\Atents\Desktop\WOS\WOS\Library\PackageCache\com.unity.visualscripting@1.7.8\Editor\VisualScripting.Core\Dependencies\YamlDotNet\Unity.VisualScripting.YamlDotNet.dll
Symbol file LoadedFromMemory doesn't match image C:\Users\Atents\Desktop\WOS\WOS\Library\PackageCache\com.unity.visualscripting@1.7.8\Editor\VisualScripting.Core\Dependencies\DotNetZip\Unity.VisualScripting.IonicZip.dll
Native extension for UWP target not found
Native extension for WindowsStandalone target not found
Native extension for Android target not found
Native extension for WebGL target not found
Refreshing native plugins compatible for Editor in 1.75 ms, found 3 plugins.
Preloading 0 native plugins for Editor in 0.00 ms.
Mono: successfully reloaded assembly
- Completed reload, in  1.242 seconds
Domain Reload Profiling:
	ReloadAssembly (1242ms)
		BeginReloadAssembly (160ms)
			ExecutionOrderSort (0ms)
			DisableScriptedObjects (8ms)
			BackupInstance (0ms)
			ReleaseScriptingObjects (0ms)
			CreateAndSetChildDomain (44ms)
		EndReloadAssembly (963ms)
			LoadAssemblies (100ms)
			RebuildTransferFunctionScriptingTraits (0ms)
			SetupTypeCache (374ms)
			ReleaseScriptCaches (2ms)
			RebuildScriptCaches (50ms)
			SetupLoadedEditorAssemblies (394ms)
				LogAssemblyErrors (0ms)
				InitializePlatformSupportModulesInManaged (31ms)
				SetLoadedEditorAssemblies (1ms)
				RefreshPlugins (2ms)
				BeforeProcessingInitializeOnLoad (84ms)
				ProcessInitializeOnLoadAttributes (236ms)
				ProcessInitializeOnLoadMethodAttributes (30ms)
				AfterProcessingInitializeOnLoad (10ms)
				EditorAssembliesLoaded (0ms)
			ExecutionOrderSort2 (0ms)
			AwakeInstancesAfterBackupRestoration (7ms)
Platform modules already initialized, skipping
Refreshing native plugins compatible for Editor in 2.93 ms, found 3 plugins.
Preloading 0 native plugins for Editor in 0.00 ms.
Unloading 3774 Unused Serialized files (Serialized files now loaded: 0)
Unloading 32 unused Assets / (1.3 MB). Loaded Objects now: 4382.
Memory consumption went from 217.9 MB to 216.6 MB.
Total: 3.285900 ms (FindLiveObjects: 0.314600 ms CreateObjectMapping: 0.220100 ms MarkObjects: 2.478100 ms  DeleteObjects: 0.272200 ms)

AssetImportParameters requested are different than current active one (requested -> active):
  custom:video-decoder-ogg-theora: a1e56fd34408186e4bbccfd4996cb3dc -> 
  custom:container-muxer-webm: aa71ff27fc2769a1b78a27578f13a17b -> 
  custom:container-demuxer-webm: 4f35f7cbe854078d1ac9338744f61a02 -> 
  custom:video-encoder-webm-vp8: eb34c28f22e8b96e1ab97ce403110664 -> 
  custom:audio-encoder-webm-vorbis: bf7c407c2cedff20999df2af8eb42d56 -> 
  custom:framework-win-MediaFoundation: 216162199b28c13a410421893ffa2e32 -> 
  custom:container-demuxer-ogg: 62fdf1f143b41e24485cea50d1cbac27 -> 
  custom:video-decoder-webm-vp8: 9c59270c3fd7afecdb556c50c9e8de78 -> 
  custom:audio-decoder-ogg-vorbis: bf7c407c2cedff20999df2af8eb42d56 -> 
