Using pre-set license
Built from '2021.3/staging' branch; Version is '2021.3.1f1 (3b70a0754835) revision 3895456'; Using compiler version '192829333'; Build Type 'Release'
OS: 'Windows 10  (10.0.19044) 64bit Professional' Language: 'ko' Physical Memory: 16321 MB
BatchMode: 1, IsHumanControllingUs: 0, StartBugReporterOnCrash: 0, Is64bit: 1, IsPro: 1

COMMAND LINE ARGUMENTS:
C:\Program Files\Unity 2021.3.1f1\Editor\Unity.exe
-adb2
-batchMode
-noUpm
-name
AssetImportWorker2
-projectPath
C:/Users/Atents/Desktop/WOS/WOS
-logFile
Logs/AssetImportWorker2.log
-srvPort
53637
Successfully changed project path to: C:/Users/Atents/Desktop/WOS/WOS
C:/Users/Atents/Desktop/WOS/WOS
[UnityMemory] Configuration Parameters - Can be set up in boot.config
    "memorysetup-bucket-allocator-granularity=16"
    "memorysetup-bucket-allocator-bucket-count=8"
    "memorysetup-bucket-allocator-block-size=33554432"
    "memorysetup-bucket-allocator-block-count=8"
    "memorysetup-main-allocator-block-size=16777216"
    "memorysetup-thread-allocator-block-size=16777216"
    "memorysetup-gfx-main-allocator-block-size=16777216"
    "memorysetup-gfx-thread-allocator-block-size=16777216"
    "memorysetup-cache-allocator-block-size=4194304"
    "memorysetup-typetree-allocator-block-size=2097152"
    "memorysetup-profiler-bucket-allocator-granularity=16"
    "memorysetup-profiler-bucket-allocator-bucket-count=8"
    "memorysetup-profiler-bucket-allocator-block-size=33554432"
    "memorysetup-profiler-bucket-allocator-block-count=8"
    "memorysetup-profiler-allocator-block-size=16777216"
    "memorysetup-profiler-editor-allocator-block-size=1048576"
    "memorysetup-temp-allocator-size-main=16777216"
    "memorysetup-job-temp-allocator-block-size=2097152"
    "memorysetup-job-temp-allocator-block-size-background=1048576"
    "memorysetup-job-temp-allocator-reduction-small-platforms=262144"
    "memorysetup-temp-allocator-size-background-worker=32768"
    "memorysetup-temp-allocator-size-job-worker=262144"
    "memorysetup-temp-allocator-size-preload-manager=33554432"
    "memorysetup-temp-allocator-size-nav-mesh-worker=65536"
    "memorysetup-temp-allocator-size-audio-worker=65536"
    "memorysetup-temp-allocator-size-cloud-worker=32768"
    "memorysetup-temp-allocator-size-gi-baking-worker=262144"
    "memorysetup-temp-allocator-size-gfx=262144"
Refreshing native plugins compatible for Editor in 140.72 ms, found 3 plugins.
Preloading 0 native plugins for Editor in 0.00 ms.
Initialize engine version: 2021.3.1f1 (3b70a0754835)
[Subsystems] Discovering subsystems at path C:/Program Files/Unity 2021.3.1f1/Editor/Data/Resources/UnitySubsystems
[Subsystems] Discovering subsystems at path C:/Users/Atents/Desktop/WOS/WOS/Assets
GfxDevice: creating device client; threaded=0; jobified=0
Direct3D:
    Version:  Direct3D 11.0 [level 11.0]
    Renderer: NVIDIA GeForce GT 710 (ID=0x128b)
    Vendor:   NVIDIA
    VRAM:     984 MB
    Driver:   30.0.14.7404
Initialize mono
Mono path[0] = 'C:/Program Files/Unity 2021.3.1f1/Editor/Data/Managed'
Mono path[1] = 'C:/Program Files/Unity 2021.3.1f1/Editor/Data/MonoBleedingEdge/lib/mono/unityjit-win32'
Mono config path = 'C:/Program Files/Unity 2021.3.1f1/Editor/Data/MonoBleedingEdge/etc'
Using monoOptions --debugger-agent=transport=dt_socket,embedding=1,server=y,suspend=n,address=127.0.0.1:56300
Begin MonoManager ReloadAssembly
Registering precompiled unity dll's ...
Register platform support module: C:/Program Files/Unity 2021.3.1f1/Editor/Data/PlaybackEngines/WindowsStandaloneSupport/UnityEditor.WindowsStandalone.Extensions.dll
Registered in 0.044715 seconds.
Native extension for WindowsStandalone target not found
Refreshing native plugins compatible for Editor in 130.57 ms, found 3 plugins.
Preloading 0 native plugins for Editor in 0.00 ms.
Mono: successfully reloaded assembly
- Completed reload, in  1.016 seconds
Domain Reload Profiling:
	ReloadAssembly (1016ms)
		BeginReloadAssembly (108ms)
			ExecutionOrderSort (0ms)
			DisableScriptedObjects (0ms)
			BackupInstance (0ms)
			ReleaseScriptingObjects (0ms)
			CreateAndSetChildDomain (1ms)
		EndReloadAssembly (624ms)
			LoadAssemblies (105ms)
			RebuildTransferFunctionScriptingTraits (0ms)
			SetupTypeCache (176ms)
			ReleaseScriptCaches (0ms)
			RebuildScriptCaches (38ms)
			SetupLoadedEditorAssemblies (338ms)
				LogAssemblyErrors (0ms)
				InitializePlatformSupportModulesInManaged (8ms)
				SetLoadedEditorAssemblies (0ms)
				RefreshPlugins (131ms)
				BeforeProcessingInitializeOnLoad (1ms)
				ProcessInitializeOnLoadAttributes (145ms)
				ProcessInitializeOnLoadMethodAttributes (53ms)
				AfterProcessingInitializeOnLoad (0ms)
				EditorAssembliesLoaded (0ms)
			ExecutionOrderSort2 (0ms)
			AwakeInstancesAfterBackupRestoration (0ms)
Platform modules already initialized, skipping
Registering precompiled user dll's ...
Registered in 0.006370 seconds.
Begin MonoManager ReloadAssembly
Symbol file LoadedFromMemory doesn't match image C:\Users\Atents\Desktop\WOS\WOS\Library\PackageCache\com.unity.visualscripting@1.7.8\Editor\VisualScripting.Core\Dependencies\YamlDotNet\Unity.VisualScripting.YamlDotNet.dll
Symbol file LoadedFromMemory doesn't match image C:\Users\Atents\Desktop\WOS\WOS\Library\PackageCache\com.unity.visualscripting@1.7.8\Editor\VisualScripting.Core\Dependencies\DotNetZip\Unity.VisualScripting.IonicZip.dll
Native extension for WindowsStandalone target not found
Refreshing native plugins compatible for Editor in 0.64 ms, found 3 plugins.
Preloading 0 native plugins for Editor in 0.00 ms.
Mono: successfully reloaded assembly
- Completed reload, in  1.026 seconds
Domain Reload Profiling:
	ReloadAssembly (1026ms)
		BeginReloadAssembly (113ms)
			ExecutionOrderSort (0ms)
			DisableScriptedObjects (6ms)
			BackupInstance (0ms)
			ReleaseScriptingObjects (0ms)
			CreateAndSetChildDomain (19ms)
		EndReloadAssembly (796ms)
			LoadAssemblies (78ms)
			RebuildTransferFunctionScriptingTraits (0ms)
			SetupTypeCache (276ms)
			ReleaseScriptCaches (1ms)
			RebuildScriptCaches (53ms)
			SetupLoadedEditorAssemblies (349ms)
				LogAssemblyErrors (0ms)
				InitializePlatformSupportModulesInManaged (5ms)
				SetLoadedEditorAssemblies (0ms)
				RefreshPlugins (1ms)
				BeforeProcessingInitializeOnLoad (86ms)
				ProcessInitializeOnLoadAttributes (225ms)
				ProcessInitializeOnLoadMethodAttributes (24ms)
				AfterProcessingInitializeOnLoad (8ms)
				EditorAssembliesLoaded (0ms)
			ExecutionOrderSort2 (0ms)
			AwakeInstancesAfterBackupRestoration (7ms)
Platform modules already initialized, skipping
========================================================================
Worker process is ready to serve import requests
Launched and connected shader compiler UnityShaderCompiler.exe after 0.04 seconds
Refreshing native plugins compatible for Editor in 0.73 ms, found 3 plugins.
Preloading 0 native plugins for Editor in 0.00 ms.
Unloading 3431 Unused Serialized files (Serialized files now loaded: 0)
Unloading 23 unused Assets / (84.1 KB). Loaded Objects now: 3914.
Memory consumption went from 137.5 MB to 137.5 MB.
Total: 2.885000 ms (FindLiveObjects: 0.292000 ms CreateObjectMapping: 0.245300 ms MarkObjects: 2.230200 ms  DeleteObjects: 0.116400 ms)

AssetImportParameters requested are different than current active one (requested -> active):
  custom:video-decoder-ogg-theora: a1e56fd34408186e4bbccfd4996cb3dc -> 
  custom:container-muxer-webm: aa71ff27fc2769a1b78a27578f13a17b -> 
  custom:container-demuxer-webm: 4f35f7cbe854078d1ac9338744f61a02 -> 
  custom:video-encoder-webm-vp8: eb34c28f22e8b96e1ab97ce403110664 -> 
  custom:audio-encoder-webm-vorbis: bf7c407c2cedff20999df2af8eb42d56 -> 
  custom:framework-win-MediaFoundation: 216162199b28c13a410421893ffa2e32 -> 
  custom:container-demuxer-ogg: 62fdf1f143b41e24485cea50d1cbac27 -> 
  custom:video-decoder-webm-vp8: 9c59270c3fd7afecdb556c50c9e8de78 -> 
  custom:audio-decoder-ogg-vorbis: bf7c407c2cedff20999df2af8eb42d56 -> 
========================================================================
Received Import Request.
  Time since last request: 106716.341791 seconds.
  path: Assets/AssetStore/Blink/Art/Characters/Stylized/Demo_Characters/StylizedHumanAnimator.controller
  artifactKey: Guid(ef6403663453e6a4cb106814a81e72b4) Importer(815301076,1909f56bfc062723c751e8b465ee728b)
Start importing Assets/AssetStore/Blink/Art/Characters/Stylized/Demo_Characters/StylizedHumanAnimator.controller using Guid(ef6403663453e6a4cb106814a81e72b4) Importer(815301076,1909f56bfc062723c751e8b465ee728b)  -> (artifact id: '7b28f673451bf1a760e204ce3dca7009') in 0.045011 seconds 
========================================================================
Received Import Request.
  Time since last request: 695.584499 seconds.
  path: Assets/AssetStore/GUI_Parts/Icons
  artifactKey: Guid(036595ac03790ba48b5017ed8191039a) Importer(815301076,1909f56bfc062723c751e8b465ee728b)
Start importing Assets/AssetStore/GUI_Parts/Icons using Guid(036595ac03790ba48b5017ed8191039a) Importer(815301076,1909f56bfc062723c751e8b465ee728b)  -> (artifact id: 'ab51439ec25557963ab82a90bc3a97d9') in 0.004140 seconds 
========================================================================
Received Import Request.
  Time since last request: 0.164009 seconds.
  path: Assets/AssetStore/GUI_Parts/Icons/armor_icon.png
  artifactKey: Guid(d659f7396cd57754eba78763cf986c51) Importer(815301076,1909f56bfc062723c751e8b465ee728b)
Start importing Assets/AssetStore/GUI_Parts/Icons/armor_icon.png using Guid(d659f7396cd57754eba78763cf986c51) Importer(815301076,1909f56bfc062723c751e8b465ee728b)  -> (artifact id: '91d30eb1ca5cb4064715c9aede19265d') in 0.188439 seconds 
========================================================================
Received Import Request.
  Time since last request: 0.000027 seconds.
  path: Assets/AssetStore/GUI_Parts/Icons/stoune_icon.png
  artifactKey: Guid(108ca3e7dda90d945b0914bf9259ec94) Importer(815301076,1909f56bfc062723c751e8b465ee728b)
Start importing Assets/AssetStore/GUI_Parts/Icons/stoune_icon.png using Guid(108ca3e7dda90d945b0914bf9259ec94) Importer(815301076,1909f56bfc062723c751e8b465ee728b)  -> (artifact id: 'b4fb406478236a1f411a18fa86f10567') in 0.035918 seconds 
========================================================================
Received Import Request.
  Time since last request: 0.000024 seconds.
  path: Assets/AssetStore/GUI_Parts/Icons/skill_icon_01_nobg.png
  artifactKey: Guid(4dc051a0301cecb4aa1a85036ace2a58) Importer(815301076,1909f56bfc062723c751e8b465ee728b)
Start importing Assets/AssetStore/GUI_Parts/Icons/skill_icon_01_nobg.png using Guid(4dc051a0301cecb4aa1a85036ace2a58) Importer(815301076,1909f56bfc062723c751e8b465ee728b)  -> (artifact id: '8c2f6af5aae9bbbac8e47fc9e33a7362') in 0.076011 seconds 
========================================================================
Received Import Request.
  Time since last request: 0.000017 seconds.
  path: Assets/AssetStore/GUI_Parts/Icons/skill_icon_02.png
  artifactKey: Guid(2c04f4986ebc72e48a8b0c3eb2e42db2) Importer(815301076,1909f56bfc062723c751e8b465ee728b)
Start importing Assets/AssetStore/GUI_Parts/Icons/skill_icon_02.png using Guid(2c04f4986ebc72e48a8b0c3eb2e42db2) Importer(815301076,1909f56bfc062723c751e8b465ee728b)  -> (artifact id: '53957377bb1f9f24f050806649fcb5b0') in 0.081924 seconds 
========================================================================
Received Import Request.
  Time since last request: 0.000019 seconds.
  path: Assets/AssetStore/GUI_Parts/Icons/skill_icon_03.png
  artifactKey: Guid(8a5f9829a049c704fa992203bfc451f2) Importer(815301076,1909f56bfc062723c751e8b465ee728b)
Start importing Assets/AssetStore/GUI_Parts/Icons/skill_icon_03.png using Guid(8a5f9829a049c704fa992203bfc451f2) Importer(815301076,1909f56bfc062723c751e8b465ee728b)  -> (artifact id: '92ff4027fdca415b58135367355b74a0') in 0.064165 seconds 
========================================================================
Received Import Request.
  Time since last request: 21.647843 seconds.
  path: Assets/AssetStore/Blink/Art/Animations/Gathering
  artifactKey: Guid(de17196c6b320cb498986411381e4f08) Importer(815301076,1909f56bfc062723c751e8b465ee728b)
Start importing Assets/AssetStore/Blink/Art/Animations/Gathering using Guid(de17196c6b320cb498986411381e4f08) Importer(815301076,1909f56bfc062723c751e8b465ee728b)  -> (artifact id: '2a89f57cffd2776218292b746a3c37cf') in 0.008789 seconds 
========================================================================
Received Import Request.
  Time since last request: 0.069019 seconds.
  path: Assets/AssetStore/Blink/Art/Animations/Gathering/Gathering.fbx
  artifactKey: Guid(94dc1b6b5c7ecbb4382f5a25d5a488f3) Importer(815301076,1909f56bfc062723c751e8b465ee728b)
Start importing Assets/AssetStore/Blink/Art/Animations/Gathering/Gathering.fbx using Guid(94dc1b6b5c7ecbb4382f5a25d5a488f3) Importer(815301076,1909f56bfc062723c751e8b465ee728b)  -> (artifact id: '94a08ffc8ed6b488b3218f803c10d69e') in 0.178007 seconds 
========================================================================
Received Import Request.
  Time since last request: 94.083782 seconds.
  path: Assets/Ui/Interface/DownBar_Box.png
  artifactKey: Guid(f7f681cd213d9a7488500ce745f2d4f8) Importer(815301076,1909f56bfc062723c751e8b465ee728b)
Start importing Assets/Ui/Interface/DownBar_Box.png using Guid(f7f681cd213d9a7488500ce745f2d4f8) Importer(815301076,1909f56bfc062723c751e8b465ee728b)  -> (artifact id: 'f60c43608c5f603c0dd7737942733c47') in 0.225632 seconds 
========================================================================
Received Import Request.
  Time since last request: 25.341692 seconds.
  path: Assets/Ui/Interface/HPandMP_Area.png
  artifactKey: Guid(76a827c0b7b700d4fa9e135b970a64b1) Importer(815301076,1909f56bfc062723c751e8b465ee728b)
Start importing Assets/Ui/Interface/HPandMP_Area.png using Guid(76a827c0b7b700d4fa9e135b970a64b1) Importer(815301076,1909f56bfc062723c751e8b465ee728b)  -> (artifact id: '694256a1548b66d2027d68f60341f730') in 0.022397 seconds 
========================================================================
Received Import Request.
  Time since last request: 550.468713 seconds.
  path: Assets/Ui/Interface/DownBar_Simbol.png
  artifactKey: Guid(28587c51ac6bf6743acc3f1cb6a63319) Importer(815301076,1909f56bfc062723c751e8b465ee728b)
Start importing Assets/Ui/Interface/DownBar_Simbol.png using Guid(28587c51ac6bf6743acc3f1cb6a63319) Importer(815301076,1909f56bfc062723c751e8b465ee728b)  -> (artifact id: 'be1811fd91960895e45f2f9a69b5121d') in 0.038461 seconds 
========================================================================
Received Import Request.
  Time since last request: 6.021536 seconds.
  path: Assets/Ui/Interface/DownBar_Simbol.png
  artifactKey: Guid(28587c51ac6bf6743acc3f1cb6a63319) Importer(815301076,1909f56bfc062723c751e8b465ee728b)
Start importing Assets/Ui/Interface/DownBar_Simbol.png using Guid(28587c51ac6bf6743acc3f1cb6a63319) Importer(815301076,1909f56bfc062723c751e8b465ee728b)  -> (artifact id: 'a46d48a9bd5d2ea9b2a83e8009836394') in 0.354410 seconds 
========================================================================
Received Import Request.
  Time since last request: 685.321506 seconds.
  path: Assets/Ui/Interface/DownBar_Simbol2.png
  artifactKey: Guid(84de6b643360ae8478cd90bbf4bee82e) Importer(815301076,1909f56bfc062723c751e8b465ee728b)
Start importing Assets/Ui/Interface/DownBar_Simbol2.png using Guid(84de6b643360ae8478cd90bbf4bee82e) Importer(815301076,1909f56bfc062723c751e8b465ee728b)  -> (artifact id: 'ab3f82d8135bd52511118d0c99565b6b') in 0.069853 seconds 
========================================================================
Received Import Request.
  Time since last request: 8.735806 seconds.
  path: Assets/Ui/Interface/DownBar_Simbol2.png
  artifactKey: Guid(84de6b643360ae8478cd90bbf4bee82e) Importer(815301076,1909f56bfc062723c751e8b465ee728b)
Start importing Assets/Ui/Interface/DownBar_Simbol2.png using Guid(84de6b643360ae8478cd90bbf4bee82e) Importer(815301076,1909f56bfc062723c751e8b465ee728b)  -> (artifact id: '920731cc6ff0b488aa6d780e9f6e5a92') in 0.238981 seconds 
========================================================================
Received Import Request.
  Time since last request: 377.597496 seconds.
  path: Assets/AssetStore/Dark_Brown_GUI_kit
  artifactKey: Guid(8ad2a0e457913634c99456b95e3ec975) Importer(815301076,1909f56bfc062723c751e8b465ee728b)
Start importing Assets/AssetStore/Dark_Brown_GUI_kit using Guid(8ad2a0e457913634c99456b95e3ec975) Importer(815301076,1909f56bfc062723c751e8b465ee728b)  -> (artifact id: '5551bab71e66fd5b5b444752a50e2a4e') in 0.010382 seconds 
========================================================================
Received Import Request.
  Time since last request: 1.341960 seconds.
  path: Assets/AssetStore/Dark_Brown_GUI_kit/bar
  artifactKey: Guid(1f7de32bc424a22459e898efba083513) Importer(815301076,1909f56bfc062723c751e8b465ee728b)
Start importing Assets/AssetStore/Dark_Brown_GUI_kit/bar using Guid(1f7de32bc424a22459e898efba083513) Importer(815301076,1909f56bfc062723c751e8b465ee728b)  -> (artifact id: '17ad2bc633ede52a397871669cdc6c4d') in 0.008000 seconds 
========================================================================
Received Import Request.
  Time since last request: 2.121003 seconds.
  path: Assets/AssetStore/Dark_Brown_GUI_kit/bar/big
  artifactKey: Guid(8f856d93d8389c94aad9961af6b9c253) Importer(815301076,1909f56bfc062723c751e8b465ee728b)
Start importing Assets/AssetStore/Dark_Brown_GUI_kit/bar/big using Guid(8f856d93d8389c94aad9961af6b9c253) Importer(815301076,1909f56bfc062723c751e8b465ee728b)  -> (artifact id: 'f8ef50de400ade7201c58b1c4b8cb374') in 0.007791 seconds 
========================================================================
Received Import Request.
  Time since last request: 0.628914 seconds.
  path: Assets/AssetStore/Dark_Brown_GUI_kit/bar/big/big_circle_bar0.png
  artifactKey: Guid(6eee6340a63b4d34e9ca211124060bf6) Importer(815301076,1909f56bfc062723c751e8b465ee728b)
Start importing Assets/AssetStore/Dark_Brown_GUI_kit/bar/big/big_circle_bar0.png using Guid(6eee6340a63b4d34e9ca211124060bf6) Importer(815301076,1909f56bfc062723c751e8b465ee728b)  -> (artifact id: '55f7a9add004c9eb71aa032510d68f1c') in 0.177219 seconds 
========================================================================
Received Import Request.
  Time since last request: 0.000029 seconds.
  path: Assets/AssetStore/Dark_Brown_GUI_kit/bar/big/big_dark_bar.png
  artifactKey: Guid(edc20027baa74ed489c51c9755d1b2f5) Importer(815301076,1909f56bfc062723c751e8b465ee728b)
Start importing Assets/AssetStore/Dark_Brown_GUI_kit/bar/big/big_dark_bar.png using Guid(edc20027baa74ed489c51c9755d1b2f5) Importer(815301076,1909f56bfc062723c751e8b465ee728b)  -> (artifact id: 'a8425e2801f0571561f2de46ccc5e76f') in 0.170674 seconds 
========================================================================
Received Import Request.
  Time since last request: 3.475951 seconds.
  path: Assets/AssetStore/Dark_Brown_GUI_kit/bar/mid
  artifactKey: Guid(6a8a30005731779418beb62526e42945) Importer(815301076,1909f56bfc062723c751e8b465ee728b)
Start importing Assets/AssetStore/Dark_Brown_GUI_kit/bar/mid using Guid(6a8a30005731779418beb62526e42945) Importer(815301076,1909f56bfc062723c751e8b465ee728b)  -> (artifact id: 'e8d09c87873f21c4544fbb1a70f08470') in 0.010836 seconds 
========================================================================
Received Import Request.
  Time since last request: 0.066190 seconds.
  path: Assets/AssetStore/Dark_Brown_GUI_kit/bar/mid/mid_dark_bar.png
  artifactKey: Guid(cb5de281860415940928499a573886ca) Importer(815301076,1909f56bfc062723c751e8b465ee728b)
Start importing Assets/AssetStore/Dark_Brown_GUI_kit/bar/mid/mid_dark_bar.png using Guid(cb5de281860415940928499a573886ca) Importer(815301076,1909f56bfc062723c751e8b465ee728b)  -> (artifact id: 'fd5711c8ac83a966052cbc81cee9ae07') in 0.115399 seconds 
========================================================================
Received Import Request.
  Time since last request: 0.000024 seconds.
  path: Assets/AssetStore/Dark_Brown_GUI_kit/bar/mid/mid_dark_barA.png
  artifactKey: Guid(2762119f8e2815c40a7c976a7e4d4ffa) Importer(815301076,1909f56bfc062723c751e8b465ee728b)
Start importing Assets/AssetStore/Dark_Brown_GUI_kit/bar/mid/mid_dark_barA.png using Guid(2762119f8e2815c40a7c976a7e4d4ffa) Importer(815301076,1909f56bfc062723c751e8b465ee728b)  -> (artifact id: '18566ad52694f17e63d205fe664f4ce7') in 0.120670 seconds 
========================================================================
Received Import Request.
  Time since last request: 2.954338 seconds.
  path: Assets/AssetStore/Dark_Brown_GUI_kit/bar/mini
  artifactKey: Guid(adeb458794a394645a98988294e14175) Importer(815301076,1909f56bfc062723c751e8b465ee728b)
Start importing Assets/AssetStore/Dark_Brown_GUI_kit/bar/mini using Guid(adeb458794a394645a98988294e14175) Importer(815301076,1909f56bfc062723c751e8b465ee728b)  -> (artifact id: '7fd71c30596dec35fc6987e56cfc38a7') in 0.008733 seconds 
========================================================================
Received Import Request.
  Time since last request: 0.238185 seconds.
  path: Assets/AssetStore/Dark_Brown_GUI_kit/bar/mini/mini_dark_bar1.png
  artifactKey: Guid(2b34ead8ea3c78b4882a722a736f874c) Importer(815301076,1909f56bfc062723c751e8b465ee728b)
Start importing Assets/AssetStore/Dark_Brown_GUI_kit/bar/mini/mini_dark_bar1.png using Guid(2b34ead8ea3c78b4882a722a736f874c) Importer(815301076,1909f56bfc062723c751e8b465ee728b)  -> (artifact id: '49dc17532869140f774f28229ab63374') in 0.227892 seconds 
========================================================================
Received Import Request.
  Time since last request: 2.714449 seconds.
  path: Assets/AssetStore/Dark_Brown_GUI_kit/bar/other
  artifactKey: Guid(81f5fd6a21d6fe146b789d2e3592a453) Importer(815301076,1909f56bfc062723c751e8b465ee728b)
Start importing Assets/AssetStore/Dark_Brown_GUI_kit/bar/other using Guid(81f5fd6a21d6fe146b789d2e3592a453) Importer(815301076,1909f56bfc062723c751e8b465ee728b)  -> (artifact id: '0e6f345d85167d0759c5725b001b95eb') in 0.011312 seconds 
========================================================================
Received Import Request.
  Time since last request: 0.095998 seconds.
  path: Assets/AssetStore/Dark_Brown_GUI_kit/bar/other/low_dark_bar.png
  artifactKey: Guid(856d5aa8f181aee4b9b543cbd6c9a915) Importer(815301076,1909f56bfc062723c751e8b465ee728b)
Start importing Assets/AssetStore/Dark_Brown_GUI_kit/bar/other/low_dark_bar.png using Guid(856d5aa8f181aee4b9b543cbd6c9a915) Importer(815301076,1909f56bfc062723c751e8b465ee728b)  -> (artifact id: '482933dcc0687aea0b41be351acdb296') in 0.084673 seconds 
========================================================================
Received Import Request.
  Time since last request: 2.433794 seconds.
  path: Assets/AssetStore/Dark_Brown_GUI_kit/button
  artifactKey: Guid(5c7ba318384118a4eb55df7ec24e5412) Importer(815301076,1909f56bfc062723c751e8b465ee728b)
Start importing Assets/AssetStore/Dark_Brown_GUI_kit/button using Guid(5c7ba318384118a4eb55df7ec24e5412) Importer(815301076,1909f56bfc062723c751e8b465ee728b)  -> (artifact id: '8b08b1c5b77a152e8c56477b2c00ee19') in 0.003444 seconds 
========================================================================
Received Import Request.
  Time since last request: 2.069073 seconds.
  path: Assets/AssetStore/Dark_Brown_GUI_kit/bar/small
  artifactKey: Guid(89022081946843546acc863f7f0ccede) Importer(815301076,1909f56bfc062723c751e8b465ee728b)
Start importing Assets/AssetStore/Dark_Brown_GUI_kit/bar/small using Guid(89022081946843546acc863f7f0ccede) Importer(815301076,1909f56bfc062723c751e8b465ee728b)  -> (artifact id: 'e515921a7e6ec18ae759b1543aaf6fda') in 0.017268 seconds 
========================================================================
Received Import Request.
  Time since last request: 0.199445 seconds.
  path: Assets/AssetStore/Dark_Brown_GUI_kit/bar/small/small_dark_bar.png
  artifactKey: Guid(8d303c294c0d15b47b6ddd9662443ce4) Importer(815301076,1909f56bfc062723c751e8b465ee728b)
Start importing Assets/AssetStore/Dark_Brown_GUI_kit/bar/small/small_dark_bar.png using Guid(8d303c294c0d15b47b6ddd9662443ce4) Importer(815301076,1909f56bfc062723c751e8b465ee728b)  -> (artifact id: '8247789df16c63e1206010c769b64412') in 0.044084 seconds 
========================================================================
Received Import Request.
  Time since last request: 4.391389 seconds.
  path: Assets/AssetStore/Dark_Brown_GUI_kit/ornament
  artifactKey: Guid(92f9072d77c21bc4abc10c61949fe9e2) Importer(815301076,1909f56bfc062723c751e8b465ee728b)
Start importing Assets/AssetStore/Dark_Brown_GUI_kit/ornament using Guid(92f9072d77c21bc4abc10c61949fe9e2) Importer(815301076,1909f56bfc062723c751e8b465ee728b)  -> (artifact id: '232be2e67dcd69d5e268a3d41d5a6e78') in 0.012086 seconds 
========================================================================
Received Import Request.
  Time since last request: 0.093450 seconds.
  path: Assets/AssetStore/Dark_Brown_GUI_kit/ornament/corner_ornament.png
  artifactKey: Guid(76a319db787859b4ca27ba834290dab0) Importer(815301076,1909f56bfc062723c751e8b465ee728b)
Start importing Assets/AssetStore/Dark_Brown_GUI_kit/ornament/corner_ornament.png using Guid(76a319db787859b4ca27ba834290dab0) Importer(815301076,1909f56bfc062723c751e8b465ee728b)  -> (artifact id: '8ae10a91971c5cf6e6a5505e8eacadbc') in 0.044768 seconds 
========================================================================
Received Import Request.
  Time since last request: 2.676934 seconds.
  path: Assets/AssetStore/Dark_Brown_GUI_kit/frame
  artifactKey: Guid(24ef784fe04498e4494ea968fb65e7b5) Importer(815301076,1909f56bfc062723c751e8b465ee728b)
Start importing Assets/AssetStore/Dark_Brown_GUI_kit/frame using Guid(24ef784fe04498e4494ea968fb65e7b5) Importer(815301076,1909f56bfc062723c751e8b465ee728b)  -> (artifact id: 'c8a7ee1c4d8fffba632b23f993ba9a56') in 0.008595 seconds 
========================================================================
Received Import Request.
  Time since last request: 3.481654 seconds.
  path: Assets/AssetStore/Dark_Brown_GUI_kit/frame/mini
  artifactKey: Guid(b6f6daa6cee352d498430ddd413aa6dc) Importer(815301076,1909f56bfc062723c751e8b465ee728b)
Start importing Assets/AssetStore/Dark_Brown_GUI_kit/frame/mini using Guid(b6f6daa6cee352d498430ddd413aa6dc) Importer(815301076,1909f56bfc062723c751e8b465ee728b)  -> (artifact id: '914a1b8fa68bf1c836e846cc7b223013') in 0.007848 seconds 
========================================================================
Received Import Request.
  Time since last request: 0.211334 seconds.
  path: Assets/AssetStore/Dark_Brown_GUI_kit/frame/mini/mini_circle_frame.png
  artifactKey: Guid(686393f6365304a4d908596fdb8c1f74) Importer(815301076,1909f56bfc062723c751e8b465ee728b)
Start importing Assets/AssetStore/Dark_Brown_GUI_kit/frame/mini/mini_circle_frame.png using Guid(686393f6365304a4d908596fdb8c1f74) Importer(815301076,1909f56bfc062723c751e8b465ee728b)  -> (artifact id: 'bd774f2a159d0d5bf5cfeeeb4dc1dd6e') in 0.021342 seconds 
========================================================================
Received Import Request.
  Time since last request: 2.375291 seconds.
  path: Assets/AssetStore/Dark_Brown_GUI_kit/background
  artifactKey: Guid(10961afad60678846bd5bbab82775660) Importer(815301076,1909f56bfc062723c751e8b465ee728b)
Start importing Assets/AssetStore/Dark_Brown_GUI_kit/background using Guid(10961afad60678846bd5bbab82775660) Importer(815301076,1909f56bfc062723c751e8b465ee728b)  -> (artifact id: 'cc98452da3d48cabba5e576adfa55e0d') in 0.007886 seconds 
========================================================================
Received Import Request.
  Time since last request: 0.928712 seconds.
  path: Assets/AssetStore/Dark_Brown_GUI_kit/background/big
  artifactKey: Guid(e94ae03137ab7d84892d6c3494549317) Importer(815301076,1909f56bfc062723c751e8b465ee728b)
Start importing Assets/AssetStore/Dark_Brown_GUI_kit/background/big using Guid(e94ae03137ab7d84892d6c3494549317) Importer(815301076,1909f56bfc062723c751e8b465ee728b)  -> (artifact id: '59a4aa2190e2577d66bf84601a1b7077') in 0.003281 seconds 
========================================================================
Received Import Request.
  Time since last request: 0.066362 seconds.
  path: Assets/AssetStore/Dark_Brown_GUI_kit/background/big/big_circle_background0.png
  artifactKey: Guid(cda5e9796a0ff964d8116a88457e0481) Importer(815301076,1909f56bfc062723c751e8b465ee728b)
Start importing Assets/AssetStore/Dark_Brown_GUI_kit/background/big/big_circle_background0.png using Guid(cda5e9796a0ff964d8116a88457e0481) Importer(815301076,1909f56bfc062723c751e8b465ee728b)  -> (artifact id: '64ba70e3b09867de3b446534e6dcbd2c') in 0.098756 seconds 
========================================================================
Received Import Request.
  Time since last request: 0.000023 seconds.
  path: Assets/AssetStore/Dark_Brown_GUI_kit/background/big/big_dark_background1.png
  artifactKey: Guid(8e95a863ba2905243b290c5ff2a1cafc) Importer(815301076,1909f56bfc062723c751e8b465ee728b)
Start importing Assets/AssetStore/Dark_Brown_GUI_kit/background/big/big_dark_background1.png using Guid(8e95a863ba2905243b290c5ff2a1cafc) Importer(815301076,1909f56bfc062723c751e8b465ee728b)  -> (artifact id: '166864b9b49cbb27ff0ef9318c116227') in 0.351116 seconds 
========================================================================
Received Import Request.
  Time since last request: 0.000026 seconds.
  path: Assets/AssetStore/Dark_Brown_GUI_kit/background/big/big_dark_circle_background.png
  artifactKey: Guid(3570eb7a1db65b048b34383c79889c38) Importer(815301076,1909f56bfc062723c751e8b465ee728b)
Start importing Assets/AssetStore/Dark_Brown_GUI_kit/background/big/big_dark_circle_background.png using Guid(3570eb7a1db65b048b34383c79889c38) Importer(815301076,1909f56bfc062723c751e8b465ee728b)  -> (artifact id: 'a0e3304ebe711a37985a5bc17d98944e') in 0.184318 seconds 
========================================================================
Received Import Request.
  Time since last request: 20.942454 seconds.
  path: Assets/AssetStore/Dark_Brown_GUI_kit/frame/other/button_square_frame.png
  artifactKey: Guid(57ab0d48e28c6fd4cb9a71170f3c42b7) Importer(815301076,1909f56bfc062723c751e8b465ee728b)
Start importing Assets/AssetStore/Dark_Brown_GUI_kit/frame/other/button_square_frame.png using Guid(57ab0d48e28c6fd4cb9a71170f3c42b7) Importer(815301076,1909f56bfc062723c751e8b465ee728b)  -> (artifact id: '5ce06efe38168c1c8de2d2f06457c099') in 0.065579 seconds 
========================================================================
Received Import Request.
  Time since last request: 24.047183 seconds.
  path: Assets/AssetStore/Dark_Brown_GUI_kit/icon/full_simple/numbers/2.png
  artifactKey: Guid(7d053d3b3746a204bb3be41bbecff78f) Importer(815301076,1909f56bfc062723c751e8b465ee728b)
Start importing Assets/AssetStore/Dark_Brown_GUI_kit/icon/full_simple/numbers/2.png using Guid(7d053d3b3746a204bb3be41bbecff78f) Importer(815301076,1909f56bfc062723c751e8b465ee728b)  -> (artifact id: 'bf85f21e74704a0ca597d7ccc10f4913') in 0.490837 seconds 
========================================================================
Received Import Request.
  Time since last request: 0.000030 seconds.
  path: Assets/AssetStore/Dark_Brown_GUI_kit/icon/full_simple/numbers/6.png
  artifactKey: Guid(06abe4d0d97c03542a9ff7896e156d25) Importer(815301076,1909f56bfc062723c751e8b465ee728b)
Start importing Assets/AssetStore/Dark_Brown_GUI_kit/icon/full_simple/numbers/6.png using Guid(06abe4d0d97c03542a9ff7896e156d25) Importer(815301076,1909f56bfc062723c751e8b465ee728b)  -> (artifact id: '0ac848320da88b1fc6506d8ca4ae8469') in 0.150663 seconds 
========================================================================
Received Import Request.
  Time since last request: 0.000033 seconds.
  path: Assets/AssetStore/Dark_Brown_GUI_kit/icon/full_simple/numbers/4.png
  artifactKey: Guid(aa9220a4630dfef45adbd0c6f1be9d0a) Importer(815301076,1909f56bfc062723c751e8b465ee728b)
Start importing Assets/AssetStore/Dark_Brown_GUI_kit/icon/full_simple/numbers/4.png using Guid(aa9220a4630dfef45adbd0c6f1be9d0a) Importer(815301076,1909f56bfc062723c751e8b465ee728b)  -> (artifact id: '89a996f3f61b80ef92a88665156a3a58') in 0.103442 seconds 
========================================================================
Received Import Request.
  Time since last request: 1.662210 seconds.
  path: Assets/AssetStore/Dark_Brown_GUI_kit/icon/simple/audio_mute.png
  artifactKey: Guid(85343a9700f0cec4eb80bdb687249fdf) Importer(815301076,1909f56bfc062723c751e8b465ee728b)
Start importing Assets/AssetStore/Dark_Brown_GUI_kit/icon/simple/audio_mute.png using Guid(85343a9700f0cec4eb80bdb687249fdf) Importer(815301076,1909f56bfc062723c751e8b465ee728b)  -> (artifact id: '64359e53911ad4b958c6d691116ece04') in 0.132490 seconds 
========================================================================
Received Import Request.
  Time since last request: 0.000030 seconds.
  path: Assets/Ui/Images/big_dark_bar.png
  artifactKey: Guid(a1c2765a8979408418647d0f38bfaee1) Importer(815301076,1909f56bfc062723c751e8b465ee728b)
Start importing Assets/Ui/Images/big_dark_bar.png using Guid(a1c2765a8979408418647d0f38bfaee1) Importer(815301076,1909f56bfc062723c751e8b465ee728b)  -> (artifact id: '03a7a5ab529754b9907c549edf74ec26') in 0.254495 seconds 
========================================================================
Received Import Request.
  Time since last request: 0.004361 seconds.
  path: Assets/AssetStore/Dark_Brown_GUI_kit/icon/simple/audio_on.png
  artifactKey: Guid(3aac208d45b5f984bb860a51234978f7) Importer(815301076,1909f56bfc062723c751e8b465ee728b)
Start importing Assets/AssetStore/Dark_Brown_GUI_kit/icon/simple/audio_on.png using Guid(3aac208d45b5f984bb860a51234978f7) Importer(815301076,1909f56bfc062723c751e8b465ee728b)  -> (artifact id: 'dd9e41033a5ee8f5a6ced2fa86065233') in 0.081387 seconds 
========================================================================
Received Import Request.
  Time since last request: 0.000020 seconds.
  path: Assets/AssetStore/Dark_Brown_GUI_kit/frame/big/big_circle_frame.png
  artifactKey: Guid(7d11ab86e1ff13a4bb027fb7e3f74d53) Importer(815301076,1909f56bfc062723c751e8b465ee728b)
Start importing Assets/AssetStore/Dark_Brown_GUI_kit/frame/big/big_circle_frame.png using Guid(7d11ab86e1ff13a4bb027fb7e3f74d53) Importer(815301076,1909f56bfc062723c751e8b465ee728b)  -> (artifact id: '2e7f62976bc76c950c7ece058615e1d7') in 0.161550 seconds 
========================================================================
Received Import Request.
  Time since last request: 0.001632 seconds.
  path: Assets/AssetStore/Dark_Brown_GUI_kit/button/rect/button0.png
  artifactKey: Guid(9fc45d0022a06d044822148ebb1faf5b) Importer(815301076,1909f56bfc062723c751e8b465ee728b)
Start importing Assets/AssetStore/Dark_Brown_GUI_kit/button/rect/button0.png using Guid(9fc45d0022a06d044822148ebb1faf5b) Importer(815301076,1909f56bfc062723c751e8b465ee728b)  -> (artifact id: '3b50bf0081eb4ba71306d4c67dd7fc7d') in 0.053660 seconds 
========================================================================
Received Import Request.
  Time since last request: 1.006319 seconds.
  path: Packages/com.unity.collab-proxy/Editor/PlasticSCM/Assets/Images/buttonssosigninemail.png
  artifactKey: Guid(d24e7e0b75e1a244bb9687d6fd4315ef) Importer(815301076,1909f56bfc062723c751e8b465ee728b)
Start importing Packages/com.unity.collab-proxy/Editor/PlasticSCM/Assets/Images/buttonssosigninemail.png using Guid(d24e7e0b75e1a244bb9687d6fd4315ef) Importer(815301076,1909f56bfc062723c751e8b465ee728b)  -> (artifact id: '6c19a95483f2188dfa5c6abc238526f8') in 0.242751 seconds 
========================================================================
Received Import Request.
  Time since last request: 0.000024 seconds.
  path: Assets/AssetStore/Dark_Brown_GUI_kit/icon/full_simple/chest-.png
  artifactKey: Guid(6fe7cf84d48a17c4ba5263e29405c5bb) Importer(815301076,1909f56bfc062723c751e8b465ee728b)
Start importing Assets/AssetStore/Dark_Brown_GUI_kit/icon/full_simple/chest-.png using Guid(6fe7cf84d48a17c4ba5263e29405c5bb) Importer(815301076,1909f56bfc062723c751e8b465ee728b)  -> (artifact id: '81f98f80e7cf36fcfd1e68a846e601cf') in 0.027982 seconds 
========================================================================
Received Import Request.
  Time since last request: 0.000034 seconds.
  path: Assets/AssetStore/Dark_Brown_GUI_kit/icon/full_simple/check-.png
  artifactKey: Guid(33aa5e6f9b0039143829aa746cd2f1d9) Importer(815301076,1909f56bfc062723c751e8b465ee728b)
Start importing Assets/AssetStore/Dark_Brown_GUI_kit/icon/full_simple/check-.png using Guid(33aa5e6f9b0039143829aa746cd2f1d9) Importer(815301076,1909f56bfc062723c751e8b465ee728b)  -> (artifact id: 'f81f89d5a96d3be031fc211b11900a38') in 0.024910 seconds 
========================================================================
Received Import Request.
  Time since last request: 0.000114 seconds.
  path: Assets/AssetStore/Dark_Brown_GUI_kit/icon/simple/check.png
  artifactKey: Guid(ec460df3a2f21e14b95b8064cd230cfc) Importer(815301076,1909f56bfc062723c751e8b465ee728b)
Start importing Assets/AssetStore/Dark_Brown_GUI_kit/icon/simple/check.png using Guid(ec460df3a2f21e14b95b8064cd230cfc) Importer(815301076,1909f56bfc062723c751e8b465ee728b)  -> (artifact id: '4c88776cfe8fa225e7688efcfa2193be') in 0.120205 seconds 
========================================================================
Received Import Request.
  Time since last request: 0.126018 seconds.
  path: Assets/AssetStore/Dark_Brown_GUI_kit/icon/other/coin/coin-bronze.png
  artifactKey: Guid(d6032d13c4ee8c441b8173423b65deb2) Importer(815301076,1909f56bfc062723c751e8b465ee728b)
Start importing Assets/AssetStore/Dark_Brown_GUI_kit/icon/other/coin/coin-bronze.png using Guid(d6032d13c4ee8c441b8173423b65deb2) Importer(815301076,1909f56bfc062723c751e8b465ee728b)  -> (artifact id: '2adeb2b3c49bee17d52e3db836a4b9e3') in 0.059570 seconds 
========================================================================
Received Import Request.
  Time since last request: 0.000019 seconds.
  path: Packages/com.unity.collab-proxy/Editor/PlasticSCM/Assets/Images/d_buttonssosigninemail.png
  artifactKey: Guid(3086d66a563317b40a20a20da2c64ac0) Importer(815301076,1909f56bfc062723c751e8b465ee728b)
Start importing Packages/com.unity.collab-proxy/Editor/PlasticSCM/Assets/Images/d_buttonssosigninemail.png using Guid(3086d66a563317b40a20a20da2c64ac0) Importer(815301076,1909f56bfc062723c751e8b465ee728b)  -> (artifact id: '0f0a27e553c09a0a5f562af1aceef0cb') in 0.044146 seconds 
========================================================================
Received Import Request.
  Time since last request: 0.000025 seconds.
  path: Packages/com.unity.collab-proxy/Editor/PlasticSCM/Assets/Images/d_cloudbuhochristmas.png
  artifactKey: Guid(70632ddfe8e71b04b8f90ef7e29a9e98) Importer(815301076,1909f56bfc062723c751e8b465ee728b)
Start importing Packages/com.unity.collab-proxy/Editor/PlasticSCM/Assets/Images/d_cloudbuhochristmas.png using Guid(70632ddfe8e71b04b8f90ef7e29a9e98) Importer(815301076,1909f56bfc062723c751e8b465ee728b)  -> (artifact id: '46a0642ffbac739643ed3a251e308a1d') in 0.110171 seconds 
========================================================================
Received Import Request.
  Time since last request: 0.000027 seconds.
  path: Packages/com.unity.collab-proxy/Editor/PlasticSCM/Assets/Images/d_expertbuhoshechristmas.png
  artifactKey: Guid(372e7b39fc8f34549ac25d8757965a2c) Importer(815301076,1909f56bfc062723c751e8b465ee728b)
Start importing Packages/com.unity.collab-proxy/Editor/PlasticSCM/Assets/Images/d_expertbuhoshechristmas.png using Guid(372e7b39fc8f34549ac25d8757965a2c) Importer(815301076,1909f56bfc062723c751e8b465ee728b)  -> (artifact id: '273d5fc088e5620054b360696332fb69') in 0.047453 seconds 
========================================================================
Received Import Request.
  Time since last request: 0.000028 seconds.
  path: Packages/com.unity.collab-proxy/Editor/PlasticSCM/Assets/Images/d_genericbuhochristmas1.png
  artifactKey: Guid(e36d1a38d7aa309409e80bf66a089330) Importer(815301076,1909f56bfc062723c751e8b465ee728b)
Start importing Packages/com.unity.collab-proxy/Editor/PlasticSCM/Assets/Images/d_genericbuhochristmas1.png using Guid(e36d1a38d7aa309409e80bf66a089330) Importer(815301076,1909f56bfc062723c751e8b465ee728b)  -> (artifact id: 'a0849c6da881d441ad80d2bd7f2bb8df') in 0.147557 seconds 
========================================================================
Received Import Request.
  Time since last request: 0.000019 seconds.
  path: Packages/com.unity.collab-proxy/Editor/PlasticSCM/Assets/Images/d_genericbuho3.png
  artifactKey: Guid(9e9474494461bd048803b48e391ef0f6) Importer(815301076,1909f56bfc062723c751e8b465ee728b)
Start importing Packages/com.unity.collab-proxy/Editor/PlasticSCM/Assets/Images/d_genericbuho3.png using Guid(9e9474494461bd048803b48e391ef0f6) Importer(815301076,1909f56bfc062723c751e8b465ee728b)  -> (artifact id: '8b4849ccba5ca3f2e3b189d423d799fb') in 0.048424 seconds 
========================================================================
Received Import Request.
  Time since last request: 0.000021 seconds.
  path: Packages/com.unity.collab-proxy/Editor/PlasticSCM/Assets/Images/d_genericbuho2.png
  artifactKey: Guid(0f061b4bd0275bc4eb60f2af31e7375a) Importer(815301076,1909f56bfc062723c751e8b465ee728b)
Start importing Packages/com.unity.collab-proxy/Editor/PlasticSCM/Assets/Images/d_genericbuho2.png using Guid(0f061b4bd0275bc4eb60f2af31e7375a) Importer(815301076,1909f56bfc062723c751e8b465ee728b)  -> (artifact id: '649a6111dd96a48ab81ab8e52af8f738') in 0.100367 seconds 
========================================================================
Received Import Request.
  Time since last request: 0.000029 seconds.
  path: Assets/AssetStore/Dark_Brown_GUI_kit/icon/full_simple/craft-.png
  artifactKey: Guid(b9ef2e422e5f4224b9471fd8ebe9feaf) Importer(815301076,1909f56bfc062723c751e8b465ee728b)
Start importing Assets/AssetStore/Dark_Brown_GUI_kit/icon/full_simple/craft-.png using Guid(b9ef2e422e5f4224b9471fd8ebe9feaf) Importer(815301076,1909f56bfc062723c751e8b465ee728b)  -> (artifact id: '5f5a75f216eed0ac076de2d09ae09dd5') in 0.050030 seconds 
========================================================================
Received Import Request.
  Time since last request: 0.000022 seconds.
  path: Packages/com.unity.collab-proxy/Editor/PlasticSCM/Assets/Images/d_genericbuhoshe3.png
  artifactKey: Guid(9bb60d9b0987c3747b57516cc172d0c7) Importer(815301076,1909f56bfc062723c751e8b465ee728b)
Start importing Packages/com.unity.collab-proxy/Editor/PlasticSCM/Assets/Images/d_genericbuhoshe3.png using Guid(9bb60d9b0987c3747b57516cc172d0c7) Importer(815301076,1909f56bfc062723c751e8b465ee728b)  -> (artifact id: '4379e1db0cdcef5a055bc573b08927a1') in 0.054355 seconds 
========================================================================
Received Import Request.
  Time since last request: 0.000023 seconds.
  path: Packages/com.unity.collab-proxy/Editor/PlasticSCM/Assets/Images/d_genericbuhochristmas2.png
  artifactKey: Guid(5955491dc8dcecb4a993d9a008cf65a7) Importer(815301076,1909f56bfc062723c751e8b465ee728b)
Start importing Packages/com.unity.collab-proxy/Editor/PlasticSCM/Assets/Images/d_genericbuhochristmas2.png using Guid(5955491dc8dcecb4a993d9a008cf65a7) Importer(815301076,1909f56bfc062723c751e8b465ee728b)  -> (artifact id: 'cce41dec60c8db2f385e59f0474f7c40') in 0.056114 seconds 
========================================================================
Received Import Request.
  Time since last request: 0.000019 seconds.
  path: Packages/com.unity.collab-proxy/Editor/PlasticSCM/Assets/Images/d_genericbuhoshe2.png
  artifactKey: Guid(17035c204825f6340a252046ab6476fd) Importer(815301076,1909f56bfc062723c751e8b465ee728b)
Start importing Packages/com.unity.collab-proxy/Editor/PlasticSCM/Assets/Images/d_genericbuhoshe2.png using Guid(17035c204825f6340a252046ab6476fd) Importer(815301076,1909f56bfc062723c751e8b465ee728b)  -> (artifact id: 'c3839ad0f8ad30bf5e41cb40cdbfc9d9') in 0.104974 seconds 
========================================================================
Received Import Request.
  Time since last request: 0.000025 seconds.
  path: Packages/com.unity.collab-proxy/Editor/PlasticSCM/Assets/Images/d_iconaddedlocal.png
  artifactKey: Guid(0c6a2a64ca9f9c946a7dbbd1674cf5bd) Importer(815301076,1909f56bfc062723c751e8b465ee728b)
Start importing Packages/com.unity.collab-proxy/Editor/PlasticSCM/Assets/Images/d_iconaddedlocal.png using Guid(0c6a2a64ca9f9c946a7dbbd1674cf5bd) Importer(815301076,1909f56bfc062723c751e8b465ee728b)  -> (artifact id: '4a90e155f16fdb4383766bc92f00a429') in 0.092817 seconds 
========================================================================
Received Import Request.
  Time since last request: 0.000033 seconds.
  path: Assets/AssetStore/Dark_Brown_GUI_kit/icon/full_simple/coins-.png
  artifactKey: Guid(2ee5f08a970f2bb42835bc74e5eb2208) Importer(815301076,1909f56bfc062723c751e8b465ee728b)
Start importing Assets/AssetStore/Dark_Brown_GUI_kit/icon/full_simple/coins-.png using Guid(2ee5f08a970f2bb42835bc74e5eb2208) Importer(815301076,1909f56bfc062723c751e8b465ee728b)  -> (artifact id: '848bad5f2a68cf3d4e8abcbddba3b5bc') in 0.102937 seconds 
========================================================================
Received Import Request.
  Time since last request: 0.000020 seconds.
  path: Packages/com.unity.collab-proxy/Editor/PlasticSCM/Assets/Images/d_cloudbuhoshe.png
  artifactKey: Guid(dae33700bd23f76409a80bf78fdb8a42) Importer(815301076,1909f56bfc062723c751e8b465ee728b)
Start importing Packages/com.unity.collab-proxy/Editor/PlasticSCM/Assets/Images/d_cloudbuhoshe.png using Guid(dae33700bd23f76409a80bf78fdb8a42) Importer(815301076,1909f56bfc062723c751e8b465ee728b)  -> (artifact id: '056d19c64a41f2646a53a744e568647b') in 0.058027 seconds 
========================================================================
Received Import Request.
  Time since last request: 0.000016 seconds.
  path: Packages/com.unity.collab-proxy/Editor/PlasticSCM/Assets/Images/d_icondeletedlocaloverlay.png
  artifactKey: Guid(4da274d970a82a943ae3979e7833f3dd) Importer(815301076,1909f56bfc062723c751e8b465ee728b)
Start importing Packages/com.unity.collab-proxy/Editor/PlasticSCM/Assets/Images/d_icondeletedlocaloverlay.png using Guid(4da274d970a82a943ae3979e7833f3dd) Importer(815301076,1909f56bfc062723c751e8b465ee728b)  -> (artifact id: '3b7ac447d97b6ad59616aaa089659da5') in 0.083332 seconds 
========================================================================
Received Import Request.
  Time since last request: 0.000023 seconds.
  path: Packages/com.unity.collab-proxy/Editor/PlasticSCM/Assets/Images/d_iconconflicted.png
  artifactKey: Guid(881798b77426a8f47b533dcc4767e9e5) Importer(815301076,1909f56bfc062723c751e8b465ee728b)
Start importing Packages/com.unity.collab-proxy/Editor/PlasticSCM/Assets/Images/d_iconconflicted.png using Guid(881798b77426a8f47b533dcc4767e9e5) Importer(815301076,1909f56bfc062723c751e8b465ee728b)  -> (artifact id: '7655b9d7a9c14bec037871a62789b0a0') in 0.110256 seconds 
========================================================================
Received Import Request.
  Time since last request: 0.000042 seconds.
  path: Packages/com.unity.collab-proxy/Editor/PlasticSCM/Assets/Images/d_iconcheckedoutlocaloverlay.png
  artifactKey: Guid(bb1928aff4fd4cf44af1f629dc14ef9b) Importer(815301076,1909f56bfc062723c751e8b465ee728b)
Start importing Packages/com.unity.collab-proxy/Editor/PlasticSCM/Assets/Images/d_iconcheckedoutlocaloverlay.png using Guid(bb1928aff4fd4cf44af1f629dc14ef9b) Importer(815301076,1909f56bfc062723c751e8b465ee728b)  -> (artifact id: '7e27ec18bff5a7eb145534850f70b5fb') in 0.246517 seconds 
========================================================================
Received Import Request.
  Time since last request: 0.000025 seconds.
  path: Packages/com.unity.collab-proxy/Editor/PlasticSCM/Assets/Images/d_iconemptygravatar@2x.png
  artifactKey: Guid(0ac55f9f886d827408c102bdf33c5ff7) Importer(815301076,1909f56bfc062723c751e8b465ee728b)
Start importing Packages/com.unity.collab-proxy/Editor/PlasticSCM/Assets/Images/d_iconemptygravatar@2x.png using Guid(0ac55f9f886d827408c102bdf33c5ff7) Importer(815301076,1909f56bfc062723c751e8b465ee728b)  -> (artifact id: 'c9d3ce53cd6ffeefe2c09ee564971fee') in 0.048173 seconds 
========================================================================
Received Import Request.
  Time since last request: 0.000028 seconds.
  path: Packages/com.unity.collab-proxy/Editor/PlasticSCM/Assets/Images/d_iconlockedremoteoverlay.png
  artifactKey: Guid(1046ed65e6aaffb4391378f6d08d6c14) Importer(815301076,1909f56bfc062723c751e8b465ee728b)
Start importing Packages/com.unity.collab-proxy/Editor/PlasticSCM/Assets/Images/d_iconlockedremoteoverlay.png using Guid(1046ed65e6aaffb4391378f6d08d6c14) Importer(815301076,1909f56bfc062723c751e8b465ee728b)  -> (artifact id: 'ce066c76f5b98829361cfdafc40b1af8') in 0.082409 seconds 
========================================================================
Received Import Request.
  Time since last request: 0.000019 seconds.
  path: Packages/com.unity.collab-proxy/Editor/PlasticSCM/Assets/Images/d_iconconflictedoverlay.png
  artifactKey: Guid(a892bcc7ae1871447926b3c44d158763) Importer(815301076,1909f56bfc062723c751e8b465ee728b)
Start importing Packages/com.unity.collab-proxy/Editor/PlasticSCM/Assets/Images/d_iconconflictedoverlay.png using Guid(a892bcc7ae1871447926b3c44d158763) Importer(815301076,1909f56bfc062723c751e8b465ee728b)  -> (artifact id: '5922e855ce04780f9d8385e80cf41e15') in 0.150280 seconds 
========================================================================
Received Import Request.
  Time since last request: 0.000029 seconds.
  path: Packages/com.unity.collab-proxy/Editor/PlasticSCM/Assets/Images/d_iconemptygravatar.png
  artifactKey: Guid(9aebd705574f9e642aef1e5f59b3e4d8) Importer(815301076,1909f56bfc062723c751e8b465ee728b)
Start importing Packages/com.unity.collab-proxy/Editor/PlasticSCM/Assets/Images/d_iconemptygravatar.png using Guid(9aebd705574f9e642aef1e5f59b3e4d8) Importer(815301076,1909f56bfc062723c751e8b465ee728b)  -> (artifact id: '101b8b9d789afefe4409d11adbd10c4e') in 0.156459 seconds 
========================================================================
Received Import Request.
  Time since last request: 0.000027 seconds.
  path: Packages/com.unity.collab-proxy/Editor/PlasticSCM/Assets/Images/d_iconplasticviewnotify.png
  artifactKey: Guid(df7dbac99fae5444f92b497c52f0ecfb) Importer(815301076,1909f56bfc062723c751e8b465ee728b)
Start importing Packages/com.unity.collab-proxy/Editor/PlasticSCM/Assets/Images/d_iconplasticviewnotify.png using Guid(df7dbac99fae5444f92b497c52f0ecfb) Importer(815301076,1909f56bfc062723c751e8b465ee728b)  -> (artifact id: '165f033a18dd093c5c4f3ac84418fdaf') in 0.100949 seconds 
========================================================================
Received Import Request.
  Time since last request: 0.000021 seconds.
  path: Packages/com.unity.collab-proxy/Editor/PlasticSCM/Assets/Images/d_iconplasticnotifyconflict.png
  artifactKey: Guid(51582ae5ea51fa14996791a550f89473) Importer(815301076,1909f56bfc062723c751e8b465ee728b)
Start importing Packages/com.unity.collab-proxy/Editor/PlasticSCM/Assets/Images/d_iconplasticnotifyconflict.png using Guid(51582ae5ea51fa14996791a550f89473) Importer(815301076,1909f56bfc062723c751e8b465ee728b)  -> (artifact id: '6533a61bbb72844f4b407766273e42a0') in 0.097660 seconds 
========================================================================
Received Import Request.
  Time since last request: 0.000020 seconds.
  path: Packages/com.unity.collab-proxy/Editor/PlasticSCM/Assets/Images/d_iconoutofsyncoverlay@2x.png
  artifactKey: Guid(4d7e6e570e9d65a4c9a994783a0652e2) Importer(815301076,1909f56bfc062723c751e8b465ee728b)
Start importing Packages/com.unity.collab-proxy/Editor/PlasticSCM/Assets/Images/d_iconoutofsyncoverlay@2x.png using Guid(4d7e6e570e9d65a4c9a994783a0652e2) Importer(815301076,1909f56bfc062723c751e8b465ee728b)  -> (artifact id: 'eab67718152f1a45ee86d78afa938e49') in 0.106205 seconds 
========================================================================
Received Import Request.
  Time since last request: 0.000035 seconds.
  path: Packages/com.unity.collab-proxy/Editor/PlasticSCM/Assets/Images/d_iconundo@2x.png
  artifactKey: Guid(6d6088174bb906b49ad8428526ee337b) Importer(815301076,1909f56bfc062723c751e8b465ee728b)
Start importing Packages/com.unity.collab-proxy/Editor/PlasticSCM/Assets/Images/d_iconundo@2x.png using Guid(6d6088174bb906b49ad8428526ee337b) Importer(815301076,1909f56bfc062723c751e8b465ee728b)  -> (artifact id: '4c5b07d17d3bde846c597eb8146e95a3') in 0.080926 seconds 
========================================================================
Received Import Request.
  Time since last request: 0.000019 seconds.
  path: Packages/com.unity.collab-proxy/Editor/PlasticSCM/Assets/Images/d_icondeletedremote.png
  artifactKey: Guid(23e66f7264c74424889342127f229577) Importer(815301076,1909f56bfc062723c751e8b465ee728b)
Start importing Packages/com.unity.collab-proxy/Editor/PlasticSCM/Assets/Images/d_icondeletedremote.png using Guid(23e66f7264c74424889342127f229577) Importer(815301076,1909f56bfc062723c751e8b465ee728b)  -> (artifact id: '6ac84cbb2832df91dafea213dd84c156') in 0.102785 seconds 
========================================================================
Received Import Request.
  Time since last request: 0.000022 seconds.
  path: Packages/com.unity.collab-proxy/Editor/PlasticSCM/Assets/Images/d_iconoutofsync.png
  artifactKey: Guid(0e80bd0b4a8196f46acf73711b9505ec) Importer(815301076,1909f56bfc062723c751e8b465ee728b)
Start importing Packages/com.unity.collab-proxy/Editor/PlasticSCM/Assets/Images/d_iconoutofsync.png using Guid(0e80bd0b4a8196f46acf73711b9505ec) Importer(815301076,1909f56bfc062723c751e8b465ee728b)  -> (artifact id: '680ced3fe4634838e37fb4706079aa30') in 0.094500 seconds 
========================================================================
Received Import Request.
  Time since last request: 0.000029 seconds.
  path: Packages/com.unity.collab-proxy/Editor/PlasticSCM/Assets/Images/d_stevejobsbuhochristmas.png
  artifactKey: Guid(08c91a7677e66844281a99aaf6ea36f1) Importer(815301076,1909f56bfc062723c751e8b465ee728b)
Start importing Packages/com.unity.collab-proxy/Editor/PlasticSCM/Assets/Images/d_stevejobsbuhochristmas.png using Guid(08c91a7677e66844281a99aaf6ea36f1) Importer(815301076,1909f56bfc062723c751e8b465ee728b)  -> (artifact id: '44f9713faea58d1210ed8943f4f49ca1') in 0.117092 seconds 
========================================================================
Received Import Request.
  Time since last request: 0.000038 seconds.
  path: Assets/AssetStore/Dark_Brown_GUI_kit/skill_icon/dark/dark_wind.png
  artifactKey: Guid(63505779c3342bf44a7d398d4d3f5c88) Importer(815301076,1909f56bfc062723c751e8b465ee728b)
Start importing Assets/AssetStore/Dark_Brown_GUI_kit/skill_icon/dark/dark_wind.png using Guid(63505779c3342bf44a7d398d4d3f5c88) Importer(815301076,1909f56bfc062723c751e8b465ee728b)  -> (artifact id: '6abe6195656e28b6e30f47c4916360f7') in 0.036330 seconds 
========================================================================
Received Import Request.
  Time since last request: 0.000026 seconds.
  path: Assets/AssetStore/Dark_Brown_GUI_kit/icon/full_simple/door-.png
  artifactKey: Guid(fffbc75ac04539545889dd731ada53fa) Importer(815301076,1909f56bfc062723c751e8b465ee728b)
Start importing Assets/AssetStore/Dark_Brown_GUI_kit/icon/full_simple/door-.png using Guid(fffbc75ac04539545889dd731ada53fa) Importer(815301076,1909f56bfc062723c751e8b465ee728b)  -> (artifact id: '867d85849d5de2285ef35e435bae857f') in 0.029251 seconds 
========================================================================
Received Import Request.
  Time since last request: 0.000028 seconds.
  path: Packages/com.unity.collab-proxy/Editor/PlasticSCM/Assets/Images/d_refresh@2x.png
  artifactKey: Guid(602b72d4617c3694aa94419fc1b68e04) Importer(815301076,1909f56bfc062723c751e8b465ee728b)
Start importing Packages/com.unity.collab-proxy/Editor/PlasticSCM/Assets/Images/d_refresh@2x.png using Guid(602b72d4617c3694aa94419fc1b68e04) Importer(815301076,1909f56bfc062723c751e8b465ee728b)  -> (artifact id: 'a5dda284df30666e5a1e95afacad32fb') in 0.048269 seconds 
========================================================================
Received Import Request.
  Time since last request: 0.000016 seconds.
  path: Packages/com.unity.collab-proxy/Editor/PlasticSCM/Assets/Images/d_step3@2x.png
  artifactKey: Guid(c9ed6d6ea2f9657409bfa068d4846139) Importer(815301076,1909f56bfc062723c751e8b465ee728b)
Start importing Packages/com.unity.collab-proxy/Editor/PlasticSCM/Assets/Images/d_step3@2x.png using Guid(c9ed6d6ea2f9657409bfa068d4846139) Importer(815301076,1909f56bfc062723c751e8b465ee728b)  -> (artifact id: '9d5f4a560a38bb3b231af25c6b5ad13f') in 0.049767 seconds 
========================================================================
Received Import Request.
  Time since last request: 0.000022 seconds.
  path: Packages/com.unity.collab-proxy/Editor/PlasticSCM/Assets/Images/d_stepok@2x.png
  artifactKey: Guid(3494dc956dfd7174abc07060940a2848) Importer(815301076,1909f56bfc062723c751e8b465ee728b)
Start importing Packages/com.unity.collab-proxy/Editor/PlasticSCM/Assets/Images/d_stepok@2x.png using Guid(3494dc956dfd7174abc07060940a2848) Importer(815301076,1909f56bfc062723c751e8b465ee728b)  -> (artifact id: '57316344534945a90d94c2247c412ca1') in 0.041087 seconds 
========================================================================
Received Import Request.
  Time since last request: 0.000034 seconds.
  path: Assets/AssetStore/Dark_Brown_GUI_kit/icon/full_simple/e-.png
  artifactKey: Guid(de9e9ec7bec775548880931aa503248a) Importer(815301076,1909f56bfc062723c751e8b465ee728b)
Start importing Assets/AssetStore/Dark_Brown_GUI_kit/icon/full_simple/e-.png using Guid(de9e9ec7bec775548880931aa503248a) Importer(815301076,1909f56bfc062723c751e8b465ee728b)  -> (artifact id: '0a3a7a62918f0c97efe06fba73fb7ca8') in 0.118041 seconds 
========================================================================
Received Import Request.
  Time since last request: 0.000029 seconds.
  path: Assets/AssetStore/Dark_Brown_GUI_kit/icon/simple/download.png
  artifactKey: Guid(49c7f41dc6867664288bbb855dc31fe3) Importer(815301076,1909f56bfc062723c751e8b465ee728b)
Start importing Assets/AssetStore/Dark_Brown_GUI_kit/icon/simple/download.png using Guid(49c7f41dc6867664288bbb855dc31fe3) Importer(815301076,1909f56bfc062723c751e8b465ee728b)  -> (artifact id: '871bb03cd5396427c78a337a96560bd7') in 0.055363 seconds 
========================================================================
Received Import Request.
  Time since last request: 0.000025 seconds.
  path: Assets/AssetStore/Dark_Brown_GUI_kit/skill_icon/fire/fire_ball.png
  artifactKey: Guid(447a3de3e3f0dc54aaa942d7c48e9f90) Importer(815301076,1909f56bfc062723c751e8b465ee728b)
Start importing Assets/AssetStore/Dark_Brown_GUI_kit/skill_icon/fire/fire_ball.png using Guid(447a3de3e3f0dc54aaa942d7c48e9f90) Importer(815301076,1909f56bfc062723c751e8b465ee728b)  -> (artifact id: '4b7622fbe6e70f01adc9a7b08a7ddfee') in 0.057710 seconds 
========================================================================
Received Import Request.
  Time since last request: 0.000021 seconds.
  path: Assets/AssetStore/Dark_Brown_GUI_kit/icon/simple/exclamation.png
  artifactKey: Guid(868d6074b6e4e44479b4c99e719e3bb9) Importer(815301076,1909f56bfc062723c751e8b465ee728b)
Start importing Assets/AssetStore/Dark_Brown_GUI_kit/icon/simple/exclamation.png using Guid(868d6074b6e4e44479b4c99e719e3bb9) Importer(815301076,1909f56bfc062723c751e8b465ee728b)  -> (artifact id: 'eb085c7bf655b82feb1d81fd3a2f7a0d') in 0.273948 seconds 
========================================================================
Received Import Request.
  Time since last request: 0.000345 seconds.
  path: Packages/com.unity.collab-proxy/Editor/PlasticSCM/Assets/Images/d_secondarytabclose.png
  artifactKey: Guid(6975ee4c1f40caf4da8dd733ee2cfeaf) Importer(815301076,1909f56bfc062723c751e8b465ee728b)
Start importing Packages/com.unity.collab-proxy/Editor/PlasticSCM/Assets/Images/d_secondarytabclose.png using Guid(6975ee4c1f40caf4da8dd733ee2cfeaf) Importer(815301076,1909f56bfc062723c751e8b465ee728b)  -> (artifact id: '4a63872e55a848727a12edb76f061b8c') in 0.112896 seconds 
========================================================================
Received Import Request.
  Time since last request: 0.000030 seconds.
  path: Packages/com.unity.collab-proxy/Editor/PlasticSCM/Assets/Images/d_loading.png
  artifactKey: Guid(d58e94bfb1bac774dbb8ca9c2597ef2e) Importer(815301076,1909f56bfc062723c751e8b465ee728b)
Start importing Packages/com.unity.collab-proxy/Editor/PlasticSCM/Assets/Images/d_loading.png using Guid(d58e94bfb1bac774dbb8ca9c2597ef2e) Importer(815301076,1909f56bfc062723c751e8b465ee728b)  -> (artifact id: '3d7ec5830963a6309fb1836deed5f4c1') in 0.051932 seconds 
========================================================================
Received Import Request.
  Time since last request: 0.000017 seconds.
  path: Packages/com.unity.collab-proxy/Editor/PlasticSCM/Assets/Images/d_secondarytabclosehover.png
  artifactKey: Guid(6a9d211bea1bc4a429d86cbb2d0b0a3e) Importer(815301076,1909f56bfc062723c751e8b465ee728b)
Start importing Packages/com.unity.collab-proxy/Editor/PlasticSCM/Assets/Images/d_secondarytabclosehover.png using Guid(6a9d211bea1bc4a429d86cbb2d0b0a3e) Importer(815301076,1909f56bfc062723c751e8b465ee728b)  -> (artifact id: '825d72125939ed7e140fdcd83cd5f015') in 0.066902 seconds 
========================================================================
Received Import Request.
  Time since last request: 0.111989 seconds.
  path: Assets/AssetStore/Dark_Brown_GUI_kit/skill_icon/ice/frost_bolt.png
  artifactKey: Guid(9a8d3d5bc2a72654290305a8e1188a3e) Importer(815301076,1909f56bfc062723c751e8b465ee728b)
Start importing Assets/AssetStore/Dark_Brown_GUI_kit/skill_icon/ice/frost_bolt.png using Guid(9a8d3d5bc2a72654290305a8e1188a3e) Importer(815301076,1909f56bfc062723c751e8b465ee728b)  -> (artifact id: '3ab9c9f5d1aecc06528465d2300df461') in 0.100376 seconds 
========================================================================
Received Import Request.
  Time since last request: 0.000055 seconds.
  path: Assets/AssetStore/Dark_Brown_GUI_kit/icon/other/craft/tr/green_lover_tr.png
  artifactKey: Guid(b54b0a2f37657794c943f3f14f3750e1) Importer(815301076,1909f56bfc062723c751e8b465ee728b)
Start importing Assets/AssetStore/Dark_Brown_GUI_kit/icon/other/craft/tr/green_lover_tr.png using Guid(b54b0a2f37657794c943f3f14f3750e1) Importer(815301076,1909f56bfc062723c751e8b465ee728b)  -> (artifact id: '5844d9d920ce33f7d8f3a35796ac3524') in 0.030735 seconds 
========================================================================
Received Import Request.
  Time since last request: 0.000273 seconds.
  path: Assets/AssetStore/Dark_Brown_GUI_kit/icon/other/craft/green_lover.png
  artifactKey: Guid(6832d5797dd668e42be64449cf6c88e7) Importer(815301076,1909f56bfc062723c751e8b465ee728b)
Start importing Assets/AssetStore/Dark_Brown_GUI_kit/icon/other/craft/green_lover.png using Guid(6832d5797dd668e42be64449cf6c88e7) Importer(815301076,1909f56bfc062723c751e8b465ee728b)  -> (artifact id: '21acdc672f1047aaede505be76545efb') in 0.036385 seconds 
========================================================================
Received Import Request.
  Time since last request: 0.604598 seconds.
  path: Assets/AssetStore/Dark_Brown_GUI_kit/icon/simple/home.png
  artifactKey: Guid(947c90ea345a54944bf0e2dc4af85150) Importer(815301076,1909f56bfc062723c751e8b465ee728b)
Start importing Assets/AssetStore/Dark_Brown_GUI_kit/icon/simple/home.png using Guid(947c90ea345a54944bf0e2dc4af85150) Importer(815301076,1909f56bfc062723c751e8b465ee728b)  -> (artifact id: 'f7965391b14db8deeda1fdb6ea8c82c9') in 0.050484 seconds 
========================================================================
Received Import Request.
  Time since last request: 0.000024 seconds.
  path: Packages/com.unity.collab-proxy/Editor/PlasticSCM/Assets/Images/iconaddedlocal@2x.png
  artifactKey: Guid(a67b58d6cddcd4345b1e001340de5a76) Importer(815301076,1909f56bfc062723c751e8b465ee728b)
Start importing Packages/com.unity.collab-proxy/Editor/PlasticSCM/Assets/Images/iconaddedlocal@2x.png using Guid(a67b58d6cddcd4345b1e001340de5a76) Importer(815301076,1909f56bfc062723c751e8b465ee728b)  -> (artifact id: '267aca9037e5eef63ec63338fd286010') in 0.044163 seconds 
========================================================================
Received Import Request.
  Time since last request: 0.000020 seconds.
  path: Packages/com.unity.collab-proxy/Editor/PlasticSCM/Assets/Images/iconaddedlocal.png
  artifactKey: Guid(9a1ab8af8c446204e989a90f18305caf) Importer(815301076,1909f56bfc062723c751e8b465ee728b)
Start importing Packages/com.unity.collab-proxy/Editor/PlasticSCM/Assets/Images/iconaddedlocal.png using Guid(9a1ab8af8c446204e989a90f18305caf) Importer(815301076,1909f56bfc062723c751e8b465ee728b)  -> (artifact id: 'd4e93576fb05853d4e8d589a8870a6f6') in 0.138865 seconds 
========================================================================
Received Import Request.
  Time since last request: 186.413921 seconds.
  path: Assets/AssetStore/Dark_Brown_GUI_kit/background/other/line.png
  artifactKey: Guid(91b8b8c81bd825e489ef2345182d0dd5) Importer(815301076,1909f56bfc062723c751e8b465ee728b)
Start importing Assets/AssetStore/Dark_Brown_GUI_kit/background/other/line.png using Guid(91b8b8c81bd825e489ef2345182d0dd5) Importer(815301076,1909f56bfc062723c751e8b465ee728b)  -> (artifact id: '5253a54d3beea28e985772e0b42b9faa') in 0.365953 seconds 
========================================================================
Received Import Request.
  Time since last request: 2.741683 seconds.
  path: Packages/com.unity.collab-proxy/Editor/PlasticSCM/Assets/Images/iconcheckedoutlocaloverlay@2x.png
  artifactKey: Guid(3999034958d54364da380a8839a11050) Importer(815301076,1909f56bfc062723c751e8b465ee728b)
Start importing Packages/com.unity.collab-proxy/Editor/PlasticSCM/Assets/Images/iconcheckedoutlocaloverlay@2x.png using Guid(3999034958d54364da380a8839a11050) Importer(815301076,1909f56bfc062723c751e8b465ee728b)  -> (artifact id: '4324ddd98a9b3546112d66f4f163adff') in 0.159395 seconds 
========================================================================
Received Import Request.
  Time since last request: 0.000029 seconds.
  path: Packages/com.unity.collab-proxy/Editor/PlasticSCM/Assets/Images/iconconflictedoverlay@2x.png
  artifactKey: Guid(5679a74364f6b4440ab7e7aed55cd95e) Importer(815301076,1909f56bfc062723c751e8b465ee728b)
Start importing Packages/com.unity.collab-proxy/Editor/PlasticSCM/Assets/Images/iconconflictedoverlay@2x.png using Guid(5679a74364f6b4440ab7e7aed55cd95e) Importer(815301076,1909f56bfc062723c751e8b465ee728b)  -> (artifact id: '62e3171fe98a66096c07ec626fe1b65b') in 0.149818 seconds 
========================================================================
Received Import Request.
  Time since last request: 0.000206 seconds.
  path: Packages/com.unity.collab-proxy/Editor/PlasticSCM/Assets/Images/iconconflictresolvedoverlay.png
  artifactKey: Guid(0a78c2b019ae1e5448f50d83adcfd965) Importer(815301076,1909f56bfc062723c751e8b465ee728b)
Start importing Packages/com.unity.collab-proxy/Editor/PlasticSCM/Assets/Images/iconconflictresolvedoverlay.png using Guid(0a78c2b019ae1e5448f50d83adcfd965) Importer(815301076,1909f56bfc062723c751e8b465ee728b)  -> (artifact id: '9618c92fa67595711d90e1a4607c0141') in 0.106880 seconds 
========================================================================
Received Import Request.
  Time since last request: 0.000025 seconds.
  path: Packages/com.unity.collab-proxy/Editor/PlasticSCM/Assets/Images/icondeletedremote@2x.png
  artifactKey: Guid(70e3ce8ad01f39248a3ea97a35bcf238) Importer(815301076,1909f56bfc062723c751e8b465ee728b)
Start importing Packages/com.unity.collab-proxy/Editor/PlasticSCM/Assets/Images/icondeletedremote@2x.png using Guid(70e3ce8ad01f39248a3ea97a35bcf238) Importer(815301076,1909f56bfc062723c751e8b465ee728b)  -> (artifact id: '7c3c91f3779ff76c83fea9a5212a2a18') in 0.050352 seconds 
========================================================================
Received Import Request.
  Time since last request: 0.000017 seconds.
  path: Packages/com.unity.collab-proxy/Editor/PlasticSCM/Assets/Images/icondeletedremote.png
  artifactKey: Guid(b85a4b2ec6433d04895612d791edc260) Importer(815301076,1909f56bfc062723c751e8b465ee728b)
Start importing Packages/com.unity.collab-proxy/Editor/PlasticSCM/Assets/Images/icondeletedremote.png using Guid(b85a4b2ec6433d04895612d791edc260) Importer(815301076,1909f56bfc062723c751e8b465ee728b)  -> (artifact id: 'b0baae75b7da4bc02ae9184f3e5a434a') in 0.052317 seconds 
========================================================================
Received Import Request.
  Time since last request: 0.000023 seconds.
  path: Packages/com.unity.collab-proxy/Editor/PlasticSCM/Assets/Images/iconconflicted.png
  artifactKey: Guid(d1c88f142eee55b4eb2b2cfd7b3624ce) Importer(815301076,1909f56bfc062723c751e8b465ee728b)
Start importing Packages/com.unity.collab-proxy/Editor/PlasticSCM/Assets/Images/iconconflicted.png using Guid(d1c88f142eee55b4eb2b2cfd7b3624ce) Importer(815301076,1909f56bfc062723c751e8b465ee728b)  -> (artifact id: '1349df3d8f5ec23903361c06b3f1670b') in 0.050182 seconds 
Editor requested this worker to shutdown with reason: Scaling down because of idle timeout
AssetImportWorker is now disconnected from the server
Process exiting
Exiting without the bug reporter. Application will terminate with return code 0