Using pre-set license
Built from '2021.3/staging' branch; Version is '2021.3.11f1 (0a5ca18544bf) revision 679073'; Using compiler version '192829333'; Build Type 'Release'
OS: 'Windows 10  (10.0.19045) 64bit Professional' Language: 'ko' Physical Memory: 16332 MB
BatchMode: 1, IsHumanControllingUs: 0, StartBugReporterOnCrash: 0, Is64bit: 1, IsPro: 1

COMMAND LINE ARGUMENTS:
C:\Program Files\Unity\Hub\Editor\2021.3.11f1\Editor\Unity.exe
-adb2
-batchMode
-noUpm
-name
AssetImportWorker4
-projectPath
C:/Users/김주현/Desktop/WOS/Wos
-logFile
Logs/AssetImportWorker4.log
-srvPort
6143
Successfully changed project path to: C:/Users/김주현/Desktop/WOS/Wos
C:/Users/김주현/Desktop/WOS/Wos
[UnityMemory] Configuration Parameters - Can be set up in boot.config
    "memorysetup-bucket-allocator-granularity=16"
    "memorysetup-bucket-allocator-bucket-count=8"
    "memorysetup-bucket-allocator-block-size=33554432"
    "memorysetup-bucket-allocator-block-count=8"
    "memorysetup-main-allocator-block-size=16777216"
    "memorysetup-thread-allocator-block-size=16777216"
    "memorysetup-gfx-main-allocator-block-size=16777216"
    "memorysetup-gfx-thread-allocator-block-size=16777216"
    "memorysetup-cache-allocator-block-size=4194304"
    "memorysetup-typetree-allocator-block-size=2097152"
    "memorysetup-profiler-bucket-allocator-granularity=16"
    "memorysetup-profiler-bucket-allocator-bucket-count=8"
    "memorysetup-profiler-bucket-allocator-block-size=33554432"
    "memorysetup-profiler-bucket-allocator-block-count=8"
    "memorysetup-profiler-allocator-block-size=16777216"
    "memorysetup-profiler-editor-allocator-block-size=1048576"
    "memorysetup-temp-allocator-size-main=16777216"
    "memorysetup-job-temp-allocator-block-size=2097152"
    "memorysetup-job-temp-allocator-block-size-background=1048576"
    "memorysetup-job-temp-allocator-reduction-small-platforms=262144"
    "memorysetup-temp-allocator-size-background-worker=32768"
    "memorysetup-temp-allocator-size-job-worker=262144"
    "memorysetup-temp-allocator-size-preload-manager=33554432"
    "memorysetup-temp-allocator-size-nav-mesh-worker=65536"
    "memorysetup-temp-allocator-size-audio-worker=65536"
    "memorysetup-temp-allocator-size-cloud-worker=32768"
    "memorysetup-temp-allocator-size-gi-baking-worker=262144"
    "memorysetup-temp-allocator-size-gfx=262144"
Refreshing native plugins compatible for Editor in 167.70 ms, found 3 plugins.
Preloading 0 native plugins for Editor in 0.00 ms.
Initialize engine version: 2021.3.11f1 (0a5ca18544bf)
[Subsystems] Discovering subsystems at path C:/Program Files/Unity/Hub/Editor/2021.3.11f1/Editor/Data/Resources/UnitySubsystems
[Subsystems] Discovering subsystems at path C:/Users/김주현/Desktop/WOS/Wos/Assets
GfxDevice: creating device client; threaded=0; jobified=0
Direct3D:
    Version:  Direct3D 11.0 [level 11.1]
    Renderer: NVIDIA GeForce RTX 2060 SUPER (ID=0x1f06)
    Vendor:   NVIDIA
    VRAM:     8031 MB
    Driver:   31.0.15.1694
Initialize mono
Mono path[0] = 'C:/Program Files/Unity/Hub/Editor/2021.3.11f1/Editor/Data/Managed'
Mono path[1] = 'C:/Program Files/Unity/Hub/Editor/2021.3.11f1/Editor/Data/MonoBleedingEdge/lib/mono/unityjit-win32'
Mono config path = 'C:/Program Files/Unity/Hub/Editor/2021.3.11f1/Editor/Data/MonoBleedingEdge/etc'
Using monoOptions --debugger-agent=transport=dt_socket,embedding=1,server=y,suspend=n,address=127.0.0.1:56628
Begin MonoManager ReloadAssembly
Registering precompiled unity dll's ...
Register platform support module: C:/Program Files/Unity/Hub/Editor/2021.3.11f1/Editor/Data/PlaybackEngines/WindowsStandaloneSupport/UnityEditor.WindowsStandalone.Extensions.dll
Registered in 0.055647 seconds.
Native extension for WindowsStandalone target not found
Refreshing native plugins compatible for Editor in 110.48 ms, found 3 plugins.
Preloading 0 native plugins for Editor in 0.00 ms.
Mono: successfully reloaded assembly
- Completed reload, in  0.992 seconds
Domain Reload Profiling:
	ReloadAssembly (993ms)
		BeginReloadAssembly (218ms)
			ExecutionOrderSort (0ms)
			DisableScriptedObjects (0ms)
			BackupInstance (0ms)
			ReleaseScriptingObjects (0ms)
			CreateAndSetChildDomain (1ms)
		EndReloadAssembly (533ms)
			LoadAssemblies (203ms)
			RebuildTransferFunctionScriptingTraits (0ms)
			SetupTypeCache (112ms)
			ReleaseScriptCaches (0ms)
			RebuildScriptCaches (28ms)
			SetupLoadedEditorAssemblies (308ms)
				LogAssemblyErrors (0ms)
				InitializePlatformSupportModulesInManaged (20ms)
				SetLoadedEditorAssemblies (0ms)
				RefreshPlugins (111ms)
				BeforeProcessingInitializeOnLoad (1ms)
				ProcessInitializeOnLoadAttributes (123ms)
				ProcessInitializeOnLoadMethodAttributes (52ms)
				AfterProcessingInitializeOnLoad (0ms)
				EditorAssembliesLoaded (0ms)
			ExecutionOrderSort2 (0ms)
			AwakeInstancesAfterBackupRestoration (0ms)
Platform modules already initialized, skipping
Registering precompiled user dll's ...
Registered in 0.029187 seconds.
Begin MonoManager ReloadAssembly
Symbol file LoadedFromMemory doesn't match image C:\Users\김주현\Desktop\WOS\Wos\Library\PackageCache\com.unity.visualscripting@1.7.8\Editor\VisualScripting.Core\Dependencies\YamlDotNet\Unity.VisualScripting.YamlDotNet.dll
Symbol file LoadedFromMemory doesn't match image C:\Users\김주현\Desktop\WOS\Wos\Library\PackageCache\com.unity.visualscripting@1.7.8\Editor\VisualScripting.Core\Dependencies\DotNetZip\Unity.VisualScripting.IonicZip.dll
Native extension for WindowsStandalone target not found
Refreshing native plugins compatible for Editor in 1.36 ms, found 3 plugins.
Preloading 0 native plugins for Editor in 0.00 ms.
Mono: successfully reloaded assembly
- Completed reload, in  1.556 seconds
Domain Reload Profiling:
	ReloadAssembly (1557ms)
		BeginReloadAssembly (220ms)
			ExecutionOrderSort (0ms)
			DisableScriptedObjects (5ms)
			BackupInstance (0ms)
			ReleaseScriptingObjects (0ms)
			CreateAndSetChildDomain (19ms)
		EndReloadAssembly (1151ms)
			LoadAssemblies (235ms)
			RebuildTransferFunctionScriptingTraits (0ms)
			SetupTypeCache (263ms)
			ReleaseScriptCaches (1ms)
			RebuildScriptCaches (56ms)
			SetupLoadedEditorAssemblies (606ms)
				LogAssemblyErrors (0ms)
				InitializePlatformSupportModulesInManaged (18ms)
				SetLoadedEditorAssemblies (1ms)
				RefreshPlugins (1ms)
				BeforeProcessingInitializeOnLoad (191ms)
				ProcessInitializeOnLoadAttributes (298ms)
				ProcessInitializeOnLoadMethodAttributes (39ms)
				AfterProcessingInitializeOnLoad (58ms)
				EditorAssembliesLoaded (0ms)
			ExecutionOrderSort2 (0ms)
			AwakeInstancesAfterBackupRestoration (15ms)
Platform modules already initialized, skipping
========================================================================
Worker process is ready to serve import requests
Launched and connected shader compiler UnityShaderCompiler.exe after 0.06 seconds
Refreshing native plugins compatible for Editor in 2.00 ms, found 3 plugins.
Preloading 0 native plugins for Editor in 0.00 ms.
Unloading 3807 Unused Serialized files (Serialized files now loaded: 0)
Unloading 43 unused Assets / (1.4 MB). Loaded Objects now: 4264.
Memory consumption went from 219.3 MB to 217.9 MB.
Total: 3.775800 ms (FindLiveObjects: 0.385000 ms CreateObjectMapping: 0.094200 ms MarkObjects: 2.883400 ms  DeleteObjects: 0.412000 ms)

AssetImportParameters requested are different than current active one (requested -> active):
  custom:video-decoder-ogg-theora: a1e56fd34408186e4bbccfd4996cb3dc -> 
  custom:container-muxer-webm: aa71ff27fc2769a1b78a27578f13a17b -> 
  custom:container-demuxer-webm: 4f35f7cbe854078d1ac9338744f61a02 -> 
  custom:video-encoder-webm-vp8: eb34c28f22e8b96e1ab97ce403110664 -> 
  custom:audio-encoder-webm-vorbis: bf7c407c2cedff20999df2af8eb42d56 -> 
  custom:framework-win-MediaFoundation: 216162199b28c13a410421893ffa2e32 -> 
  custom:container-demuxer-ogg: 62fdf1f143b41e24485cea50d1cbac27 -> 
  custom:video-decoder-webm-vp8: 9c59270c3fd7afecdb556c50c9e8de78 -> 
  custom:audio-decoder-ogg-vorbis: bf7c407c2cedff20999df2af8eb42d56 -> 
========================================================================
Received Import Request.
  Time since last request: 32964.473108 seconds.
  path: Assets/Model/2D_Model/Ui/Interface/DownBar/XP_Bar_Green.jpg
  artifactKey: Guid(3795fc2da2875bc48baa63ebb1009870) Importer(815301076,1909f56bfc062723c751e8b465ee728b)
Start importing Assets/Model/2D_Model/Ui/Interface/DownBar/XP_Bar_Green.jpg using Guid(3795fc2da2875bc48baa63ebb1009870) Importer(815301076,1909f56bfc062723c751e8b465ee728b)  -> (artifact id: 'a2c5c260838d643bd26f7f31980cebd7') in 0.195820 seconds 
========================================================================
Received Import Request.
  Time since last request: 94.599161 seconds.
  path: Assets/Model/2D_Model/Ui/Interface/DownBar/XP_Bar_Yellow.jpg
  artifactKey: Guid(1633db6c91c224443a07785740dedde1) Importer(815301076,1909f56bfc062723c751e8b465ee728b)
Start importing Assets/Model/2D_Model/Ui/Interface/DownBar/XP_Bar_Yellow.jpg using Guid(1633db6c91c224443a07785740dedde1) Importer(815301076,1909f56bfc062723c751e8b465ee728b)  -> (artifact id: '72af5f84ed9cd91faa5a29d258c91a18') in 0.028577 seconds 
========================================================================
Received Import Request.
  Time since last request: 11.959434 seconds.
  path: Assets/Model/2D_Model/Ui/Interface/DownBar/XP_Bar.png
  artifactKey: Guid(f8f975326b1f7184caa1edd29931cbca) Importer(815301076,1909f56bfc062723c751e8b465ee728b)
Start importing Assets/Model/2D_Model/Ui/Interface/DownBar/XP_Bar.png using Guid(f8f975326b1f7184caa1edd29931cbca) Importer(815301076,1909f56bfc062723c751e8b465ee728b)  -> (artifact id: 'd2d79c12f93a3fc249e318f206aa0403') in 0.032293 seconds 
========================================================================
Received Import Request.
  Time since last request: 17.635562 seconds.
  path: Assets/Model/2D_Model/Ui/Interface/DownBar/XP_Bar.png
  artifactKey: Guid(f8f975326b1f7184caa1edd29931cbca) Importer(815301076,1909f56bfc062723c751e8b465ee728b)
Start importing Assets/Model/2D_Model/Ui/Interface/DownBar/XP_Bar.png using Guid(f8f975326b1f7184caa1edd29931cbca) Importer(815301076,1909f56bfc062723c751e8b465ee728b)  -> (artifact id: 'f1ee21a4c6de0be32282a55b9dbe7a25') in 0.017002 seconds 
========================================================================
Received Import Request.
  Time since last request: 3.838006 seconds.
  path: Assets/Model/2D_Model/Ui/Interface/DownBar/XP_Bar_Yellow.jpg
  artifactKey: Guid(1633db6c91c224443a07785740dedde1) Importer(815301076,1909f56bfc062723c751e8b465ee728b)
Start importing Assets/Model/2D_Model/Ui/Interface/DownBar/XP_Bar_Yellow.jpg using Guid(1633db6c91c224443a07785740dedde1) Importer(815301076,1909f56bfc062723c751e8b465ee728b)  -> (artifact id: 'c9efc1e889330e96ac94e2d95391c5a3') in 0.016792 seconds 
========================================================================
Received Import Request.
  Time since last request: 6.176139 seconds.
  path: Assets/Model/2D_Model/Ui/Interface/DownBar/XP_Bar.png
  artifactKey: Guid(f8f975326b1f7184caa1edd29931cbca) Importer(815301076,1909f56bfc062723c751e8b465ee728b)
Start importing Assets/Model/2D_Model/Ui/Interface/DownBar/XP_Bar.png using Guid(f8f975326b1f7184caa1edd29931cbca) Importer(815301076,1909f56bfc062723c751e8b465ee728b)  -> (artifact id: '4c1a53c785ba5447b34d465885a12397') in 0.065584 seconds 
========================================================================
Received Prepare
Registering precompiled user dll's ...
Registered in 0.024492 seconds.
Begin MonoManager ReloadAssembly
Symbol file LoadedFromMemory doesn't match image C:\Users\김주현\Desktop\WOS\Wos\Library\PackageCache\com.unity.visualscripting@1.7.8\Editor\VisualScripting.Core\Dependencies\YamlDotNet\Unity.VisualScripting.YamlDotNet.dll
Symbol file LoadedFromMemory doesn't match image C:\Users\김주현\Desktop\WOS\Wos\Library\PackageCache\com.unity.visualscripting@1.7.8\Editor\VisualScripting.Core\Dependencies\DotNetZip\Unity.VisualScripting.IonicZip.dll
Native extension for WindowsStandalone target not found
Refreshing native plugins compatible for Editor in 0.99 ms, found 3 plugins.
Preloading 0 native plugins for Editor in 0.00 ms.
Mono: successfully reloaded assembly
- Completed reload, in  1.780 seconds
Domain Reload Profiling:
	ReloadAssembly (1781ms)
		BeginReloadAssembly (329ms)
			ExecutionOrderSort (0ms)
			DisableScriptedObjects (7ms)
			BackupInstance (0ms)
			ReleaseScriptingObjects (0ms)
			CreateAndSetChildDomain (45ms)
		EndReloadAssembly (1245ms)
			LoadAssemblies (291ms)
			RebuildTransferFunctionScriptingTraits (0ms)
			SetupTypeCache (317ms)
			ReleaseScriptCaches (2ms)
			RebuildScriptCaches (53ms)
			SetupLoadedEditorAssemblies (603ms)
				LogAssemblyErrors (0ms)
				InitializePlatformSupportModulesInManaged (31ms)
				SetLoadedEditorAssemblies (0ms)
				RefreshPlugins (1ms)
				BeforeProcessingInitializeOnLoad (197ms)
				ProcessInitializeOnLoadAttributes (266ms)
				ProcessInitializeOnLoadMethodAttributes (41ms)
				AfterProcessingInitializeOnLoad (67ms)
				EditorAssembliesLoaded (0ms)
			ExecutionOrderSort2 (0ms)
			AwakeInstancesAfterBackupRestoration (19ms)
Platform modules already initialized, skipping
Refreshing native plugins compatible for Editor in 8.45 ms, found 3 plugins.
Preloading 0 native plugins for Editor in 0.00 ms.
Unloading 3751 Unused Serialized files (Serialized files now loaded: 0)
Unloading 32 unused Assets / (1.3 MB). Loaded Objects now: 4275.
Memory consumption went from 218.3 MB to 216.9 MB.
Total: 4.902500 ms (FindLiveObjects: 0.614000 ms CreateObjectMapping: 0.118300 ms MarkObjects: 3.568500 ms  DeleteObjects: 0.600500 ms)

AssetImportParameters requested are different than current active one (requested -> active):
  custom:video-decoder-ogg-theora: a1e56fd34408186e4bbccfd4996cb3dc -> 
  custom:container-muxer-webm: aa71ff27fc2769a1b78a27578f13a17b -> 
  custom:container-demuxer-webm: 4f35f7cbe854078d1ac9338744f61a02 -> 
  custom:video-encoder-webm-vp8: eb34c28f22e8b96e1ab97ce403110664 -> 
  custom:audio-encoder-webm-vorbis: bf7c407c2cedff20999df2af8eb42d56 -> 
  custom:framework-win-MediaFoundation: 216162199b28c13a410421893ffa2e32 -> 
  custom:container-demuxer-ogg: 62fdf1f143b41e24485cea50d1cbac27 -> 
  custom:video-decoder-webm-vp8: 9c59270c3fd7afecdb556c50c9e8de78 -> 
  custom:audio-decoder-ogg-vorbis: bf7c407c2cedff20999df2af8eb42d56 -> 
========================================================================
Received Import Request.
  Time since last request: 26.604597 seconds.
  path: Assets/Model/2D_Model/Ui/Interface/DownBar/XP_Bar_Yellow.jpg
  artifactKey: Guid(1633db6c91c224443a07785740dedde1) Importer(815301076,1909f56bfc062723c751e8b465ee728b)
Start importing Assets/Model/2D_Model/Ui/Interface/DownBar/XP_Bar_Yellow.jpg using Guid(1633db6c91c224443a07785740dedde1) Importer(815301076,1909f56bfc062723c751e8b465ee728b)  -> (artifact id: '4f8d99f19faf259963db3bd96b7bf9cf') in 0.077264 seconds 
========================================================================
Received Prepare
Registering precompiled user dll's ...
Registered in 0.027695 seconds.
Begin MonoManager ReloadAssembly
Symbol file LoadedFromMemory doesn't match image C:\Users\김주현\Desktop\WOS\Wos\Library\PackageCache\com.unity.visualscripting@1.7.8\Editor\VisualScripting.Core\Dependencies\YamlDotNet\Unity.VisualScripting.YamlDotNet.dll
Symbol file LoadedFromMemory doesn't match image C:\Users\김주현\Desktop\WOS\Wos\Library\PackageCache\com.unity.visualscripting@1.7.8\Editor\VisualScripting.Core\Dependencies\DotNetZip\Unity.VisualScripting.IonicZip.dll
Native extension for WindowsStandalone target not found
Refreshing native plugins compatible for Editor in 1.66 ms, found 3 plugins.
Preloading 0 native plugins for Editor in 0.00 ms.
Mono: successfully reloaded assembly
- Completed reload, in  1.635 seconds
Domain Reload Profiling:
	ReloadAssembly (1636ms)
		BeginReloadAssembly (292ms)
			ExecutionOrderSort (0ms)
			DisableScriptedObjects (6ms)
			BackupInstance (0ms)
			ReleaseScriptingObjects (0ms)
			CreateAndSetChildDomain (38ms)
		EndReloadAssembly (1158ms)
			LoadAssemblies (267ms)
			RebuildTransferFunctionScriptingTraits (0ms)
			SetupTypeCache (264ms)
			ReleaseScriptCaches (1ms)
			RebuildScriptCaches (50ms)
			SetupLoadedEditorAssemblies (598ms)
				LogAssemblyErrors (0ms)
				InitializePlatformSupportModulesInManaged (31ms)
				SetLoadedEditorAssemblies (1ms)
				RefreshPlugins (2ms)
				BeforeProcessingInitializeOnLoad (214ms)
				ProcessInitializeOnLoadAttributes (256ms)
				ProcessInitializeOnLoadMethodAttributes (37ms)
				AfterProcessingInitializeOnLoad (59ms)
				EditorAssembliesLoaded (0ms)
			ExecutionOrderSort2 (0ms)
			AwakeInstancesAfterBackupRestoration (16ms)
Platform modules already initialized, skipping
Refreshing native plugins compatible for Editor in 7.77 ms, found 3 plugins.
Preloading 0 native plugins for Editor in 0.00 ms.
Unloading 3751 Unused Serialized files (Serialized files now loaded: 0)
Unloading 32 unused Assets / (1.3 MB). Loaded Objects now: 4278.
Memory consumption went from 218.3 MB to 216.9 MB.
Total: 5.372000 ms (FindLiveObjects: 0.448400 ms CreateObjectMapping: 0.121600 ms MarkObjects: 4.006300 ms  DeleteObjects: 0.793800 ms)

AssetImportParameters requested are different than current active one (requested -> active):
  custom:video-decoder-ogg-theora: a1e56fd34408186e4bbccfd4996cb3dc -> 
  custom:container-muxer-webm: aa71ff27fc2769a1b78a27578f13a17b -> 
  custom:container-demuxer-webm: 4f35f7cbe854078d1ac9338744f61a02 -> 
  custom:video-encoder-webm-vp8: eb34c28f22e8b96e1ab97ce403110664 -> 
  custom:audio-encoder-webm-vorbis: bf7c407c2cedff20999df2af8eb42d56 -> 
  custom:framework-win-MediaFoundation: 216162199b28c13a410421893ffa2e32 -> 
  custom:container-demuxer-ogg: 62fdf1f143b41e24485cea50d1cbac27 -> 
  custom:video-decoder-webm-vp8: 9c59270c3fd7afecdb556c50c9e8de78 -> 
  custom:audio-decoder-ogg-vorbis: bf7c407c2cedff20999df2af8eb42d56 -> 
========================================================================
Received Import Request.
  Time since last request: 428.355812 seconds.
  path: Assets/Temp/Slots.prefab
  artifactKey: Guid(f8a2fed6fb90bdd4a95b1670a7974f59) Importer(815301076,1909f56bfc062723c751e8b465ee728b)
Start importing Assets/Temp/Slots.prefab using Guid(f8a2fed6fb90bdd4a95b1670a7974f59) Importer(815301076,1909f56bfc062723c751e8b465ee728b)  -> (artifact id: '63435cd17e1b272f8d1b89b117df0d61') in 0.065358 seconds 
========================================================================
Received Import Request.
  Time since last request: 558.530987 seconds.
  path: Assets/AssetStore
  artifactKey: Guid(700c6b42edf0eb54dbf8511435c222ac) Importer(815301076,1909f56bfc062723c751e8b465ee728b)
Start importing Assets/AssetStore using Guid(700c6b42edf0eb54dbf8511435c222ac) Importer(815301076,1909f56bfc062723c751e8b465ee728b)  -> (artifact id: '5ae466b4af966ec755b46b1d6c45689b') in 0.005645 seconds 
========================================================================
Received Import Request.
  Time since last request: 1.056812 seconds.
  path: Assets/AssetStore/Clean Vector Icons
  artifactKey: Guid(58743789a19a39349864ec63989f5a0f) Importer(815301076,1909f56bfc062723c751e8b465ee728b)
Start importing Assets/AssetStore/Clean Vector Icons using Guid(58743789a19a39349864ec63989f5a0f) Importer(815301076,1909f56bfc062723c751e8b465ee728b)  -> (artifact id: '2c1fe1830cb038588704b9390578aa5f') in 0.005862 seconds 
========================================================================
Received Import Request.
  Time since last request: 0.038869 seconds.
  path: Assets/AssetStore/Clean Vector Icons/T_0_empty_.png
  artifactKey: Guid(6b6fd3f59ae45864286df43a2671b9f8) Importer(815301076,1909f56bfc062723c751e8b465ee728b)
Start importing Assets/AssetStore/Clean Vector Icons/T_0_empty_.png using Guid(6b6fd3f59ae45864286df43a2671b9f8) Importer(815301076,1909f56bfc062723c751e8b465ee728b)  -> (artifact id: 'd72b4ce41ea3e57583175639b07b62a9') in 0.070111 seconds 
========================================================================
Received Import Request.
  Time since last request: 0.000022 seconds.
  path: Assets/AssetStore/Clean Vector Icons/T_1_eye_.png
  artifactKey: Guid(5c27fc79dd2011c4ab50f507f7cfb7af) Importer(815301076,1909f56bfc062723c751e8b465ee728b)
Start importing Assets/AssetStore/Clean Vector Icons/T_1_eye_.png using Guid(5c27fc79dd2011c4ab50f507f7cfb7af) Importer(815301076,1909f56bfc062723c751e8b465ee728b)  -> (artifact id: '46085ca017a18be00f45e36d4f269b7f') in 0.029751 seconds 
========================================================================
Received Import Request.
  Time since last request: 0.000040 seconds.
  path: Assets/AssetStore/Clean Vector Icons/T_1_fire_.png
  artifactKey: Guid(062eeb9d5e8ba8f45a9ddfea52518f82) Importer(815301076,1909f56bfc062723c751e8b465ee728b)
Start importing Assets/AssetStore/Clean Vector Icons/T_1_fire_.png using Guid(062eeb9d5e8ba8f45a9ddfea52518f82) Importer(815301076,1909f56bfc062723c751e8b465ee728b)  -> (artifact id: 'e825f025778872d4a043f9d49640fe9c') in 0.030427 seconds 
========================================================================
Received Import Request.
  Time since last request: 0.000029 seconds.
  path: Assets/AssetStore/Clean Vector Icons/T_1_sword90_.png
  artifactKey: Guid(5aa0d71d789c93a468898d8acfcf2a09) Importer(815301076,1909f56bfc062723c751e8b465ee728b)
Start importing Assets/AssetStore/Clean Vector Icons/T_1_sword90_.png using Guid(5aa0d71d789c93a468898d8acfcf2a09) Importer(815301076,1909f56bfc062723c751e8b465ee728b)  -> (artifact id: '632429524c00f50f3990c9d66e6acdb0') in 0.030379 seconds 
========================================================================
Received Import Request.
  Time since last request: 0.000021 seconds.
  path: Assets/AssetStore/Clean Vector Icons/T_1_magnifier_al_.png
  artifactKey: Guid(97b5eb5724a79104cb6e0ad05b9db3ac) Importer(815301076,1909f56bfc062723c751e8b465ee728b)
Start importing Assets/AssetStore/Clean Vector Icons/T_1_magnifier_al_.png using Guid(97b5eb5724a79104cb6e0ad05b9db3ac) Importer(815301076,1909f56bfc062723c751e8b465ee728b)  -> (artifact id: 'ded4ca388e8530ea97aa935f91c83748') in 0.029882 seconds 
========================================================================
Received Import Request.
  Time since last request: 0.000047 seconds.
  path: Assets/AssetStore/Clean Vector Icons/T_1_cursor_al.png
  artifactKey: Guid(5988a2020badc834c96521b52b6a08f5) Importer(815301076,1909f56bfc062723c751e8b465ee728b)
Start importing Assets/AssetStore/Clean Vector Icons/T_1_cursor_al.png using Guid(5988a2020badc834c96521b52b6a08f5) Importer(815301076,1909f56bfc062723c751e8b465ee728b)  -> (artifact id: 'e396836b50e0730b4529730c8dbb3943') in 0.031047 seconds 
========================================================================
Received Import Request.
  Time since last request: 0.000026 seconds.
  path: Assets/AssetStore/Clean Vector Icons/T_2_bottle_half_.png
  artifactKey: Guid(f816f63babfcb3e4d92c5cd9bb193149) Importer(815301076,1909f56bfc062723c751e8b465ee728b)
Start importing Assets/AssetStore/Clean Vector Icons/T_2_bottle_half_.png using Guid(f816f63babfcb3e4d92c5cd9bb193149) Importer(815301076,1909f56bfc062723c751e8b465ee728b)  -> (artifact id: '9e7909561f430c5654be9cedf7089a5c') in 0.029523 seconds 
========================================================================
Received Import Request.
  Time since last request: 0.000024 seconds.
  path: Assets/AssetStore/Clean Vector Icons/T_1_head_samurai_.png
  artifactKey: Guid(c50ecf4cb0747f64487b52e59758d9a7) Importer(815301076,1909f56bfc062723c751e8b465ee728b)
Start importing Assets/AssetStore/Clean Vector Icons/T_1_head_samurai_.png using Guid(c50ecf4cb0747f64487b52e59758d9a7) Importer(815301076,1909f56bfc062723c751e8b465ee728b)  -> (artifact id: '9b91c6beeb8294ddccb5bd31148f8c03') in 0.027078 seconds 
========================================================================
Received Import Request.
  Time since last request: 0.000032 seconds.
  path: Assets/AssetStore/Clean Vector Icons/T_1_moon_full_.png
  artifactKey: Guid(325d33c6d266f0e448f60efb34dde7b1) Importer(815301076,1909f56bfc062723c751e8b465ee728b)
Start importing Assets/AssetStore/Clean Vector Icons/T_1_moon_full_.png using Guid(325d33c6d266f0e448f60efb34dde7b1) Importer(815301076,1909f56bfc062723c751e8b465ee728b)  -> (artifact id: '95f2513a2aa5baae20ffa7773ae6bf3b') in 0.029104 seconds 
========================================================================
Received Import Request.
  Time since last request: 0.000032 seconds.
  path: Assets/AssetStore/Clean Vector Icons/T_1_cursor_.png
  artifactKey: Guid(ff17c68cd8dea9c4b99d8941d92ce176) Importer(815301076,1909f56bfc062723c751e8b465ee728b)
Start importing Assets/AssetStore/Clean Vector Icons/T_1_cursor_.png using Guid(ff17c68cd8dea9c4b99d8941d92ce176) Importer(815301076,1909f56bfc062723c751e8b465ee728b)  -> (artifact id: '4c52cfba5a10bb3030e72298ceb0d856') in 0.029196 seconds 
========================================================================
Received Import Request.
  Time since last request: 0.811098 seconds.
  path: Assets/AssetStore/Clean Vector Icons/T_2_coin_.png
  artifactKey: Guid(be5129279b1dfca4ab4fa9ddc1c574f0) Importer(815301076,1909f56bfc062723c751e8b465ee728b)
Start importing Assets/AssetStore/Clean Vector Icons/T_2_coin_.png using Guid(be5129279b1dfca4ab4fa9ddc1c574f0) Importer(815301076,1909f56bfc062723c751e8b465ee728b)  -> (artifact id: 'b1817208431f6dfb71ae7ec3dccc7050') in 0.031025 seconds 
========================================================================
Received Import Request.
  Time since last request: 0.000027 seconds.
  path: Assets/AssetStore/Clean Vector Icons/T_2_magnifier_+_.png
  artifactKey: Guid(22fb9c2bd4a40f34e8897156a2986091) Importer(815301076,1909f56bfc062723c751e8b465ee728b)
Start importing Assets/AssetStore/Clean Vector Icons/T_2_magnifier_+_.png using Guid(22fb9c2bd4a40f34e8897156a2986091) Importer(815301076,1909f56bfc062723c751e8b465ee728b)  -> (artifact id: '77c35882324cce2adba9a368db07acac') in 0.029456 seconds 
========================================================================
Received Import Request.
  Time since last request: 0.000018 seconds.
  path: Assets/AssetStore/Clean Vector Icons/T_2_letter_open_.png
  artifactKey: Guid(80ccf6426cf5d81439e0d2d0d5e3a670) Importer(815301076,1909f56bfc062723c751e8b465ee728b)
Start importing Assets/AssetStore/Clean Vector Icons/T_2_letter_open_.png using Guid(80ccf6426cf5d81439e0d2d0d5e3a670) Importer(815301076,1909f56bfc062723c751e8b465ee728b)  -> (artifact id: '4b7cf04a7d7d361371bdc4139b4e65b3') in 0.028688 seconds 
========================================================================
Received Import Request.
  Time since last request: 0.000019 seconds.
  path: Assets/AssetStore/Clean Vector Icons/T_2_lighthing_.png
  artifactKey: Guid(ed8ef41e0593c444f89985400bb18768) Importer(815301076,1909f56bfc062723c751e8b465ee728b)
Start importing Assets/AssetStore/Clean Vector Icons/T_2_lighthing_.png using Guid(ed8ef41e0593c444f89985400bb18768) Importer(815301076,1909f56bfc062723c751e8b465ee728b)  -> (artifact id: 'f66070a83b1d2374dc350009b0f44cdb') in 0.027454 seconds 
========================================================================
Received Import Request.
  Time since last request: 0.000014 seconds.
  path: Assets/AssetStore/Clean Vector Icons/T_2_moon_empty_.png
  artifactKey: Guid(679b077591a3b44429e6d0cb3b000386) Importer(815301076,1909f56bfc062723c751e8b465ee728b)
Start importing Assets/AssetStore/Clean Vector Icons/T_2_moon_empty_.png using Guid(679b077591a3b44429e6d0cb3b000386) Importer(815301076,1909f56bfc062723c751e8b465ee728b)  -> (artifact id: '6f5ee4dcd6a5bc54f02d9b31feb7b020') in 0.028659 seconds 
========================================================================
Received Import Request.
  Time since last request: 0.366538 seconds.
  path: Assets/AssetStore/Clean Vector Icons/T_2_shield_eye_.png
  artifactKey: Guid(7d772d845fa5ada41b501fc7ba13abe8) Importer(815301076,1909f56bfc062723c751e8b465ee728b)
Start importing Assets/AssetStore/Clean Vector Icons/T_2_shield_eye_.png using Guid(7d772d845fa5ada41b501fc7ba13abe8) Importer(815301076,1909f56bfc062723c751e8b465ee728b)  -> (artifact id: '8c951eb706ca5b831c20bf58cd9f2316') in 0.024618 seconds 
========================================================================
Received Import Request.
  Time since last request: 0.000017 seconds.
  path: Assets/AssetStore/Clean Vector Icons/T_3_arrow_empty_left_.png
  artifactKey: Guid(5dec73e9ae51f4f449835068fa42ab0e) Importer(815301076,1909f56bfc062723c751e8b465ee728b)
Start importing Assets/AssetStore/Clean Vector Icons/T_3_arrow_empty_left_.png using Guid(5dec73e9ae51f4f449835068fa42ab0e) Importer(815301076,1909f56bfc062723c751e8b465ee728b)  -> (artifact id: 'b66bd50ef9fd03db0ddb9c085b71c30b') in 0.027639 seconds 
========================================================================
Received Import Request.
  Time since last request: 0.469378 seconds.
  path: Assets/AssetStore/Clean Vector Icons/T_3_column_double_cross_.png
  artifactKey: Guid(833d1e8a52d7c8b4f9e8200a08721bdd) Importer(815301076,1909f56bfc062723c751e8b465ee728b)
Start importing Assets/AssetStore/Clean Vector Icons/T_3_column_double_cross_.png using Guid(833d1e8a52d7c8b4f9e8200a08721bdd) Importer(815301076,1909f56bfc062723c751e8b465ee728b)  -> (artifact id: '84ba464944e64bb94054218995157fe8') in 0.024928 seconds 
========================================================================
Received Import Request.
  Time since last request: 0.000016 seconds.
  path: Assets/AssetStore/Clean Vector Icons/T_3_letter_eye_.png
  artifactKey: Guid(04778ce2ab74b5b4abbda109ef29a9d9) Importer(815301076,1909f56bfc062723c751e8b465ee728b)
Start importing Assets/AssetStore/Clean Vector Icons/T_3_letter_eye_.png using Guid(04778ce2ab74b5b4abbda109ef29a9d9) Importer(815301076,1909f56bfc062723c751e8b465ee728b)  -> (artifact id: '5feb3605e8f8520e60aa526d6b34e8d8') in 0.027069 seconds 
========================================================================
Received Import Request.
  Time since last request: 0.000019 seconds.
  path: Assets/AssetStore/Clean Vector Icons/T_3_head_wiking_.png
  artifactKey: Guid(ae7785f19cc193a4d9ab24c58d63be2e) Importer(815301076,1909f56bfc062723c751e8b465ee728b)
Start importing Assets/AssetStore/Clean Vector Icons/T_3_head_wiking_.png using Guid(ae7785f19cc193a4d9ab24c58d63be2e) Importer(815301076,1909f56bfc062723c751e8b465ee728b)  -> (artifact id: '25454c339baa5d7aaeca28e2428a6c91') in 0.023461 seconds 
========================================================================
Received Import Request.
  Time since last request: 0.382352 seconds.
  path: Assets/AssetStore/Clean Vector Icons/T_3_magic_fire_.png
  artifactKey: Guid(e32b8056f5f2eb741bec42f791c7f1b5) Importer(815301076,1909f56bfc062723c751e8b465ee728b)
Start importing Assets/AssetStore/Clean Vector Icons/T_3_magic_fire_.png using Guid(e32b8056f5f2eb741bec42f791c7f1b5) Importer(815301076,1909f56bfc062723c751e8b465ee728b)  -> (artifact id: '6fa9348631c99bff9e6abe9cb02665d9') in 0.025485 seconds 
========================================================================
Received Import Request.
  Time since last request: 0.000016 seconds.
  path: Assets/AssetStore/Clean Vector Icons/T_3_shield_magic_.png
  artifactKey: Guid(b6795c96fef3b01439d1de6a75d33651) Importer(815301076,1909f56bfc062723c751e8b465ee728b)
Start importing Assets/AssetStore/Clean Vector Icons/T_3_shield_magic_.png using Guid(b6795c96fef3b01439d1de6a75d33651) Importer(815301076,1909f56bfc062723c751e8b465ee728b)  -> (artifact id: 'df656ba9f3610ff80ce36210af39f03b') in 0.025852 seconds 
========================================================================
Received Import Request.
  Time since last request: 0.000020 seconds.
  path: Assets/AssetStore/Clean Vector Icons/T_3_magnifier_-_al_.png
  artifactKey: Guid(a42e88e2e819b4a4cafce86eff236ff8) Importer(815301076,1909f56bfc062723c751e8b465ee728b)
Start importing Assets/AssetStore/Clean Vector Icons/T_3_magnifier_-_al_.png using Guid(a42e88e2e819b4a4cafce86eff236ff8) Importer(815301076,1909f56bfc062723c751e8b465ee728b)  -> (artifact id: 'cd709ed2613657a148ed67183b4c56e5') in 0.023759 seconds 
========================================================================
Received Import Request.
  Time since last request: 0.299436 seconds.
  path: Assets/AssetStore/Clean Vector Icons/T_3_sun_full_.png
  artifactKey: Guid(afcc21aaa520e9743b7c6ddd2ee73409) Importer(815301076,1909f56bfc062723c751e8b465ee728b)
Start importing Assets/AssetStore/Clean Vector Icons/T_3_sun_full_.png using Guid(afcc21aaa520e9743b7c6ddd2ee73409) Importer(815301076,1909f56bfc062723c751e8b465ee728b)  -> (artifact id: '64458813650c54e5187fbd831cfb2341') in 0.030605 seconds 
========================================================================
Received Import Request.
  Time since last request: 0.000025 seconds.
  path: Assets/AssetStore/Clean Vector Icons/T_4_frost_.png
  artifactKey: Guid(c27014685dc9aee42800f1851d0d6e6d) Importer(815301076,1909f56bfc062723c751e8b465ee728b)
Start importing Assets/AssetStore/Clean Vector Icons/T_4_frost_.png using Guid(c27014685dc9aee42800f1851d0d6e6d) Importer(815301076,1909f56bfc062723c751e8b465ee728b)  -> (artifact id: '8ab58c4a7cb4ef851b3d77e2eef1dbf7') in 0.027543 seconds 
========================================================================
Received Import Request.
  Time since last request: 0.000031 seconds.
  path: Assets/AssetStore/Clean Vector Icons/T_4_coin_bag1_.png
  artifactKey: Guid(73b277da837c0874893f6123d5842ca0) Importer(815301076,1909f56bfc062723c751e8b465ee728b)
Start importing Assets/AssetStore/Clean Vector Icons/T_4_coin_bag1_.png using Guid(73b277da837c0874893f6123d5842ca0) Importer(815301076,1909f56bfc062723c751e8b465ee728b)  -> (artifact id: 'fadc0b585b528cab89d39c2dd681501b') in 0.027068 seconds 
========================================================================
Received Import Request.
  Time since last request: 0.000026 seconds.
  path: Assets/AssetStore/Clean Vector Icons/T_4_arrow_empty_right_.png
  artifactKey: Guid(de328077ad8c9594c9ec3cf1023b25fe) Importer(815301076,1909f56bfc062723c751e8b465ee728b)
Start importing Assets/AssetStore/Clean Vector Icons/T_4_arrow_empty_right_.png using Guid(de328077ad8c9594c9ec3cf1023b25fe) Importer(815301076,1909f56bfc062723c751e8b465ee728b)  -> (artifact id: '996a0583989f6af141fa32a5d2565e5c') in 0.028476 seconds 
========================================================================
Received Import Request.
  Time since last request: 0.000028 seconds.
  path: Assets/AssetStore/Clean Vector Icons/T_4_column_sound1_.png
  artifactKey: Guid(a180731ab7211ec4ebd0f41648d49450) Importer(815301076,1909f56bfc062723c751e8b465ee728b)
Start importing Assets/AssetStore/Clean Vector Icons/T_4_column_sound1_.png using Guid(a180731ab7211ec4ebd0f41648d49450) Importer(815301076,1909f56bfc062723c751e8b465ee728b)  -> (artifact id: 'cf1b41756b884c3c748927f6b2c43d57') in 0.025872 seconds 
========================================================================
Received Import Request.
  Time since last request: 0.676383 seconds.
  path: Assets/AssetStore/Clean Vector Icons/T_4_head_knignt_.png
  artifactKey: Guid(5e2805d1479227b499602a8f62f9a0e7) Importer(815301076,1909f56bfc062723c751e8b465ee728b)
Start importing Assets/AssetStore/Clean Vector Icons/T_4_head_knignt_.png using Guid(5e2805d1479227b499602a8f62f9a0e7) Importer(815301076,1909f56bfc062723c751e8b465ee728b)  -> (artifact id: '3d401917824e46f41d08d7833db781e7') in 0.028962 seconds 
========================================================================
Received Import Request.
  Time since last request: 0.000021 seconds.
  path: Assets/AssetStore/Clean Vector Icons/T_4_scroll_+_.png
  artifactKey: Guid(99f13d49cb3a1e24cbf97075d80ae0cb) Importer(815301076,1909f56bfc062723c751e8b465ee728b)
Start importing Assets/AssetStore/Clean Vector Icons/T_4_scroll_+_.png using Guid(99f13d49cb3a1e24cbf97075d80ae0cb) Importer(815301076,1909f56bfc062723c751e8b465ee728b)  -> (artifact id: 'aa88ed2b5db62efce45a9f5c353c7c92') in 0.028501 seconds 
========================================================================
Received Import Request.
  Time since last request: 0.000026 seconds.
  path: Assets/AssetStore/Clean Vector Icons/T_4_magnifier_eye_al_.png
  artifactKey: Guid(4c1d44382b9c700468f015c68363321f) Importer(815301076,1909f56bfc062723c751e8b465ee728b)
Start importing Assets/AssetStore/Clean Vector Icons/T_4_magnifier_eye_al_.png using Guid(4c1d44382b9c700468f015c68363321f) Importer(815301076,1909f56bfc062723c751e8b465ee728b)  -> (artifact id: 'd452d9a0a2341e5829788817e610ed1d') in 0.026985 seconds 
========================================================================
Received Import Request.
  Time since last request: 0.833669 seconds.
  path: Assets/AssetStore/Clean Vector Icons/T_4_shield_bezel_.png
  artifactKey: Guid(570018e27fa24c34091ab0bbdcff209b) Importer(815301076,1909f56bfc062723c751e8b465ee728b)
Start importing Assets/AssetStore/Clean Vector Icons/T_4_shield_bezel_.png using Guid(570018e27fa24c34091ab0bbdcff209b) Importer(815301076,1909f56bfc062723c751e8b465ee728b)  -> (artifact id: 'b016721c9491e81132dcd7bae7238d40') in 0.036032 seconds 
========================================================================
Received Import Request.
  Time since last request: 0.000030 seconds.
  path: Assets/AssetStore/Clean Vector Icons/T_4_sword_saw_.png
  artifactKey: Guid(d54a9728519c5d54bbe09aff5bd95284) Importer(815301076,1909f56bfc062723c751e8b465ee728b)
Start importing Assets/AssetStore/Clean Vector Icons/T_4_sword_saw_.png using Guid(d54a9728519c5d54bbe09aff5bd95284) Importer(815301076,1909f56bfc062723c751e8b465ee728b)  -> (artifact id: '42bab23e16963d886420e46c60db83c8') in 0.029336 seconds 
========================================================================
Received Import Request.
  Time since last request: 0.351999 seconds.
  path: Assets/AssetStore/Clean Vector Icons/T_5_column_sound2_.png
  artifactKey: Guid(4487209fdda91154da619301adb9e6c4) Importer(815301076,1909f56bfc062723c751e8b465ee728b)
Start importing Assets/AssetStore/Clean Vector Icons/T_5_column_sound2_.png using Guid(4487209fdda91154da619301adb9e6c4) Importer(815301076,1909f56bfc062723c751e8b465ee728b)  -> (artifact id: '3945f88fbf585060df6942af965f2b4e') in 0.030703 seconds 
========================================================================
Received Import Request.
  Time since last request: 0.000021 seconds.
  path: Assets/AssetStore/Clean Vector Icons/T_5_head_rogure_.png
  artifactKey: Guid(06823b49a1fcd154da0942a436195adb) Importer(815301076,1909f56bfc062723c751e8b465ee728b)
Start importing Assets/AssetStore/Clean Vector Icons/T_5_head_rogure_.png using Guid(06823b49a1fcd154da0942a436195adb) Importer(815301076,1909f56bfc062723c751e8b465ee728b)  -> (artifact id: '8d5a0adbbeebf57293439ea7a51c9c26') in 0.047279 seconds 
========================================================================
Received Import Request.
  Time since last request: 0.000028 seconds.
  path: Assets/AssetStore/Clean Vector Icons/T_5_magnifier_eye_crossed_al_.png
  artifactKey: Guid(bfa7019f88769204c904dbd91fb996f3) Importer(815301076,1909f56bfc062723c751e8b465ee728b)
Start importing Assets/AssetStore/Clean Vector Icons/T_5_magnifier_eye_crossed_al_.png using Guid(bfa7019f88769204c904dbd91fb996f3) Importer(815301076,1909f56bfc062723c751e8b465ee728b)  -> (artifact id: '74aa50efabdff5964db0e37d5207eceb') in 0.039731 seconds 
========================================================================
Received Import Request.
  Time since last request: 0.000027 seconds.
  path: Assets/AssetStore/Clean Vector Icons/T_5_drop_.png
  artifactKey: Guid(6f649aea2852e3b46a8c4386355a2c53) Importer(815301076,1909f56bfc062723c751e8b465ee728b)
Start importing Assets/AssetStore/Clean Vector Icons/T_5_drop_.png using Guid(6f649aea2852e3b46a8c4386355a2c53) Importer(815301076,1909f56bfc062723c751e8b465ee728b)  -> (artifact id: 'ff72fdcc97976a8879930b2180b135d6') in 0.044153 seconds 
========================================================================
Received Import Request.
  Time since last request: 0.000028 seconds.
  path: Assets/AssetStore/Clean Vector Icons/T_5_scroll_-_.png
  artifactKey: Guid(790128c15d19af4439ebab9bad9afec8) Importer(815301076,1909f56bfc062723c751e8b465ee728b)
Start importing Assets/AssetStore/Clean Vector Icons/T_5_scroll_-_.png using Guid(790128c15d19af4439ebab9bad9afec8) Importer(815301076,1909f56bfc062723c751e8b465ee728b)  -> (artifact id: '15eb7c46d6207fd003115f0bb053bf16') in 0.030690 seconds 
========================================================================
Received Import Request.
  Time since last request: 0.292805 seconds.
  path: Assets/AssetStore/Clean Vector Icons/T_5_sun_empty_.png
  artifactKey: Guid(a893af5c92e73d24bbea12aeb87df664) Importer(815301076,1909f56bfc062723c751e8b465ee728b)
Start importing Assets/AssetStore/Clean Vector Icons/T_5_sun_empty_.png using Guid(a893af5c92e73d24bbea12aeb87df664) Importer(815301076,1909f56bfc062723c751e8b465ee728b)  -> (artifact id: '1476e0b40dbdcae05d545d5720f8d030') in 0.029159 seconds 
========================================================================
Received Import Request.
  Time since last request: 0.000021 seconds.
  path: Assets/AssetStore/Clean Vector Icons/T_6_barrel_.png
  artifactKey: Guid(fdf81e4514a3ee343842aa1421113184) Importer(815301076,1909f56bfc062723c751e8b465ee728b)
Start importing Assets/AssetStore/Clean Vector Icons/T_6_barrel_.png using Guid(fdf81e4514a3ee343842aa1421113184) Importer(815301076,1909f56bfc062723c751e8b465ee728b)  -> (artifact id: '491de07787d6d6dd82d900025235df27') in 0.026453 seconds 
========================================================================
Received Import Request.
  Time since last request: 0.000034 seconds.
  path: Assets/AssetStore/Clean Vector Icons/T_6_arrow_down_.png
  artifactKey: Guid(515e1722bb0b86e4bb28c0aaade52e65) Importer(815301076,1909f56bfc062723c751e8b465ee728b)
Start importing Assets/AssetStore/Clean Vector Icons/T_6_arrow_down_.png using Guid(515e1722bb0b86e4bb28c0aaade52e65) Importer(815301076,1909f56bfc062723c751e8b465ee728b)  -> (artifact id: 'a156fa0f1090e5e1baad764d100b1891') in 0.025631 seconds 
========================================================================
Received Import Request.
  Time since last request: 0.824246 seconds.
  path: Assets/AssetStore/Clean Vector Icons/T_6_cloud_.png
  artifactKey: Guid(6de84b3b23aed7c44bbf4fa283ffb05e) Importer(815301076,1909f56bfc062723c751e8b465ee728b)
Start importing Assets/AssetStore/Clean Vector Icons/T_6_cloud_.png using Guid(6de84b3b23aed7c44bbf4fa283ffb05e) Importer(815301076,1909f56bfc062723c751e8b465ee728b)  -> (artifact id: '55e750dbc82f15d8aa04078b3e989b94') in 0.032670 seconds 
========================================================================
Received Import Request.
  Time since last request: 0.000029 seconds.
  path: Assets/AssetStore/Clean Vector Icons/T_6_cursor_devide_al_.png
  artifactKey: Guid(3de84b461969c2b488f545e305d3f08a) Importer(815301076,1909f56bfc062723c751e8b465ee728b)
Start importing Assets/AssetStore/Clean Vector Icons/T_6_cursor_devide_al_.png using Guid(3de84b461969c2b488f545e305d3f08a) Importer(815301076,1909f56bfc062723c751e8b465ee728b)  -> (artifact id: '002bdc3afbe6c9d0edc03476b213e7ca') in 0.040124 seconds 
========================================================================
Received Import Request.
  Time since last request: 0.000030 seconds.
  path: Assets/AssetStore/Clean Vector Icons/T_6_devide_.png
  artifactKey: Guid(071a5d518c1fc4841838c36485123b3b) Importer(815301076,1909f56bfc062723c751e8b465ee728b)
Start importing Assets/AssetStore/Clean Vector Icons/T_6_devide_.png using Guid(071a5d518c1fc4841838c36485123b3b) Importer(815301076,1909f56bfc062723c751e8b465ee728b)  -> (artifact id: 'dcdc34fe971834b52deaa1fbbe2a2235') in 0.036822 seconds 
========================================================================
Received Import Request.
  Time since last request: 1.399234 seconds.
  path: Assets/AssetStore/Clean Vector Icons/T_6_head_scull_.png
  artifactKey: Guid(8066e15c4e3df6e4f9806f9d5f71e70a) Importer(815301076,1909f56bfc062723c751e8b465ee728b)
Start importing Assets/AssetStore/Clean Vector Icons/T_6_head_scull_.png using Guid(8066e15c4e3df6e4f9806f9d5f71e70a) Importer(815301076,1909f56bfc062723c751e8b465ee728b)  -> (artifact id: 'cf0663e78ada5d545320f9e54bfc1373') in 0.029178 seconds 
========================================================================
Received Import Request.
  Time since last request: 0.000018 seconds.
  path: Assets/AssetStore/Clean Vector Icons/T_7_arrow_left_.png
  artifactKey: Guid(974fd4633f76fe24b854d48b461656a1) Importer(815301076,1909f56bfc062723c751e8b465ee728b)
Start importing Assets/AssetStore/Clean Vector Icons/T_7_arrow_left_.png using Guid(974fd4633f76fe24b854d48b461656a1) Importer(815301076,1909f56bfc062723c751e8b465ee728b)  -> (artifact id: '25a4bca81999cf4b6d3aefe82c4c42ba') in 0.039342 seconds 
========================================================================
Received Import Request.
  Time since last request: 2.248083 seconds.
  path: Assets/AssetStore/Clean Vector Icons/T_7_book_.png
  artifactKey: Guid(d0ec2e65dadd70346b81af93bb4eb352) Importer(815301076,1909f56bfc062723c751e8b465ee728b)
Start importing Assets/AssetStore/Clean Vector Icons/T_7_book_.png using Guid(d0ec2e65dadd70346b81af93bb4eb352) Importer(815301076,1909f56bfc062723c751e8b465ee728b)  -> (artifact id: '44cdc4eee7779ec1f9767a9269fed77e') in 0.042246 seconds 
========================================================================
Received Import Request.
  Time since last request: 0.843873 seconds.
  path: Assets/AssetStore/Clean Vector Icons/T_7_head_scull_enemy_.png
  artifactKey: Guid(e5da668c6557abb47a17a303cf69943f) Importer(815301076,1909f56bfc062723c751e8b465ee728b)
Start importing Assets/AssetStore/Clean Vector Icons/T_7_head_scull_enemy_.png using Guid(e5da668c6557abb47a17a303cf69943f) Importer(815301076,1909f56bfc062723c751e8b465ee728b)  -> (artifact id: '96799cc55ff271c285d91a1d3fc83f51') in 0.031323 seconds 
========================================================================
Received Import Request.
  Time since last request: 0.000019 seconds.
  path: Assets/AssetStore/Clean Vector Icons/T_7_waraxe_.png
  artifactKey: Guid(2820b2e4880bb924da42e15982d02033) Importer(815301076,1909f56bfc062723c751e8b465ee728b)
Start importing Assets/AssetStore/Clean Vector Icons/T_7_waraxe_.png using Guid(2820b2e4880bb924da42e15982d02033) Importer(815301076,1909f56bfc062723c751e8b465ee728b)  -> (artifact id: 'd2c9970c2470f8830976a701c7d4394f') in 0.028830 seconds 
========================================================================
Received Import Request.
  Time since last request: 0.356146 seconds.
  path: Assets/AssetStore/Clean Vector Icons/T_8_bottle_magic_.png
  artifactKey: Guid(d3590afc6b555c44d8fcd6c5241012ab) Importer(815301076,1909f56bfc062723c751e8b465ee728b)
Start importing Assets/AssetStore/Clean Vector Icons/T_8_bottle_magic_.png using Guid(d3590afc6b555c44d8fcd6c5241012ab) Importer(815301076,1909f56bfc062723c751e8b465ee728b)  -> (artifact id: '0e09666020c44975bf812ca1f1d40a53') in 0.031769 seconds 
========================================================================
Received Import Request.
  Time since last request: 0.384073 seconds.
  path: Assets/AssetStore/Clean Vector Icons/T_8_plant2_.png
  artifactKey: Guid(434b9ec91260129489414ae404c6e3fc) Importer(815301076,1909f56bfc062723c751e8b465ee728b)
Start importing Assets/AssetStore/Clean Vector Icons/T_8_plant2_.png using Guid(434b9ec91260129489414ae404c6e3fc) Importer(815301076,1909f56bfc062723c751e8b465ee728b)  -> (artifact id: 'ccc35f95ebe33411223be03ee5b46929') in 0.024722 seconds 
========================================================================
Received Import Request.
  Time since last request: 0.000020 seconds.
  path: Assets/AssetStore/Clean Vector Icons/T_9_arrow_rounded_up_.png
  artifactKey: Guid(5ed54572ef0354241b7f1ec43d869ad3) Importer(815301076,1909f56bfc062723c751e8b465ee728b)
Start importing Assets/AssetStore/Clean Vector Icons/T_9_arrow_rounded_up_.png using Guid(5ed54572ef0354241b7f1ec43d869ad3) Importer(815301076,1909f56bfc062723c751e8b465ee728b)  -> (artifact id: '5e011cf290c806f429e95a3dd0568ad5') in 0.025574 seconds 
========================================================================
Received Import Request.
  Time since last request: 0.742357 seconds.
  path: Assets/AssetStore/Clean Vector Icons/T_9_bottle_eye_.png
  artifactKey: Guid(4c8c3cce53210f54cacb61dbe4ed20f4) Importer(815301076,1909f56bfc062723c751e8b465ee728b)
Start importing Assets/AssetStore/Clean Vector Icons/T_9_bottle_eye_.png using Guid(4c8c3cce53210f54cacb61dbe4ed20f4) Importer(815301076,1909f56bfc062723c751e8b465ee728b)  -> (artifact id: '78565b993c5771fe4cd294d3de9ea11d') in 0.029949 seconds 
========================================================================
Received Import Request.
  Time since last request: 0.406446 seconds.
  path: Assets/AssetStore/Clean Vector Icons/T_9_kunai_.png
  artifactKey: Guid(9b0be4ef9a8e4b34eaa96ebc919f52a0) Importer(815301076,1909f56bfc062723c751e8b465ee728b)
Start importing Assets/AssetStore/Clean Vector Icons/T_9_kunai_.png using Guid(9b0be4ef9a8e4b34eaa96ebc919f52a0) Importer(815301076,1909f56bfc062723c751e8b465ee728b)  -> (artifact id: '1319dd1bbcc6dfe18664e4d095496509') in 0.026821 seconds 
========================================================================
Received Import Request.
  Time since last request: 0.738294 seconds.
  path: Assets/AssetStore/Clean Vector Icons/T_10_arrow_rounded_down_.png
  artifactKey: Guid(40bc671eec4518e4493b412f42d18029) Importer(815301076,1909f56bfc062723c751e8b465ee728b)
Start importing Assets/AssetStore/Clean Vector Icons/T_10_arrow_rounded_down_.png using Guid(40bc671eec4518e4493b412f42d18029) Importer(815301076,1909f56bfc062723c751e8b465ee728b)  -> (artifact id: 'd0ad301d10f12fc378f922c9c4eaa0f2') in 0.026469 seconds 
========================================================================
Received Import Request.
  Time since last request: 0.548854 seconds.
  path: Assets/AssetStore/Clean Vector Icons/T_10_previoust_.png
  artifactKey: Guid(1778841fd5637f740a839005de890124) Importer(815301076,1909f56bfc062723c751e8b465ee728b)
Start importing Assets/AssetStore/Clean Vector Icons/T_10_previoust_.png using Guid(1778841fd5637f740a839005de890124) Importer(815301076,1909f56bfc062723c751e8b465ee728b)  -> (artifact id: '3743df0de1cc94d8cd584de9096108bf') in 0.031298 seconds 
========================================================================
Received Import Request.
  Time since last request: 0.000018 seconds.
  path: Assets/AssetStore/Clean Vector Icons/T_11_arrow_rounded_left_.png
  artifactKey: Guid(c342a02c1ec59764ab8c5f2892c2928b) Importer(815301076,1909f56bfc062723c751e8b465ee728b)
Start importing Assets/AssetStore/Clean Vector Icons/T_11_arrow_rounded_left_.png using Guid(c342a02c1ec59764ab8c5f2892c2928b) Importer(815301076,1909f56bfc062723c751e8b465ee728b)  -> (artifact id: '740f8111561fc5786a733ac194551442') in 0.045449 seconds 
========================================================================
Received Import Request.
  Time since last request: 0.557112 seconds.
  path: Assets/AssetStore/Clean Vector Icons/T_11_home_.png
  artifactKey: Guid(825217937f322d7478e479dbe4637748) Importer(815301076,1909f56bfc062723c751e8b465ee728b)
Start importing Assets/AssetStore/Clean Vector Icons/T_11_home_.png using Guid(825217937f322d7478e479dbe4637748) Importer(815301076,1909f56bfc062723c751e8b465ee728b)  -> (artifact id: '72dc17e22d2dff8348310bf188015be1') in 0.030766 seconds 
========================================================================
Received Import Request.
  Time since last request: 0.000016 seconds.
  path: Assets/AssetStore/Clean Vector Icons/T_11_silhouette_heart_.png
  artifactKey: Guid(eefd57e8b57cd814ebc86925f3a4a109) Importer(815301076,1909f56bfc062723c751e8b465ee728b)
Start importing Assets/AssetStore/Clean Vector Icons/T_11_silhouette_heart_.png using Guid(eefd57e8b57cd814ebc86925f3a4a109) Importer(815301076,1909f56bfc062723c751e8b465ee728b)  -> (artifact id: '9b3e684c224f4352534014dab1852053') in 0.033050 seconds 
========================================================================
Received Import Request.
  Time since last request: 0.803948 seconds.
  path: Assets/AssetStore/Clean Vector Icons/T_12_arrow_rounded_right_.png
  artifactKey: Guid(98a4af8159bbcd245af2cdf358f3d4ba) Importer(815301076,1909f56bfc062723c751e8b465ee728b)
Start importing Assets/AssetStore/Clean Vector Icons/T_12_arrow_rounded_right_.png using Guid(98a4af8159bbcd245af2cdf358f3d4ba) Importer(815301076,1909f56bfc062723c751e8b465ee728b)  -> (artifact id: '9674f656561cb18fd3c2b238a4d8345a') in 0.031927 seconds 
========================================================================
Received Import Request.
  Time since last request: 1.587073 seconds.
  path: Assets/AssetStore/Clean Vector Icons/T_12_tent_.png
  artifactKey: Guid(bf693fa78bbee3c4088f8993ac382f69) Importer(815301076,1909f56bfc062723c751e8b465ee728b)
Start importing Assets/AssetStore/Clean Vector Icons/T_12_tent_.png using Guid(bf693fa78bbee3c4088f8993ac382f69) Importer(815301076,1909f56bfc062723c751e8b465ee728b)  -> (artifact id: '86905dabc2295ca9279f7930c95ab2d1') in 0.036589 seconds 
========================================================================
Received Import Request.
  Time since last request: 0.567396 seconds.
  path: Assets/AssetStore/Clean Vector Icons/T_13_points_ver_.png
  artifactKey: Guid(4ddc3c228fdfb984eb497be43e4b91b8) Importer(815301076,1909f56bfc062723c751e8b465ee728b)
Start importing Assets/AssetStore/Clean Vector Icons/T_13_points_ver_.png using Guid(4ddc3c228fdfb984eb497be43e4b91b8) Importer(815301076,1909f56bfc062723c751e8b465ee728b)  -> (artifact id: 'a09017d27dc6c8aa63b53218dfd0f1c4') in 0.033775 seconds 
========================================================================
Received Import Request.
  Time since last request: 2.005412 seconds.
  path: Assets/AssetStore/Clean Vector Icons/T_15_list_.png
  artifactKey: Guid(32a4f33563139ce4da97630a9d7a3722) Importer(815301076,1909f56bfc062723c751e8b465ee728b)
Start importing Assets/AssetStore/Clean Vector Icons/T_15_list_.png using Guid(32a4f33563139ce4da97630a9d7a3722) Importer(815301076,1909f56bfc062723c751e8b465ee728b)  -> (artifact id: '1369f01b7014ca063cb6de810d0ce115') in 0.031620 seconds 
========================================================================
Received Import Request.
  Time since last request: 0.000018 seconds.
  path: Assets/AssetStore/Clean Vector Icons/T_17_message_points_.png
  artifactKey: Guid(c8e927090ec80f74599f34a1441516d2) Importer(815301076,1909f56bfc062723c751e8b465ee728b)
Start importing Assets/AssetStore/Clean Vector Icons/T_17_message_points_.png using Guid(c8e927090ec80f74599f34a1441516d2) Importer(815301076,1909f56bfc062723c751e8b465ee728b)  -> (artifact id: '2403fbab134c451cf5f476c6c13913bf') in 0.027313 seconds 
========================================================================
Received Import Request.
  Time since last request: 0.958089 seconds.
  path: Assets/AssetStore/Clean Vector Icons/T_18_medal_first_.png
  artifactKey: Guid(8c6c5cadf2600cc43b004355565fb20c) Importer(815301076,1909f56bfc062723c751e8b465ee728b)
Start importing Assets/AssetStore/Clean Vector Icons/T_18_medal_first_.png using Guid(8c6c5cadf2600cc43b004355565fb20c) Importer(815301076,1909f56bfc062723c751e8b465ee728b)  -> (artifact id: '473adba2f76d6bcdf08c8ef12aa03739') in 0.027578 seconds 
========================================================================
Received Import Request.
  Time since last request: 0.000026 seconds.
  path: Assets/AssetStore/Clean Vector Icons/T_19_previoust2_.png
  artifactKey: Guid(ce5dfcf0b45530443bd2fbf805c38d52) Importer(815301076,1909f56bfc062723c751e8b465ee728b)
Start importing Assets/AssetStore/Clean Vector Icons/T_19_previoust2_.png using Guid(ce5dfcf0b45530443bd2fbf805c38d52) Importer(815301076,1909f56bfc062723c751e8b465ee728b)  -> (artifact id: '5eb3da1d293b799b77f5b0f80f63c8a9') in 0.029850 seconds 
========================================================================
Received Import Request.
  Time since last request: 0.472212 seconds.
  path: Assets/AssetStore/Clean Vector Icons/T_20_stop_.png
  artifactKey: Guid(f050b492e03119344b04cf01a3486662) Importer(815301076,1909f56bfc062723c751e8b465ee728b)
Start importing Assets/AssetStore/Clean Vector Icons/T_20_stop_.png using Guid(f050b492e03119344b04cf01a3486662) Importer(815301076,1909f56bfc062723c751e8b465ee728b)  -> (artifact id: '76f0697b2b64028f3f41b7a86eb12677') in 0.029064 seconds 
========================================================================
Received Import Request.
  Time since last request: 0.000021 seconds.
  path: Assets/AssetStore/Clean Vector Icons/T_25_compas_.png
  artifactKey: Guid(fa2077f29659ea042b6a6d4073a1e799) Importer(815301076,1909f56bfc062723c751e8b465ee728b)
Start importing Assets/AssetStore/Clean Vector Icons/T_25_compas_.png using Guid(fa2077f29659ea042b6a6d4073a1e799) Importer(815301076,1909f56bfc062723c751e8b465ee728b)  -> (artifact id: '8ce1c8e2cd25c8ca91cbba650ac137fb') in 0.026071 seconds 
========================================================================
Received Import Request.
  Time since last request: 0.425983 seconds.
  path: Assets/AssetStore/Clean Vector Icons/T_26_clock_.png
  artifactKey: Guid(ea4fcfc6c39de3047a90ef3617f5e431) Importer(815301076,1909f56bfc062723c751e8b465ee728b)
Start importing Assets/AssetStore/Clean Vector Icons/T_26_clock_.png using Guid(ea4fcfc6c39de3047a90ef3617f5e431) Importer(815301076,1909f56bfc062723c751e8b465ee728b)  -> (artifact id: 'dde268b64d7779fe86110786540eb868') in 0.031541 seconds 
========================================================================
Received Import Request.
  Time since last request: 9.891519 seconds.
  path: Assets/AssetStore/Clean Vector Icons/Update
  artifactKey: Guid(9fea51cdf55af8f42a336882b1f9d75c) Importer(815301076,1909f56bfc062723c751e8b465ee728b)
Start importing Assets/AssetStore/Clean Vector Icons/Update using Guid(9fea51cdf55af8f42a336882b1f9d75c) Importer(815301076,1909f56bfc062723c751e8b465ee728b)  -> (artifact id: '88d01ab41fde35fa8419a426f1dfaefd') in 0.005729 seconds 
========================================================================
Received Import Request.
  Time since last request: 0.043214 seconds.
  path: Assets/AssetStore/Clean Vector Icons/Update/bonus_01.png
  artifactKey: Guid(a5b6ecdbc26aa9f47b973c7481d1268a) Importer(815301076,1909f56bfc062723c751e8b465ee728b)
Start importing Assets/AssetStore/Clean Vector Icons/Update/bonus_01.png using Guid(a5b6ecdbc26aa9f47b973c7481d1268a) Importer(815301076,1909f56bfc062723c751e8b465ee728b)  -> (artifact id: '28c8da182612c8d5331ce2c6e2b435be') in 0.025610 seconds 
========================================================================
Received Import Request.
  Time since last request: 0.000021 seconds.
  path: Assets/AssetStore/Clean Vector Icons/Update/Bonus_Confused.png
  artifactKey: Guid(fb11e14e93b45fe4ca06723dea9dcdb8) Importer(815301076,1909f56bfc062723c751e8b465ee728b)
Start importing Assets/AssetStore/Clean Vector Icons/Update/Bonus_Confused.png using Guid(fb11e14e93b45fe4ca06723dea9dcdb8) Importer(815301076,1909f56bfc062723c751e8b465ee728b)  -> (artifact id: 'c27339502ae020fec349ca09df8f1cdd') in 0.027791 seconds 
========================================================================
Received Import Request.
  Time since last request: 0.000022 seconds.
  path: Assets/AssetStore/Clean Vector Icons/Update/Bonus_Yell.png
  artifactKey: Guid(322058629e47df340a9cfbe5daf6c21a) Importer(815301076,1909f56bfc062723c751e8b465ee728b)
Start importing Assets/AssetStore/Clean Vector Icons/Update/Bonus_Yell.png using Guid(322058629e47df340a9cfbe5daf6c21a) Importer(815301076,1909f56bfc062723c751e8b465ee728b)  -> (artifact id: 'da389c99f800a07b75d07951cc742f52') in 0.027257 seconds 
========================================================================
Received Import Request.
  Time since last request: 0.000015 seconds.
  path: Assets/AssetStore/Clean Vector Icons/Update/Bonus_Sneezing.png
  artifactKey: Guid(72ec55939a589894eaf624298fd9f858) Importer(815301076,1909f56bfc062723c751e8b465ee728b)
Start importing Assets/AssetStore/Clean Vector Icons/Update/Bonus_Sneezing.png using Guid(72ec55939a589894eaf624298fd9f858) Importer(815301076,1909f56bfc062723c751e8b465ee728b)  -> (artifact id: '0c4219756b38cb4252561311e470e1a6') in 0.029441 seconds 
========================================================================
Received Import Request.
  Time since last request: 0.000022 seconds.
  path: Assets/AssetStore/Clean Vector Icons/Update/bonus_04.png
  artifactKey: Guid(ef147e2665db3394ab8f3c2ade98cbf5) Importer(815301076,1909f56bfc062723c751e8b465ee728b)
Start importing Assets/AssetStore/Clean Vector Icons/Update/bonus_04.png using Guid(ef147e2665db3394ab8f3c2ade98cbf5) Importer(815301076,1909f56bfc062723c751e8b465ee728b)  -> (artifact id: 'ba7ba6bab69da3d399e49a01e3baf059') in 0.028150 seconds 
========================================================================
Received Import Request.
  Time since last request: 18.648148 seconds.
  path: Assets/AssetStore/Dark_Brown_GUI_kit
  artifactKey: Guid(eb46af8e1bfa52441a5837453e191490) Importer(815301076,1909f56bfc062723c751e8b465ee728b)
Start importing Assets/AssetStore/Dark_Brown_GUI_kit using Guid(eb46af8e1bfa52441a5837453e191490) Importer(815301076,1909f56bfc062723c751e8b465ee728b)  -> (artifact id: 'baec3c3858b40966323357b38660371d') in 0.006242 seconds 
========================================================================
Received Import Request.
  Time since last request: 4.179442 seconds.
  path: Assets/AssetStore/Dark_Brown_GUI_kit/icon
  artifactKey: Guid(99a7143206ad24042999785773bf7715) Importer(815301076,1909f56bfc062723c751e8b465ee728b)
Start importing Assets/AssetStore/Dark_Brown_GUI_kit/icon using Guid(99a7143206ad24042999785773bf7715) Importer(815301076,1909f56bfc062723c751e8b465ee728b)  -> (artifact id: '65b9d3c6843131d57cc7868e3ada590d') in 0.006251 seconds 
========================================================================
Received Import Request.
  Time since last request: 1.432303 seconds.
  path: Assets/AssetStore/Dark_Brown_GUI_kit/icon/other
  artifactKey: Guid(c58221d5407773645b99a8935e8d202e) Importer(815301076,1909f56bfc062723c751e8b465ee728b)
Start importing Assets/AssetStore/Dark_Brown_GUI_kit/icon/other using Guid(c58221d5407773645b99a8935e8d202e) Importer(815301076,1909f56bfc062723c751e8b465ee728b)  -> (artifact id: 'b8c5b6d5989391947b7fb1aa5842af60') in 0.006132 seconds 
========================================================================
Received Import Request.
  Time since last request: 1.122673 seconds.
  path: Assets/AssetStore/Dark_Brown_GUI_kit/icon/full_simple
  artifactKey: Guid(6b761e434fd46804796cfbd9499b7364) Importer(815301076,1909f56bfc062723c751e8b465ee728b)
Start importing Assets/AssetStore/Dark_Brown_GUI_kit/icon/full_simple using Guid(6b761e434fd46804796cfbd9499b7364) Importer(815301076,1909f56bfc062723c751e8b465ee728b)  -> (artifact id: '4cfffceeb89c4161468688e3bf9beff3') in 0.005228 seconds 
========================================================================
Received Import Request.
  Time since last request: 0.031500 seconds.
  path: Assets/AssetStore/Dark_Brown_GUI_kit/icon/full_simple/audio_mute-.png
  artifactKey: Guid(3fd0c13759b961148909a11552c0b89f) Importer(815301076,1909f56bfc062723c751e8b465ee728b)
Start importing Assets/AssetStore/Dark_Brown_GUI_kit/icon/full_simple/audio_mute-.png using Guid(3fd0c13759b961148909a11552c0b89f) Importer(815301076,1909f56bfc062723c751e8b465ee728b)  -> (artifact id: 'b394778edfc918b30777f0af83174194') in 0.028919 seconds 
========================================================================
Received Import Request.
  Time since last request: 0.000016 seconds.
  path: Assets/AssetStore/Dark_Brown_GUI_kit/icon/full_simple/e-.png
  artifactKey: Guid(de9e9ec7bec775548880931aa503248a) Importer(815301076,1909f56bfc062723c751e8b465ee728b)
Start importing Assets/AssetStore/Dark_Brown_GUI_kit/icon/full_simple/e-.png using Guid(de9e9ec7bec775548880931aa503248a) Importer(815301076,1909f56bfc062723c751e8b465ee728b)  -> (artifact id: '787f93b342d6c501ebfac8cfba8a65e9') in 0.028079 seconds 
========================================================================
Received Import Request.
  Time since last request: 0.000027 seconds.
  path: Assets/AssetStore/Dark_Brown_GUI_kit/icon/full_simple/inf-.png
  artifactKey: Guid(f40ff650866e4b146898cb05ffe9759f) Importer(815301076,1909f56bfc062723c751e8b465ee728b)
Start importing Assets/AssetStore/Dark_Brown_GUI_kit/icon/full_simple/inf-.png using Guid(f40ff650866e4b146898cb05ffe9759f) Importer(815301076,1909f56bfc062723c751e8b465ee728b)  -> (artifact id: '4af234298aab3eddc2dd621d4ec0b647') in 0.023566 seconds 
========================================================================
Received Import Request.
  Time since last request: 0.000024 seconds.
  path: Assets/AssetStore/Dark_Brown_GUI_kit/icon/full_simple/book-.png
  artifactKey: Guid(102190bd3fd02c74db62c61f82a7709c) Importer(815301076,1909f56bfc062723c751e8b465ee728b)
Start importing Assets/AssetStore/Dark_Brown_GUI_kit/icon/full_simple/book-.png using Guid(102190bd3fd02c74db62c61f82a7709c) Importer(815301076,1909f56bfc062723c751e8b465ee728b)  -> (artifact id: 'ca3e6ecab6f82f0344a865d4968e2a5a') in 0.023840 seconds 
========================================================================
Received Import Request.
  Time since last request: 0.000032 seconds.
  path: Assets/AssetStore/Dark_Brown_GUI_kit/icon/full_simple/home-.png
  artifactKey: Guid(c5cf91c030c0dcb458973d240a82c467) Importer(815301076,1909f56bfc062723c751e8b465ee728b)
Start importing Assets/AssetStore/Dark_Brown_GUI_kit/icon/full_simple/home-.png using Guid(c5cf91c030c0dcb458973d240a82c467) Importer(815301076,1909f56bfc062723c751e8b465ee728b)  -> (artifact id: '0588619ca0a56f4d7f7f4c4ee92cf0f3') in 0.024403 seconds 
========================================================================
Received Import Request.
  Time since last request: 0.000021 seconds.
  path: Assets/AssetStore/Dark_Brown_GUI_kit/icon/full_simple/circular-.png
  artifactKey: Guid(83d3696474d78e94882bd966c491aded) Importer(815301076,1909f56bfc062723c751e8b465ee728b)
Start importing Assets/AssetStore/Dark_Brown_GUI_kit/icon/full_simple/circular-.png using Guid(83d3696474d78e94882bd966c491aded) Importer(815301076,1909f56bfc062723c751e8b465ee728b)  -> (artifact id: '5b76dde41956d7eb3656f4b97ec59afa') in 0.024876 seconds 
========================================================================
Received Import Request.
  Time since last request: 0.000021 seconds.
  path: Assets/AssetStore/Dark_Brown_GUI_kit/icon/full_simple/password-.png
  artifactKey: Guid(82d6d75413eb1604ea3e0863c547c6a3) Importer(815301076,1909f56bfc062723c751e8b465ee728b)
Start importing Assets/AssetStore/Dark_Brown_GUI_kit/icon/full_simple/password-.png using Guid(82d6d75413eb1604ea3e0863c547c6a3) Importer(815301076,1909f56bfc062723c751e8b465ee728b)  -> (artifact id: '69063008f351c74443b022ba6ce2be30') in 0.022447 seconds 
========================================================================
Received Import Request.
  Time since last request: 0.454345 seconds.
  path: Assets/AssetStore/Dark_Brown_GUI_kit/icon/full_simple/pointer_one-.png
  artifactKey: Guid(366afa2151bde144a94667064866ccea) Importer(815301076,1909f56bfc062723c751e8b465ee728b)
Start importing Assets/AssetStore/Dark_Brown_GUI_kit/icon/full_simple/pointer_one-.png using Guid(366afa2151bde144a94667064866ccea) Importer(815301076,1909f56bfc062723c751e8b465ee728b)  -> (artifact id: '98c6603e5b608daf72e2bc83f85f3954') in 0.029014 seconds 
========================================================================
Received Import Request.
  Time since last request: 0.000015 seconds.
  path: Assets/AssetStore/Dark_Brown_GUI_kit/icon/full_simple/q-.png
  artifactKey: Guid(a60f234288203934b80e703787c09bfc) Importer(815301076,1909f56bfc062723c751e8b465ee728b)
Start importing Assets/AssetStore/Dark_Brown_GUI_kit/icon/full_simple/q-.png using Guid(a60f234288203934b80e703787c09bfc) Importer(815301076,1909f56bfc062723c751e8b465ee728b)  -> (artifact id: '2a6ea8c548fd484981e2536d1fe3f556') in 0.024589 seconds 
========================================================================
Received Import Request.
  Time since last request: 0.000018 seconds.
  path: Assets/AssetStore/Dark_Brown_GUI_kit/icon/full_simple/settings_one-.png
  artifactKey: Guid(de8132666e21b9c4d89831a5d30b4550) Importer(815301076,1909f56bfc062723c751e8b465ee728b)
Start importing Assets/AssetStore/Dark_Brown_GUI_kit/icon/full_simple/settings_one-.png using Guid(de8132666e21b9c4d89831a5d30b4550) Importer(815301076,1909f56bfc062723c751e8b465ee728b)  -> (artifact id: '33c74687f6fed5e0804340ac8dfa4316') in 0.025274 seconds 
========================================================================
Received Import Request.
  Time since last request: 0.000022 seconds.
  path: Assets/AssetStore/Dark_Brown_GUI_kit/icon/full_simple/search-.png
  artifactKey: Guid(423f430e62097c140ae7fab0688d95fb) Importer(815301076,1909f56bfc062723c751e8b465ee728b)
Start importing Assets/AssetStore/Dark_Brown_GUI_kit/icon/full_simple/search-.png using Guid(423f430e62097c140ae7fab0688d95fb) Importer(815301076,1909f56bfc062723c751e8b465ee728b)  -> (artifact id: '14c5e84a88a5b213e67a66ce3fededf3') in 0.021470 seconds 
========================================================================
Received Import Request.
  Time since last request: 0.213292 seconds.
  path: Assets/AssetStore/Dark_Brown_GUI_kit/icon/full_simple/sword-.png
  artifactKey: Guid(1f795c83ee1684c4eb53f09770a58985) Importer(815301076,1909f56bfc062723c751e8b465ee728b)
Start importing Assets/AssetStore/Dark_Brown_GUI_kit/icon/full_simple/sword-.png using Guid(1f795c83ee1684c4eb53f09770a58985) Importer(815301076,1909f56bfc062723c751e8b465ee728b)  -> (artifact id: 'd9b5551d97fe7eb2f055c0b1fb3e56a4') in 0.024393 seconds 
========================================================================
Received Import Request.
  Time since last request: 4.616153 seconds.
  path: Assets/AssetStore/Dark_Brown_GUI_kit/icon/other/coin
  artifactKey: Guid(fd5d6872b0254a742ba950f504a68dc9) Importer(815301076,1909f56bfc062723c751e8b465ee728b)
Start importing Assets/AssetStore/Dark_Brown_GUI_kit/icon/other/coin using Guid(fd5d6872b0254a742ba950f504a68dc9) Importer(815301076,1909f56bfc062723c751e8b465ee728b)  -> (artifact id: '893690653c79e103fa43f75558c6a896') in 0.005754 seconds 
========================================================================
Received Import Request.
  Time since last request: 1.526472 seconds.
  path: Assets/AssetStore/Dark_Brown_GUI_kit/icon/simple
  artifactKey: Guid(16b1276f9897e0a45a0c8e385d9609a8) Importer(815301076,1909f56bfc062723c751e8b465ee728b)
Start importing Assets/AssetStore/Dark_Brown_GUI_kit/icon/simple using Guid(16b1276f9897e0a45a0c8e385d9609a8) Importer(815301076,1909f56bfc062723c751e8b465ee728b)  -> (artifact id: '4741db959c9796528d6f88276e5aa6a0') in 0.005804 seconds 
========================================================================
Received Import Request.
  Time since last request: 0.040840 seconds.
  path: Assets/AssetStore/Dark_Brown_GUI_kit/icon/simple/audio_mute.png
  artifactKey: Guid(85343a9700f0cec4eb80bdb687249fdf) Importer(815301076,1909f56bfc062723c751e8b465ee728b)
Start importing Assets/AssetStore/Dark_Brown_GUI_kit/icon/simple/audio_mute.png using Guid(85343a9700f0cec4eb80bdb687249fdf) Importer(815301076,1909f56bfc062723c751e8b465ee728b)  -> (artifact id: 'e869e066a8e80dba30d03cd8c7a857c3') in 0.032474 seconds 
========================================================================
Received Import Request.
  Time since last request: 0.000024 seconds.
  path: Assets/AssetStore/Dark_Brown_GUI_kit/icon/simple/mail.png
  artifactKey: Guid(289d5842c7faba94d92c3e00fa11762d) Importer(815301076,1909f56bfc062723c751e8b465ee728b)
Start importing Assets/AssetStore/Dark_Brown_GUI_kit/icon/simple/mail.png using Guid(289d5842c7faba94d92c3e00fa11762d) Importer(815301076,1909f56bfc062723c751e8b465ee728b)  -> (artifact id: '1b6bf95dd22f088101453a54d9b7a4c2') in 0.042859 seconds 
========================================================================
Received Import Request.
  Time since last request: 0.000020 seconds.
  path: Assets/AssetStore/Dark_Brown_GUI_kit/icon/simple/craft.png
  artifactKey: Guid(603b41322fb317544867136318e8936e) Importer(815301076,1909f56bfc062723c751e8b465ee728b)
Start importing Assets/AssetStore/Dark_Brown_GUI_kit/icon/simple/craft.png using Guid(603b41322fb317544867136318e8936e) Importer(815301076,1909f56bfc062723c751e8b465ee728b)  -> (artifact id: 'c123aaa0101afdfd01a2a596965d90b3') in 0.030001 seconds 
========================================================================
Received Import Request.
  Time since last request: 0.000020 seconds.
  path: Assets/AssetStore/Dark_Brown_GUI_kit/icon/simple/book.png
  artifactKey: Guid(42a071e013c399948b1f557daec38fd9) Importer(815301076,1909f56bfc062723c751e8b465ee728b)
Start importing Assets/AssetStore/Dark_Brown_GUI_kit/icon/simple/book.png using Guid(42a071e013c399948b1f557daec38fd9) Importer(815301076,1909f56bfc062723c751e8b465ee728b)  -> (artifact id: 'f42db11caaf6d5102183a4945bae0b84') in 0.035363 seconds 
========================================================================
Received Import Request.
  Time since last request: 0.000022 seconds.
  path: Assets/AssetStore/Dark_Brown_GUI_kit/icon/simple/exclamation.png
  artifactKey: Guid(868d6074b6e4e44479b4c99e719e3bb9) Importer(815301076,1909f56bfc062723c751e8b465ee728b)
Start importing Assets/AssetStore/Dark_Brown_GUI_kit/icon/simple/exclamation.png using Guid(868d6074b6e4e44479b4c99e719e3bb9) Importer(815301076,1909f56bfc062723c751e8b465ee728b)  -> (artifact id: '2ef5e011fbbcef8fd630c084118f6085') in 0.027958 seconds 
========================================================================
Received Import Request.
  Time since last request: 0.000034 seconds.
  path: Assets/AssetStore/Dark_Brown_GUI_kit/icon/simple/coins.png
  artifactKey: Guid(9b6afb766887a9d45ad6a7b2c466974e) Importer(815301076,1909f56bfc062723c751e8b465ee728b)
Start importing Assets/AssetStore/Dark_Brown_GUI_kit/icon/simple/coins.png using Guid(9b6afb766887a9d45ad6a7b2c466974e) Importer(815301076,1909f56bfc062723c751e8b465ee728b)  -> (artifact id: '46e4d96f7ebf107b775cae58837a6876') in 0.036969 seconds 
========================================================================
Received Import Request.
  Time since last request: 0.000028 seconds.
  path: Assets/AssetStore/Dark_Brown_GUI_kit/icon/simple/inventory.png
  artifactKey: Guid(14915d4bdc112304c8a77610e77206d4) Importer(815301076,1909f56bfc062723c751e8b465ee728b)
Start importing Assets/AssetStore/Dark_Brown_GUI_kit/icon/simple/inventory.png using Guid(14915d4bdc112304c8a77610e77206d4) Importer(815301076,1909f56bfc062723c751e8b465ee728b)  -> (artifact id: '6bd8f1ead5c436fe66a839450af977c9') in 0.027521 seconds 
========================================================================
Received Import Request.
  Time since last request: 0.000026 seconds.
  path: Assets/AssetStore/Dark_Brown_GUI_kit/icon/simple/home.png
  artifactKey: Guid(947c90ea345a54944bf0e2dc4af85150) Importer(815301076,1909f56bfc062723c751e8b465ee728b)
Start importing Assets/AssetStore/Dark_Brown_GUI_kit/icon/simple/home.png using Guid(947c90ea345a54944bf0e2dc4af85150) Importer(815301076,1909f56bfc062723c751e8b465ee728b)  -> (artifact id: '8900eee1c126742796895a35d2816cb5') in 0.021716 seconds 
========================================================================
Received Import Request.
  Time since last request: 0.234373 seconds.
  path: Assets/AssetStore/Dark_Brown_GUI_kit/icon/simple/password.png
  artifactKey: Guid(a7725ab1afa661d48b04d1e13d03a7ae) Importer(815301076,1909f56bfc062723c751e8b465ee728b)
Start importing Assets/AssetStore/Dark_Brown_GUI_kit/icon/simple/password.png using Guid(a7725ab1afa661d48b04d1e13d03a7ae) Importer(815301076,1909f56bfc062723c751e8b465ee728b)  -> (artifact id: 'f5205fb2b32599cd56b05f54456e3095') in 0.024460 seconds 
========================================================================
Received Import Request.
  Time since last request: 0.014418 seconds.
  path: Assets/AssetStore/Dark_Brown_GUI_kit/icon/simple/potion.png
  artifactKey: Guid(77ad2bba509039747b10c1428bc7b5c6) Importer(815301076,1909f56bfc062723c751e8b465ee728b)
Start importing Assets/AssetStore/Dark_Brown_GUI_kit/icon/simple/potion.png using Guid(77ad2bba509039747b10c1428bc7b5c6) Importer(815301076,1909f56bfc062723c751e8b465ee728b)  -> (artifact id: 'ac1a071c978d2649aaa682edd28939f4') in 0.025285 seconds 
========================================================================
Received Import Request.
  Time since last request: 0.000024 seconds.
  path: Assets/AssetStore/Dark_Brown_GUI_kit/icon/simple/scroll.png
  artifactKey: Guid(9e755dd9bcbfb2b40980b2c89636b1e4) Importer(815301076,1909f56bfc062723c751e8b465ee728b)
Start importing Assets/AssetStore/Dark_Brown_GUI_kit/icon/simple/scroll.png using Guid(9e755dd9bcbfb2b40980b2c89636b1e4) Importer(815301076,1909f56bfc062723c751e8b465ee728b)  -> (artifact id: '18a349241730d0a4446d6a48adfc0d21') in 0.022341 seconds 
========================================================================
Received Import Request.
  Time since last request: 0.261058 seconds.
  path: Assets/AssetStore/Dark_Brown_GUI_kit/icon/simple/settings_one.png
  artifactKey: Guid(c6b0826e1f975a64fb7b258b6ae477e1) Importer(815301076,1909f56bfc062723c751e8b465ee728b)
Start importing Assets/AssetStore/Dark_Brown_GUI_kit/icon/simple/settings_one.png using Guid(c6b0826e1f975a64fb7b258b6ae477e1) Importer(815301076,1909f56bfc062723c751e8b465ee728b)  -> (artifact id: '9708824afa25177fefa3c365058f9439') in 0.025074 seconds 
========================================================================
Received Import Request.
  Time since last request: 0.000017 seconds.
  path: Assets/AssetStore/Dark_Brown_GUI_kit/icon/simple/sword.png
  artifactKey: Guid(1225aae5cdb5cfb4196e11d97df783b3) Importer(815301076,1909f56bfc062723c751e8b465ee728b)
Start importing Assets/AssetStore/Dark_Brown_GUI_kit/icon/simple/sword.png using Guid(1225aae5cdb5cfb4196e11d97df783b3) Importer(815301076,1909f56bfc062723c751e8b465ee728b)  -> (artifact id: '4dbad42fe56d11fcfd86045f8ee76bf2') in 0.026287 seconds 
Editor requested this worker to shutdown with reason: Scaling down because of idle timeout
AssetImportWorker is now disconnected from the server
Process exiting
Exiting without the bug reporter. Application will terminate with return code 0