Using pre-set license
Built from '2021.3/staging' branch; Version is '2021.3.1f1 (3b70a0754835) revision 3895456'; Using compiler version '192829333'; Build Type 'Release'
OS: 'Windows 10  (10.0.19044) 64bit Professional' Language: 'ko' Physical Memory: 16321 MB
BatchMode: 1, IsHumanControllingUs: 0, StartBugReporterOnCrash: 0, Is64bit: 1, IsPro: 1

COMMAND LINE ARGUMENTS:
C:\Program Files\Unity 2021.3.1f1\Editor\Unity.exe
-adb2
-batchMode
-noUpm
-name
AssetImportWorker5
-projectPath
C:/Users/Atents/Desktop/WOS/WOS
-logFile
Logs/AssetImportWorker5.log
-srvPort
53745
Successfully changed project path to: C:/Users/Atents/Desktop/WOS/WOS
C:/Users/Atents/Desktop/WOS/WOS
[UnityMemory] Configuration Parameters - Can be set up in boot.config
    "memorysetup-bucket-allocator-granularity=16"
    "memorysetup-bucket-allocator-bucket-count=8"
    "memorysetup-bucket-allocator-block-size=33554432"
    "memorysetup-bucket-allocator-block-count=8"
    "memorysetup-main-allocator-block-size=16777216"
    "memorysetup-thread-allocator-block-size=16777216"
    "memorysetup-gfx-main-allocator-block-size=16777216"
    "memorysetup-gfx-thread-allocator-block-size=16777216"
    "memorysetup-cache-allocator-block-size=4194304"
    "memorysetup-typetree-allocator-block-size=2097152"
    "memorysetup-profiler-bucket-allocator-granularity=16"
    "memorysetup-profiler-bucket-allocator-bucket-count=8"
    "memorysetup-profiler-bucket-allocator-block-size=33554432"
    "memorysetup-profiler-bucket-allocator-block-count=8"
    "memorysetup-profiler-allocator-block-size=16777216"
    "memorysetup-profiler-editor-allocator-block-size=1048576"
    "memorysetup-temp-allocator-size-main=16777216"
    "memorysetup-job-temp-allocator-block-size=2097152"
    "memorysetup-job-temp-allocator-block-size-background=1048576"
    "memorysetup-job-temp-allocator-reduction-small-platforms=262144"
    "memorysetup-temp-allocator-size-background-worker=32768"
    "memorysetup-temp-allocator-size-job-worker=262144"
    "memorysetup-temp-allocator-size-preload-manager=33554432"
    "memorysetup-temp-allocator-size-nav-mesh-worker=65536"
    "memorysetup-temp-allocator-size-audio-worker=65536"
    "memorysetup-temp-allocator-size-cloud-worker=32768"
    "memorysetup-temp-allocator-size-gi-baking-worker=262144"
    "memorysetup-temp-allocator-size-gfx=262144"
Refreshing native plugins compatible for Editor in 109.70 ms, found 3 plugins.
Preloading 0 native plugins for Editor in 0.00 ms.
Initialize engine version: 2021.3.1f1 (3b70a0754835)
[Subsystems] Discovering subsystems at path C:/Program Files/Unity 2021.3.1f1/Editor/Data/Resources/UnitySubsystems
[Subsystems] Discovering subsystems at path C:/Users/Atents/Desktop/WOS/WOS/Assets
GfxDevice: creating device client; threaded=0; jobified=0
Direct3D:
    Version:  Direct3D 11.0 [level 11.0]
    Renderer: NVIDIA GeForce GT 710 (ID=0x128b)
    Vendor:   NVIDIA
    VRAM:     984 MB
    Driver:   30.0.14.7404
Initialize mono
Mono path[0] = 'C:/Program Files/Unity 2021.3.1f1/Editor/Data/Managed'
Mono path[1] = 'C:/Program Files/Unity 2021.3.1f1/Editor/Data/MonoBleedingEdge/lib/mono/unityjit-win32'
Mono config path = 'C:/Program Files/Unity 2021.3.1f1/Editor/Data/MonoBleedingEdge/etc'
Using monoOptions --debugger-agent=transport=dt_socket,embedding=1,server=y,suspend=n,address=127.0.0.1:56008
Begin MonoManager ReloadAssembly
Registering precompiled unity dll's ...
Register platform support module: C:/Program Files/Unity 2021.3.1f1/Editor/Data/PlaybackEngines/WindowsStandaloneSupport/UnityEditor.WindowsStandalone.Extensions.dll
Registered in 0.007388 seconds.
Native extension for WindowsStandalone target not found
Refreshing native plugins compatible for Editor in 118.31 ms, found 3 plugins.
Preloading 0 native plugins for Editor in 0.00 ms.
Mono: successfully reloaded assembly
- Completed reload, in  0.859 seconds
Domain Reload Profiling:
	ReloadAssembly (859ms)
		BeginReloadAssembly (90ms)
			ExecutionOrderSort (0ms)
			DisableScriptedObjects (0ms)
			BackupInstance (0ms)
			ReleaseScriptingObjects (0ms)
			CreateAndSetChildDomain (1ms)
		EndReloadAssembly (621ms)
			LoadAssemblies (88ms)
			RebuildTransferFunctionScriptingTraits (0ms)
			SetupTypeCache (155ms)
			ReleaseScriptCaches (0ms)
			RebuildScriptCaches (39ms)
			SetupLoadedEditorAssemblies (361ms)
				LogAssemblyErrors (0ms)
				InitializePlatformSupportModulesInManaged (8ms)
				SetLoadedEditorAssemblies (0ms)
				RefreshPlugins (118ms)
				BeforeProcessingInitializeOnLoad (1ms)
				ProcessInitializeOnLoadAttributes (165ms)
				ProcessInitializeOnLoadMethodAttributes (68ms)
				AfterProcessingInitializeOnLoad (0ms)
				EditorAssembliesLoaded (0ms)
			ExecutionOrderSort2 (0ms)
			AwakeInstancesAfterBackupRestoration (0ms)
Platform modules already initialized, skipping
Registering precompiled user dll's ...
Registered in 0.006137 seconds.
Begin MonoManager ReloadAssembly
Symbol file LoadedFromMemory doesn't match image C:\Users\Atents\Desktop\WOS\WOS\Library\PackageCache\com.unity.visualscripting@1.7.8\Editor\VisualScripting.Core\Dependencies\YamlDotNet\Unity.VisualScripting.YamlDotNet.dll
Symbol file LoadedFromMemory doesn't match image C:\Users\Atents\Desktop\WOS\WOS\Library\PackageCache\com.unity.visualscripting@1.7.8\Editor\VisualScripting.Core\Dependencies\DotNetZip\Unity.VisualScripting.IonicZip.dll
Native extension for WindowsStandalone target not found
Refreshing native plugins compatible for Editor in 0.92 ms, found 3 plugins.
Preloading 0 native plugins for Editor in 0.00 ms.
Mono: successfully reloaded assembly
- Completed reload, in  1.470 seconds
Domain Reload Profiling:
	ReloadAssembly (1471ms)
		BeginReloadAssembly (158ms)
			ExecutionOrderSort (0ms)
			DisableScriptedObjects (7ms)
			BackupInstance (0ms)
			ReleaseScriptingObjects (0ms)
			CreateAndSetChildDomain (23ms)
		EndReloadAssembly (1157ms)
			LoadAssemblies (123ms)
			RebuildTransferFunctionScriptingTraits (0ms)
			SetupTypeCache (372ms)
			ReleaseScriptCaches (1ms)
			RebuildScriptCaches (73ms)
			SetupLoadedEditorAssemblies (548ms)
				LogAssemblyErrors (0ms)
				InitializePlatformSupportModulesInManaged (7ms)
				SetLoadedEditorAssemblies (1ms)
				RefreshPlugins (1ms)
				BeforeProcessingInitializeOnLoad (103ms)
				ProcessInitializeOnLoadAttributes (364ms)
				ProcessInitializeOnLoadMethodAttributes (60ms)
				AfterProcessingInitializeOnLoad (12ms)
				EditorAssembliesLoaded (0ms)
			ExecutionOrderSort2 (0ms)
			AwakeInstancesAfterBackupRestoration (8ms)
Platform modules already initialized, skipping
========================================================================
Worker process is ready to serve import requests
Launched and connected shader compiler UnityShaderCompiler.exe after 0.06 seconds
Refreshing native plugins compatible for Editor in 1.01 ms, found 3 plugins.
Preloading 0 native plugins for Editor in 0.00 ms.
Unloading 3648 Unused Serialized files (Serialized files now loaded: 0)
Unloading 40 unused Assets / (1.4 MB). Loaded Objects now: 4129.
Memory consumption went from 226.4 MB to 225.1 MB.
Total: 6.741800 ms (FindLiveObjects: 0.370600 ms CreateObjectMapping: 0.362700 ms MarkObjects: 4.440000 ms  DeleteObjects: 1.567200 ms)

AssetImportParameters requested are different than current active one (requested -> active):
  custom:video-decoder-ogg-theora: a1e56fd34408186e4bbccfd4996cb3dc -> 
  custom:container-muxer-webm: aa71ff27fc2769a1b78a27578f13a17b -> 
  custom:container-demuxer-webm: 4f35f7cbe854078d1ac9338744f61a02 -> 
  custom:video-encoder-webm-vp8: eb34c28f22e8b96e1ab97ce403110664 -> 
  custom:audio-encoder-webm-vorbis: bf7c407c2cedff20999df2af8eb42d56 -> 
  custom:framework-win-MediaFoundation: 216162199b28c13a410421893ffa2e32 -> 
  custom:container-demuxer-ogg: 62fdf1f143b41e24485cea50d1cbac27 -> 
  custom:video-decoder-webm-vp8: 9c59270c3fd7afecdb556c50c9e8de78 -> 
  custom:audio-decoder-ogg-vorbis: bf7c407c2cedff20999df2af8eb42d56 -> 
========================================================================
Received Import Request.
  Time since last request: 1053552.511444 seconds.
  path: Assets/AssetStore/Building/Guild/fbx/House_1_unity/house_16_1.fbx
  artifactKey: Guid(09bac04de0757e94d81f67029bf81f9b) Importer(815301076,1909f56bfc062723c751e8b465ee728b)
Start importing Assets/AssetStore/Building/Guild/fbx/House_1_unity/house_16_1.fbx using Guid(09bac04de0757e94d81f67029bf81f9b) Importer(815301076,1909f56bfc062723c751e8b465ee728b)  -> (artifact id: 'c1025c5bd9a629c195edf1f30feac1bc') in 2.992353 seconds 
========================================================================
Received Import Request.
  Time since last request: 0.000038 seconds.
  path: Assets/AssetStore/Building/Guild/fbx/House_1_unity/house_8_1.fbx
  artifactKey: Guid(13ab93f8fe7193442bb2cdd0fdfe5bb3) Importer(815301076,1909f56bfc062723c751e8b465ee728b)
Start importing Assets/AssetStore/Building/Guild/fbx/House_1_unity/house_8_1.fbx using Guid(13ab93f8fe7193442bb2cdd0fdfe5bb3) Importer(815301076,1909f56bfc062723c751e8b465ee728b)  -> (artifact id: '836e11c3a2739de9c43ffecde3d632ff') in 2.247275 seconds 
========================================================================
Received Import Request.
  Time since last request: 0.000025 seconds.
  path: Assets/AssetStore/Building/Guild/fbx/House_1_unity/house_14_1.fbx
  artifactKey: Guid(b19259d4f47f0df45a97558f5d9eb5a8) Importer(815301076,1909f56bfc062723c751e8b465ee728b)
Start importing Assets/AssetStore/Building/Guild/fbx/House_1_unity/house_14_1.fbx using Guid(b19259d4f47f0df45a97558f5d9eb5a8) Importer(815301076,1909f56bfc062723c751e8b465ee728b)  -> (artifact id: 'd99ca76503f3089d323c6598bff0be89') in 3.104552 seconds 
========================================================================
Received Import Request.
  Time since last request: 88.279076 seconds.
  path: Assets/AssetStore/Building/Guild/fbx/House_Full_ordinar/House_02_full.fbx
  artifactKey: Guid(13833eff62940314fa71c6bcad568469) Importer(815301076,1909f56bfc062723c751e8b465ee728b)
Start importing Assets/AssetStore/Building/Guild/fbx/House_Full_ordinar/House_02_full.fbx using Guid(13833eff62940314fa71c6bcad568469) Importer(815301076,1909f56bfc062723c751e8b465ee728b)  -> (artifact id: 'dd359a1b42df77317a0c281c44e2c611') in 0.917801 seconds 
========================================================================
Received Import Request.
  Time since last request: 0.000060 seconds.
  path: Assets/AssetStore/Building/Guild/fbx/House_Full_ordinar/House_10_full.fbx
  artifactKey: Guid(655b75d52628c104c8f2391461a88926) Importer(815301076,1909f56bfc062723c751e8b465ee728b)
Start importing Assets/AssetStore/Building/Guild/fbx/House_Full_ordinar/House_10_full.fbx using Guid(655b75d52628c104c8f2391461a88926) Importer(815301076,1909f56bfc062723c751e8b465ee728b)  -> (artifact id: '142feba33b7a4ab2d9059e9ccadf19d8') in 1.493486 seconds 
========================================================================
Received Import Request.
  Time since last request: 0.000029 seconds.
  path: Assets/AssetStore/Building/Guild/fbx/House_Full_ordinar/house_14_full.fbx
  artifactKey: Guid(450993eb627c49e41ae9ecc8cbead804) Importer(815301076,1909f56bfc062723c751e8b465ee728b)
Start importing Assets/AssetStore/Building/Guild/fbx/House_Full_ordinar/house_14_full.fbx using Guid(450993eb627c49e41ae9ecc8cbead804) Importer(815301076,1909f56bfc062723c751e8b465ee728b)  -> (artifact id: 'c8e3e312dbef49836e52aaedf9a05822') in 1.365748 seconds 
========================================================================
Received Import Request.
  Time since last request: 0.000026 seconds.
  path: Assets/AssetStore/Building/Guild/fbx/House_Full_ordinar/house_05_full.fbx
  artifactKey: Guid(aede93b0f19f736449b34d39de01dc6e) Importer(815301076,1909f56bfc062723c751e8b465ee728b)
Start importing Assets/AssetStore/Building/Guild/fbx/House_Full_ordinar/house_05_full.fbx using Guid(aede93b0f19f736449b34d39de01dc6e) Importer(815301076,1909f56bfc062723c751e8b465ee728b)  -> (artifact id: '0ad5edc1639321e2b291752f41c7da4b') in 2.134383 seconds 
========================================================================
Received Import Request.
  Time since last request: 0.000040 seconds.
  path: Assets/AssetStore/Building/Guild/fbx/House_Full_ordinar/House_03_full.fbx
  artifactKey: Guid(a06a2af2e14aa0f419624184ae0c0375) Importer(815301076,1909f56bfc062723c751e8b465ee728b)
Start importing Assets/AssetStore/Building/Guild/fbx/House_Full_ordinar/House_03_full.fbx using Guid(a06a2af2e14aa0f419624184ae0c0375) Importer(815301076,1909f56bfc062723c751e8b465ee728b)  -> (artifact id: '95ae421fe35fcadf5add7d2058ffa704') in 1.081223 seconds 
========================================================================
Received Import Request.
  Time since last request: 0.000033 seconds.
  path: Assets/AssetStore/Building/Guild/fbx/House_Full_ordinar/house_08_full.fbx
  artifactKey: Guid(990cc943dbbd4214fbeeeea3c57f4863) Importer(815301076,1909f56bfc062723c751e8b465ee728b)
Start importing Assets/AssetStore/Building/Guild/fbx/House_Full_ordinar/house_08_full.fbx using Guid(990cc943dbbd4214fbeeeea3c57f4863) Importer(815301076,1909f56bfc062723c751e8b465ee728b)  -> (artifact id: 'bea71cea2a4ae8907350adf61daafc39') in 0.767571 seconds 
========================================================================
Received Import Request.
  Time since last request: 0.000030 seconds.
  path: Assets/AssetStore/Building/Guild/fbx/House_Full_ordinar/House_19_full.fbx
  artifactKey: Guid(9c5c4f8f96f015a439468a5bdbc23f5e) Importer(815301076,1909f56bfc062723c751e8b465ee728b)
Start importing Assets/AssetStore/Building/Guild/fbx/House_Full_ordinar/House_19_full.fbx using Guid(9c5c4f8f96f015a439468a5bdbc23f5e) Importer(815301076,1909f56bfc062723c751e8b465ee728b)  -> (artifact id: '6f0f67b1e61f735a12d6da21718f7213') in 3.806730 seconds 
========================================================================
Received Import Request.
  Time since last request: 0.000029 seconds.
  path: Assets/AssetStore/Building/Guild/fbx/House_Full_ordinar/House_04_full.fbx
  artifactKey: Guid(91207e41b7591944ca5277e6ad1d929f) Importer(815301076,1909f56bfc062723c751e8b465ee728b)
Start importing Assets/AssetStore/Building/Guild/fbx/House_Full_ordinar/House_04_full.fbx using Guid(91207e41b7591944ca5277e6ad1d929f) Importer(815301076,1909f56bfc062723c751e8b465ee728b)  -> (artifact id: '367de7844a83345e57927312e025973c') in 0.981721 seconds 
Editor requested this worker to shutdown with reason: Scaling down because of idle timeout
AssetImportWorker is now disconnected from the server
Process exiting
Exiting without the bug reporter. Application will terminate with return code 0