Using pre-set license
Built from '2021.3/staging' branch; Version is '2021.3.1f1 (3b70a0754835) revision 3895456'; Using compiler version '192829333'; Build Type 'Release'
OS: 'Windows 10  (10.0.19044) 64bit Professional' Language: 'ko' Physical Memory: 16321 MB
BatchMode: 1, IsHumanControllingUs: 0, StartBugReporterOnCrash: 0, Is64bit: 1, IsPro: 1

COMMAND LINE ARGUMENTS:
C:\Program Files\Unity 2021.3.1f1\Editor\Unity.exe
-adb2
-batchMode
-noUpm
-name
AssetImportWorker4
-projectPath
C:/Users/Atents/Desktop/WOS/WOS
-logFile
Logs/AssetImportWorker4.log
-srvPort
55287
Successfully changed project path to: C:/Users/Atents/Desktop/WOS/WOS
C:/Users/Atents/Desktop/WOS/WOS
[UnityMemory] Configuration Parameters - Can be set up in boot.config
    "memorysetup-bucket-allocator-granularity=16"
    "memorysetup-bucket-allocator-bucket-count=8"
    "memorysetup-bucket-allocator-block-size=33554432"
    "memorysetup-bucket-allocator-block-count=8"
    "memorysetup-main-allocator-block-size=16777216"
    "memorysetup-thread-allocator-block-size=16777216"
    "memorysetup-gfx-main-allocator-block-size=16777216"
    "memorysetup-gfx-thread-allocator-block-size=16777216"
    "memorysetup-cache-allocator-block-size=4194304"
    "memorysetup-typetree-allocator-block-size=2097152"
    "memorysetup-profiler-bucket-allocator-granularity=16"
    "memorysetup-profiler-bucket-allocator-bucket-count=8"
    "memorysetup-profiler-bucket-allocator-block-size=33554432"
    "memorysetup-profiler-bucket-allocator-block-count=8"
    "memorysetup-profiler-allocator-block-size=16777216"
    "memorysetup-profiler-editor-allocator-block-size=1048576"
    "memorysetup-temp-allocator-size-main=16777216"
    "memorysetup-job-temp-allocator-block-size=2097152"
    "memorysetup-job-temp-allocator-block-size-background=1048576"
    "memorysetup-job-temp-allocator-reduction-small-platforms=262144"
    "memorysetup-temp-allocator-size-background-worker=32768"
    "memorysetup-temp-allocator-size-job-worker=262144"
    "memorysetup-temp-allocator-size-preload-manager=33554432"
    "memorysetup-temp-allocator-size-nav-mesh-worker=65536"
    "memorysetup-temp-allocator-size-audio-worker=65536"
    "memorysetup-temp-allocator-size-cloud-worker=32768"
    "memorysetup-temp-allocator-size-gi-baking-worker=262144"
    "memorysetup-temp-allocator-size-gfx=262144"
Refreshing native plugins compatible for Editor in 158.88 ms, found 3 plugins.
Preloading 0 native plugins for Editor in 0.00 ms.
Initialize engine version: 2021.3.1f1 (3b70a0754835)
[Subsystems] Discovering subsystems at path C:/Program Files/Unity 2021.3.1f1/Editor/Data/Resources/UnitySubsystems
[Subsystems] Discovering subsystems at path C:/Users/Atents/Desktop/WOS/WOS/Assets
GfxDevice: creating device client; threaded=0; jobified=0
Direct3D:
    Version:  Direct3D 11.0 [level 11.0]
    Renderer: NVIDIA GeForce GT 710 (ID=0x128b)
    Vendor:   NVIDIA
    VRAM:     984 MB
    Driver:   30.0.14.7404
Initialize mono
Mono path[0] = 'C:/Program Files/Unity 2021.3.1f1/Editor/Data/Managed'
Mono path[1] = 'C:/Program Files/Unity 2021.3.1f1/Editor/Data/MonoBleedingEdge/lib/mono/unityjit-win32'
Mono config path = 'C:/Program Files/Unity 2021.3.1f1/Editor/Data/MonoBleedingEdge/etc'
Using monoOptions --debugger-agent=transport=dt_socket,embedding=1,server=y,suspend=n,address=127.0.0.1:56196
Begin MonoManager ReloadAssembly
Registering precompiled unity dll's ...
Register platform support module: C:/Program Files/Unity 2021.3.1f1/Editor/Data/PlaybackEngines/WindowsStandaloneSupport/UnityEditor.WindowsStandalone.Extensions.dll
Registered in 0.005118 seconds.
Native extension for WindowsStandalone target not found
Refreshing native plugins compatible for Editor in 106.20 ms, found 3 plugins.
Preloading 0 native plugins for Editor in 0.00 ms.
Mono: successfully reloaded assembly
- Completed reload, in  0.669 seconds
Domain Reload Profiling:
	ReloadAssembly (670ms)
		BeginReloadAssembly (84ms)
			ExecutionOrderSort (0ms)
			DisableScriptedObjects (0ms)
			BackupInstance (0ms)
			ReleaseScriptingObjects (0ms)
			CreateAndSetChildDomain (1ms)
		EndReloadAssembly (468ms)
			LoadAssemblies (82ms)
			RebuildTransferFunctionScriptingTraits (0ms)
			SetupTypeCache (109ms)
			ReleaseScriptCaches (0ms)
			RebuildScriptCaches (27ms)
			SetupLoadedEditorAssemblies (281ms)
				LogAssemblyErrors (0ms)
				InitializePlatformSupportModulesInManaged (8ms)
				SetLoadedEditorAssemblies (0ms)
				RefreshPlugins (107ms)
				BeforeProcessingInitializeOnLoad (1ms)
				ProcessInitializeOnLoadAttributes (120ms)
				ProcessInitializeOnLoadMethodAttributes (45ms)
				AfterProcessingInitializeOnLoad (0ms)
				EditorAssembliesLoaded (0ms)
			ExecutionOrderSort2 (0ms)
			AwakeInstancesAfterBackupRestoration (0ms)
Platform modules already initialized, skipping
Registering precompiled user dll's ...
Registered in 0.005692 seconds.
Begin MonoManager ReloadAssembly
Symbol file LoadedFromMemory doesn't match image C:\Users\Atents\Desktop\WOS\WOS\Library\PackageCache\com.unity.visualscripting@1.7.8\Editor\VisualScripting.Core\Dependencies\YamlDotNet\Unity.VisualScripting.YamlDotNet.dll
Symbol file LoadedFromMemory doesn't match image C:\Users\Atents\Desktop\WOS\WOS\Library\PackageCache\com.unity.visualscripting@1.7.8\Editor\VisualScripting.Core\Dependencies\DotNetZip\Unity.VisualScripting.IonicZip.dll
Native extension for WindowsStandalone target not found
Refreshing native plugins compatible for Editor in 0.85 ms, found 3 plugins.
Preloading 0 native plugins for Editor in 0.00 ms.
Mono: successfully reloaded assembly
- Completed reload, in  1.125 seconds
Domain Reload Profiling:
	ReloadAssembly (1126ms)
		BeginReloadAssembly (114ms)
			ExecutionOrderSort (0ms)
			DisableScriptedObjects (5ms)
			BackupInstance (0ms)
			ReleaseScriptingObjects (0ms)
			CreateAndSetChildDomain (20ms)
		EndReloadAssembly (891ms)
			LoadAssemblies (86ms)
			RebuildTransferFunctionScriptingTraits (0ms)
			SetupTypeCache (292ms)
			ReleaseScriptCaches (1ms)
			RebuildScriptCaches (62ms)
			SetupLoadedEditorAssemblies (408ms)
				LogAssemblyErrors (0ms)
				InitializePlatformSupportModulesInManaged (12ms)
				SetLoadedEditorAssemblies (0ms)
				RefreshPlugins (1ms)
				BeforeProcessingInitializeOnLoad (87ms)
				ProcessInitializeOnLoadAttributes (259ms)
				ProcessInitializeOnLoadMethodAttributes (42ms)
				AfterProcessingInitializeOnLoad (8ms)
				EditorAssembliesLoaded (0ms)
			ExecutionOrderSort2 (0ms)
			AwakeInstancesAfterBackupRestoration (6ms)
Platform modules already initialized, skipping
========================================================================
Worker process is ready to serve import requests
Launched and connected shader compiler UnityShaderCompiler.exe after 0.07 seconds
Refreshing native plugins compatible for Editor in 1.01 ms, found 3 plugins.
Preloading 0 native plugins for Editor in 0.00 ms.
Unloading 3791 Unused Serialized files (Serialized files now loaded: 0)
Unloading 40 unused Assets / (1.4 MB). Loaded Objects now: 4282.
Memory consumption went from 233.4 MB to 232.0 MB.
Total: 3.268100 ms (FindLiveObjects: 0.327500 ms CreateObjectMapping: 0.232800 ms MarkObjects: 2.351000 ms  DeleteObjects: 0.355900 ms)

AssetImportParameters requested are different than current active one (requested -> active):
  custom:video-decoder-ogg-theora: a1e56fd34408186e4bbccfd4996cb3dc -> 
  custom:container-muxer-webm: aa71ff27fc2769a1b78a27578f13a17b -> 
  custom:container-demuxer-webm: 4f35f7cbe854078d1ac9338744f61a02 -> 
  custom:video-encoder-webm-vp8: eb34c28f22e8b96e1ab97ce403110664 -> 
  custom:audio-encoder-webm-vorbis: bf7c407c2cedff20999df2af8eb42d56 -> 
  custom:framework-win-MediaFoundation: 216162199b28c13a410421893ffa2e32 -> 
  custom:container-demuxer-ogg: 62fdf1f143b41e24485cea50d1cbac27 -> 
  custom:video-decoder-webm-vp8: 9c59270c3fd7afecdb556c50c9e8de78 -> 
  custom:audio-decoder-ogg-vorbis: bf7c407c2cedff20999df2af8eb42d56 -> 
========================================================================
Received Import Request.
  Time since last request: 612239.255319 seconds.
  path: Assets/AssetStore/Hand Painted Grass  Texture
  artifactKey: Guid(a3e22dfd0061633468e1138b53b9c78a) Importer(815301076,1909f56bfc062723c751e8b465ee728b)
Start importing Assets/AssetStore/Hand Painted Grass  Texture using Guid(a3e22dfd0061633468e1138b53b9c78a) Importer(815301076,1909f56bfc062723c751e8b465ee728b)  -> (artifact id: '10434d21111e0f9f3b34a037d2bf0b19') in 0.015297 seconds 
========================================================================
Received Import Request.
  Time since last request: 553.681079 seconds.
  path: Assets/AssetStore/Weapon/Art/Weapons/LowPoly/FreeSwords/Sword13/Sword13_FBX.fbx
  artifactKey: Guid(d1dbaad8388db3746ad5cac74bc494d4) Importer(815301076,1909f56bfc062723c751e8b465ee728b)
Start importing Assets/AssetStore/Weapon/Art/Weapons/LowPoly/FreeSwords/Sword13/Sword13_FBX.fbx using Guid(d1dbaad8388db3746ad5cac74bc494d4) Importer(815301076,1909f56bfc062723c751e8b465ee728b)  -> (artifact id: 'ca60f57cb851a09d24bf65d0e71b149f') in 0.376717 seconds 
========================================================================
Received Import Request.
  Time since last request: 0.000029 seconds.
  path: Assets/AssetStore/Weapon/Art/Weapons/LowPoly/FreeSwords/Sword13/Sword13_Material_Green.mat
  artifactKey: Guid(f6a771f5dc3dbd7498a557a26e86f692) Importer(815301076,1909f56bfc062723c751e8b465ee728b)
Start importing Assets/AssetStore/Weapon/Art/Weapons/LowPoly/FreeSwords/Sword13/Sword13_Material_Green.mat using Guid(f6a771f5dc3dbd7498a557a26e86f692) Importer(815301076,1909f56bfc062723c751e8b465ee728b)  -> (artifact id: '638eda7df40a3d179439ef20795581a5') in 0.090838 seconds 
========================================================================
Received Import Request.
  Time since last request: 231.916821 seconds.
  path: Assets/Model/3D_Model/Circle_SR.mat
  artifactKey: Guid(e720e154b0ec06344b59bca305f722bb) Importer(815301076,1909f56bfc062723c751e8b465ee728b)
Start importing Assets/Model/3D_Model/Circle_SR.mat using Guid(e720e154b0ec06344b59bca305f722bb) Importer(815301076,1909f56bfc062723c751e8b465ee728b)  -> (artifact id: '313cd4105ed7216ed95978623b123d8d') in 0.017598 seconds 
========================================================================
Received Import Request.
  Time since last request: 2.018030 seconds.
  path: Assets/Model/3D_Model/Item
  artifactKey: Guid(20f92634116565f4ebdadf8445c13457) Importer(815301076,1909f56bfc062723c751e8b465ee728b)
Start importing Assets/Model/3D_Model/Item using Guid(20f92634116565f4ebdadf8445c13457) Importer(815301076,1909f56bfc062723c751e8b465ee728b)  -> (artifact id: '7520fac7d8da38fff05498261f14e4bd') in 0.017183 seconds 
========================================================================
Received Import Request.
  Time since last request: 8.430281 seconds.
  path: Assets/Model/3D_Model/Item/Weapon
  artifactKey: Guid(1dc4196689eccd94499743cceedd863a) Importer(815301076,1909f56bfc062723c751e8b465ee728b)
Start importing Assets/Model/3D_Model/Item/Weapon using Guid(1dc4196689eccd94499743cceedd863a) Importer(815301076,1909f56bfc062723c751e8b465ee728b)  -> (artifact id: '537c547b24ae263e0106fb7e508fd129') in 0.003025 seconds 
========================================================================
Received Import Request.
  Time since last request: 14.753469 seconds.
  path: Assets/Model/3D_Model/Item/Weapon/VocanoSword
  artifactKey: Guid(31c8557169f118341a3258c92a5f415c) Importer(815301076,1909f56bfc062723c751e8b465ee728b)
Start importing Assets/Model/3D_Model/Item/Weapon/VocanoSword using Guid(31c8557169f118341a3258c92a5f415c) Importer(815301076,1909f56bfc062723c751e8b465ee728b)  -> (artifact id: '7aee9f78206a9cf9d9e84e9bee05dd32') in 0.008822 seconds 
========================================================================
Received Import Request.
  Time since last request: 14.492719 seconds.
  path: Assets/Model/3D_Model/Item/Weapon/MithrilSword
  artifactKey: Guid(ccf2c59320d3c0b44815fa6b5403f76b) Importer(815301076,1909f56bfc062723c751e8b465ee728b)
Start importing Assets/Model/3D_Model/Item/Weapon/MithrilSword using Guid(ccf2c59320d3c0b44815fa6b5403f76b) Importer(815301076,1909f56bfc062723c751e8b465ee728b)  -> (artifact id: 'e7a0d950f92ae9dd5ff871bcf2a3a4cf') in 0.008169 seconds 
========================================================================
Received Import Request.
  Time since last request: 18.329054 seconds.
  path: Assets/Model/3D_Model/Item/Weapon/VocanoSword/Sword13_Material_Red.mat
  artifactKey: Guid(914271d59ff026e4f8fc9a6e484b6c15) Importer(815301076,1909f56bfc062723c751e8b465ee728b)
Start importing Assets/Model/3D_Model/Item/Weapon/VocanoSword/Sword13_Material_Red.mat using Guid(914271d59ff026e4f8fc9a6e484b6c15) Importer(815301076,1909f56bfc062723c751e8b465ee728b)  -> (artifact id: 'f82bd49e5f58d87968fbf70ef358d14f') in 0.068170 seconds 
========================================================================
Received Import Request.
  Time since last request: 81.789928 seconds.
  path: Assets/AssetStore/Weapon/Art/Weapons/LowPoly/FreeSwords/Sword13/Textures/Sword13_Albedo_Blue.png
  artifactKey: Guid(15e3dec91132c4c4aa3fb8a44eca19ce) Importer(815301076,1909f56bfc062723c751e8b465ee728b)
Start importing Assets/AssetStore/Weapon/Art/Weapons/LowPoly/FreeSwords/Sword13/Textures/Sword13_Albedo_Blue.png using Guid(15e3dec91132c4c4aa3fb8a44eca19ce) Importer(815301076,1909f56bfc062723c751e8b465ee728b)  -> (artifact id: 'aaae7c33f4e5d19bf145336c2c9fe1e2') in 0.079020 seconds 
========================================================================
Received Import Request.
  Time since last request: 0.000028 seconds.
  path: Assets/AssetStore/Weapon/Art/Weapons/LowPoly/FreeSwords/Sword13/Textures/Sword13_Albedo_Red.png
  artifactKey: Guid(dfe274de725bd164ab0bc4e2315c232b) Importer(815301076,1909f56bfc062723c751e8b465ee728b)
Start importing Assets/AssetStore/Weapon/Art/Weapons/LowPoly/FreeSwords/Sword13/Textures/Sword13_Albedo_Red.png using Guid(dfe274de725bd164ab0bc4e2315c232b) Importer(815301076,1909f56bfc062723c751e8b465ee728b)  -> (artifact id: 'f61ce65ab3621c09c09bf6b532ac6a04') in 0.043264 seconds 
========================================================================
Received Import Request.
  Time since last request: 0.000029 seconds.
  path: Assets/AssetStore/Weapon/Art/Weapons/LowPoly/FreeSwords/Sword13/Textures/Sword13_Emission.png
  artifactKey: Guid(e845041ddd7d4b047babbc0476de0dcb) Importer(815301076,1909f56bfc062723c751e8b465ee728b)
Start importing Assets/AssetStore/Weapon/Art/Weapons/LowPoly/FreeSwords/Sword13/Textures/Sword13_Emission.png using Guid(e845041ddd7d4b047babbc0476de0dcb) Importer(815301076,1909f56bfc062723c751e8b465ee728b)  -> (artifact id: '5296197386fe634f8f25bcb4062ff6cb') in 0.053612 seconds 
========================================================================
Received Import Request.
  Time since last request: 0.000021 seconds.
  path: Assets/AssetStore/Weapon/Art/Weapons/LowPoly/FreeSwords/Sword13/Textures/Sword13_Albedo_Green.png
  artifactKey: Guid(dbde5c2ac2dd91345a90135f934302f3) Importer(815301076,1909f56bfc062723c751e8b465ee728b)
Start importing Assets/AssetStore/Weapon/Art/Weapons/LowPoly/FreeSwords/Sword13/Textures/Sword13_Albedo_Green.png using Guid(dbde5c2ac2dd91345a90135f934302f3) Importer(815301076,1909f56bfc062723c751e8b465ee728b)  -> (artifact id: '8933166e8b0e096b538f034f88679ab2') in 0.061621 seconds 
========================================================================
Received Import Request.
  Time since last request: 44.483119 seconds.
  path: Assets/Model/3D_Model/Item/Weapon/VocanoSword/Resource
  artifactKey: Guid(34de1939253bd464ea5e8cb231c7b2d2) Importer(815301076,1909f56bfc062723c751e8b465ee728b)
Start importing Assets/Model/3D_Model/Item/Weapon/VocanoSword/Resource using Guid(34de1939253bd464ea5e8cb231c7b2d2) Importer(815301076,1909f56bfc062723c751e8b465ee728b)  -> (artifact id: '5335b4849d3ab597f0106b8deabe861f') in 0.008007 seconds 
========================================================================
Received Import Request.
  Time since last request: 12.982669 seconds.
  path: Assets/Model/3D_Model/Item/Weapon/VocanoSword/Sword13_FBX.prefab
  artifactKey: Guid(726287ce33878b64e81e2ff87254d685) Importer(815301076,1909f56bfc062723c751e8b465ee728b)
Start importing Assets/Model/3D_Model/Item/Weapon/VocanoSword/Sword13_FBX.prefab using Guid(726287ce33878b64e81e2ff87254d685) Importer(815301076,1909f56bfc062723c751e8b465ee728b)  -> (artifact id: '450beb85f3d86d317fffb62564b63fea') in 0.031211 seconds 
========================================================================
Received Import Request.
  Time since last request: 20.670573 seconds.
  path: Assets/Model/3D_Model/Item/Weapon/VocanoSword/VorcanoSword.prefab
  artifactKey: Guid(726287ce33878b64e81e2ff87254d685) Importer(815301076,1909f56bfc062723c751e8b465ee728b)
Start importing Assets/Model/3D_Model/Item/Weapon/VocanoSword/VorcanoSword.prefab using Guid(726287ce33878b64e81e2ff87254d685) Importer(815301076,1909f56bfc062723c751e8b465ee728b)  -> (artifact id: '9fbc6f64b19565e3cacc3e1ff5f84939') in 0.032502 seconds 
========================================================================
Received Import Request.
  Time since last request: 10.090468 seconds.
  path: Assets/Model/3D_Model/Item/Weapon/VocanoSword/VolcanoSword.prefab
  artifactKey: Guid(726287ce33878b64e81e2ff87254d685) Importer(815301076,1909f56bfc062723c751e8b465ee728b)
Start importing Assets/Model/3D_Model/Item/Weapon/VocanoSword/VolcanoSword.prefab using Guid(726287ce33878b64e81e2ff87254d685) Importer(815301076,1909f56bfc062723c751e8b465ee728b)  -> (artifact id: '0f803143f23f881c863aa9c18ec8805b') in 0.030311 seconds 
========================================================================
Received Import Request.
  Time since last request: 36.774826 seconds.
  path: Assets/Model/2D_Model/Item/Weapon/FireSword.PNG
  artifactKey: Guid(1bfab37c3edf4f34480a030962130c19) Importer(815301076,1909f56bfc062723c751e8b465ee728b)
Start importing Assets/Model/2D_Model/Item/Weapon/FireSword.PNG using Guid(1bfab37c3edf4f34480a030962130c19) Importer(815301076,1909f56bfc062723c751e8b465ee728b)  -> (artifact id: 'c76e566d5602921af2a6ce19d7dc53d7') in 0.023534 seconds 
========================================================================
Received Import Request.
  Time since last request: 9.352712 seconds.
  path: Assets/Model/2D_Model/Item/Weapon/FireSword.PNG
  artifactKey: Guid(1bfab37c3edf4f34480a030962130c19) Importer(815301076,1909f56bfc062723c751e8b465ee728b)
Start importing Assets/Model/2D_Model/Item/Weapon/FireSword.PNG using Guid(1bfab37c3edf4f34480a030962130c19) Importer(815301076,1909f56bfc062723c751e8b465ee728b)  -> (artifact id: 'e0e6c0c8738429b78d6e3e798fe36d2a') in 0.076734 seconds 
========================================================================
Received Import Request.
  Time since last request: 20.123578 seconds.
  path: Assets/Model/2D_Model/Item/Weapon/VolcanoSword.PNG
  artifactKey: Guid(1bfab37c3edf4f34480a030962130c19) Importer(815301076,1909f56bfc062723c751e8b465ee728b)
Start importing Assets/Model/2D_Model/Item/Weapon/VolcanoSword.PNG using Guid(1bfab37c3edf4f34480a030962130c19) Importer(815301076,1909f56bfc062723c751e8b465ee728b)  -> (artifact id: 'ecc1ea325f0272b1dc1a7a7df0a78a0f') in 0.047143 seconds 
========================================================================
Received Import Request.
  Time since last request: 13.689794 seconds.
  path: Assets/Model/2D_Model/Item/Weapon/VolcanoSword
  artifactKey: Guid(f45183a07b843ec47b9d571adf1cfa1c) Importer(815301076,1909f56bfc062723c751e8b465ee728b)
Start importing Assets/Model/2D_Model/Item/Weapon/VolcanoSword using Guid(f45183a07b843ec47b9d571adf1cfa1c) Importer(815301076,1909f56bfc062723c751e8b465ee728b)  -> (artifact id: 'bdca0e37972ad609d7b9bc1241b1c32d') in 0.004867 seconds 
========================================================================
Received Import Request.
  Time since last request: 11.786646 seconds.
  path: Assets/Model/2D_Model/Item/Weapon/MithrilSword/MithrilSword_2D.prefab
  artifactKey: Guid(7c09e22cfdc295641b042b83b8c1ae5d) Importer(815301076,1909f56bfc062723c751e8b465ee728b)
Start importing Assets/Model/2D_Model/Item/Weapon/MithrilSword/MithrilSword_2D.prefab using Guid(7c09e22cfdc295641b042b83b8c1ae5d) Importer(815301076,1909f56bfc062723c751e8b465ee728b)  -> (artifact id: 'd1d78d1cefe0c66e1ae49a6c4945e455') in 0.025077 seconds 
========================================================================
Received Import Request.
  Time since last request: 7.513090 seconds.
  path: Assets/Model/2D_Model/Item/Weapon/VolcanoSword/MithrilSword_2D.prefab
  artifactKey: Guid(619b3a9e95f820e4885f1bfb8abda4e3) Importer(815301076,1909f56bfc062723c751e8b465ee728b)
Start importing Assets/Model/2D_Model/Item/Weapon/VolcanoSword/MithrilSword_2D.prefab using Guid(619b3a9e95f820e4885f1bfb8abda4e3) Importer(815301076,1909f56bfc062723c751e8b465ee728b)  -> (artifact id: '1194e6341021e809aab74ff0449e5915') in 0.013865 seconds 
========================================================================
Received Import Request.
  Time since last request: 12.310356 seconds.
  path: Assets/Model/2D_Model/Item/Weapon/VolcanoSword/MithrilSword_2D.prefab
  artifactKey: Guid(619b3a9e95f820e4885f1bfb8abda4e3) Importer(815301076,1909f56bfc062723c751e8b465ee728b)
Start importing Assets/Model/2D_Model/Item/Weapon/VolcanoSword/MithrilSword_2D.prefab using Guid(619b3a9e95f820e4885f1bfb8abda4e3) Importer(815301076,1909f56bfc062723c751e8b465ee728b)  -> (artifact id: 'f69f72c43f71ee48bf5c285db122f285') in 0.009341 seconds 
========================================================================
Received Import Request.
  Time since last request: 194.769032 seconds.
  path: Assets/Resources/Dont_Destroy_Data.prefab
  artifactKey: Guid(f88faeb15b9d6de438d499373b4790bb) Importer(815301076,1909f56bfc062723c751e8b465ee728b)
Start importing Assets/Resources/Dont_Destroy_Data.prefab using Guid(f88faeb15b9d6de438d499373b4790bb) Importer(815301076,1909f56bfc062723c751e8b465ee728b)  -> (artifact id: '4bb958053df12319eea00157b696b18c') in 1.846147 seconds 
========================================================================
Received Import Request.
  Time since last request: 8.523251 seconds.
  path: Assets/SaveFile
  artifactKey: Guid(6e5054f31edd0eb448326fe0fab4d3ee) Importer(815301076,1909f56bfc062723c751e8b465ee728b)
Start importing Assets/SaveFile using Guid(6e5054f31edd0eb448326fe0fab4d3ee) Importer(815301076,1909f56bfc062723c751e8b465ee728b)  -> (artifact id: '2b26e99aa654e5478dd4a0912dcee40f') in 0.007663 seconds 
========================================================================
Received Import Request.
  Time since last request: 35.136290 seconds.
  path: Assets/Model/2D_Model/Item/Weapon/VolcanoSword/VolcanoSword_2D.prefab
  artifactKey: Guid(619b3a9e95f820e4885f1bfb8abda4e3) Importer(815301076,1909f56bfc062723c751e8b465ee728b)
Start importing Assets/Model/2D_Model/Item/Weapon/VolcanoSword/VolcanoSword_2D.prefab using Guid(619b3a9e95f820e4885f1bfb8abda4e3) Importer(815301076,1909f56bfc062723c751e8b465ee728b)  -> (artifact id: 'a4a473ae37ad329d9e3b526d307d756d') in 0.019114 seconds 
========================================================================
Received Import Request.
  Time since last request: 148.193864 seconds.
  path: Assets/AssetStore/3D_Coin/PirateCoin HDRP/Demo/Demo/HDRP/Light inf/Global Volume Profile.asset
  artifactKey: Guid(f83a19eb7a29591449275cb0deee646d) Importer(815301076,1909f56bfc062723c751e8b465ee728b)
Start importing Assets/AssetStore/3D_Coin/PirateCoin HDRP/Demo/Demo/HDRP/Light inf/Global Volume Profile.asset using Guid(f83a19eb7a29591449275cb0deee646d) Importer(815301076,1909f56bfc062723c751e8b465ee728b)  -> (artifact id: '1b4250e70f09ba4feacd84a6fcd01e6e') in 0.017142 seconds 
========================================================================
Received Import Request.
  Time since last request: 283.683724 seconds.
  path: Assets/Datas/Item/Weapon/MithrilSword_Data 1.asset
  artifactKey: Guid(fefb4007941e90d429bf802de07d389b) Importer(815301076,1909f56bfc062723c751e8b465ee728b)
Start importing Assets/Datas/Item/Weapon/MithrilSword_Data 1.asset using Guid(fefb4007941e90d429bf802de07d389b) Importer(815301076,1909f56bfc062723c751e8b465ee728b)  -> (artifact id: '7e2c5c96b1492e92eba35c15a65d122e') in 0.014824 seconds 
========================================================================
Received Import Request.
  Time since last request: 14.473709 seconds.
  path: Assets/Datas/Item/Weapon/VolcanoSword_Data.asset
  artifactKey: Guid(fefb4007941e90d429bf802de07d389b) Importer(815301076,1909f56bfc062723c751e8b465ee728b)
Start importing Assets/Datas/Item/Weapon/VolcanoSword_Data.asset using Guid(fefb4007941e90d429bf802de07d389b) Importer(815301076,1909f56bfc062723c751e8b465ee728b)  -> (artifact id: '7907c583e429dddc000be65c027a4991') in 0.012684 seconds 
========================================================================
Received Prepare
Registering precompiled user dll's ...
Registered in 0.006732 seconds.
Begin MonoManager ReloadAssembly
Symbol file LoadedFromMemory doesn't match image C:\Users\Atents\Desktop\WOS\WOS\Library\PackageCache\com.unity.visualscripting@1.7.8\Editor\VisualScripting.Core\Dependencies\YamlDotNet\Unity.VisualScripting.YamlDotNet.dll
Symbol file LoadedFromMemory doesn't match image C:\Users\Atents\Desktop\WOS\WOS\Library\PackageCache\com.unity.visualscripting@1.7.8\Editor\VisualScripting.Core\Dependencies\DotNetZip\Unity.VisualScripting.IonicZip.dll
Native extension for WindowsStandalone target not found
Refreshing native plugins compatible for Editor in 1.05 ms, found 3 plugins.
Preloading 0 native plugins for Editor in 0.00 ms.
Mono: successfully reloaded assembly
- Completed reload, in  1.006 seconds
Domain Reload Profiling:
	ReloadAssembly (1007ms)
		BeginReloadAssembly (146ms)
			ExecutionOrderSort (0ms)
			DisableScriptedObjects (6ms)
			BackupInstance (0ms)
			ReleaseScriptingObjects (0ms)
			CreateAndSetChildDomain (42ms)
		EndReloadAssembly (760ms)
			LoadAssemblies (85ms)
			RebuildTransferFunctionScriptingTraits (0ms)
			SetupTypeCache (275ms)
			ReleaseScriptCaches (1ms)
			RebuildScriptCaches (44ms)
			SetupLoadedEditorAssemblies (314ms)
				LogAssemblyErrors (0ms)
				InitializePlatformSupportModulesInManaged (13ms)
				SetLoadedEditorAssemblies (1ms)
				RefreshPlugins (1ms)
				BeforeProcessingInitializeOnLoad (67ms)
				ProcessInitializeOnLoadAttributes (196ms)
				ProcessInitializeOnLoadMethodAttributes (29ms)
				AfterProcessingInitializeOnLoad (8ms)
				EditorAssembliesLoaded (0ms)
			ExecutionOrderSort2 (0ms)
			AwakeInstancesAfterBackupRestoration (7ms)
Platform modules already initialized, skipping
Refreshing native plugins compatible for Editor in 1.96 ms, found 3 plugins.
Preloading 0 native plugins for Editor in 0.00 ms.
Unloading 3731 Unused Serialized files (Serialized files now loaded: 0)
Unloading 34 unused Assets / (1.3 MB). Loaded Objects now: 4334.
Memory consumption went from 233.7 MB to 232.4 MB.
Total: 2.887900 ms (FindLiveObjects: 0.307500 ms CreateObjectMapping: 0.180100 ms MarkObjects: 2.093100 ms  DeleteObjects: 0.306400 ms)

AssetImportParameters requested are different than current active one (requested -> active):
  custom:video-decoder-ogg-theora: a1e56fd34408186e4bbccfd4996cb3dc -> 
  custom:container-muxer-webm: aa71ff27fc2769a1b78a27578f13a17b -> 
  custom:container-demuxer-webm: 4f35f7cbe854078d1ac9338744f61a02 -> 
  custom:video-encoder-webm-vp8: eb34c28f22e8b96e1ab97ce403110664 -> 
  custom:audio-encoder-webm-vorbis: bf7c407c2cedff20999df2af8eb42d56 -> 
  custom:framework-win-MediaFoundation: 216162199b28c13a410421893ffa2e32 -> 
  custom:container-demuxer-ogg: 62fdf1f143b41e24485cea50d1cbac27 -> 
  custom:video-decoder-webm-vp8: 9c59270c3fd7afecdb556c50c9e8de78 -> 
  custom:audio-decoder-ogg-vorbis: bf7c407c2cedff20999df2af8eb42d56 -> 
========================================================================
Received Import Request.
  Time since last request: 233.539604 seconds.
  path: Assets/Resources/Dont_Destroy_Data.prefab
  artifactKey: Guid(f88faeb15b9d6de438d499373b4790bb) Importer(815301076,1909f56bfc062723c751e8b465ee728b)
Start importing Assets/Resources/Dont_Destroy_Data.prefab using Guid(f88faeb15b9d6de438d499373b4790bb) Importer(815301076,1909f56bfc062723c751e8b465ee728b)  -> (artifact id: '41574f3ecfe4f76a3364742712319282') in 2.133927 seconds 
========================================================================
Received Import Request.
  Time since last request: 41.573480 seconds.
  path: Assets/Datas/Item/Obe/FireObe_Data.asset
  artifactKey: Guid(310b8a76118748d49a4f9d156f35344c) Importer(815301076,1909f56bfc062723c751e8b465ee728b)
Start importing Assets/Datas/Item/Obe/FireObe_Data.asset using Guid(310b8a76118748d49a4f9d156f35344c) Importer(815301076,1909f56bfc062723c751e8b465ee728b)  -> (artifact id: '2150e5d55ff0da0dc349758bad19892d') in 0.028147 seconds 
========================================================================
Received Import Request.
  Time since last request: 28.273656 seconds.
  path: Assets/Model/2D_Model/Item/Weapon/VolcanoSword/VolcanoSword_2D.prefab
  artifactKey: Guid(619b3a9e95f820e4885f1bfb8abda4e3) Importer(815301076,1909f56bfc062723c751e8b465ee728b)
Start importing Assets/Model/2D_Model/Item/Weapon/VolcanoSword/VolcanoSword_2D.prefab using Guid(619b3a9e95f820e4885f1bfb8abda4e3) Importer(815301076,1909f56bfc062723c751e8b465ee728b)  -> (artifact id: '6b19a16b01e21874fc138b7b8f2649bd') in 0.012589 seconds 
========================================================================
Received Import Request.
  Time since last request: 4.061123 seconds.
  path: Assets/Datas/Item/Weapon/VolcanoSword_Data.asset
  artifactKey: Guid(fefb4007941e90d429bf802de07d389b) Importer(815301076,1909f56bfc062723c751e8b465ee728b)
Start importing Assets/Datas/Item/Weapon/VolcanoSword_Data.asset using Guid(fefb4007941e90d429bf802de07d389b) Importer(815301076,1909f56bfc062723c751e8b465ee728b)  -> (artifact id: 'bd7e219a28cbab7213016ff7de9836c5') in 0.010169 seconds 
========================================================================
Received Prepare
Registering precompiled user dll's ...
Registered in 0.005159 seconds.
Begin MonoManager ReloadAssembly
Symbol file LoadedFromMemory doesn't match image C:\Users\Atents\Desktop\WOS\WOS\Library\PackageCache\com.unity.visualscripting@1.7.8\Editor\VisualScripting.Core\Dependencies\YamlDotNet\Unity.VisualScripting.YamlDotNet.dll
Symbol file LoadedFromMemory doesn't match image C:\Users\Atents\Desktop\WOS\WOS\Library\PackageCache\com.unity.visualscripting@1.7.8\Editor\VisualScripting.Core\Dependencies\DotNetZip\Unity.VisualScripting.IonicZip.dll
Native extension for WindowsStandalone target not found
Refreshing native plugins compatible for Editor in 1.36 ms, found 3 plugins.
Preloading 0 native plugins for Editor in 0.00 ms.
Mono: successfully reloaded assembly
- Completed reload, in  1.151 seconds
Domain Reload Profiling:
	ReloadAssembly (1151ms)
		BeginReloadAssembly (187ms)
			ExecutionOrderSort (0ms)
			DisableScriptedObjects (7ms)
			BackupInstance (0ms)
			ReleaseScriptingObjects (0ms)
			CreateAndSetChildDomain (47ms)
		EndReloadAssembly (861ms)
			LoadAssemblies (124ms)
			RebuildTransferFunctionScriptingTraits (0ms)
			SetupTypeCache (310ms)
			ReleaseScriptCaches (2ms)
			RebuildScriptCaches (53ms)
			SetupLoadedEditorAssemblies (356ms)
				LogAssemblyErrors (0ms)
				InitializePlatformSupportModulesInManaged (30ms)
				SetLoadedEditorAssemblies (1ms)
				RefreshPlugins (1ms)
				BeforeProcessingInitializeOnLoad (77ms)
				ProcessInitializeOnLoadAttributes (210ms)
				ProcessInitializeOnLoadMethodAttributes (28ms)
				AfterProcessingInitializeOnLoad (8ms)
				EditorAssembliesLoaded (0ms)
			ExecutionOrderSort2 (0ms)
			AwakeInstancesAfterBackupRestoration (7ms)
Platform modules already initialized, skipping
Refreshing native plugins compatible for Editor in 2.16 ms, found 3 plugins.
Preloading 0 native plugins for Editor in 0.00 ms.
Unloading 3731 Unused Serialized files (Serialized files now loaded: 0)
Unloading 34 unused Assets / (1.3 MB). Loaded Objects now: 4337.
Memory consumption went from 234.0 MB to 232.7 MB.
Total: 2.989400 ms (FindLiveObjects: 0.313500 ms CreateObjectMapping: 0.211600 ms MarkObjects: 2.136400 ms  DeleteObjects: 0.326700 ms)

AssetImportParameters requested are different than current active one (requested -> active):
  custom:video-decoder-ogg-theora: a1e56fd34408186e4bbccfd4996cb3dc -> 
  custom:container-muxer-webm: aa71ff27fc2769a1b78a27578f13a17b -> 
  custom:container-demuxer-webm: 4f35f7cbe854078d1ac9338744f61a02 -> 
  custom:video-encoder-webm-vp8: eb34c28f22e8b96e1ab97ce403110664 -> 
  custom:audio-encoder-webm-vorbis: bf7c407c2cedff20999df2af8eb42d56 -> 
  custom:framework-win-MediaFoundation: 216162199b28c13a410421893ffa2e32 -> 
  custom:container-demuxer-ogg: 62fdf1f143b41e24485cea50d1cbac27 -> 
  custom:video-decoder-webm-vp8: 9c59270c3fd7afecdb556c50c9e8de78 -> 
  custom:audio-decoder-ogg-vorbis: bf7c407c2cedff20999df2af8eb42d56 -> 
========================================================================
Received Prepare
Registering precompiled user dll's ...
Registered in 0.005293 seconds.
Begin MonoManager ReloadAssembly
Symbol file LoadedFromMemory doesn't match image C:\Users\Atents\Desktop\WOS\WOS\Library\PackageCache\com.unity.visualscripting@1.7.8\Editor\VisualScripting.Core\Dependencies\YamlDotNet\Unity.VisualScripting.YamlDotNet.dll
Symbol file LoadedFromMemory doesn't match image C:\Users\Atents\Desktop\WOS\WOS\Library\PackageCache\com.unity.visualscripting@1.7.8\Editor\VisualScripting.Core\Dependencies\DotNetZip\Unity.VisualScripting.IonicZip.dll
Native extension for WindowsStandalone target not found
Refreshing native plugins compatible for Editor in 1.02 ms, found 3 plugins.
Preloading 0 native plugins for Editor in 0.00 ms.
Mono: successfully reloaded assembly
- Completed reload, in  1.256 seconds
Domain Reload Profiling:
	ReloadAssembly (1257ms)
		BeginReloadAssembly (157ms)
			ExecutionOrderSort (0ms)
			DisableScriptedObjects (7ms)
			BackupInstance (0ms)
			ReleaseScriptingObjects (0ms)
			CreateAndSetChildDomain (45ms)
		EndReloadAssembly (966ms)
			LoadAssemblies (119ms)
			RebuildTransferFunctionScriptingTraits (0ms)
			SetupTypeCache (415ms)
			ReleaseScriptCaches (3ms)
			RebuildScriptCaches (48ms)
			SetupLoadedEditorAssemblies (328ms)
				LogAssemblyErrors (0ms)
				InitializePlatformSupportModulesInManaged (13ms)
				SetLoadedEditorAssemblies (0ms)
				RefreshPlugins (1ms)
				BeforeProcessingInitializeOnLoad (69ms)
				ProcessInitializeOnLoadAttributes (207ms)
				ProcessInitializeOnLoadMethodAttributes (29ms)
				AfterProcessingInitializeOnLoad (8ms)
				EditorAssembliesLoaded (0ms)
			ExecutionOrderSort2 (0ms)
			AwakeInstancesAfterBackupRestoration (8ms)
Platform modules already initialized, skipping
Refreshing native plugins compatible for Editor in 2.10 ms, found 3 plugins.
Preloading 0 native plugins for Editor in 0.00 ms.
Unloading 3731 Unused Serialized files (Serialized files now loaded: 0)
Unloading 29 unused Assets / (1.3 MB). Loaded Objects now: 4340.
Memory consumption went from 234.0 MB to 232.7 MB.
Total: 3.291400 ms (FindLiveObjects: 0.346900 ms CreateObjectMapping: 0.416900 ms MarkObjects: 2.230400 ms  DeleteObjects: 0.295900 ms)

AssetImportParameters requested are different than current active one (requested -> active):
  custom:video-decoder-ogg-theora: a1e56fd34408186e4bbccfd4996cb3dc -> 
  custom:container-muxer-webm: aa71ff27fc2769a1b78a27578f13a17b -> 
  custom:container-demuxer-webm: 4f35f7cbe854078d1ac9338744f61a02 -> 
  custom:video-encoder-webm-vp8: eb34c28f22e8b96e1ab97ce403110664 -> 
  custom:audio-encoder-webm-vorbis: bf7c407c2cedff20999df2af8eb42d56 -> 
  custom:framework-win-MediaFoundation: 216162199b28c13a410421893ffa2e32 -> 
  custom:container-demuxer-ogg: 62fdf1f143b41e24485cea50d1cbac27 -> 
  custom:video-decoder-webm-vp8: 9c59270c3fd7afecdb556c50c9e8de78 -> 
  custom:audio-decoder-ogg-vorbis: bf7c407c2cedff20999df2af8eb42d56 -> 
========================================================================
Received Prepare
Registering precompiled user dll's ...
Registered in 0.006123 seconds.
Begin MonoManager ReloadAssembly
Symbol file LoadedFromMemory doesn't match image C:\Users\Atents\Desktop\WOS\WOS\Library\PackageCache\com.unity.visualscripting@1.7.8\Editor\VisualScripting.Core\Dependencies\YamlDotNet\Unity.VisualScripting.YamlDotNet.dll
Symbol file LoadedFromMemory doesn't match image C:\Users\Atents\Desktop\WOS\WOS\Library\PackageCache\com.unity.visualscripting@1.7.8\Editor\VisualScripting.Core\Dependencies\DotNetZip\Unity.VisualScripting.IonicZip.dll
Native extension for WindowsStandalone target not found
Refreshing native plugins compatible for Editor in 0.88 ms, found 3 plugins.
Preloading 0 native plugins for Editor in 0.00 ms.
Mono: successfully reloaded assembly
- Completed reload, in  0.998 seconds
Domain Reload Profiling:
	ReloadAssembly (999ms)
		BeginReloadAssembly (133ms)
			ExecutionOrderSort (0ms)
			DisableScriptedObjects (7ms)
			BackupInstance (0ms)
			ReleaseScriptingObjects (0ms)
			CreateAndSetChildDomain (34ms)
		EndReloadAssembly (765ms)
			LoadAssemblies (93ms)
			RebuildTransferFunctionScriptingTraits (0ms)
			SetupTypeCache (270ms)
			ReleaseScriptCaches (1ms)
			RebuildScriptCaches (42ms)
			SetupLoadedEditorAssemblies (315ms)
				LogAssemblyErrors (0ms)
				InitializePlatformSupportModulesInManaged (13ms)
				SetLoadedEditorAssemblies (1ms)
				RefreshPlugins (1ms)
				BeforeProcessingInitializeOnLoad (68ms)
				ProcessInitializeOnLoadAttributes (195ms)
				ProcessInitializeOnLoadMethodAttributes (29ms)
				AfterProcessingInitializeOnLoad (8ms)
				EditorAssembliesLoaded (0ms)
			ExecutionOrderSort2 (0ms)
			AwakeInstancesAfterBackupRestoration (7ms)
Platform modules already initialized, skipping
Refreshing native plugins compatible for Editor in 2.24 ms, found 3 plugins.
Preloading 0 native plugins for Editor in 0.00 ms.
Unloading 3731 Unused Serialized files (Serialized files now loaded: 0)
Unloading 29 unused Assets / (1.3 MB). Loaded Objects now: 4343.
Memory consumption went from 234.0 MB to 232.7 MB.
Total: 3.049000 ms (FindLiveObjects: 0.327700 ms CreateObjectMapping: 0.228500 ms MarkObjects: 2.189700 ms  DeleteObjects: 0.301800 ms)

AssetImportParameters requested are different than current active one (requested -> active):
  custom:video-decoder-ogg-theora: a1e56fd34408186e4bbccfd4996cb3dc -> 
  custom:container-muxer-webm: aa71ff27fc2769a1b78a27578f13a17b -> 
  custom:container-demuxer-webm: 4f35f7cbe854078d1ac9338744f61a02 -> 
  custom:video-encoder-webm-vp8: eb34c28f22e8b96e1ab97ce403110664 -> 
  custom:audio-encoder-webm-vorbis: bf7c407c2cedff20999df2af8eb42d56 -> 
  custom:framework-win-MediaFoundation: 216162199b28c13a410421893ffa2e32 -> 
  custom:container-demuxer-ogg: 62fdf1f143b41e24485cea50d1cbac27 -> 
  custom:video-decoder-webm-vp8: 9c59270c3fd7afecdb556c50c9e8de78 -> 
  custom:audio-decoder-ogg-vorbis: bf7c407c2cedff20999df2af8eb42d56 -> 
========================================================================
Received Prepare
Registering precompiled user dll's ...
Registered in 0.006520 seconds.
Begin MonoManager ReloadAssembly
Symbol file LoadedFromMemory doesn't match image C:\Users\Atents\Desktop\WOS\WOS\Library\PackageCache\com.unity.visualscripting@1.7.8\Editor\VisualScripting.Core\Dependencies\YamlDotNet\Unity.VisualScripting.YamlDotNet.dll
Symbol file LoadedFromMemory doesn't match image C:\Users\Atents\Desktop\WOS\WOS\Library\PackageCache\com.unity.visualscripting@1.7.8\Editor\VisualScripting.Core\Dependencies\DotNetZip\Unity.VisualScripting.IonicZip.dll
Native extension for WindowsStandalone target not found
Refreshing native plugins compatible for Editor in 1.24 ms, found 3 plugins.
Preloading 0 native plugins for Editor in 0.00 ms.
Mono: successfully reloaded assembly
- Completed reload, in  1.043 seconds
Domain Reload Profiling:
	ReloadAssembly (1044ms)
		BeginReloadAssembly (135ms)
			ExecutionOrderSort (0ms)
			DisableScriptedObjects (7ms)
			BackupInstance (0ms)
			ReleaseScriptingObjects (0ms)
			CreateAndSetChildDomain (32ms)
		EndReloadAssembly (803ms)
			LoadAssemblies (88ms)
			RebuildTransferFunctionScriptingTraits (0ms)
			SetupTypeCache (301ms)
			ReleaseScriptCaches (1ms)
			RebuildScriptCaches (44ms)
			SetupLoadedEditorAssemblies (328ms)
				LogAssemblyErrors (0ms)
				InitializePlatformSupportModulesInManaged (12ms)
				SetLoadedEditorAssemblies (1ms)
				RefreshPlugins (1ms)
				BeforeProcessingInitializeOnLoad (71ms)
				ProcessInitializeOnLoadAttributes (202ms)
				ProcessInitializeOnLoadMethodAttributes (31ms)
				AfterProcessingInitializeOnLoad (9ms)
				EditorAssembliesLoaded (0ms)
			ExecutionOrderSort2 (0ms)
			AwakeInstancesAfterBackupRestoration (8ms)
Platform modules already initialized, skipping
Refreshing native plugins compatible for Editor in 2.41 ms, found 3 plugins.
Preloading 0 native plugins for Editor in 0.00 ms.
Unloading 3731 Unused Serialized files (Serialized files now loaded: 0)
Unloading 29 unused Assets / (1.3 MB). Loaded Objects now: 4346.
Memory consumption went from 234.1 MB to 232.7 MB.
Total: 3.164700 ms (FindLiveObjects: 0.323800 ms CreateObjectMapping: 0.232100 ms MarkObjects: 2.323300 ms  DeleteObjects: 0.284300 ms)

AssetImportParameters requested are different than current active one (requested -> active):
  custom:video-decoder-ogg-theora: a1e56fd34408186e4bbccfd4996cb3dc -> 
  custom:container-muxer-webm: aa71ff27fc2769a1b78a27578f13a17b -> 
  custom:container-demuxer-webm: 4f35f7cbe854078d1ac9338744f61a02 -> 
  custom:video-encoder-webm-vp8: eb34c28f22e8b96e1ab97ce403110664 -> 
  custom:audio-encoder-webm-vorbis: bf7c407c2cedff20999df2af8eb42d56 -> 
  custom:framework-win-MediaFoundation: 216162199b28c13a410421893ffa2e32 -> 
  custom:container-demuxer-ogg: 62fdf1f143b41e24485cea50d1cbac27 -> 
  custom:video-decoder-webm-vp8: 9c59270c3fd7afecdb556c50c9e8de78 -> 
  custom:audio-decoder-ogg-vorbis: bf7c407c2cedff20999df2af8eb42d56 -> 
