Using pre-set license
Built from '2021.3/staging' branch; Version is '2021.3.16f1 (4016570cf34f) revision 4200023'; Using compiler version '192829333'; Build Type 'Release'
OS: 'Windows 10  (10.0.19044) 64bit Professional' Language: 'ko' Physical Memory: 16321 MB
BatchMode: 1, IsHumanControllingUs: 0, StartBugReporterOnCrash: 0, Is64bit: 1, IsPro: 1

COMMAND LINE ARGUMENTS:
C:\Program Files\Unity\Hub\Editor\2021.3.16f1\Editor\Unity.exe
-adb2
-batchMode
-noUpm
-name
AssetImportWorker20
-projectPath
C:/Users/Atents/Desktop/WOS/WOS
-logFile
Logs/AssetImportWorker20.log
-srvPort
50172
Successfully changed project path to: C:/Users/Atents/Desktop/WOS/WOS
C:/Users/Atents/Desktop/WOS/WOS
[UnityMemory] Configuration Parameters - Can be set up in boot.config
    "memorysetup-bucket-allocator-granularity=16"
    "memorysetup-bucket-allocator-bucket-count=8"
    "memorysetup-bucket-allocator-block-size=33554432"
    "memorysetup-bucket-allocator-block-count=8"
    "memorysetup-main-allocator-block-size=16777216"
    "memorysetup-thread-allocator-block-size=16777216"
    "memorysetup-gfx-main-allocator-block-size=16777216"
    "memorysetup-gfx-thread-allocator-block-size=16777216"
    "memorysetup-cache-allocator-block-size=4194304"
    "memorysetup-typetree-allocator-block-size=2097152"
    "memorysetup-profiler-bucket-allocator-granularity=16"
    "memorysetup-profiler-bucket-allocator-bucket-count=8"
    "memorysetup-profiler-bucket-allocator-block-size=33554432"
    "memorysetup-profiler-bucket-allocator-block-count=8"
    "memorysetup-profiler-allocator-block-size=16777216"
    "memorysetup-profiler-editor-allocator-block-size=1048576"
    "memorysetup-temp-allocator-size-main=16777216"
    "memorysetup-job-temp-allocator-block-size=2097152"
    "memorysetup-job-temp-allocator-block-size-background=1048576"
    "memorysetup-job-temp-allocator-reduction-small-platforms=262144"
    "memorysetup-temp-allocator-size-background-worker=32768"
    "memorysetup-temp-allocator-size-job-worker=262144"
    "memorysetup-temp-allocator-size-preload-manager=33554432"
    "memorysetup-temp-allocator-size-nav-mesh-worker=65536"
    "memorysetup-temp-allocator-size-audio-worker=65536"
    "memorysetup-temp-allocator-size-cloud-worker=32768"
    "memorysetup-temp-allocator-size-gi-baking-worker=262144"
    "memorysetup-temp-allocator-size-gfx=262144"
Player connection [12924] Host "[IP] 192.168.20.34 [Port] 0 [Flags] 2 [Guid] 2235486133 [EditorId] 2235486133 [Version] 1048832 [Id] WindowsEditor(7,DESKTOP-CN8CFQ1) [Debug] 1 [PackageName] WindowsEditor [ProjectName] Editor" joined multi-casting on [225.0.0.222:54997]...

Player connection [12924] Host "[IP] 192.168.20.34 [Port] 0 [Flags] 2 [Guid] 2235486133 [EditorId] 2235486133 [Version] 1048832 [Id] WindowsEditor(7,DESKTOP-CN8CFQ1) [Debug] 1 [PackageName] WindowsEditor [ProjectName] Editor" joined alternative multi-casting on [225.0.0.222:34997]...

Refreshing native plugins compatible for Editor in 157.88 ms, found 3 plugins.
Preloading 0 native plugins for Editor in 0.00 ms.
Initialize engine version: 2021.3.16f1 (4016570cf34f)
[Subsystems] Discovering subsystems at path C:/Program Files/Unity/Hub/Editor/2021.3.16f1/Editor/Data/Resources/UnitySubsystems
[Subsystems] Discovering subsystems at path C:/Users/Atents/Desktop/WOS/WOS/Assets
GfxDevice: creating device client; threaded=0; jobified=0
Direct3D:
    Version:  Direct3D 11.0 [level 11.0]
    Renderer: NVIDIA GeForce GT 710 (ID=0x128b)
    Vendor:   NVIDIA
    VRAM:     984 MB
    Driver:   30.0.14.7404
Initialize mono
Mono path[0] = 'C:/Program Files/Unity/Hub/Editor/2021.3.16f1/Editor/Data/Managed'
Mono path[1] = 'C:/Program Files/Unity/Hub/Editor/2021.3.16f1/Editor/Data/MonoBleedingEdge/lib/mono/unityjit-win32'
Mono config path = 'C:/Program Files/Unity/Hub/Editor/2021.3.16f1/Editor/Data/MonoBleedingEdge/etc'
Using monoOptions --debugger-agent=transport=dt_socket,embedding=1,server=y,suspend=n,address=127.0.0.1:56628
Begin MonoManager ReloadAssembly
Registering precompiled unity dll's ...
Register platform support module: C:/Program Files/Unity/Hub/Editor/2021.3.16f1/Editor/Data/PlaybackEngines/WebGLSupport/UnityEditor.WebGL.Extensions.dll
Register platform support module: C:/Program Files/Unity/Hub/Editor/2021.3.16f1/Editor/Data/PlaybackEngines/AndroidPlayer/UnityEditor.Android.Extensions.dll
Register platform support module: C:/Program Files/Unity/Hub/Editor/2021.3.16f1/Editor/Data/PlaybackEngines/WindowsStandaloneSupport/UnityEditor.WindowsStandalone.Extensions.dll
Register platform support module: C:/Program Files/Unity/Hub/Editor/2021.3.16f1/Editor/Data/PlaybackEngines/MetroSupport/UnityEditor.UWP.Extensions.dll
Registered in 0.012202 seconds.
Native extension for UWP target not found
Native extension for WindowsStandalone target not found
Native extension for Android target not found
Native extension for WebGL target not found
Refreshing native plugins compatible for Editor in 240.74 ms, found 3 plugins.
Preloading 0 native plugins for Editor in 0.00 ms.
Mono: successfully reloaded assembly
- Completed reload, in  1.104 seconds
Domain Reload Profiling:
	ReloadAssembly (1104ms)
		BeginReloadAssembly (106ms)
			ExecutionOrderSort (0ms)
			DisableScriptedObjects (0ms)
			BackupInstance (0ms)
			ReleaseScriptingObjects (0ms)
			CreateAndSetChildDomain (1ms)
		EndReloadAssembly (827ms)
			LoadAssemblies (105ms)
			RebuildTransferFunctionScriptingTraits (0ms)
			SetupTypeCache (157ms)
			ReleaseScriptCaches (0ms)
			RebuildScriptCaches (37ms)
			SetupLoadedEditorAssemblies (556ms)
				LogAssemblyErrors (0ms)
				InitializePlatformSupportModulesInManaged (86ms)
				SetLoadedEditorAssemblies (0ms)
				RefreshPlugins (241ms)
				BeforeProcessingInitializeOnLoad (1ms)
				ProcessInitializeOnLoadAttributes (149ms)
				ProcessInitializeOnLoadMethodAttributes (78ms)
				AfterProcessingInitializeOnLoad (0ms)
				EditorAssembliesLoaded (0ms)
			ExecutionOrderSort2 (0ms)
			AwakeInstancesAfterBackupRestoration (0ms)
Platform modules already initialized, skipping
Registering precompiled user dll's ...
Registered in 0.007664 seconds.
Begin MonoManager ReloadAssembly
Symbol file LoadedFromMemory doesn't match image C:\Users\Atents\Desktop\WOS\WOS\Library\PackageCache\com.unity.visualscripting@1.7.8\Editor\VisualScripting.Core\Dependencies\YamlDotNet\Unity.VisualScripting.YamlDotNet.dll
Symbol file LoadedFromMemory doesn't match image C:\Users\Atents\Desktop\WOS\WOS\Library\PackageCache\com.unity.visualscripting@1.7.8\Editor\VisualScripting.Core\Dependencies\DotNetZip\Unity.VisualScripting.IonicZip.dll
Native extension for UWP target not found
Native extension for WindowsStandalone target not found
Native extension for Android target not found
Native extension for WebGL target not found
Refreshing native plugins compatible for Editor in 0.93 ms, found 3 plugins.
Preloading 0 native plugins for Editor in 0.00 ms.
Mono: successfully reloaded assembly
- Completed reload, in  1.744 seconds
Domain Reload Profiling:
	ReloadAssembly (1745ms)
		BeginReloadAssembly (252ms)
			ExecutionOrderSort (0ms)
			DisableScriptedObjects (7ms)
			BackupInstance (0ms)
			ReleaseScriptingObjects (0ms)
			CreateAndSetChildDomain (135ms)
		EndReloadAssembly (1315ms)
			LoadAssemblies (130ms)
			RebuildTransferFunctionScriptingTraits (0ms)
			SetupTypeCache (482ms)
			ReleaseScriptCaches (1ms)
			RebuildScriptCaches (96ms)
			SetupLoadedEditorAssemblies (555ms)
				LogAssemblyErrors (0ms)
				InitializePlatformSupportModulesInManaged (22ms)
				SetLoadedEditorAssemblies (0ms)
				RefreshPlugins (1ms)
				BeforeProcessingInitializeOnLoad (137ms)
				ProcessInitializeOnLoadAttributes (349ms)
				ProcessInitializeOnLoadMethodAttributes (35ms)
				AfterProcessingInitializeOnLoad (9ms)
				EditorAssembliesLoaded (0ms)
			ExecutionOrderSort2 (0ms)
			AwakeInstancesAfterBackupRestoration (6ms)
Platform modules already initialized, skipping
========================================================================
Worker process is ready to serve import requests
Launched and connected shader compiler UnityShaderCompiler.exe after 0.05 seconds
Refreshing native plugins compatible for Editor in 0.87 ms, found 3 plugins.
Preloading 0 native plugins for Editor in 0.00 ms.
Unloading 3828 Unused Serialized files (Serialized files now loaded: 0)
Unloading 43 unused Assets / (1.4 MB). Loaded Objects now: 4287.
Memory consumption went from 218.4 MB to 217.0 MB.
Total: 6.045000 ms (FindLiveObjects: 0.317300 ms CreateObjectMapping: 0.257000 ms MarkObjects: 5.049800 ms  DeleteObjects: 0.407100 ms)

AssetImportParameters requested are different than current active one (requested -> active):
  custom:video-decoder-ogg-theora: a1e56fd34408186e4bbccfd4996cb3dc -> 
  custom:container-muxer-webm: aa71ff27fc2769a1b78a27578f13a17b -> 
  custom:container-demuxer-webm: 4f35f7cbe854078d1ac9338744f61a02 -> 
  custom:video-encoder-webm-vp8: eb34c28f22e8b96e1ab97ce403110664 -> 
  custom:audio-encoder-webm-vorbis: bf7c407c2cedff20999df2af8eb42d56 -> 
  custom:framework-win-MediaFoundation: 216162199b28c13a410421893ffa2e32 -> 
  custom:container-demuxer-ogg: 62fdf1f143b41e24485cea50d1cbac27 -> 
  custom:video-decoder-webm-vp8: 9c59270c3fd7afecdb556c50c9e8de78 -> 
  custom:audio-decoder-ogg-vorbis: bf7c407c2cedff20999df2af8eb42d56 -> 
========================================================================
Received Import Request.
  Time since last request: 14926.479088 seconds.
  path: Assets/AssetStore/Dark_Brown_GUI_kit/icon/simple/exit.png
  artifactKey: Guid(1076b1a4b47e34842b589f9912644944) Importer(815301076,1909f56bfc062723c751e8b465ee728b)
Start importing Assets/AssetStore/Dark_Brown_GUI_kit/icon/simple/exit.png using Guid(1076b1a4b47e34842b589f9912644944) Importer(815301076,1909f56bfc062723c751e8b465ee728b)  -> (artifact id: '97e81de5b225565855c5af7a4e6b8501') in 0.259709 seconds 
========================================================================
Received Import Request.
  Time since last request: 0.000025 seconds.
  path: Assets/AssetStore/RPG_inventory_icons/gem.png
  artifactKey: Guid(e7d29a79bc7fae248887c8a08a160303) Importer(815301076,1909f56bfc062723c751e8b465ee728b)
Start importing Assets/AssetStore/RPG_inventory_icons/gem.png using Guid(e7d29a79bc7fae248887c8a08a160303) Importer(815301076,1909f56bfc062723c751e8b465ee728b)  -> (artifact id: 'f38a0cdccb97d971d5adec91f2a95ccf') in 0.103112 seconds 
========================================================================
Received Import Request.
  Time since last request: 0.000030 seconds.
  path: Assets/Model/2D_Model/Ui/Interface/DownBar/HP_Bar.png
  artifactKey: Guid(26b06f7880a8ed54cb06594921d8c8c8) Importer(815301076,1909f56bfc062723c751e8b465ee728b)
Start importing Assets/Model/2D_Model/Ui/Interface/DownBar/HP_Bar.png using Guid(26b06f7880a8ed54cb06594921d8c8c8) Importer(815301076,1909f56bfc062723c751e8b465ee728b)  -> (artifact id: '5c780b5c15254b9f1da1eb1750cfda82') in 0.074149 seconds 
========================================================================
Received Import Request.
  Time since last request: 0.000021 seconds.
  path: Assets/AssetStore/Dark_Brown_GUI_kit/icon/other/craft/tr/green_сlover_tr.png
  artifactKey: Guid(b54b0a2f37657794c943f3f14f3750e1) Importer(815301076,1909f56bfc062723c751e8b465ee728b)
Start importing Assets/AssetStore/Dark_Brown_GUI_kit/icon/other/craft/tr/green_сlover_tr.png using Guid(b54b0a2f37657794c943f3f14f3750e1) Importer(815301076,1909f56bfc062723c751e8b465ee728b)  -> (artifact id: '56830d3a40742c642af4cc1e7fe6764b') in 0.112491 seconds 
========================================================================
Received Import Request.
  Time since last request: 0.000021 seconds.
  path: Assets/AssetStore/Dark_Brown_GUI_kit/skill_icon/fire/fire_ball.png
  artifactKey: Guid(447a3de3e3f0dc54aaa942d7c48e9f90) Importer(815301076,1909f56bfc062723c751e8b465ee728b)
Start importing Assets/AssetStore/Dark_Brown_GUI_kit/skill_icon/fire/fire_ball.png using Guid(447a3de3e3f0dc54aaa942d7c48e9f90) Importer(815301076,1909f56bfc062723c751e8b465ee728b)  -> (artifact id: '4491cdffaf553ef6fcad15740d69ebbb') in 0.069627 seconds 
========================================================================
Received Import Request.
  Time since last request: 0.000023 seconds.
  path: Assets/AssetStore/RPG_inventory_icons/f.PNG
  artifactKey: Guid(ed1074391f139544d941ae0870937dc0) Importer(815301076,1909f56bfc062723c751e8b465ee728b)
Start importing Assets/AssetStore/RPG_inventory_icons/f.PNG using Guid(ed1074391f139544d941ae0870937dc0) Importer(815301076,1909f56bfc062723c751e8b465ee728b)  -> (artifact id: '4791bf4a7146c5ae3d3b9defde671a17') in 0.073987 seconds 
========================================================================
Received Import Request.
  Time since last request: 0.000026 seconds.
  path: Assets/AssetStore/Dark_Brown_GUI_kit/icon/other/craft/green_сlover.png
  artifactKey: Guid(6832d5797dd668e42be64449cf6c88e7) Importer(815301076,1909f56bfc062723c751e8b465ee728b)
Start importing Assets/AssetStore/Dark_Brown_GUI_kit/icon/other/craft/green_сlover.png using Guid(6832d5797dd668e42be64449cf6c88e7) Importer(815301076,1909f56bfc062723c751e8b465ee728b)  -> (artifact id: '473ca28fd13d40f5bda64a0ba8c674ca') in 0.100163 seconds 
========================================================================
Received Import Request.
  Time since last request: 0.000024 seconds.
  path: Assets/Travis Game Assets/Hit Impact Effects/Demo Scene/Textures/HitImpactEffects_FloorIcon.png
  artifactKey: Guid(d479ca3249c55844098864b714fbe36b) Importer(815301076,1909f56bfc062723c751e8b465ee728b)
Start importing Assets/Travis Game Assets/Hit Impact Effects/Demo Scene/Textures/HitImpactEffects_FloorIcon.png using Guid(d479ca3249c55844098864b714fbe36b) Importer(815301076,1909f56bfc062723c751e8b465ee728b)  -> (artifact id: '22ac02c0fe87202e9e40713d808147a0') in 0.086370 seconds 
========================================================================
Received Import Request.
  Time since last request: 0.000025 seconds.
  path: Assets/AssetStore/Dark_Brown_GUI_kit/skill_icon/ice/frost_bolt.png
  artifactKey: Guid(9a8d3d5bc2a72654290305a8e1188a3e) Importer(815301076,1909f56bfc062723c751e8b465ee728b)
Start importing Assets/AssetStore/Dark_Brown_GUI_kit/skill_icon/ice/frost_bolt.png using Guid(9a8d3d5bc2a72654290305a8e1188a3e) Importer(815301076,1909f56bfc062723c751e8b465ee728b)  -> (artifact id: 'a2be6ad80318dcf5fdb24167f84af2f3') in 0.074983 seconds 
========================================================================
Received Import Request.
  Time since last request: 0.000030 seconds.
  path: Assets/AssetStore/Dark_Brown_GUI_kit/skill_icon/fire/fire_flame.png
  artifactKey: Guid(c584f782e9ce03444b6cd36893975997) Importer(815301076,1909f56bfc062723c751e8b465ee728b)
Start importing Assets/AssetStore/Dark_Brown_GUI_kit/skill_icon/fire/fire_flame.png using Guid(c584f782e9ce03444b6cd36893975997) Importer(815301076,1909f56bfc062723c751e8b465ee728b)  -> (artifact id: '876ea3a0e55c6e1bcc11fb33cf62b271') in 0.062523 seconds 
========================================================================
Received Import Request.
  Time since last request: 0.000021 seconds.
  path: Assets/AssetStore/Dark_Brown_GUI_kit/icon/full_simple/home-.png
  artifactKey: Guid(c5cf91c030c0dcb458973d240a82c467) Importer(815301076,1909f56bfc062723c751e8b465ee728b)
Start importing Assets/AssetStore/Dark_Brown_GUI_kit/icon/full_simple/home-.png using Guid(c5cf91c030c0dcb458973d240a82c467) Importer(815301076,1909f56bfc062723c751e8b465ee728b)  -> (artifact id: '17ab2bc5cef8988174862a6db3db7578') in 0.049360 seconds 
========================================================================
Received Import Request.
  Time since last request: 0.000019 seconds.
  path: Assets/AssetStore/Dark_Brown_GUI_kit/skill_icon/ice/frost_bolt_quad.png
  artifactKey: Guid(03e1e5731f17c334b864652196cb8931) Importer(815301076,1909f56bfc062723c751e8b465ee728b)
Start importing Assets/AssetStore/Dark_Brown_GUI_kit/skill_icon/ice/frost_bolt_quad.png using Guid(03e1e5731f17c334b864652196cb8931) Importer(815301076,1909f56bfc062723c751e8b465ee728b)  -> (artifact id: '162481e98afbcf15716c7c872a9d2bc2') in 0.194400 seconds 
========================================================================
Received Import Request.
  Time since last request: 0.000024 seconds.
  path: Assets/AssetStore/RPG_inventory_icons/hp.png
  artifactKey: Guid(e52ea25af699fd445b7046374f81a5b9) Importer(815301076,1909f56bfc062723c751e8b465ee728b)
Start importing Assets/AssetStore/RPG_inventory_icons/hp.png using Guid(e52ea25af699fd445b7046374f81a5b9) Importer(815301076,1909f56bfc062723c751e8b465ee728b)  -> (artifact id: 'd1c2582f0183a6f2ecf8a8ccdaa8bdb1') in 0.062032 seconds 
========================================================================
Received Import Request.
  Time since last request: 0.000025 seconds.
  path: Assets/AssetStore/Dark_Brown_GUI_kit/icon/simple/home.png
  artifactKey: Guid(947c90ea345a54944bf0e2dc4af85150) Importer(815301076,1909f56bfc062723c751e8b465ee728b)
Start importing Assets/AssetStore/Dark_Brown_GUI_kit/icon/simple/home.png using Guid(947c90ea345a54944bf0e2dc4af85150) Importer(815301076,1909f56bfc062723c751e8b465ee728b)  -> (artifact id: '881602ed7403fb01118c65820236f5f0') in 0.051550 seconds 
========================================================================
Received Import Request.
  Time since last request: 0.392794 seconds.
  path: Assets/AssetStore/Clean Vector Icons/T_6_cursor_devide_al_.png
  artifactKey: Guid(3de84b461969c2b488f545e305d3f08a) Importer(815301076,1909f56bfc062723c751e8b465ee728b)
Start importing Assets/AssetStore/Clean Vector Icons/T_6_cursor_devide_al_.png using Guid(3de84b461969c2b488f545e305d3f08a) Importer(815301076,1909f56bfc062723c751e8b465ee728b)  -> (artifact id: 'a6ee4c549eca75d22128fcca640c01b4') in 0.118147 seconds 
========================================================================
Received Import Request.
  Time since last request: 0.000017 seconds.
  path: Assets/AssetStore/Clean Vector Icons/T_8_cloud_up_.png
  artifactKey: Guid(238db121647eec74dad1ce3e44168059) Importer(815301076,1909f56bfc062723c751e8b465ee728b)
Start importing Assets/AssetStore/Clean Vector Icons/T_8_cloud_up_.png using Guid(238db121647eec74dad1ce3e44168059) Importer(815301076,1909f56bfc062723c751e8b465ee728b)  -> (artifact id: '7ab25dc005ec851ea318e7f2f110c0a0') in 0.096877 seconds 
========================================================================
Received Import Request.
  Time since last request: 0.000022 seconds.
  path: Assets/AssetStore/Clean Vector Icons/T_22_doorlock_open_.png
  artifactKey: Guid(c6c47a3be151e3a49b453e77e8c8ad08) Importer(815301076,1909f56bfc062723c751e8b465ee728b)
Start importing Assets/AssetStore/Clean Vector Icons/T_22_doorlock_open_.png using Guid(c6c47a3be151e3a49b453e77e8c8ad08) Importer(815301076,1909f56bfc062723c751e8b465ee728b)  -> (artifact id: 'db588a7714b54619cae485da5392c2b7') in 0.102589 seconds 
========================================================================
Received Import Request.
  Time since last request: 0.000023 seconds.
  path: Assets/AssetStore/Clean Vector Icons/T_10_hand_fire_.png
  artifactKey: Guid(9c1bd758ff5093a428bf7013bb9aac33) Importer(815301076,1909f56bfc062723c751e8b465ee728b)
Start importing Assets/AssetStore/Clean Vector Icons/T_10_hand_fire_.png using Guid(9c1bd758ff5093a428bf7013bb9aac33) Importer(815301076,1909f56bfc062723c751e8b465ee728b)  -> (artifact id: 'ba2708c2fde04083ae45cd5b06df6998') in 0.077254 seconds 
========================================================================
Received Import Request.
  Time since last request: 0.000364 seconds.
  path: Assets/AssetStore/Clean Vector Icons/T_13_arrow_down_.png
  artifactKey: Guid(d724c83101b47ad43abf30523da96025) Importer(815301076,1909f56bfc062723c751e8b465ee728b)
Start importing Assets/AssetStore/Clean Vector Icons/T_13_arrow_down_.png using Guid(d724c83101b47ad43abf30523da96025) Importer(815301076,1909f56bfc062723c751e8b465ee728b)  -> (artifact id: '5204cae39860ef9e3f7d98418837c80e') in 0.083354 seconds 
========================================================================
Received Import Request.
  Time since last request: 0.000021 seconds.
  path: Assets/AssetStore/Clean Vector Icons/T_9_cloud_down_.png
  artifactKey: Guid(f4e49bb7005427c4fac854d6d05fcb4e) Importer(815301076,1909f56bfc062723c751e8b465ee728b)
Start importing Assets/AssetStore/Clean Vector Icons/T_9_cloud_down_.png using Guid(f4e49bb7005427c4fac854d6d05fcb4e) Importer(815301076,1909f56bfc062723c751e8b465ee728b)  -> (artifact id: '462797c908bccd50ee52444e4dca66d2') in 0.062443 seconds 
========================================================================
Received Import Request.
  Time since last request: 0.000022 seconds.
  path: Assets/AssetStore/Clean Vector Icons/T_9_arrow_rounded_up_.png
  artifactKey: Guid(5ed54572ef0354241b7f1ec43d869ad3) Importer(815301076,1909f56bfc062723c751e8b465ee728b)
Start importing Assets/AssetStore/Clean Vector Icons/T_9_arrow_rounded_up_.png using Guid(5ed54572ef0354241b7f1ec43d869ad3) Importer(815301076,1909f56bfc062723c751e8b465ee728b)  -> (artifact id: 'be830b1a6be7fb9722fa67fcde3092d7') in 0.098014 seconds 
========================================================================
Received Import Request.
  Time since last request: 0.000023 seconds.
  path: Assets/AssetStore/Clean Vector Icons/T_24_diamond_.png
  artifactKey: Guid(c9f0cc0739579d541a08ac2c78d3e605) Importer(815301076,1909f56bfc062723c751e8b465ee728b)
Start importing Assets/AssetStore/Clean Vector Icons/T_24_diamond_.png using Guid(c9f0cc0739579d541a08ac2c78d3e605) Importer(815301076,1909f56bfc062723c751e8b465ee728b)  -> (artifact id: '6ac23b754a6437bb977ac73fe4995464') in 0.077552 seconds 
========================================================================
Received Import Request.
  Time since last request: 0.000032 seconds.
  path: Assets/AssetStore/Clean Vector Icons/T_10_rain_cloud_.png
  artifactKey: Guid(bdbbd192cba22224396018366d28f41e) Importer(815301076,1909f56bfc062723c751e8b465ee728b)
Start importing Assets/AssetStore/Clean Vector Icons/T_10_rain_cloud_.png using Guid(bdbbd192cba22224396018366d28f41e) Importer(815301076,1909f56bfc062723c751e8b465ee728b)  -> (artifact id: '87d60cf58194d1959b1bca1c75708c2c') in 0.059824 seconds 
========================================================================
Received Import Request.
  Time since last request: 0.001037 seconds.
  path: Assets/AssetStore/Clean Vector Icons/T_11_arrow_rounded_left_.png
  artifactKey: Guid(c342a02c1ec59764ab8c5f2892c2928b) Importer(815301076,1909f56bfc062723c751e8b465ee728b)
Start importing Assets/AssetStore/Clean Vector Icons/T_11_arrow_rounded_left_.png using Guid(c342a02c1ec59764ab8c5f2892c2928b) Importer(815301076,1909f56bfc062723c751e8b465ee728b)  -> (artifact id: '415c13ea84aa3b442a342bee35f43ae1') in 0.057861 seconds 
========================================================================
Received Import Request.
  Time since last request: 0.000019 seconds.
  path: Assets/AssetStore/Dark_Brown_GUI_kit/icon/full_simple/upload-.png
  artifactKey: Guid(ffd60eba22e4f5d46bc0a5de3f2e15ce) Importer(815301076,1909f56bfc062723c751e8b465ee728b)
Start importing Assets/AssetStore/Dark_Brown_GUI_kit/icon/full_simple/upload-.png using Guid(ffd60eba22e4f5d46bc0a5de3f2e15ce) Importer(815301076,1909f56bfc062723c751e8b465ee728b)  -> (artifact id: 'ccc7652bdb1d0e66d96dd5a7ceeb155a') in 0.081525 seconds 
========================================================================
Received Import Request.
  Time since last request: 0.000020 seconds.
  path: Assets/AssetStore/Clean Vector Icons/T_18_medal_first_.png
  artifactKey: Guid(8c6c5cadf2600cc43b004355565fb20c) Importer(815301076,1909f56bfc062723c751e8b465ee728b)
Start importing Assets/AssetStore/Clean Vector Icons/T_18_medal_first_.png using Guid(8c6c5cadf2600cc43b004355565fb20c) Importer(815301076,1909f56bfc062723c751e8b465ee728b)  -> (artifact id: 'cc87f605dfc38a0bcce663e97555a0ce') in 0.113952 seconds 
========================================================================
Received Import Request.
  Time since last request: 0.000028 seconds.
  path: Assets/AssetStore/Clean Vector Icons/T_10_flag_destroyed_.png
  artifactKey: Guid(2f5ddc8f7d908a24eba2215be6500082) Importer(815301076,1909f56bfc062723c751e8b465ee728b)
Start importing Assets/AssetStore/Clean Vector Icons/T_10_flag_destroyed_.png using Guid(2f5ddc8f7d908a24eba2215be6500082) Importer(815301076,1909f56bfc062723c751e8b465ee728b)  -> (artifact id: '13b5b068beb47d84fecdeeb012f06a61') in 0.105762 seconds 
========================================================================
Received Import Request.
  Time since last request: 0.000022 seconds.
  path: Assets/AssetStore/Clean Vector Icons/T_17_medal_star_.png
  artifactKey: Guid(7cfcc6c1dda63e349915e75ac5579034) Importer(815301076,1909f56bfc062723c751e8b465ee728b)
Start importing Assets/AssetStore/Clean Vector Icons/T_17_medal_star_.png using Guid(7cfcc6c1dda63e349915e75ac5579034) Importer(815301076,1909f56bfc062723c751e8b465ee728b)  -> (artifact id: '6f91d628dde69878c8ac1236489f9e46') in 0.083374 seconds 
========================================================================
Received Import Request.
  Time since last request: 1593.755324 seconds.
  path: Assets/AssetStore/world/Slavic World Free/Editor/Resources/button_free_zone.png
  artifactKey: Guid(905b841431ba5e442a7779c26c00508d) Importer(815301076,1909f56bfc062723c751e8b465ee728b)
Start importing Assets/AssetStore/world/Slavic World Free/Editor/Resources/button_free_zone.png using Guid(905b841431ba5e442a7779c26c00508d) Importer(815301076,1909f56bfc062723c751e8b465ee728b)  -> (artifact id: 'bde9aba8d998fde993fa2e4a9a151f86') in 0.086991 seconds 
========================================================================
Received Import Request.
  Time since last request: 0.000029 seconds.
  path: Assets/AssetStore/Dark_Brown_GUI_kit/frame/other/button_square_frame.png
  artifactKey: Guid(57ab0d48e28c6fd4cb9a71170f3c42b7) Importer(815301076,1909f56bfc062723c751e8b465ee728b)
Start importing Assets/AssetStore/Dark_Brown_GUI_kit/frame/other/button_square_frame.png using Guid(57ab0d48e28c6fd4cb9a71170f3c42b7) Importer(815301076,1909f56bfc062723c751e8b465ee728b)  -> (artifact id: '0be27fa271f224e14977e5b3f688b496') in 0.072889 seconds 
========================================================================
Received Import Request.
  Time since last request: 1.640184 seconds.
  path: Assets/SkyBox/Story_Sky/EA03_LowPolyBigClouds_Front+Z.png
  artifactKey: Guid(946442c3f75323845a2c73fb63132ccd) Importer(815301076,1909f56bfc062723c751e8b465ee728b)
Start importing Assets/SkyBox/Story_Sky/EA03_LowPolyBigClouds_Front+Z.png using Guid(946442c3f75323845a2c73fb63132ccd) Importer(815301076,1909f56bfc062723c751e8b465ee728b)  -> (artifact id: '240f219968c89eba63a1abd0902e4e60') in 0.084768 seconds 
========================================================================
Received Import Request.
  Time since last request: 0.000020 seconds.
  path: Assets/AssetStore/world/Slavic World Free/Prefabs/Compound/Walls/EA03_Town_Hut_Wall_Front_04e_PRE.prefab
  artifactKey: Guid(80b2778c4fb21f945b01de2cc7f33850) Importer(815301076,1909f56bfc062723c751e8b465ee728b)
Start importing Assets/AssetStore/world/Slavic World Free/Prefabs/Compound/Walls/EA03_Town_Hut_Wall_Front_04e_PRE.prefab using Guid(80b2778c4fb21f945b01de2cc7f33850) Importer(815301076,1909f56bfc062723c751e8b465ee728b)  -> (artifact id: 'beb9bd51a78abc328dbfb16a08991321') in 0.567353 seconds 
========================================================================
Received Import Request.
  Time since last request: 0.000053 seconds.
  path: Assets/AssetStore/world/Slavic World Free/Prefabs/Compound/Walls/EA03_Town_Hut_Wall_Front_04h_PRE.prefab
  artifactKey: Guid(1899adc2d5fc5e54f8b05c94d0c36f17) Importer(815301076,1909f56bfc062723c751e8b465ee728b)
Start importing Assets/AssetStore/world/Slavic World Free/Prefabs/Compound/Walls/EA03_Town_Hut_Wall_Front_04h_PRE.prefab using Guid(1899adc2d5fc5e54f8b05c94d0c36f17) Importer(815301076,1909f56bfc062723c751e8b465ee728b)  -> (artifact id: '7b96e8daf5fa9cb95f4fb255ecc04b02') in 0.049816 seconds 
========================================================================
Received Import Request.
  Time since last request: 0.698206 seconds.
  path: Assets/AssetStore/world/Slavic World Free/Resources/LOD4/EA03_Village_Hut_Wall_Front_02d.fbx
  artifactKey: Guid(13bb0042dbcee09478650939e9f2d958) Importer(815301076,1909f56bfc062723c751e8b465ee728b)
Start importing Assets/AssetStore/world/Slavic World Free/Resources/LOD4/EA03_Village_Hut_Wall_Front_02d.fbx using Guid(13bb0042dbcee09478650939e9f2d958) Importer(815301076,1909f56bfc062723c751e8b465ee728b)  -> (artifact id: '0c38dabb2a92b71bae8e5f6f1dea2166') in 0.323951 seconds 
========================================================================
Received Import Request.
  Time since last request: 0.286409 seconds.
  path: Assets/AssetStore/world/Slavic World Free/Resources/LOD4/EA03_Village_Hut_Wall_Front_03f.fbx
  artifactKey: Guid(2d16253b9a07ac146b50e2fa3d8ff286) Importer(815301076,1909f56bfc062723c751e8b465ee728b)
Start importing Assets/AssetStore/world/Slavic World Free/Resources/LOD4/EA03_Village_Hut_Wall_Front_03f.fbx using Guid(2d16253b9a07ac146b50e2fa3d8ff286) Importer(815301076,1909f56bfc062723c751e8b465ee728b)  -> (artifact id: '08d0874156d5c5fbe843b45a46e534c6') in 0.146717 seconds 
========================================================================
Received Import Request.
  Time since last request: 3.832239 seconds.
  path: Assets/AssetStore/GUI_Parts/Gui_parts/lil_roundframe_ready2.png
  artifactKey: Guid(f507f03eb80bcbf49bb458bd6a54bd9a) Importer(815301076,1909f56bfc062723c751e8b465ee728b)
Start importing Assets/AssetStore/GUI_Parts/Gui_parts/lil_roundframe_ready2.png using Guid(f507f03eb80bcbf49bb458bd6a54bd9a) Importer(815301076,1909f56bfc062723c751e8b465ee728b)  -> (artifact id: 'e90925c803ee251be3039612c866fbce') in 0.084794 seconds 
========================================================================
Received Import Request.
  Time since last request: 0.000021 seconds.
  path: Assets/AssetStore/Dark_Brown_GUI_kit/frame/other/low_frame.png
  artifactKey: Guid(bbda1a285e29e6a438b633dd94314a47) Importer(815301076,1909f56bfc062723c751e8b465ee728b)
Start importing Assets/AssetStore/Dark_Brown_GUI_kit/frame/other/low_frame.png using Guid(bbda1a285e29e6a438b633dd94314a47) Importer(815301076,1909f56bfc062723c751e8b465ee728b)  -> (artifact id: 'a647d3e71b5b0289a022347e78e713e5') in 0.122524 seconds 
Editor requested this worker to shutdown with reason: Scaling down because of idle timeout
AssetImportWorker is now disconnected from the server
Process exiting
Exiting without the bug reporter. Application will terminate with return code 0