Using pre-set license
Built from '2021.3/staging' branch; Version is '2021.3.1f1 (3b70a0754835) revision 3895456'; Using compiler version '192829333'; Build Type 'Release'
OS: 'Windows 10  (10.0.19044) 64bit Professional' Language: 'ko' Physical Memory: 16321 MB
BatchMode: 1, IsHumanControllingUs: 0, StartBugReporterOnCrash: 0, Is64bit: 1, IsPro: 1

COMMAND LINE ARGUMENTS:
C:\Program Files\Unity 2021.3.1f1\Editor\Unity.exe
-adb2
-batchMode
-noUpm
-name
AssetImportWorker12
-projectPath
C:/Users/Atents/Desktop/WOS/WOS
-logFile
Logs/AssetImportWorker12.log
-srvPort
59166
Successfully changed project path to: C:/Users/Atents/Desktop/WOS/WOS
C:/Users/Atents/Desktop/WOS/WOS
[UnityMemory] Configuration Parameters - Can be set up in boot.config
    "memorysetup-bucket-allocator-granularity=16"
    "memorysetup-bucket-allocator-bucket-count=8"
    "memorysetup-bucket-allocator-block-size=33554432"
    "memorysetup-bucket-allocator-block-count=8"
    "memorysetup-main-allocator-block-size=16777216"
    "memorysetup-thread-allocator-block-size=16777216"
    "memorysetup-gfx-main-allocator-block-size=16777216"
    "memorysetup-gfx-thread-allocator-block-size=16777216"
    "memorysetup-cache-allocator-block-size=4194304"
    "memorysetup-typetree-allocator-block-size=2097152"
    "memorysetup-profiler-bucket-allocator-granularity=16"
    "memorysetup-profiler-bucket-allocator-bucket-count=8"
    "memorysetup-profiler-bucket-allocator-block-size=33554432"
    "memorysetup-profiler-bucket-allocator-block-count=8"
    "memorysetup-profiler-allocator-block-size=16777216"
    "memorysetup-profiler-editor-allocator-block-size=1048576"
    "memorysetup-temp-allocator-size-main=16777216"
    "memorysetup-job-temp-allocator-block-size=2097152"
    "memorysetup-job-temp-allocator-block-size-background=1048576"
    "memorysetup-job-temp-allocator-reduction-small-platforms=262144"
    "memorysetup-temp-allocator-size-background-worker=32768"
    "memorysetup-temp-allocator-size-job-worker=262144"
    "memorysetup-temp-allocator-size-preload-manager=33554432"
    "memorysetup-temp-allocator-size-nav-mesh-worker=65536"
    "memorysetup-temp-allocator-size-audio-worker=65536"
    "memorysetup-temp-allocator-size-cloud-worker=32768"
    "memorysetup-temp-allocator-size-gi-baking-worker=262144"
    "memorysetup-temp-allocator-size-gfx=262144"
Refreshing native plugins compatible for Editor in 274.66 ms, found 3 plugins.
Preloading 0 native plugins for Editor in 0.00 ms.
Initialize engine version: 2021.3.1f1 (3b70a0754835)
[Subsystems] Discovering subsystems at path C:/Program Files/Unity 2021.3.1f1/Editor/Data/Resources/UnitySubsystems
[Subsystems] Discovering subsystems at path C:/Users/Atents/Desktop/WOS/WOS/Assets
GfxDevice: creating device client; threaded=0; jobified=0
Direct3D:
    Version:  Direct3D 11.0 [level 11.0]
    Renderer: NVIDIA GeForce GT 710 (ID=0x128b)
    Vendor:   NVIDIA
    VRAM:     984 MB
    Driver:   30.0.14.7404
Initialize mono
Mono path[0] = 'C:/Program Files/Unity 2021.3.1f1/Editor/Data/Managed'
Mono path[1] = 'C:/Program Files/Unity 2021.3.1f1/Editor/Data/MonoBleedingEdge/lib/mono/unityjit-win32'
Mono config path = 'C:/Program Files/Unity 2021.3.1f1/Editor/Data/MonoBleedingEdge/etc'
Using monoOptions --debugger-agent=transport=dt_socket,embedding=1,server=y,suspend=n,address=127.0.0.1:56656
Begin MonoManager ReloadAssembly
Registering precompiled unity dll's ...
Register platform support module: C:/Program Files/Unity 2021.3.1f1/Editor/Data/PlaybackEngines/WindowsStandaloneSupport/UnityEditor.WindowsStandalone.Extensions.dll
Registered in 0.006005 seconds.
Native extension for WindowsStandalone target not found
Refreshing native plugins compatible for Editor in 123.57 ms, found 3 plugins.
Preloading 0 native plugins for Editor in 0.00 ms.
Mono: successfully reloaded assembly
- Completed reload, in  0.770 seconds
Domain Reload Profiling:
	ReloadAssembly (770ms)
		BeginReloadAssembly (82ms)
			ExecutionOrderSort (0ms)
			DisableScriptedObjects (0ms)
			BackupInstance (0ms)
			ReleaseScriptingObjects (0ms)
			CreateAndSetChildDomain (1ms)
		EndReloadAssembly (555ms)
			LoadAssemblies (80ms)
			RebuildTransferFunctionScriptingTraits (0ms)
			SetupTypeCache (138ms)
			ReleaseScriptCaches (0ms)
			RebuildScriptCaches (31ms)
			SetupLoadedEditorAssemblies (327ms)
				LogAssemblyErrors (0ms)
				InitializePlatformSupportModulesInManaged (8ms)
				SetLoadedEditorAssemblies (1ms)
				RefreshPlugins (124ms)
				BeforeProcessingInitializeOnLoad (1ms)
				ProcessInitializeOnLoadAttributes (141ms)
				ProcessInitializeOnLoadMethodAttributes (52ms)
				AfterProcessingInitializeOnLoad (0ms)
				EditorAssembliesLoaded (0ms)
			ExecutionOrderSort2 (0ms)
			AwakeInstancesAfterBackupRestoration (0ms)
Platform modules already initialized, skipping
Registering precompiled user dll's ...
Registered in 0.006756 seconds.
Begin MonoManager ReloadAssembly
Symbol file LoadedFromMemory doesn't match image C:\Users\Atents\Desktop\WOS\WOS\Library\PackageCache\com.unity.visualscripting@1.7.8\Editor\VisualScripting.Core\Dependencies\YamlDotNet\Unity.VisualScripting.YamlDotNet.dll
Symbol file LoadedFromMemory doesn't match image C:\Users\Atents\Desktop\WOS\WOS\Library\PackageCache\com.unity.visualscripting@1.7.8\Editor\VisualScripting.Core\Dependencies\DotNetZip\Unity.VisualScripting.IonicZip.dll
Native extension for WindowsStandalone target not found
Refreshing native plugins compatible for Editor in 1.11 ms, found 3 plugins.
Preloading 0 native plugins for Editor in 0.00 ms.
Mono: successfully reloaded assembly
- Completed reload, in  1.281 seconds
Domain Reload Profiling:
	ReloadAssembly (1281ms)
		BeginReloadAssembly (131ms)
			ExecutionOrderSort (0ms)
			DisableScriptedObjects (6ms)
			BackupInstance (0ms)
			ReleaseScriptingObjects (0ms)
			CreateAndSetChildDomain (21ms)
		EndReloadAssembly (1007ms)
			LoadAssemblies (99ms)
			RebuildTransferFunctionScriptingTraits (0ms)
			SetupTypeCache (340ms)
			ReleaseScriptCaches (1ms)
			RebuildScriptCaches (67ms)
			SetupLoadedEditorAssemblies (390ms)
				LogAssemblyErrors (0ms)
				InitializePlatformSupportModulesInManaged (9ms)
				SetLoadedEditorAssemblies (1ms)
				RefreshPlugins (1ms)
				BeforeProcessingInitializeOnLoad (88ms)
				ProcessInitializeOnLoadAttributes (251ms)
				ProcessInitializeOnLoadMethodAttributes (33ms)
				AfterProcessingInitializeOnLoad (7ms)
				EditorAssembliesLoaded (0ms)
			ExecutionOrderSort2 (0ms)
			AwakeInstancesAfterBackupRestoration (6ms)
Platform modules already initialized, skipping
========================================================================
Worker process is ready to serve import requests
Launched and connected shader compiler UnityShaderCompiler.exe after 0.06 seconds
Refreshing native plugins compatible for Editor in 1.04 ms, found 3 plugins.
Preloading 0 native plugins for Editor in 0.00 ms.
Unloading 3685 Unused Serialized files (Serialized files now loaded: 0)
Unloading 40 unused Assets / (1.4 MB). Loaded Objects now: 4144.
Memory consumption went from 215.1 MB to 213.7 MB.
Total: 3.291400 ms (FindLiveObjects: 0.313500 ms CreateObjectMapping: 0.238500 ms MarkObjects: 2.434400 ms  DeleteObjects: 0.304200 ms)

AssetImportParameters requested are different than current active one (requested -> active):
  custom:video-decoder-ogg-theora: a1e56fd34408186e4bbccfd4996cb3dc -> 
  custom:container-muxer-webm: aa71ff27fc2769a1b78a27578f13a17b -> 
  custom:container-demuxer-webm: 4f35f7cbe854078d1ac9338744f61a02 -> 
  custom:video-encoder-webm-vp8: eb34c28f22e8b96e1ab97ce403110664 -> 
  custom:audio-encoder-webm-vorbis: bf7c407c2cedff20999df2af8eb42d56 -> 
  custom:framework-win-MediaFoundation: 216162199b28c13a410421893ffa2e32 -> 
  custom:container-demuxer-ogg: 62fdf1f143b41e24485cea50d1cbac27 -> 
  custom:video-decoder-webm-vp8: 9c59270c3fd7afecdb556c50c9e8de78 -> 
  custom:audio-decoder-ogg-vorbis: bf7c407c2cedff20999df2af8eb42d56 -> 
========================================================================
Received Import Request.
  Time since last request: 1052297.986352 seconds.
  path: Assets/AssetStore/world/Slavic World Free/Resources/EA03_Plant_Grass_02a.fbx
  artifactKey: Guid(faaa3e603bf1ed04298cf45f5b3a4409) Importer(815301076,1909f56bfc062723c751e8b465ee728b)
Start importing Assets/AssetStore/world/Slavic World Free/Resources/EA03_Plant_Grass_02a.fbx using Guid(faaa3e603bf1ed04298cf45f5b3a4409) Importer(815301076,1909f56bfc062723c751e8b465ee728b)  -> (artifact id: '40da2edd1027ec2b4da9504bdb7b024c') in 0.229973 seconds 
========================================================================
Received Import Request.
  Time since last request: 9.403691 seconds.
  path: Assets/AssetStore/world/Slavic World Free/Resources/LOD3/EA03_Prop_Village_Whell_01d.fbx
  artifactKey: Guid(55c53df0220fd894c88ac018a5b9f012) Importer(815301076,1909f56bfc062723c751e8b465ee728b)
Start importing Assets/AssetStore/world/Slavic World Free/Resources/LOD3/EA03_Prop_Village_Whell_01d.fbx using Guid(55c53df0220fd894c88ac018a5b9f012) Importer(815301076,1909f56bfc062723c751e8b465ee728b)  -> (artifact id: 'a47d7eef03e94a0f5ee088b6f1791cb5') in 0.144484 seconds 
========================================================================
Received Import Request.
  Time since last request: 0.000021 seconds.
  path: Assets/AssetStore/world/Slavic World Free/Resources/LOD3/EA_Items_House_kettle_empty_01a.fbx
  artifactKey: Guid(64269ae04169bfa4faf3bb8f18263056) Importer(815301076,1909f56bfc062723c751e8b465ee728b)
Start importing Assets/AssetStore/world/Slavic World Free/Resources/LOD3/EA_Items_House_kettle_empty_01a.fbx using Guid(64269ae04169bfa4faf3bb8f18263056) Importer(815301076,1909f56bfc062723c751e8b465ee728b)  -> (artifact id: '4431f80cc61639fe4822baeb7d10fd05') in 0.122226 seconds 
========================================================================
Received Import Request.
  Time since last request: 0.000028 seconds.
  path: Assets/AssetStore/world/Slavic World Free/Resources/LOD3/EA03_Village_Hut_Foundation_02b.fbx
  artifactKey: Guid(a39e54eda47beb84daec65dffc50bd71) Importer(815301076,1909f56bfc062723c751e8b465ee728b)
Start importing Assets/AssetStore/world/Slavic World Free/Resources/LOD3/EA03_Village_Hut_Foundation_02b.fbx using Guid(a39e54eda47beb84daec65dffc50bd71) Importer(815301076,1909f56bfc062723c751e8b465ee728b)  -> (artifact id: 'e4786f00b93610c0d8ea607a7ef59022') in 0.123978 seconds 
========================================================================
Received Import Request.
  Time since last request: 0.000030 seconds.
  path: Assets/AssetStore/world/Slavic World Free/Resources/LOD3/EA_Items_House_kettle_01a.fbx
  artifactKey: Guid(938d24eb3c15ada4f9e3900c8cc3bfa7) Importer(815301076,1909f56bfc062723c751e8b465ee728b)
Start importing Assets/AssetStore/world/Slavic World Free/Resources/LOD3/EA_Items_House_kettle_01a.fbx using Guid(938d24eb3c15ada4f9e3900c8cc3bfa7) Importer(815301076,1909f56bfc062723c751e8b465ee728b)  -> (artifact id: '6efdf3b9c8b349d69d5352405934350e') in 0.107664 seconds 
========================================================================
Received Import Request.
  Time since last request: 0.000025 seconds.
  path: Assets/AssetStore/world/Slavic World Free/Resources/LOD3/EA03_Terrain_Field_2x2_Seam_01a.fbx
  artifactKey: Guid(9b1d72670c15ac24e86de6335ed575f8) Importer(815301076,1909f56bfc062723c751e8b465ee728b)
Start importing Assets/AssetStore/world/Slavic World Free/Resources/LOD3/EA03_Terrain_Field_2x2_Seam_01a.fbx using Guid(9b1d72670c15ac24e86de6335ed575f8) Importer(815301076,1909f56bfc062723c751e8b465ee728b)  -> (artifact id: 'd8f38ba612ba07dfe46b8b7ca456bd8a') in 0.107731 seconds 
========================================================================
Received Import Request.
  Time since last request: 0.999315 seconds.
  path: Assets/AssetStore/world/Slavic World Free/Resources/LOD3/EA03_Prop_Town_Bench_01b.fbx
  artifactKey: Guid(8647ab6061606654c8ae1905d1949196) Importer(815301076,1909f56bfc062723c751e8b465ee728b)
Start importing Assets/AssetStore/world/Slavic World Free/Resources/LOD3/EA03_Prop_Town_Bench_01b.fbx using Guid(8647ab6061606654c8ae1905d1949196) Importer(815301076,1909f56bfc062723c751e8b465ee728b)  -> (artifact id: '9f26a3122da3a33d6522dc2cb7b1bf6a') in 0.167797 seconds 
========================================================================
Received Import Request.
  Time since last request: 0.000024 seconds.
  path: Assets/AssetStore/world/Slavic World Free/Resources/LOD3/EA03_Prop_Shelf_01c.fbx
  artifactKey: Guid(b7d00c90d4fec2a49aada1bebaa7a495) Importer(815301076,1909f56bfc062723c751e8b465ee728b)
Start importing Assets/AssetStore/world/Slavic World Free/Resources/LOD3/EA03_Prop_Shelf_01c.fbx using Guid(b7d00c90d4fec2a49aada1bebaa7a495) Importer(815301076,1909f56bfc062723c751e8b465ee728b)  -> (artifact id: '6b76b0784e36cbd3e8e9ff0735645845') in 0.118515 seconds 
========================================================================
Received Import Request.
  Time since last request: 0.000032 seconds.
  path: Assets/AssetStore/world/Slavic World Free/Resources/LOD3/EA03_Prop_Village_Ladder_02a.fbx
  artifactKey: Guid(65eda0c3b934409488f4868dba95a65f) Importer(815301076,1909f56bfc062723c751e8b465ee728b)
Start importing Assets/AssetStore/world/Slavic World Free/Resources/LOD3/EA03_Prop_Village_Ladder_02a.fbx using Guid(65eda0c3b934409488f4868dba95a65f) Importer(815301076,1909f56bfc062723c751e8b465ee728b)  -> (artifact id: '7ae8be799b265cb4117e5f80b0e709e3') in 0.099112 seconds 
========================================================================
Received Import Request.
  Time since last request: 1.036720 seconds.
  path: Assets/AssetStore/world/Slavic World Free/Resources/LOD3/EA_Items_House_soon_wooden.fbx
  artifactKey: Guid(0855f54a13378d54082bfa3148cc5ef5) Importer(815301076,1909f56bfc062723c751e8b465ee728b)
Start importing Assets/AssetStore/world/Slavic World Free/Resources/LOD3/EA_Items_House_soon_wooden.fbx using Guid(0855f54a13378d54082bfa3148cc5ef5) Importer(815301076,1909f56bfc062723c751e8b465ee728b)  -> (artifact id: 'a624f3da88ee8e4b6a1edc8f76268948') in 0.133164 seconds 
========================================================================
Received Import Request.
  Time since last request: 0.000024 seconds.
  path: Assets/AssetStore/world/Slavic World Free/Resources/LOD3/EA_Items_House_spoon_wooden_04.fbx
  artifactKey: Guid(b1390cea618c0d4468b6860e020625d0) Importer(815301076,1909f56bfc062723c751e8b465ee728b)
Start importing Assets/AssetStore/world/Slavic World Free/Resources/LOD3/EA_Items_House_spoon_wooden_04.fbx using Guid(b1390cea618c0d4468b6860e020625d0) Importer(815301076,1909f56bfc062723c751e8b465ee728b)  -> (artifact id: '47ffe11626bcaf56ac1da996b9e3c22e') in 0.134134 seconds 
========================================================================
Received Import Request.
  Time since last request: 3.849762 seconds.
  path: Assets/AssetStore/world/Slavic World Free/Resources/LOD3/EA03_Prop_House_Shutter_01c.fbx
  artifactKey: Guid(f49e25a3b35dc5141a32b754e00fd088) Importer(815301076,1909f56bfc062723c751e8b465ee728b)
Start importing Assets/AssetStore/world/Slavic World Free/Resources/LOD3/EA03_Prop_House_Shutter_01c.fbx using Guid(f49e25a3b35dc5141a32b754e00fd088) Importer(815301076,1909f56bfc062723c751e8b465ee728b)  -> (artifact id: '09c329a0a5c3fc657147c0d3bb6beb8d') in 0.126227 seconds 
========================================================================
Received Import Request.
  Time since last request: 0.000019 seconds.
  path: Assets/AssetStore/world/Slavic World Free/Resources/LOD3/EA03_Prop_House_Shelf_01a.fbx
  artifactKey: Guid(fb814a59022e8554e86bcd2ce8087540) Importer(815301076,1909f56bfc062723c751e8b465ee728b)
Start importing Assets/AssetStore/world/Slavic World Free/Resources/LOD3/EA03_Prop_House_Shelf_01a.fbx using Guid(fb814a59022e8554e86bcd2ce8087540) Importer(815301076,1909f56bfc062723c751e8b465ee728b)  -> (artifact id: 'd2fff6b93ad5a32e797c3fdc78c598d0') in 0.110797 seconds 
========================================================================
Received Import Request.
  Time since last request: 0.000030 seconds.
  path: Assets/AssetStore/world/Slavic World Free/Resources/LOD3/EA03_Prop_House_Shelf_01c.fbx
  artifactKey: Guid(fefb188aa51cd2247ac69d79ad42b63d) Importer(815301076,1909f56bfc062723c751e8b465ee728b)
Start importing Assets/AssetStore/world/Slavic World Free/Resources/LOD3/EA03_Prop_House_Shelf_01c.fbx using Guid(fefb188aa51cd2247ac69d79ad42b63d) Importer(815301076,1909f56bfc062723c751e8b465ee728b)  -> (artifact id: 'b4c85cb0310090d4cb721bf2908e26f8') in 0.092465 seconds 
========================================================================
Received Import Request.
  Time since last request: 0.000029 seconds.
  path: Assets/AssetStore/world/Slavic World Free/Resources/LOD3/EA03_Prop_House_Shelf_02c.fbx
  artifactKey: Guid(d5c62c647c224aa48b7726a6d4a8afdf) Importer(815301076,1909f56bfc062723c751e8b465ee728b)
Start importing Assets/AssetStore/world/Slavic World Free/Resources/LOD3/EA03_Prop_House_Shelf_02c.fbx using Guid(d5c62c647c224aa48b7726a6d4a8afdf) Importer(815301076,1909f56bfc062723c751e8b465ee728b)  -> (artifact id: '8d48e42d9314dc1da33dee23eb4daf40') in 0.097827 seconds 
========================================================================
Received Import Request.
  Time since last request: 0.000025 seconds.
  path: Assets/AssetStore/world/Slavic World Free/Resources/LOD3/EA03_Prop_House_Hanger_01b.fbx
  artifactKey: Guid(3ec3980c47838d74a9b181fd252db2c0) Importer(815301076,1909f56bfc062723c751e8b465ee728b)
Start importing Assets/AssetStore/world/Slavic World Free/Resources/LOD3/EA03_Prop_House_Hanger_01b.fbx using Guid(3ec3980c47838d74a9b181fd252db2c0) Importer(815301076,1909f56bfc062723c751e8b465ee728b)  -> (artifact id: '2379e2412e587313be86b42b993fcc68') in 0.120538 seconds 
========================================================================
Received Import Request.
  Time since last request: 0.000032 seconds.
  path: Assets/AssetStore/world/Slavic World Free/Resources/LOD3/EA03_Prop_House_Bolt_01a.fbx
  artifactKey: Guid(7f9a60a57f050714eae82709525a7f11) Importer(815301076,1909f56bfc062723c751e8b465ee728b)
Start importing Assets/AssetStore/world/Slavic World Free/Resources/LOD3/EA03_Prop_House_Bolt_01a.fbx using Guid(7f9a60a57f050714eae82709525a7f11) Importer(815301076,1909f56bfc062723c751e8b465ee728b)  -> (artifact id: 'bd628b7b0d61d278f780985f087b0f6e') in 0.096186 seconds 
========================================================================
Received Import Request.
  Time since last request: 1.910009 seconds.
  path: Assets/AssetStore/world/Slavic World Free/Resources/LOD3/EA03_Prop_Container_Basket_03a.fbx
  artifactKey: Guid(36d03d6d713b9eb42b9dc68d1f4d1e80) Importer(815301076,1909f56bfc062723c751e8b465ee728b)
Start importing Assets/AssetStore/world/Slavic World Free/Resources/LOD3/EA03_Prop_Container_Basket_03a.fbx using Guid(36d03d6d713b9eb42b9dc68d1f4d1e80) Importer(815301076,1909f56bfc062723c751e8b465ee728b)  -> (artifact id: 'f46a876184d89d5aedd3a2ca358755cb') in 0.084702 seconds 
========================================================================
Received Import Request.
  Time since last request: 0.000032 seconds.
  path: Assets/AssetStore/world/Slavic World Free/Resources/LOD3/EA03_Nature_Tree_02c.fbx
  artifactKey: Guid(7286095c26dbec849aa5a875a7972ca9) Importer(815301076,1909f56bfc062723c751e8b465ee728b)
Start importing Assets/AssetStore/world/Slavic World Free/Resources/LOD3/EA03_Nature_Tree_02c.fbx using Guid(7286095c26dbec849aa5a875a7972ca9) Importer(815301076,1909f56bfc062723c751e8b465ee728b)  -> (artifact id: 'b34abb72616f29da7d7d745c9eaeab28') in 0.088378 seconds 
========================================================================
Received Import Request.
  Time since last request: 0.000031 seconds.
  path: Assets/AssetStore/world/Slavic World Free/Resources/LOD3/EA03_Nature_Tree_03b.fbx
  artifactKey: Guid(4d1c05dfe6108f84698a160ee267841f) Importer(815301076,1909f56bfc062723c751e8b465ee728b)
Start importing Assets/AssetStore/world/Slavic World Free/Resources/LOD3/EA03_Nature_Tree_03b.fbx using Guid(4d1c05dfe6108f84698a160ee267841f) Importer(815301076,1909f56bfc062723c751e8b465ee728b)  -> (artifact id: '1459eaffaa22f3d7b0e9e8ff209f16a2') in 0.117555 seconds 
========================================================================
Received Import Request.
  Time since last request: 0.000021 seconds.
  path: Assets/AssetStore/world/Slavic World Free/Resources/LOD3/EA03_Nature_TrunkPlant_01b.fbx
  artifactKey: Guid(8a575c0b25c3077419b76948ba1a2692) Importer(815301076,1909f56bfc062723c751e8b465ee728b)
Start importing Assets/AssetStore/world/Slavic World Free/Resources/LOD3/EA03_Nature_TrunkPlant_01b.fbx using Guid(8a575c0b25c3077419b76948ba1a2692) Importer(815301076,1909f56bfc062723c751e8b465ee728b)  -> (artifact id: 'e51f5a7b85537827cf29f055f6829662') in 0.082745 seconds 
========================================================================
Received Import Request.
  Time since last request: 0.000022 seconds.
  path: Assets/AssetStore/world/Slavic World Free/Resources/LOD3/EA03_Prop_Container_Bag_02a.fbx
  artifactKey: Guid(a018acf8aa42612409be67810b627e4c) Importer(815301076,1909f56bfc062723c751e8b465ee728b)
Start importing Assets/AssetStore/world/Slavic World Free/Resources/LOD3/EA03_Prop_Container_Bag_02a.fbx using Guid(a018acf8aa42612409be67810b627e4c) Importer(815301076,1909f56bfc062723c751e8b465ee728b)  -> (artifact id: '6642613f9b3851c35254de066d201b9e') in 0.090440 seconds 
========================================================================
Received Import Request.
  Time since last request: 0.000035 seconds.
  path: Assets/AssetStore/world/Slavic World Free/Resources/LOD3/EA03_Nature_Tree_02b.fbx
  artifactKey: Guid(15cbfd355642c1c48a6471b9ec0b25ba) Importer(815301076,1909f56bfc062723c751e8b465ee728b)
Start importing Assets/AssetStore/world/Slavic World Free/Resources/LOD3/EA03_Nature_Tree_02b.fbx using Guid(15cbfd355642c1c48a6471b9ec0b25ba) Importer(815301076,1909f56bfc062723c751e8b465ee728b)  -> (artifact id: 'ac45b555bdd609c2423ce0bbadb2db94') in 0.084317 seconds 
========================================================================
Received Import Request.
  Time since last request: 0.000024 seconds.
  path: Assets/AssetStore/world/Slavic World Free/Resources/LOD3/EA03_Nature_Tree_01b.fbx
  artifactKey: Guid(13ec5d0bbf56c734d9422c7089f60980) Importer(815301076,1909f56bfc062723c751e8b465ee728b)
Start importing Assets/AssetStore/world/Slavic World Free/Resources/LOD3/EA03_Nature_Tree_01b.fbx using Guid(13ec5d0bbf56c734d9422c7089f60980) Importer(815301076,1909f56bfc062723c751e8b465ee728b)  -> (artifact id: '6ea485de8b5ae3f01118be46a5b9c1d9') in 0.086971 seconds 
========================================================================
Received Import Request.
  Time since last request: 0.000017 seconds.
  path: Assets/AssetStore/world/Slavic World Free/Resources/LOD3/EA03_Nature_Tree_05a.fbx
  artifactKey: Guid(f5f76ccdfb5475149bc5298d2b842a34) Importer(815301076,1909f56bfc062723c751e8b465ee728b)
Start importing Assets/AssetStore/world/Slavic World Free/Resources/LOD3/EA03_Nature_Tree_05a.fbx using Guid(f5f76ccdfb5475149bc5298d2b842a34) Importer(815301076,1909f56bfc062723c751e8b465ee728b)  -> (artifact id: '68155c685434d314eb5209c7e0adb9ee') in 0.086386 seconds 
Editor requested this worker to shutdown with reason: Scaling down because of idle timeout
AssetImportWorker is now disconnected from the server
Process exiting
Exiting without the bug reporter. Application will terminate with return code 0