Using pre-set license
Built from '2021.3/staging' branch; Version is '2021.3.1f1 (3b70a0754835) revision 3895456'; Using compiler version '192829333'; Build Type 'Release'
OS: 'Windows 10  (10.0.19044) 64bit Professional' Language: 'ko' Physical Memory: 16321 MB
BatchMode: 1, IsHumanControllingUs: 0, StartBugReporterOnCrash: 0, Is64bit: 1, IsPro: 1

COMMAND LINE ARGUMENTS:
C:\Program Files\Unity 2021.3.1f1\Editor\Unity.exe
-adb2
-batchMode
-noUpm
-name
AssetImportWorker19
-projectPath
C:/Users/Atents/Desktop/WOS/WOS
-logFile
Logs/AssetImportWorker19.log
-srvPort
59166
Successfully changed project path to: C:/Users/Atents/Desktop/WOS/WOS
C:/Users/Atents/Desktop/WOS/WOS
[UnityMemory] Configuration Parameters - Can be set up in boot.config
    "memorysetup-bucket-allocator-granularity=16"
    "memorysetup-bucket-allocator-bucket-count=8"
    "memorysetup-bucket-allocator-block-size=33554432"
    "memorysetup-bucket-allocator-block-count=8"
    "memorysetup-main-allocator-block-size=16777216"
    "memorysetup-thread-allocator-block-size=16777216"
    "memorysetup-gfx-main-allocator-block-size=16777216"
    "memorysetup-gfx-thread-allocator-block-size=16777216"
    "memorysetup-cache-allocator-block-size=4194304"
    "memorysetup-typetree-allocator-block-size=2097152"
    "memorysetup-profiler-bucket-allocator-granularity=16"
    "memorysetup-profiler-bucket-allocator-bucket-count=8"
    "memorysetup-profiler-bucket-allocator-block-size=33554432"
    "memorysetup-profiler-bucket-allocator-block-count=8"
    "memorysetup-profiler-allocator-block-size=16777216"
    "memorysetup-profiler-editor-allocator-block-size=1048576"
    "memorysetup-temp-allocator-size-main=16777216"
    "memorysetup-job-temp-allocator-block-size=2097152"
    "memorysetup-job-temp-allocator-block-size-background=1048576"
    "memorysetup-job-temp-allocator-reduction-small-platforms=262144"
    "memorysetup-temp-allocator-size-background-worker=32768"
    "memorysetup-temp-allocator-size-job-worker=262144"
    "memorysetup-temp-allocator-size-preload-manager=33554432"
    "memorysetup-temp-allocator-size-nav-mesh-worker=65536"
    "memorysetup-temp-allocator-size-audio-worker=65536"
    "memorysetup-temp-allocator-size-cloud-worker=32768"
    "memorysetup-temp-allocator-size-gi-baking-worker=262144"
    "memorysetup-temp-allocator-size-gfx=262144"
Refreshing native plugins compatible for Editor in 120.65 ms, found 3 plugins.
Preloading 0 native plugins for Editor in 0.00 ms.
Initialize engine version: 2021.3.1f1 (3b70a0754835)
[Subsystems] Discovering subsystems at path C:/Program Files/Unity 2021.3.1f1/Editor/Data/Resources/UnitySubsystems
[Subsystems] Discovering subsystems at path C:/Users/Atents/Desktop/WOS/WOS/Assets
GfxDevice: creating device client; threaded=0; jobified=0
Direct3D:
    Version:  Direct3D 11.0 [level 11.0]
    Renderer: NVIDIA GeForce GT 710 (ID=0x128b)
    Vendor:   NVIDIA
    VRAM:     984 MB
    Driver:   30.0.14.7404
Initialize mono
Mono path[0] = 'C:/Program Files/Unity 2021.3.1f1/Editor/Data/Managed'
Mono path[1] = 'C:/Program Files/Unity 2021.3.1f1/Editor/Data/MonoBleedingEdge/lib/mono/unityjit-win32'
Mono config path = 'C:/Program Files/Unity 2021.3.1f1/Editor/Data/MonoBleedingEdge/etc'
Using monoOptions --debugger-agent=transport=dt_socket,embedding=1,server=y,suspend=n,address=127.0.0.1:56444
Begin MonoManager ReloadAssembly
Registering precompiled unity dll's ...
Register platform support module: C:/Program Files/Unity 2021.3.1f1/Editor/Data/PlaybackEngines/WindowsStandaloneSupport/UnityEditor.WindowsStandalone.Extensions.dll
Registered in 0.006733 seconds.
Native extension for WindowsStandalone target not found
Refreshing native plugins compatible for Editor in 115.66 ms, found 3 plugins.
Preloading 0 native plugins for Editor in 0.00 ms.
Mono: successfully reloaded assembly
- Completed reload, in  0.781 seconds
Domain Reload Profiling:
	ReloadAssembly (781ms)
		BeginReloadAssembly (84ms)
			ExecutionOrderSort (0ms)
			DisableScriptedObjects (0ms)
			BackupInstance (0ms)
			ReleaseScriptingObjects (0ms)
			CreateAndSetChildDomain (1ms)
		EndReloadAssembly (555ms)
			LoadAssemblies (80ms)
			RebuildTransferFunctionScriptingTraits (0ms)
			SetupTypeCache (132ms)
			ReleaseScriptCaches (0ms)
			RebuildScriptCaches (33ms)
			SetupLoadedEditorAssemblies (327ms)
				LogAssemblyErrors (0ms)
				InitializePlatformSupportModulesInManaged (9ms)
				SetLoadedEditorAssemblies (0ms)
				RefreshPlugins (116ms)
				BeforeProcessingInitializeOnLoad (1ms)
				ProcessInitializeOnLoadAttributes (149ms)
				ProcessInitializeOnLoadMethodAttributes (52ms)
				AfterProcessingInitializeOnLoad (0ms)
				EditorAssembliesLoaded (0ms)
			ExecutionOrderSort2 (0ms)
			AwakeInstancesAfterBackupRestoration (0ms)
Platform modules already initialized, skipping
Registering precompiled user dll's ...
Registered in 0.006561 seconds.
Begin MonoManager ReloadAssembly
Symbol file LoadedFromMemory doesn't match image C:\Users\Atents\Desktop\WOS\WOS\Library\PackageCache\com.unity.visualscripting@1.7.8\Editor\VisualScripting.Core\Dependencies\YamlDotNet\Unity.VisualScripting.YamlDotNet.dll
Symbol file LoadedFromMemory doesn't match image C:\Users\Atents\Desktop\WOS\WOS\Library\PackageCache\com.unity.visualscripting@1.7.8\Editor\VisualScripting.Core\Dependencies\DotNetZip\Unity.VisualScripting.IonicZip.dll
Native extension for WindowsStandalone target not found
Refreshing native plugins compatible for Editor in 0.87 ms, found 3 plugins.
Preloading 0 native plugins for Editor in 0.00 ms.
Mono: successfully reloaded assembly
- Completed reload, in  1.266 seconds
Domain Reload Profiling:
	ReloadAssembly (1267ms)
		BeginReloadAssembly (127ms)
			ExecutionOrderSort (0ms)
			DisableScriptedObjects (7ms)
			BackupInstance (0ms)
			ReleaseScriptingObjects (0ms)
			CreateAndSetChildDomain (22ms)
		EndReloadAssembly (993ms)
			LoadAssemblies (92ms)
			RebuildTransferFunctionScriptingTraits (0ms)
			SetupTypeCache (324ms)
			ReleaseScriptCaches (1ms)
			RebuildScriptCaches (68ms)
			SetupLoadedEditorAssemblies (452ms)
				LogAssemblyErrors (0ms)
				InitializePlatformSupportModulesInManaged (6ms)
				SetLoadedEditorAssemblies (1ms)
				RefreshPlugins (1ms)
				BeforeProcessingInitializeOnLoad (98ms)
				ProcessInitializeOnLoadAttributes (290ms)
				ProcessInitializeOnLoadMethodAttributes (44ms)
				AfterProcessingInitializeOnLoad (12ms)
				EditorAssembliesLoaded (0ms)
			ExecutionOrderSort2 (0ms)
			AwakeInstancesAfterBackupRestoration (8ms)
Platform modules already initialized, skipping
========================================================================
Worker process is ready to serve import requests
Launched and connected shader compiler UnityShaderCompiler.exe after 0.06 seconds
Refreshing native plugins compatible for Editor in 0.99 ms, found 3 plugins.
Preloading 0 native plugins for Editor in 0.00 ms.
Unloading 3684 Unused Serialized files (Serialized files now loaded: 0)
Unloading 40 unused Assets / (1.4 MB). Loaded Objects now: 4143.
Memory consumption went from 214.1 MB to 212.7 MB.
Total: 4.329100 ms (FindLiveObjects: 0.334000 ms CreateObjectMapping: 0.394600 ms MarkObjects: 3.263600 ms  DeleteObjects: 0.335700 ms)

AssetImportParameters requested are different than current active one (requested -> active):
  custom:video-decoder-ogg-theora: a1e56fd34408186e4bbccfd4996cb3dc -> 
  custom:container-muxer-webm: aa71ff27fc2769a1b78a27578f13a17b -> 
  custom:container-demuxer-webm: 4f35f7cbe854078d1ac9338744f61a02 -> 
  custom:video-encoder-webm-vp8: eb34c28f22e8b96e1ab97ce403110664 -> 
  custom:audio-encoder-webm-vorbis: bf7c407c2cedff20999df2af8eb42d56 -> 
  custom:framework-win-MediaFoundation: 216162199b28c13a410421893ffa2e32 -> 
  custom:container-demuxer-ogg: 62fdf1f143b41e24485cea50d1cbac27 -> 
  custom:video-decoder-webm-vp8: 9c59270c3fd7afecdb556c50c9e8de78 -> 
  custom:audio-decoder-ogg-vorbis: bf7c407c2cedff20999df2af8eb42d56 -> 
========================================================================
Received Import Request.
  Time since last request: 1054048.030321 seconds.
  path: Assets/Model/3D_Model/Character/Npc/Bender/Fbx
  artifactKey: Guid(f74d25edc69d8a9458bd526e764a7d73) Importer(815301076,1909f56bfc062723c751e8b465ee728b)
Start importing Assets/Model/3D_Model/Character/Npc/Bender/Fbx using Guid(f74d25edc69d8a9458bd526e764a7d73) Importer(815301076,1909f56bfc062723c751e8b465ee728b)  -> (artifact id: '6648b4c546f65b401a33d257da2eb863') in 0.016313 seconds 
========================================================================
Received Import Request.
  Time since last request: 140.350968 seconds.
  path: Assets/AssetStore/Blink/Art/Characters/Stylized/Humans/Textures_Humans/HM_Accessories_T_AO.png
  artifactKey: Guid(606c77f8177c3354c88d5ea3e4499d2b) Importer(815301076,1909f56bfc062723c751e8b465ee728b)
Start importing Assets/AssetStore/Blink/Art/Characters/Stylized/Humans/Textures_Humans/HM_Accessories_T_AO.png using Guid(606c77f8177c3354c88d5ea3e4499d2b) Importer(815301076,1909f56bfc062723c751e8b465ee728b)  -> (artifact id: '474951aa6a617dc68091bef69e5785c4') in 0.243390 seconds 
========================================================================
Received Import Request.
  Time since last request: 0.000027 seconds.
  path: Assets/AssetStore/Blink/Art/Characters/Stylized/Humans/Textures_Humans/HM_Beard_1_AO.png
  artifactKey: Guid(c0bf095a1c369364580f9bb4e9ebc110) Importer(815301076,1909f56bfc062723c751e8b465ee728b)
Start importing Assets/AssetStore/Blink/Art/Characters/Stylized/Humans/Textures_Humans/HM_Beard_1_AO.png using Guid(c0bf095a1c369364580f9bb4e9ebc110) Importer(815301076,1909f56bfc062723c751e8b465ee728b)  -> (artifact id: '8e4e13806a7b4ed5b2028d1c9b83f006') in 0.040416 seconds 
========================================================================
Received Import Request.
  Time since last request: 0.000036 seconds.
  path: Assets/AssetStore/Blink/Art/Characters/Stylized/Humans/Textures_Humans/HM_Accessories_T_BaseColor2.png
  artifactKey: Guid(5c09e7f80a68ab24fa9f147e7ef1aaeb) Importer(815301076,1909f56bfc062723c751e8b465ee728b)
Start importing Assets/AssetStore/Blink/Art/Characters/Stylized/Humans/Textures_Humans/HM_Accessories_T_BaseColor2.png using Guid(5c09e7f80a68ab24fa9f147e7ef1aaeb) Importer(815301076,1909f56bfc062723c751e8b465ee728b)  -> (artifact id: '531153e94db731ddb414d1e7a64233c9') in 0.026441 seconds 
========================================================================
Received Import Request.
  Time since last request: 123.679964 seconds.
  path: Assets/AssetStore/Blink/Art/Characters/Stylized/Humans/Armors_Humans/Meshes_ArmorsHumans/StarterArmor_HumanMale.fbx
  artifactKey: Guid(55295a45c3d658c44b42c8e67983b8db) Importer(815301076,1909f56bfc062723c751e8b465ee728b)
Start importing Assets/AssetStore/Blink/Art/Characters/Stylized/Humans/Armors_Humans/Meshes_ArmorsHumans/StarterArmor_HumanMale.fbx using Guid(55295a45c3d658c44b42c8e67983b8db) Importer(815301076,1909f56bfc062723c751e8b465ee728b)  -> (artifact id: '53f3017102b319ab6b05e7b7761a0b41') in 0.201216 seconds 
========================================================================
Received Import Request.
  Time since last request: 107.581782 seconds.
  path: Assets/Model/3D_Model/Before_Bake/PlayerHouse.prefab
  artifactKey: Guid(3774428e6b9cefe499a8145a1adfeea6) Importer(815301076,1909f56bfc062723c751e8b465ee728b)
Start importing Assets/Model/3D_Model/Before_Bake/PlayerHouse.prefab using Guid(3774428e6b9cefe499a8145a1adfeea6) Importer(815301076,1909f56bfc062723c751e8b465ee728b)  -> (artifact id: '9a812b6f1ed7fd3f3b042e77844f7677') in 0.048267 seconds 
========================================================================
Received Import Request.
  Time since last request: 2.688263 seconds.
  path: Assets/Model/2D_Model/Player.png
  artifactKey: Guid(872ba70401d334c4b9705d6cadcdd379) Importer(815301076,1909f56bfc062723c751e8b465ee728b)
Start importing Assets/Model/2D_Model/Player.png using Guid(872ba70401d334c4b9705d6cadcdd379) Importer(815301076,1909f56bfc062723c751e8b465ee728b)  -> (artifact id: 'b174d00daa57071e4ab55018433bd304') in 0.189400 seconds 
========================================================================
Received Import Request.
  Time since last request: 22.390576 seconds.
  path: Assets/AssetStore/Blink/Art/Characters/Stylized/Humans/Armors_Humans/Textures_ArmorsHumans/StarterArmor_AO.png
  artifactKey: Guid(9ad94f6f35f70b34fbbd2849cf447245) Importer(815301076,1909f56bfc062723c751e8b465ee728b)
Start importing Assets/AssetStore/Blink/Art/Characters/Stylized/Humans/Armors_Humans/Textures_ArmorsHumans/StarterArmor_AO.png using Guid(9ad94f6f35f70b34fbbd2849cf447245) Importer(815301076,1909f56bfc062723c751e8b465ee728b)  -> (artifact id: '11823320b9dd048b850937508b73c476') in 0.165057 seconds 
========================================================================
Received Import Request.
  Time since last request: 0.000154 seconds.
  path: Assets/AssetStore/Blink/Art/Characters/Stylized/Humans/Armors_Humans/Textures_ArmorsHumans/StarterArmor_BaseColor2.png
  artifactKey: Guid(fdd40d2739fb9da4db383286dc88c380) Importer(815301076,1909f56bfc062723c751e8b465ee728b)
Start importing Assets/AssetStore/Blink/Art/Characters/Stylized/Humans/Armors_Humans/Textures_ArmorsHumans/StarterArmor_BaseColor2.png using Guid(fdd40d2739fb9da4db383286dc88c380) Importer(815301076,1909f56bfc062723c751e8b465ee728b)  -> (artifact id: 'd45c10fcdf8aabc6a82e1b9139b8e45c') in 0.054460 seconds 
========================================================================
Received Import Request.
  Time since last request: 0.000027 seconds.
  path: Assets/AssetStore/Blink/Art/Characters/Stylized/Humans/Armors_Humans/Textures_ArmorsHumans/StarterArmor_BaseColor3.png
  artifactKey: Guid(9a7bb3ecfa19c5a43bf96ea260592d61) Importer(815301076,1909f56bfc062723c751e8b465ee728b)
Start importing Assets/AssetStore/Blink/Art/Characters/Stylized/Humans/Armors_Humans/Textures_ArmorsHumans/StarterArmor_BaseColor3.png using Guid(9a7bb3ecfa19c5a43bf96ea260592d61) Importer(815301076,1909f56bfc062723c751e8b465ee728b)  -> (artifact id: '1099b619d1b1a9044071a042906c2544') in 0.038062 seconds 
========================================================================
Received Import Request.
  Time since last request: 0.000024 seconds.
  path: Assets/AssetStore/Blink/Art/Characters/Stylized/Humans/Armors_Humans/Textures_ArmorsHumans/StarterArmor_Roughness.png
  artifactKey: Guid(314f5ca462484d942a2f2afa0c3652dd) Importer(815301076,1909f56bfc062723c751e8b465ee728b)
Start importing Assets/AssetStore/Blink/Art/Characters/Stylized/Humans/Armors_Humans/Textures_ArmorsHumans/StarterArmor_Roughness.png using Guid(314f5ca462484d942a2f2afa0c3652dd) Importer(815301076,1909f56bfc062723c751e8b465ee728b)  -> (artifact id: '5e620530928378a51abafd7e569043ce') in 0.029892 seconds 
Editor requested this worker to shutdown with reason: Scaling down because of idle timeout
AssetImportWorker is now disconnected from the server
Process exiting
Exiting without the bug reporter. Application will terminate with return code 0