Using pre-set license
Built from '2021.3/staging' branch; Version is '2021.3.11f1 (0a5ca18544bf) revision 679073'; Using compiler version '192829333'; Build Type 'Release'
OS: 'Windows 10  (10.0.19045) 64bit Professional' Language: 'ko' Physical Memory: 16332 MB
BatchMode: 1, IsHumanControllingUs: 0, StartBugReporterOnCrash: 0, Is64bit: 1, IsPro: 1

COMMAND LINE ARGUMENTS:
C:\Program Files\Unity\Hub\Editor\2021.3.11f1\Editor\Unity.exe
-adb2
-batchMode
-noUpm
-name
AssetImportWorker11
-projectPath
C:/Users/김주현/Desktop/WosGit/WOS/WOS
-logFile
Logs/AssetImportWorker11.log
-srvPort
11176
Successfully changed project path to: C:/Users/김주현/Desktop/WosGit/WOS/WOS
C:/Users/김주현/Desktop/WosGit/WOS/WOS
[UnityMemory] Configuration Parameters - Can be set up in boot.config
    "memorysetup-bucket-allocator-granularity=16"
    "memorysetup-bucket-allocator-bucket-count=8"
    "memorysetup-bucket-allocator-block-size=33554432"
    "memorysetup-bucket-allocator-block-count=8"
    "memorysetup-main-allocator-block-size=16777216"
    "memorysetup-thread-allocator-block-size=16777216"
    "memorysetup-gfx-main-allocator-block-size=16777216"
    "memorysetup-gfx-thread-allocator-block-size=16777216"
    "memorysetup-cache-allocator-block-size=4194304"
    "memorysetup-typetree-allocator-block-size=2097152"
    "memorysetup-profiler-bucket-allocator-granularity=16"
    "memorysetup-profiler-bucket-allocator-bucket-count=8"
    "memorysetup-profiler-bucket-allocator-block-size=33554432"
    "memorysetup-profiler-bucket-allocator-block-count=8"
    "memorysetup-profiler-allocator-block-size=16777216"
    "memorysetup-profiler-editor-allocator-block-size=1048576"
    "memorysetup-temp-allocator-size-main=16777216"
    "memorysetup-job-temp-allocator-block-size=2097152"
    "memorysetup-job-temp-allocator-block-size-background=1048576"
    "memorysetup-job-temp-allocator-reduction-small-platforms=262144"
    "memorysetup-temp-allocator-size-background-worker=32768"
    "memorysetup-temp-allocator-size-job-worker=262144"
    "memorysetup-temp-allocator-size-preload-manager=33554432"
    "memorysetup-temp-allocator-size-nav-mesh-worker=65536"
    "memorysetup-temp-allocator-size-audio-worker=65536"
    "memorysetup-temp-allocator-size-cloud-worker=32768"
    "memorysetup-temp-allocator-size-gi-baking-worker=262144"
    "memorysetup-temp-allocator-size-gfx=262144"
Refreshing native plugins compatible for Editor in 123.34 ms, found 3 plugins.
Preloading 0 native plugins for Editor in 0.00 ms.
Initialize engine version: 2021.3.11f1 (0a5ca18544bf)
[Subsystems] Discovering subsystems at path C:/Program Files/Unity/Hub/Editor/2021.3.11f1/Editor/Data/Resources/UnitySubsystems
[Subsystems] Discovering subsystems at path C:/Users/김주현/Desktop/WosGit/WOS/WOS/Assets
GfxDevice: creating device client; threaded=0; jobified=0
Direct3D:
    Version:  Direct3D 11.0 [level 11.1]
    Renderer: NVIDIA GeForce RTX 2060 SUPER (ID=0x1f06)
    Vendor:   NVIDIA
    VRAM:     8031 MB
    Driver:   31.0.15.1694
Initialize mono
Mono path[0] = 'C:/Program Files/Unity/Hub/Editor/2021.3.11f1/Editor/Data/Managed'
Mono path[1] = 'C:/Program Files/Unity/Hub/Editor/2021.3.11f1/Editor/Data/MonoBleedingEdge/lib/mono/unityjit-win32'
Mono config path = 'C:/Program Files/Unity/Hub/Editor/2021.3.11f1/Editor/Data/MonoBleedingEdge/etc'
Using monoOptions --debugger-agent=transport=dt_socket,embedding=1,server=y,suspend=n,address=127.0.0.1:56216
Begin MonoManager ReloadAssembly
Registering precompiled unity dll's ...
Register platform support module: C:/Program Files/Unity/Hub/Editor/2021.3.11f1/Editor/Data/PlaybackEngines/WindowsStandaloneSupport/UnityEditor.WindowsStandalone.Extensions.dll
Registered in 0.049167 seconds.
Native extension for WindowsStandalone target not found
Refreshing native plugins compatible for Editor in 118.92 ms, found 3 plugins.
Preloading 0 native plugins for Editor in 0.00 ms.
Mono: successfully reloaded assembly
- Completed reload, in  0.882 seconds
Domain Reload Profiling:
	ReloadAssembly (882ms)
		BeginReloadAssembly (177ms)
			ExecutionOrderSort (0ms)
			DisableScriptedObjects (0ms)
			BackupInstance (0ms)
			ReleaseScriptingObjects (0ms)
			CreateAndSetChildDomain (1ms)
		EndReloadAssembly (488ms)
			LoadAssemblies (166ms)
			RebuildTransferFunctionScriptingTraits (0ms)
			SetupTypeCache (101ms)
			ReleaseScriptCaches (0ms)
			RebuildScriptCaches (23ms)
			SetupLoadedEditorAssemblies (285ms)
				LogAssemblyErrors (0ms)
				InitializePlatformSupportModulesInManaged (19ms)
				SetLoadedEditorAssemblies (0ms)
				RefreshPlugins (119ms)
				BeforeProcessingInitializeOnLoad (1ms)
				ProcessInitializeOnLoadAttributes (99ms)
				ProcessInitializeOnLoadMethodAttributes (46ms)
				AfterProcessingInitializeOnLoad (0ms)
				EditorAssembliesLoaded (0ms)
			ExecutionOrderSort2 (0ms)
			AwakeInstancesAfterBackupRestoration (0ms)
Platform modules already initialized, skipping
Registering precompiled user dll's ...
Registered in 0.025086 seconds.
Begin MonoManager ReloadAssembly
Symbol file LoadedFromMemory doesn't match image C:\Users\김주현\Desktop\WosGit\WOS\WOS\Library\PackageCache\com.unity.visualscripting@1.7.8\Editor\VisualScripting.Core\Dependencies\YamlDotNet\Unity.VisualScripting.YamlDotNet.dll
Symbol file LoadedFromMemory doesn't match image C:\Users\김주현\Desktop\WosGit\WOS\WOS\Library\PackageCache\com.unity.visualscripting@1.7.8\Editor\VisualScripting.Core\Dependencies\DotNetZip\Unity.VisualScripting.IonicZip.dll
Native extension for WindowsStandalone target not found
Refreshing native plugins compatible for Editor in 1.20 ms, found 3 plugins.
Preloading 0 native plugins for Editor in 0.00 ms.
Mono: successfully reloaded assembly
- Completed reload, in  1.535 seconds
Domain Reload Profiling:
	ReloadAssembly (1536ms)
		BeginReloadAssembly (237ms)
			ExecutionOrderSort (0ms)
			DisableScriptedObjects (5ms)
			BackupInstance (0ms)
			ReleaseScriptingObjects (0ms)
			CreateAndSetChildDomain (19ms)
		EndReloadAssembly (1104ms)
			LoadAssemblies (227ms)
			RebuildTransferFunctionScriptingTraits (0ms)
			SetupTypeCache (266ms)
			ReleaseScriptCaches (1ms)
			RebuildScriptCaches (51ms)
			SetupLoadedEditorAssemblies (570ms)
				LogAssemblyErrors (0ms)
				InitializePlatformSupportModulesInManaged (16ms)
				SetLoadedEditorAssemblies (0ms)
				RefreshPlugins (1ms)
				BeforeProcessingInitializeOnLoad (179ms)
				ProcessInitializeOnLoadAttributes (288ms)
				ProcessInitializeOnLoadMethodAttributes (36ms)
				AfterProcessingInitializeOnLoad (49ms)
				EditorAssembliesLoaded (0ms)
			ExecutionOrderSort2 (0ms)
			AwakeInstancesAfterBackupRestoration (13ms)
Platform modules already initialized, skipping
========================================================================
Worker process is ready to serve import requests
Launched and connected shader compiler UnityShaderCompiler.exe after 0.06 seconds
Refreshing native plugins compatible for Editor in 2.06 ms, found 3 plugins.
Preloading 0 native plugins for Editor in 0.00 ms.
Unloading 3928 Unused Serialized files (Serialized files now loaded: 0)
Unloading 43 unused Assets / (1.4 MB). Loaded Objects now: 4417.
Memory consumption went from 236.7 MB to 235.3 MB.
Total: 3.664300 ms (FindLiveObjects: 0.358400 ms CreateObjectMapping: 0.203500 ms MarkObjects: 2.713900 ms  DeleteObjects: 0.387600 ms)

AssetImportParameters requested are different than current active one (requested -> active):
  custom:video-decoder-ogg-theora: a1e56fd34408186e4bbccfd4996cb3dc -> 
  custom:container-muxer-webm: aa71ff27fc2769a1b78a27578f13a17b -> 
  custom:container-demuxer-webm: 4f35f7cbe854078d1ac9338744f61a02 -> 
  custom:video-encoder-webm-vp8: eb34c28f22e8b96e1ab97ce403110664 -> 
  custom:audio-encoder-webm-vorbis: bf7c407c2cedff20999df2af8eb42d56 -> 
  custom:framework-win-MediaFoundation: 216162199b28c13a410421893ffa2e32 -> 
  custom:container-demuxer-ogg: 62fdf1f143b41e24485cea50d1cbac27 -> 
  custom:video-decoder-webm-vp8: 9c59270c3fd7afecdb556c50c9e8de78 -> 
  custom:audio-decoder-ogg-vorbis: bf7c407c2cedff20999df2af8eb42d56 -> 
========================================================================
Received Import Request.
  Time since last request: 18885.110336 seconds.
  path: Assets/AssetStore/Ui/Dark_Brown_GUI_kit/icon/full_simple/name-.png
  artifactKey: Guid(bba9ccf352de5bd4e85acd8bb5f6d9d5) Importer(815301076,1909f56bfc062723c751e8b465ee728b)
Start importing Assets/AssetStore/Ui/Dark_Brown_GUI_kit/icon/full_simple/name-.png using Guid(bba9ccf352de5bd4e85acd8bb5f6d9d5) Importer(815301076,1909f56bfc062723c751e8b465ee728b)  -> (artifact id: 'ec3395e7d745f652f21ca93c6e552f51') in 0.189633 seconds 
========================================================================
Received Import Request.
  Time since last request: 2.262855 seconds.
  path: Assets/AssetStore/Ui/Dark_Brown_GUI_kit/icon/full_simple/upload-.png
  artifactKey: Guid(ffd60eba22e4f5d46bc0a5de3f2e15ce) Importer(815301076,1909f56bfc062723c751e8b465ee728b)
Start importing Assets/AssetStore/Ui/Dark_Brown_GUI_kit/icon/full_simple/upload-.png using Guid(ffd60eba22e4f5d46bc0a5de3f2e15ce) Importer(815301076,1909f56bfc062723c751e8b465ee728b)  -> (artifact id: 'ce8921990a7bb01db2d046df6c58025b') in 0.026804 seconds 
========================================================================
Received Import Request.
  Time since last request: 341.700734 seconds.
  path: Assets/AssetStore/Ui/Clean Vector Icons/T_1_anvil_.png
  artifactKey: Guid(6886db5fac1305b4d82a95ca744de0c7) Importer(815301076,1909f56bfc062723c751e8b465ee728b)
Start importing Assets/AssetStore/Ui/Clean Vector Icons/T_1_anvil_.png using Guid(6886db5fac1305b4d82a95ca744de0c7) Importer(815301076,1909f56bfc062723c751e8b465ee728b)  -> (artifact id: 'd27cdb1e9dbaf0d44b9738091487f1e8') in 0.037596 seconds 
========================================================================
Received Import Request.
  Time since last request: 0.000023 seconds.
  path: Assets/AssetStore/Ui/Clean Vector Icons/T_1_eye_.png
  artifactKey: Guid(5c27fc79dd2011c4ab50f507f7cfb7af) Importer(815301076,1909f56bfc062723c751e8b465ee728b)
Start importing Assets/AssetStore/Ui/Clean Vector Icons/T_1_eye_.png using Guid(5c27fc79dd2011c4ab50f507f7cfb7af) Importer(815301076,1909f56bfc062723c751e8b465ee728b)  -> (artifact id: '46085ca017a18be00f45e36d4f269b7f') in 0.046649 seconds 
========================================================================
Received Import Request.
  Time since last request: 0.000019 seconds.
  path: Assets/AssetStore/Ui/Clean Vector Icons/T_1_magnifier_.png
  artifactKey: Guid(4800731ef4eae344c85a8e9b24fb7278) Importer(815301076,1909f56bfc062723c751e8b465ee728b)
Start importing Assets/AssetStore/Ui/Clean Vector Icons/T_1_magnifier_.png using Guid(4800731ef4eae344c85a8e9b24fb7278) Importer(815301076,1909f56bfc062723c751e8b465ee728b)  -> (artifact id: '0db12b7744e36ce8ffb92722f6e990d8') in 0.036217 seconds 
========================================================================
Received Import Request.
  Time since last request: 0.000024 seconds.
  path: Assets/AssetStore/Ui/Clean Vector Icons/T_1_magnifier_al_.png
  artifactKey: Guid(97b5eb5724a79104cb6e0ad05b9db3ac) Importer(815301076,1909f56bfc062723c751e8b465ee728b)
Start importing Assets/AssetStore/Ui/Clean Vector Icons/T_1_magnifier_al_.png using Guid(97b5eb5724a79104cb6e0ad05b9db3ac) Importer(815301076,1909f56bfc062723c751e8b465ee728b)  -> (artifact id: 'ded4ca388e8530ea97aa935f91c83748') in 0.041017 seconds 
========================================================================
Received Import Request.
  Time since last request: 0.000027 seconds.
  path: Assets/AssetStore/Ui/Clean Vector Icons/T_1_shield_.png
  artifactKey: Guid(1815ea71c4e799e45b0db8899c240c4a) Importer(815301076,1909f56bfc062723c751e8b465ee728b)
Start importing Assets/AssetStore/Ui/Clean Vector Icons/T_1_shield_.png using Guid(1815ea71c4e799e45b0db8899c240c4a) Importer(815301076,1909f56bfc062723c751e8b465ee728b)  -> (artifact id: '132df0518968a5828170a244edc4ff1a') in 0.046816 seconds 
========================================================================
Received Import Request.
  Time since last request: 0.000027 seconds.
  path: Assets/AssetStore/Ui/Clean Vector Icons/T_1_head_samurai_.png
  artifactKey: Guid(c50ecf4cb0747f64487b52e59758d9a7) Importer(815301076,1909f56bfc062723c751e8b465ee728b)
Start importing Assets/AssetStore/Ui/Clean Vector Icons/T_1_head_samurai_.png using Guid(c50ecf4cb0747f64487b52e59758d9a7) Importer(815301076,1909f56bfc062723c751e8b465ee728b)  -> (artifact id: '9b91c6beeb8294ddccb5bd31148f8c03') in 0.032583 seconds 
========================================================================
Received Import Request.
  Time since last request: 0.000025 seconds.
  path: Assets/AssetStore/Ui/Clean Vector Icons/T_1_arrow_empty_up_.png
  artifactKey: Guid(c5c867e9976dc5d4a8803e01578752f5) Importer(815301076,1909f56bfc062723c751e8b465ee728b)
Start importing Assets/AssetStore/Ui/Clean Vector Icons/T_1_arrow_empty_up_.png using Guid(c5c867e9976dc5d4a8803e01578752f5) Importer(815301076,1909f56bfc062723c751e8b465ee728b)  -> (artifact id: '340c600f44bd959703f70eba0e11a7a3') in 0.034322 seconds 
========================================================================
Received Import Request.
  Time since last request: 0.000026 seconds.
  path: Assets/AssetStore/Ui/Clean Vector Icons/T_1_cursor_.png
  artifactKey: Guid(ff17c68cd8dea9c4b99d8941d92ce176) Importer(815301076,1909f56bfc062723c751e8b465ee728b)
Start importing Assets/AssetStore/Ui/Clean Vector Icons/T_1_cursor_.png using Guid(ff17c68cd8dea9c4b99d8941d92ce176) Importer(815301076,1909f56bfc062723c751e8b465ee728b)  -> (artifact id: '4c52cfba5a10bb3030e72298ceb0d856') in 0.044721 seconds 
========================================================================
Received Import Request.
  Time since last request: 0.623233 seconds.
  path: Assets/AssetStore/Ui/Clean Vector Icons/T_2_+_.png
  artifactKey: Guid(c6b828ebf1d12ab448fc5b321c852c04) Importer(815301076,1909f56bfc062723c751e8b465ee728b)
Start importing Assets/AssetStore/Ui/Clean Vector Icons/T_2_+_.png using Guid(c6b828ebf1d12ab448fc5b321c852c04) Importer(815301076,1909f56bfc062723c751e8b465ee728b)  -> (artifact id: 'a630ef5d29e96ad1825ea636a65a9a20') in 0.028534 seconds 
========================================================================
Received Import Request.
  Time since last request: 0.000021 seconds.
  path: Assets/AssetStore/Ui/Clean Vector Icons/T_2_bottle_half_.png
  artifactKey: Guid(f816f63babfcb3e4d92c5cd9bb193149) Importer(815301076,1909f56bfc062723c751e8b465ee728b)
Start importing Assets/AssetStore/Ui/Clean Vector Icons/T_2_bottle_half_.png using Guid(f816f63babfcb3e4d92c5cd9bb193149) Importer(815301076,1909f56bfc062723c751e8b465ee728b)  -> (artifact id: '9e7909561f430c5654be9cedf7089a5c') in 0.027695 seconds 
========================================================================
Received Import Request.
  Time since last request: 1.424369 seconds.
  path: Assets/AssetStore/Ui/Clean Vector Icons/T_2_column_cross_.png
  artifactKey: Guid(11e3d102a51b3e1409ff67d202690d8b) Importer(815301076,1909f56bfc062723c751e8b465ee728b)
Start importing Assets/AssetStore/Ui/Clean Vector Icons/T_2_column_cross_.png using Guid(11e3d102a51b3e1409ff67d202690d8b) Importer(815301076,1909f56bfc062723c751e8b465ee728b)  -> (artifact id: 'd57d99dfd95cd419bcca9036b6f04f83') in 0.024608 seconds 
========================================================================
Received Import Request.
  Time since last request: 0.000017 seconds.
  path: Assets/AssetStore/Ui/Clean Vector Icons/T_2_cursor_+_al_.png
  artifactKey: Guid(8ee98e5afeb13384cb04affd2fccacf3) Importer(815301076,1909f56bfc062723c751e8b465ee728b)
Start importing Assets/AssetStore/Ui/Clean Vector Icons/T_2_cursor_+_al_.png using Guid(8ee98e5afeb13384cb04affd2fccacf3) Importer(815301076,1909f56bfc062723c751e8b465ee728b)  -> (artifact id: '8f44a5e3f4978de269e61f7288c65c58') in 0.025656 seconds 
========================================================================
Received Import Request.
  Time since last request: 0.014781 seconds.
  path: Assets/AssetStore/Ui/Clean Vector Icons/T_2_lighthing_.png
  artifactKey: Guid(ed8ef41e0593c444f89985400bb18768) Importer(815301076,1909f56bfc062723c751e8b465ee728b)
Start importing Assets/AssetStore/Ui/Clean Vector Icons/T_2_lighthing_.png using Guid(ed8ef41e0593c444f89985400bb18768) Importer(815301076,1909f56bfc062723c751e8b465ee728b)  -> (artifact id: 'f66070a83b1d2374dc350009b0f44cdb') in 0.023998 seconds 
========================================================================
Received Import Request.
  Time since last request: 0.000018 seconds.
  path: Assets/AssetStore/Ui/Clean Vector Icons/T_2_magnifier_+_.png
  artifactKey: Guid(22fb9c2bd4a40f34e8897156a2986091) Importer(815301076,1909f56bfc062723c751e8b465ee728b)
Start importing Assets/AssetStore/Ui/Clean Vector Icons/T_2_magnifier_+_.png using Guid(22fb9c2bd4a40f34e8897156a2986091) Importer(815301076,1909f56bfc062723c751e8b465ee728b)  -> (artifact id: '77c35882324cce2adba9a368db07acac') in 0.024777 seconds 
========================================================================
Received Import Request.
  Time since last request: 1.634354 seconds.
  path: Assets/AssetStore/Ui/Clean Vector Icons/T_2_scroll_open_.png
  artifactKey: Guid(772f522a9c782904e9d220a7f8690c6c) Importer(815301076,1909f56bfc062723c751e8b465ee728b)
Start importing Assets/AssetStore/Ui/Clean Vector Icons/T_2_scroll_open_.png using Guid(772f522a9c782904e9d220a7f8690c6c) Importer(815301076,1909f56bfc062723c751e8b465ee728b)  -> (artifact id: '0f6e255f90077e908782bf0735ecdaa0') in 0.025818 seconds 
========================================================================
Received Import Request.
  Time since last request: 0.000015 seconds.
  path: Assets/AssetStore/Ui/Clean Vector Icons/T_2_shield_eye_.png
  artifactKey: Guid(7d772d845fa5ada41b501fc7ba13abe8) Importer(815301076,1909f56bfc062723c751e8b465ee728b)
Start importing Assets/AssetStore/Ui/Clean Vector Icons/T_2_shield_eye_.png using Guid(7d772d845fa5ada41b501fc7ba13abe8) Importer(815301076,1909f56bfc062723c751e8b465ee728b)  -> (artifact id: '8c951eb706ca5b831c20bf58cd9f2316') in 0.043603 seconds 
========================================================================
Received Import Request.
  Time since last request: 1.037350 seconds.
  path: Assets/AssetStore/Ui/Clean Vector Icons/T_3_bottle_full_.png
  artifactKey: Guid(9967dc9c6c023804490a2f656ff50533) Importer(815301076,1909f56bfc062723c751e8b465ee728b)
Start importing Assets/AssetStore/Ui/Clean Vector Icons/T_3_bottle_full_.png using Guid(9967dc9c6c023804490a2f656ff50533) Importer(815301076,1909f56bfc062723c751e8b465ee728b)  -> (artifact id: 'a080da96325f60e34a48a9fbac27650e') in 0.028982 seconds 
========================================================================
Received Import Request.
  Time since last request: 0.000017 seconds.
  path: Assets/AssetStore/Ui/Clean Vector Icons/T_3_coins_.png
  artifactKey: Guid(8ea3e46938e041f4a8abb8200dc90159) Importer(815301076,1909f56bfc062723c751e8b465ee728b)
Start importing Assets/AssetStore/Ui/Clean Vector Icons/T_3_coins_.png using Guid(8ea3e46938e041f4a8abb8200dc90159) Importer(815301076,1909f56bfc062723c751e8b465ee728b)  -> (artifact id: 'ee99b06df226cfb8623215e1a34a14cc') in 0.033964 seconds 
========================================================================
Received Import Request.
  Time since last request: 1.109570 seconds.
  path: Assets/AssetStore/Ui/Clean Vector Icons/T_3_eye_bored_.png
  artifactKey: Guid(e21783b9009bb3e40aac9f7487d624f7) Importer(815301076,1909f56bfc062723c751e8b465ee728b)
Start importing Assets/AssetStore/Ui/Clean Vector Icons/T_3_eye_bored_.png using Guid(e21783b9009bb3e40aac9f7487d624f7) Importer(815301076,1909f56bfc062723c751e8b465ee728b)  -> (artifact id: 'a58a96afd554bb9e01c0c0aaa9a6da7d') in 0.030140 seconds 
========================================================================
Received Import Request.
  Time since last request: 0.000023 seconds.
  path: Assets/AssetStore/Ui/Clean Vector Icons/T_3_letter_eye_.png
  artifactKey: Guid(04778ce2ab74b5b4abbda109ef29a9d9) Importer(815301076,1909f56bfc062723c751e8b465ee728b)
Start importing Assets/AssetStore/Ui/Clean Vector Icons/T_3_letter_eye_.png using Guid(04778ce2ab74b5b4abbda109ef29a9d9) Importer(815301076,1909f56bfc062723c751e8b465ee728b)  -> (artifact id: '5feb3605e8f8520e60aa526d6b34e8d8') in 0.030887 seconds 
========================================================================
Received Import Request.
  Time since last request: 0.000025 seconds.
  path: Assets/AssetStore/Ui/Clean Vector Icons/T_3_magic_fire_.png
  artifactKey: Guid(e32b8056f5f2eb741bec42f791c7f1b5) Importer(815301076,1909f56bfc062723c751e8b465ee728b)
Start importing Assets/AssetStore/Ui/Clean Vector Icons/T_3_magic_fire_.png using Guid(e32b8056f5f2eb741bec42f791c7f1b5) Importer(815301076,1909f56bfc062723c751e8b465ee728b)  -> (artifact id: '6fa9348631c99bff9e6abe9cb02665d9') in 0.034415 seconds 
========================================================================
Received Import Request.
  Time since last request: 0.000029 seconds.
  path: Assets/AssetStore/Ui/Clean Vector Icons/T_3_shield_magic_.png
  artifactKey: Guid(b6795c96fef3b01439d1de6a75d33651) Importer(815301076,1909f56bfc062723c751e8b465ee728b)
Start importing Assets/AssetStore/Ui/Clean Vector Icons/T_3_shield_magic_.png using Guid(b6795c96fef3b01439d1de6a75d33651) Importer(815301076,1909f56bfc062723c751e8b465ee728b)  -> (artifact id: 'df656ba9f3610ff80ce36210af39f03b') in 0.032917 seconds 
========================================================================
Received Import Request.
  Time since last request: 1.004153 seconds.
  path: Assets/AssetStore/Ui/Clean Vector Icons/T_3_sword_cut_.png
  artifactKey: Guid(d605befd4bec61449b7a5c492aaf2361) Importer(815301076,1909f56bfc062723c751e8b465ee728b)
Start importing Assets/AssetStore/Ui/Clean Vector Icons/T_3_sword_cut_.png using Guid(d605befd4bec61449b7a5c492aaf2361) Importer(815301076,1909f56bfc062723c751e8b465ee728b)  -> (artifact id: 'c22837aae0f0699321fd624fe67f733a') in 0.028254 seconds 
========================================================================
Received Import Request.
  Time since last request: 0.789612 seconds.
  path: Assets/AssetStore/Ui/Clean Vector Icons/T_4_coin_bag1_.png
  artifactKey: Guid(73b277da837c0874893f6123d5842ca0) Importer(815301076,1909f56bfc062723c751e8b465ee728b)
Start importing Assets/AssetStore/Ui/Clean Vector Icons/T_4_coin_bag1_.png using Guid(73b277da837c0874893f6123d5842ca0) Importer(815301076,1909f56bfc062723c751e8b465ee728b)  -> (artifact id: 'fadc0b585b528cab89d39c2dd681501b') in 0.024481 seconds 
========================================================================
Received Import Request.
  Time since last request: 0.000021 seconds.
  path: Assets/AssetStore/Ui/Clean Vector Icons/T_4_cursor_=_al_.png
  artifactKey: Guid(8ccbbe0572b5f224ab0e0c4cc981c879) Importer(815301076,1909f56bfc062723c751e8b465ee728b)
Start importing Assets/AssetStore/Ui/Clean Vector Icons/T_4_cursor_=_al_.png using Guid(8ccbbe0572b5f224ab0e0c4cc981c879) Importer(815301076,1909f56bfc062723c751e8b465ee728b)  -> (artifact id: 'd8400043f916562cb8635037bdafcd6d') in 0.022593 seconds 
========================================================================
Received Import Request.
  Time since last request: 0.625416 seconds.
  path: Assets/AssetStore/Ui/Clean Vector Icons/T_4_head_knignt_.png
  artifactKey: Guid(5e2805d1479227b499602a8f62f9a0e7) Importer(815301076,1909f56bfc062723c751e8b465ee728b)
Start importing Assets/AssetStore/Ui/Clean Vector Icons/T_4_head_knignt_.png using Guid(5e2805d1479227b499602a8f62f9a0e7) Importer(815301076,1909f56bfc062723c751e8b465ee728b)  -> (artifact id: '3d401917824e46f41d08d7833db781e7') in 0.031103 seconds 
========================================================================
Received Import Request.
  Time since last request: 0.513569 seconds.
  path: Assets/AssetStore/Ui/Clean Vector Icons/T_4_magnifier_eye_al_.png
  artifactKey: Guid(4c1d44382b9c700468f015c68363321f) Importer(815301076,1909f56bfc062723c751e8b465ee728b)
Start importing Assets/AssetStore/Ui/Clean Vector Icons/T_4_magnifier_eye_al_.png using Guid(4c1d44382b9c700468f015c68363321f) Importer(815301076,1909f56bfc062723c751e8b465ee728b)  -> (artifact id: 'd452d9a0a2341e5829788817e610ed1d') in 0.027228 seconds 
========================================================================
Received Import Request.
  Time since last request: 0.000019 seconds.
  path: Assets/AssetStore/Ui/Clean Vector Icons/T_4_sun_half_.png
  artifactKey: Guid(25180e46342b2214a9d68d0f0ce01ca5) Importer(815301076,1909f56bfc062723c751e8b465ee728b)
Start importing Assets/AssetStore/Ui/Clean Vector Icons/T_4_sun_half_.png using Guid(25180e46342b2214a9d68d0f0ce01ca5) Importer(815301076,1909f56bfc062723c751e8b465ee728b)  -> (artifact id: '7ce9c3f46baabd5665c3b0b2b0d67853') in 0.035090 seconds 
========================================================================
Received Import Request.
  Time since last request: 0.964111 seconds.
  path: Assets/AssetStore/Ui/Clean Vector Icons/T_5_arrow_up_.png
  artifactKey: Guid(137c605350849a743b8a4644b7de27be) Importer(815301076,1909f56bfc062723c751e8b465ee728b)
Start importing Assets/AssetStore/Ui/Clean Vector Icons/T_5_arrow_up_.png using Guid(137c605350849a743b8a4644b7de27be) Importer(815301076,1909f56bfc062723c751e8b465ee728b)  -> (artifact id: '65423b71ef207017f8191104ebb4d6d0') in 0.030395 seconds 
========================================================================
Received Import Request.
  Time since last request: 0.000023 seconds.
  path: Assets/AssetStore/Ui/Clean Vector Icons/T_5_column_sound2_.png
  artifactKey: Guid(4487209fdda91154da619301adb9e6c4) Importer(815301076,1909f56bfc062723c751e8b465ee728b)
Start importing Assets/AssetStore/Ui/Clean Vector Icons/T_5_column_sound2_.png using Guid(4487209fdda91154da619301adb9e6c4) Importer(815301076,1909f56bfc062723c751e8b465ee728b)  -> (artifact id: '3945f88fbf585060df6942af965f2b4e') in 0.032510 seconds 
========================================================================
Received Import Request.
  Time since last request: 0.719571 seconds.
  path: Assets/AssetStore/Ui/Clean Vector Icons/T_5_drop_.png
  artifactKey: Guid(6f649aea2852e3b46a8c4386355a2c53) Importer(815301076,1909f56bfc062723c751e8b465ee728b)
Start importing Assets/AssetStore/Ui/Clean Vector Icons/T_5_drop_.png using Guid(6f649aea2852e3b46a8c4386355a2c53) Importer(815301076,1909f56bfc062723c751e8b465ee728b)  -> (artifact id: 'ff72fdcc97976a8879930b2180b135d6') in 0.024622 seconds 
========================================================================
Received Import Request.
  Time since last request: 0.000018 seconds.
  path: Assets/AssetStore/Ui/Clean Vector Icons/T_5_head_rogure_.png
  artifactKey: Guid(06823b49a1fcd154da0942a436195adb) Importer(815301076,1909f56bfc062723c751e8b465ee728b)
Start importing Assets/AssetStore/Ui/Clean Vector Icons/T_5_head_rogure_.png using Guid(06823b49a1fcd154da0942a436195adb) Importer(815301076,1909f56bfc062723c751e8b465ee728b)  -> (artifact id: '8d5a0adbbeebf57293439ea7a51c9c26') in 0.037544 seconds 
========================================================================
Received Import Request.
  Time since last request: 0.410204 seconds.
  path: Assets/AssetStore/Ui/Clean Vector Icons/T_5_magnifier_eye_crossed_.png
  artifactKey: Guid(aedbd15ce275f33479defa6cc11f2ab9) Importer(815301076,1909f56bfc062723c751e8b465ee728b)
Start importing Assets/AssetStore/Ui/Clean Vector Icons/T_5_magnifier_eye_crossed_.png using Guid(aedbd15ce275f33479defa6cc11f2ab9) Importer(815301076,1909f56bfc062723c751e8b465ee728b)  -> (artifact id: '2ff4fa2c26936e95afc2fc943c1c1f32') in 0.031527 seconds 
========================================================================
Received Import Request.
  Time since last request: 0.428329 seconds.
  path: Assets/AssetStore/Ui/Clean Vector Icons/T_5_sun_empty_.png
  artifactKey: Guid(a893af5c92e73d24bbea12aeb87df664) Importer(815301076,1909f56bfc062723c751e8b465ee728b)
Start importing Assets/AssetStore/Ui/Clean Vector Icons/T_5_sun_empty_.png using Guid(a893af5c92e73d24bbea12aeb87df664) Importer(815301076,1909f56bfc062723c751e8b465ee728b)  -> (artifact id: '1476e0b40dbdcae05d545d5720f8d030') in 0.025801 seconds 
========================================================================
Received Import Request.
  Time since last request: 0.000024 seconds.
  path: Assets/AssetStore/Ui/Clean Vector Icons/T_6_continue_.png
  artifactKey: Guid(d42cfe7bed8439c439378d1a7e76f4e3) Importer(815301076,1909f56bfc062723c751e8b465ee728b)
Start importing Assets/AssetStore/Ui/Clean Vector Icons/T_6_continue_.png using Guid(d42cfe7bed8439c439378d1a7e76f4e3) Importer(815301076,1909f56bfc062723c751e8b465ee728b)  -> (artifact id: 'f454236583a44b80607725e183ce3b7e') in 0.053891 seconds 
========================================================================
Received Import Request.
  Time since last request: 0.360503 seconds.
  path: Assets/AssetStore/Ui/Clean Vector Icons/T_6_devide_.png
  artifactKey: Guid(071a5d518c1fc4841838c36485123b3b) Importer(815301076,1909f56bfc062723c751e8b465ee728b)
Start importing Assets/AssetStore/Ui/Clean Vector Icons/T_6_devide_.png using Guid(071a5d518c1fc4841838c36485123b3b) Importer(815301076,1909f56bfc062723c751e8b465ee728b)  -> (artifact id: 'dcdc34fe971834b52deaa1fbbe2a2235') in 0.030340 seconds 
========================================================================
Received Import Request.
  Time since last request: 0.000018 seconds.
  path: Assets/AssetStore/Ui/Clean Vector Icons/T_6_head_scull_.png
  artifactKey: Guid(8066e15c4e3df6e4f9806f9d5f71e70a) Importer(815301076,1909f56bfc062723c751e8b465ee728b)
Start importing Assets/AssetStore/Ui/Clean Vector Icons/T_6_head_scull_.png using Guid(8066e15c4e3df6e4f9806f9d5f71e70a) Importer(815301076,1909f56bfc062723c751e8b465ee728b)  -> (artifact id: 'cf0663e78ada5d545320f9e54bfc1373') in 0.023115 seconds 
========================================================================
Received Import Request.
  Time since last request: 0.301320 seconds.
  path: Assets/AssetStore/Ui/Clean Vector Icons/T_6_scroll_eye_.png
  artifactKey: Guid(99804c36b51fc9c4f8fe30baab62dd4b) Importer(815301076,1909f56bfc062723c751e8b465ee728b)
Start importing Assets/AssetStore/Ui/Clean Vector Icons/T_6_scroll_eye_.png using Guid(99804c36b51fc9c4f8fe30baab62dd4b) Importer(815301076,1909f56bfc062723c751e8b465ee728b)  -> (artifact id: 'a8e3f95c575cfa271310350c0bb10042') in 0.029099 seconds 
========================================================================
Received Import Request.
  Time since last request: 0.035341 seconds.
  path: Assets/AssetStore/Ui/Clean Vector Icons/T_7_bottle_heal_.png
  artifactKey: Guid(8747fbd096b50834ab608c29a3c05bcc) Importer(815301076,1909f56bfc062723c751e8b465ee728b)
Start importing Assets/AssetStore/Ui/Clean Vector Icons/T_7_bottle_heal_.png using Guid(8747fbd096b50834ab608c29a3c05bcc) Importer(815301076,1909f56bfc062723c751e8b465ee728b)  -> (artifact id: '0cd18c58eb5e897621fa1e8ece1ef589') in 0.025767 seconds 
========================================================================
Received Import Request.
  Time since last request: 0.000017 seconds.
  path: Assets/AssetStore/Ui/Clean Vector Icons/T_7_continue_mirror_.png
  artifactKey: Guid(f017e7bcc9f6369459f88b9dd37737d6) Importer(815301076,1909f56bfc062723c751e8b465ee728b)
Start importing Assets/AssetStore/Ui/Clean Vector Icons/T_7_continue_mirror_.png using Guid(f017e7bcc9f6369459f88b9dd37737d6) Importer(815301076,1909f56bfc062723c751e8b465ee728b)  -> (artifact id: '423b70fa85fb2b9cd43f471ca888648c') in 0.023540 seconds 
========================================================================
Received Import Request.
  Time since last request: 0.000030 seconds.
  path: Assets/AssetStore/Ui/Clean Vector Icons/T_7_question_.png
  artifactKey: Guid(cca9ca156bf61e445b872555e11ba23e) Importer(815301076,1909f56bfc062723c751e8b465ee728b)
Start importing Assets/AssetStore/Ui/Clean Vector Icons/T_7_question_.png using Guid(cca9ca156bf61e445b872555e11ba23e) Importer(815301076,1909f56bfc062723c751e8b465ee728b)  -> (artifact id: '61234ea21531a5fe0947f92afdb4d6a0') in 0.026020 seconds 
========================================================================
Received Import Request.
  Time since last request: 0.309553 seconds.
  path: Assets/AssetStore/Ui/Clean Vector Icons/T_8_arrow_right_.png
  artifactKey: Guid(90bd95b9cd8e8f44ebb15453b5fa16cb) Importer(815301076,1909f56bfc062723c751e8b465ee728b)
Start importing Assets/AssetStore/Ui/Clean Vector Icons/T_8_arrow_right_.png using Guid(90bd95b9cd8e8f44ebb15453b5fa16cb) Importer(815301076,1909f56bfc062723c751e8b465ee728b)  -> (artifact id: '6c2f6f8cbab8254d68022823e133f393') in 0.023869 seconds 
========================================================================
Received Import Request.
  Time since last request: 0.000020 seconds.
  path: Assets/AssetStore/Ui/Clean Vector Icons/T_8_cloud_up_.png
  artifactKey: Guid(238db121647eec74dad1ce3e44168059) Importer(815301076,1909f56bfc062723c751e8b465ee728b)
Start importing Assets/AssetStore/Ui/Clean Vector Icons/T_8_cloud_up_.png using Guid(238db121647eec74dad1ce3e44168059) Importer(815301076,1909f56bfc062723c751e8b465ee728b)  -> (artifact id: 'd619618d08e56fec51a3653c26c8c0bb') in 0.022836 seconds 
========================================================================
Received Import Request.
  Time since last request: 1.181123 seconds.
  path: Assets/AssetStore/Ui/Clean Vector Icons/T_8_heart_.png
  artifactKey: Guid(ff540c47ce362b14586113013966b811) Importer(815301076,1909f56bfc062723c751e8b465ee728b)
Start importing Assets/AssetStore/Ui/Clean Vector Icons/T_8_heart_.png using Guid(ff540c47ce362b14586113013966b811) Importer(815301076,1909f56bfc062723c751e8b465ee728b)  -> (artifact id: 'ada9183933ebb613a1863f7277d2e344') in 0.027566 seconds 
========================================================================
Received Import Request.
  Time since last request: 0.363198 seconds.
  path: Assets/AssetStore/Ui/Clean Vector Icons/T_9_arrow_rounded_up_.png
  artifactKey: Guid(5ed54572ef0354241b7f1ec43d869ad3) Importer(815301076,1909f56bfc062723c751e8b465ee728b)
Start importing Assets/AssetStore/Ui/Clean Vector Icons/T_9_arrow_rounded_up_.png using Guid(5ed54572ef0354241b7f1ec43d869ad3) Importer(815301076,1909f56bfc062723c751e8b465ee728b)  -> (artifact id: '5e011cf290c806f429e95a3dd0568ad5') in 0.026773 seconds 
========================================================================
Received Import Request.
  Time since last request: 1.322438 seconds.
  path: Assets/AssetStore/Ui/Clean Vector Icons/T_9_cursor_eye_al_.png
  artifactKey: Guid(849a2438d5e563a4daf827e412d69f46) Importer(815301076,1909f56bfc062723c751e8b465ee728b)
Start importing Assets/AssetStore/Ui/Clean Vector Icons/T_9_cursor_eye_al_.png using Guid(849a2438d5e563a4daf827e412d69f46) Importer(815301076,1909f56bfc062723c751e8b465ee728b)  -> (artifact id: 'daad5d0264c931b677196c64ee89b185') in 0.030473 seconds 
========================================================================
Received Import Request.
  Time since last request: 0.039218 seconds.
  path: Assets/AssetStore/Ui/Clean Vector Icons/T_9_next_.png
  artifactKey: Guid(6707ba99377107d46a8f396f7aa37bd9) Importer(815301076,1909f56bfc062723c751e8b465ee728b)
Start importing Assets/AssetStore/Ui/Clean Vector Icons/T_9_next_.png using Guid(6707ba99377107d46a8f396f7aa37bd9) Importer(815301076,1909f56bfc062723c751e8b465ee728b)  -> (artifact id: 'ab7a75b0cf4e52d0c3d5bcd28e67aaad') in 0.027310 seconds 
========================================================================
Received Import Request.
  Time since last request: 1.898342 seconds.
  path: Assets/AssetStore/Ui/Clean Vector Icons/T_10_!_.png
  artifactKey: Guid(3e382c1295a11054dacdc58d5933d206) Importer(815301076,1909f56bfc062723c751e8b465ee728b)
Start importing Assets/AssetStore/Ui/Clean Vector Icons/T_10_!_.png using Guid(3e382c1295a11054dacdc58d5933d206) Importer(815301076,1909f56bfc062723c751e8b465ee728b)  -> (artifact id: '3d454f8180af14aa81f08149bb752f03') in 0.032643 seconds 
========================================================================
Received Import Request.
  Time since last request: 0.000022 seconds.
  path: Assets/AssetStore/Ui/Clean Vector Icons/T_10_hammer_.png
  artifactKey: Guid(7dfd68325eeac354d866d207e4d2744c) Importer(815301076,1909f56bfc062723c751e8b465ee728b)
Start importing Assets/AssetStore/Ui/Clean Vector Icons/T_10_hammer_.png using Guid(7dfd68325eeac354d866d207e4d2744c) Importer(815301076,1909f56bfc062723c751e8b465ee728b)  -> (artifact id: 'e6366ded97a49355562d960c5bbbbb09') in 0.056952 seconds 
========================================================================
Received Import Request.
  Time since last request: 0.914077 seconds.
  path: Assets/AssetStore/Ui/Clean Vector Icons/T_10_silhouette_-_.png
  artifactKey: Guid(d31cd83b42bb4ca4cabe4cddecc06c4d) Importer(815301076,1909f56bfc062723c751e8b465ee728b)
Start importing Assets/AssetStore/Ui/Clean Vector Icons/T_10_silhouette_-_.png using Guid(d31cd83b42bb4ca4cabe4cddecc06c4d) Importer(815301076,1909f56bfc062723c751e8b465ee728b)  -> (artifact id: 'b856a62351a69f5658e1583056eaf4b5') in 0.030488 seconds 
========================================================================
Received Import Request.
  Time since last request: 0.000015 seconds.
  path: Assets/AssetStore/Ui/Clean Vector Icons/T_11_silhouette_heart_.png
  artifactKey: Guid(eefd57e8b57cd814ebc86925f3a4a109) Importer(815301076,1909f56bfc062723c751e8b465ee728b)
Start importing Assets/AssetStore/Ui/Clean Vector Icons/T_11_silhouette_heart_.png using Guid(eefd57e8b57cd814ebc86925f3a4a109) Importer(815301076,1909f56bfc062723c751e8b465ee728b)  -> (artifact id: '9b3e684c224f4352534014dab1852053') in 0.027330 seconds 
========================================================================
Received Import Request.
  Time since last request: 1.238715 seconds.
  path: Assets/AssetStore/Ui/Clean Vector Icons/T_12_arrow_rounded_right_.png
  artifactKey: Guid(98a4af8159bbcd245af2cdf358f3d4ba) Importer(815301076,1909f56bfc062723c751e8b465ee728b)
Start importing Assets/AssetStore/Ui/Clean Vector Icons/T_12_arrow_rounded_right_.png using Guid(98a4af8159bbcd245af2cdf358f3d4ba) Importer(815301076,1909f56bfc062723c751e8b465ee728b)  -> (artifact id: '9674f656561cb18fd3c2b238a4d8345a') in 0.029284 seconds 
========================================================================
Received Import Request.
  Time since last request: 1.247064 seconds.
  path: Assets/AssetStore/Ui/Clean Vector Icons/T_12_spit_.png
  artifactKey: Guid(2c4df9274f4db1f4eb7118e0b06c4554) Importer(815301076,1909f56bfc062723c751e8b465ee728b)
Start importing Assets/AssetStore/Ui/Clean Vector Icons/T_12_spit_.png using Guid(2c4df9274f4db1f4eb7118e0b06c4554) Importer(815301076,1909f56bfc062723c751e8b465ee728b)  -> (artifact id: 'b7f0dc81ef6730849d25b11e84d392a1') in 0.030541 seconds 
========================================================================
Received Import Request.
  Time since last request: 1.283464 seconds.
  path: Assets/AssetStore/Ui/Clean Vector Icons/T_13_cursor_arrow_down_al_.png
  artifactKey: Guid(aaa9d832f967d2c4f863066eaf3a277e) Importer(815301076,1909f56bfc062723c751e8b465ee728b)
Start importing Assets/AssetStore/Ui/Clean Vector Icons/T_13_cursor_arrow_down_al_.png using Guid(aaa9d832f967d2c4f863066eaf3a277e) Importer(815301076,1909f56bfc062723c751e8b465ee728b)  -> (artifact id: '60b08455fd0e713845d008db5d93bf49') in 0.030191 seconds 
========================================================================
Received Import Request.
  Time since last request: 1.031742 seconds.
  path: Assets/AssetStore/Ui/Clean Vector Icons/T_14_points_hor_.png
  artifactKey: Guid(c6ba52c3e8af5b341995cc343e85e4a0) Importer(815301076,1909f56bfc062723c751e8b465ee728b)
Start importing Assets/AssetStore/Ui/Clean Vector Icons/T_14_points_hor_.png using Guid(c6ba52c3e8af5b341995cc343e85e4a0) Importer(815301076,1909f56bfc062723c751e8b465ee728b)  -> (artifact id: '139e3b6c591fac7be0e6013c20065664') in 0.027680 seconds 
========================================================================
Received Import Request.
  Time since last request: 0.028596 seconds.
  path: Assets/AssetStore/Ui/Clean Vector Icons/T_16_crown_.png
  artifactKey: Guid(dba0c48d5a7e35f4bb87f2e8b57499d0) Importer(815301076,1909f56bfc062723c751e8b465ee728b)
Start importing Assets/AssetStore/Ui/Clean Vector Icons/T_16_crown_.png using Guid(dba0c48d5a7e35f4bb87f2e8b57499d0) Importer(815301076,1909f56bfc062723c751e8b465ee728b)  -> (artifact id: '78c7554eee9f18866cbaf871e3dfe0c7') in 0.033477 seconds 
========================================================================
Received Import Request.
  Time since last request: 0.758869 seconds.
  path: Assets/AssetStore/Ui/Clean Vector Icons/T_18_next2_.png
  artifactKey: Guid(27f0ae5f9f59faa49b5f2d3caa5d157c) Importer(815301076,1909f56bfc062723c751e8b465ee728b)
Start importing Assets/AssetStore/Ui/Clean Vector Icons/T_18_next2_.png using Guid(27f0ae5f9f59faa49b5f2d3caa5d157c) Importer(815301076,1909f56bfc062723c751e8b465ee728b)  -> (artifact id: '8926fd76314af52065471e09d1d01547') in 0.029461 seconds 
========================================================================
Received Import Request.
  Time since last request: 1.159466 seconds.
  path: Assets/AssetStore/Ui/Clean Vector Icons/T_20_medal_third_.png
  artifactKey: Guid(da0383a1e92f2c848be282995c8cbe71) Importer(815301076,1909f56bfc062723c751e8b465ee728b)
Start importing Assets/AssetStore/Ui/Clean Vector Icons/T_20_medal_third_.png using Guid(da0383a1e92f2c848be282995c8cbe71) Importer(815301076,1909f56bfc062723c751e8b465ee728b)  -> (artifact id: '4935966d9db2544e5e85c6987d8caee9') in 0.029490 seconds 
========================================================================
Received Import Request.
  Time since last request: 0.000017 seconds.
  path: Assets/AssetStore/Ui/Clean Vector Icons/T_21_doorlock_close_.png
  artifactKey: Guid(314683cca5e417b43924e07f86de60c9) Importer(815301076,1909f56bfc062723c751e8b465ee728b)
Start importing Assets/AssetStore/Ui/Clean Vector Icons/T_21_doorlock_close_.png using Guid(314683cca5e417b43924e07f86de60c9) Importer(815301076,1909f56bfc062723c751e8b465ee728b)  -> (artifact id: 'b062b461368ba5fae3d9be8d6678284b') in 0.022397 seconds 
========================================================================
Received Import Request.
  Time since last request: 0.556873 seconds.
  path: Assets/AssetStore/Ui/Clean Vector Icons/T_24_diamond_.png
  artifactKey: Guid(c9f0cc0739579d541a08ac2c78d3e605) Importer(815301076,1909f56bfc062723c751e8b465ee728b)
Start importing Assets/AssetStore/Ui/Clean Vector Icons/T_24_diamond_.png using Guid(c9f0cc0739579d541a08ac2c78d3e605) Importer(815301076,1909f56bfc062723c751e8b465ee728b)  -> (artifact id: '8208b038c287ce49408d6c5f4e81388b') in 0.025890 seconds 
Editor requested this worker to shutdown with reason: Scaling down because of idle timeout
AssetImportWorker is now disconnected from the server
Process exiting
Exiting without the bug reporter. Application will terminate with return code 0