Using pre-set license
Built from '2021.3/staging' branch; Version is '2021.3.1f1 (3b70a0754835) revision 3895456'; Using compiler version '192829333'; Build Type 'Release'
OS: 'Windows 10  (10.0.19044) 64bit Professional' Language: 'ko' Physical Memory: 16321 MB
BatchMode: 1, IsHumanControllingUs: 0, StartBugReporterOnCrash: 0, Is64bit: 1, IsPro: 1

COMMAND LINE ARGUMENTS:
C:\Program Files\Unity 2021.3.1f1\Editor\Unity.exe
-adb2
-batchMode
-noUpm
-name
AssetImportWorker15
-projectPath
C:/Users/Atents/Desktop/WOS/WOS
-logFile
Logs/AssetImportWorker15.log
-srvPort
59166
Successfully changed project path to: C:/Users/Atents/Desktop/WOS/WOS
C:/Users/Atents/Desktop/WOS/WOS
[UnityMemory] Configuration Parameters - Can be set up in boot.config
    "memorysetup-bucket-allocator-granularity=16"
    "memorysetup-bucket-allocator-bucket-count=8"
    "memorysetup-bucket-allocator-block-size=33554432"
    "memorysetup-bucket-allocator-block-count=8"
    "memorysetup-main-allocator-block-size=16777216"
    "memorysetup-thread-allocator-block-size=16777216"
    "memorysetup-gfx-main-allocator-block-size=16777216"
    "memorysetup-gfx-thread-allocator-block-size=16777216"
    "memorysetup-cache-allocator-block-size=4194304"
    "memorysetup-typetree-allocator-block-size=2097152"
    "memorysetup-profiler-bucket-allocator-granularity=16"
    "memorysetup-profiler-bucket-allocator-bucket-count=8"
    "memorysetup-profiler-bucket-allocator-block-size=33554432"
    "memorysetup-profiler-bucket-allocator-block-count=8"
    "memorysetup-profiler-allocator-block-size=16777216"
    "memorysetup-profiler-editor-allocator-block-size=1048576"
    "memorysetup-temp-allocator-size-main=16777216"
    "memorysetup-job-temp-allocator-block-size=2097152"
    "memorysetup-job-temp-allocator-block-size-background=1048576"
    "memorysetup-job-temp-allocator-reduction-small-platforms=262144"
    "memorysetup-temp-allocator-size-background-worker=32768"
    "memorysetup-temp-allocator-size-job-worker=262144"
    "memorysetup-temp-allocator-size-preload-manager=33554432"
    "memorysetup-temp-allocator-size-nav-mesh-worker=65536"
    "memorysetup-temp-allocator-size-audio-worker=65536"
    "memorysetup-temp-allocator-size-cloud-worker=32768"
    "memorysetup-temp-allocator-size-gi-baking-worker=262144"
    "memorysetup-temp-allocator-size-gfx=262144"
Refreshing native plugins compatible for Editor in 283.93 ms, found 3 plugins.
Preloading 0 native plugins for Editor in 0.00 ms.
Initialize engine version: 2021.3.1f1 (3b70a0754835)
[Subsystems] Discovering subsystems at path C:/Program Files/Unity 2021.3.1f1/Editor/Data/Resources/UnitySubsystems
[Subsystems] Discovering subsystems at path C:/Users/Atents/Desktop/WOS/WOS/Assets
GfxDevice: creating device client; threaded=0; jobified=0
Direct3D:
    Version:  Direct3D 11.0 [level 11.0]
    Renderer: NVIDIA GeForce GT 710 (ID=0x128b)
    Vendor:   NVIDIA
    VRAM:     984 MB
    Driver:   30.0.14.7404
Initialize mono
Mono path[0] = 'C:/Program Files/Unity 2021.3.1f1/Editor/Data/Managed'
Mono path[1] = 'C:/Program Files/Unity 2021.3.1f1/Editor/Data/MonoBleedingEdge/lib/mono/unityjit-win32'
Mono config path = 'C:/Program Files/Unity 2021.3.1f1/Editor/Data/MonoBleedingEdge/etc'
Using monoOptions --debugger-agent=transport=dt_socket,embedding=1,server=y,suspend=n,address=127.0.0.1:56896
Begin MonoManager ReloadAssembly
Registering precompiled unity dll's ...
Register platform support module: C:/Program Files/Unity 2021.3.1f1/Editor/Data/PlaybackEngines/WindowsStandaloneSupport/UnityEditor.WindowsStandalone.Extensions.dll
Registered in 0.005238 seconds.
Native extension for WindowsStandalone target not found
Refreshing native plugins compatible for Editor in 96.66 ms, found 3 plugins.
Preloading 0 native plugins for Editor in 0.00 ms.
Mono: successfully reloaded assembly
- Completed reload, in  0.639 seconds
Domain Reload Profiling:
	ReloadAssembly (640ms)
		BeginReloadAssembly (70ms)
			ExecutionOrderSort (0ms)
			DisableScriptedObjects (0ms)
			BackupInstance (0ms)
			ReleaseScriptingObjects (0ms)
			CreateAndSetChildDomain (1ms)
		EndReloadAssembly (454ms)
			LoadAssemblies (68ms)
			RebuildTransferFunctionScriptingTraits (0ms)
			SetupTypeCache (108ms)
			ReleaseScriptCaches (0ms)
			RebuildScriptCaches (27ms)
			SetupLoadedEditorAssemblies (269ms)
				LogAssemblyErrors (0ms)
				InitializePlatformSupportModulesInManaged (7ms)
				SetLoadedEditorAssemblies (0ms)
				RefreshPlugins (97ms)
				BeforeProcessingInitializeOnLoad (1ms)
				ProcessInitializeOnLoadAttributes (119ms)
				ProcessInitializeOnLoadMethodAttributes (44ms)
				AfterProcessingInitializeOnLoad (0ms)
				EditorAssembliesLoaded (0ms)
			ExecutionOrderSort2 (0ms)
			AwakeInstancesAfterBackupRestoration (0ms)
Platform modules already initialized, skipping
Registering precompiled user dll's ...
Registered in 0.005844 seconds.
Begin MonoManager ReloadAssembly
Symbol file LoadedFromMemory doesn't match image C:\Users\Atents\Desktop\WOS\WOS\Library\PackageCache\com.unity.visualscripting@1.7.8\Editor\VisualScripting.Core\Dependencies\YamlDotNet\Unity.VisualScripting.YamlDotNet.dll
Symbol file LoadedFromMemory doesn't match image C:\Users\Atents\Desktop\WOS\WOS\Library\PackageCache\com.unity.visualscripting@1.7.8\Editor\VisualScripting.Core\Dependencies\DotNetZip\Unity.VisualScripting.IonicZip.dll
Native extension for WindowsStandalone target not found
Refreshing native plugins compatible for Editor in 0.77 ms, found 3 plugins.
Preloading 0 native plugins for Editor in 0.00 ms.
Mono: successfully reloaded assembly
- Completed reload, in  1.342 seconds
Domain Reload Profiling:
	ReloadAssembly (1343ms)
		BeginReloadAssembly (108ms)
			ExecutionOrderSort (0ms)
			DisableScriptedObjects (5ms)
			BackupInstance (0ms)
			ReleaseScriptingObjects (0ms)
			CreateAndSetChildDomain (19ms)
		EndReloadAssembly (1115ms)
			LoadAssemblies (77ms)
			RebuildTransferFunctionScriptingTraits (0ms)
			SetupTypeCache (279ms)
			ReleaseScriptCaches (1ms)
			RebuildScriptCaches (55ms)
			SetupLoadedEditorAssemblies (628ms)
				LogAssemblyErrors (0ms)
				InitializePlatformSupportModulesInManaged (6ms)
				SetLoadedEditorAssemblies (0ms)
				RefreshPlugins (1ms)
				BeforeProcessingInitializeOnLoad (86ms)
				ProcessInitializeOnLoadAttributes (457ms)
				ProcessInitializeOnLoadMethodAttributes (64ms)
				AfterProcessingInitializeOnLoad (14ms)
				EditorAssembliesLoaded (1ms)
			ExecutionOrderSort2 (0ms)
			AwakeInstancesAfterBackupRestoration (16ms)
Platform modules already initialized, skipping
========================================================================
Worker process is ready to serve import requests
Launched and connected shader compiler UnityShaderCompiler.exe after 0.06 seconds
Refreshing native plugins compatible for Editor in 0.75 ms, found 3 plugins.
Preloading 0 native plugins for Editor in 0.00 ms.
Unloading 3684 Unused Serialized files (Serialized files now loaded: 0)
Unloading 40 unused Assets / (1.4 MB). Loaded Objects now: 4143.
Memory consumption went from 214.1 MB to 212.7 MB.
Total: 3.227000 ms (FindLiveObjects: 0.316000 ms CreateObjectMapping: 0.224000 ms MarkObjects: 2.394600 ms  DeleteObjects: 0.291300 ms)

AssetImportParameters requested are different than current active one (requested -> active):
  custom:video-decoder-ogg-theora: a1e56fd34408186e4bbccfd4996cb3dc -> 
  custom:container-muxer-webm: aa71ff27fc2769a1b78a27578f13a17b -> 
  custom:container-demuxer-webm: 4f35f7cbe854078d1ac9338744f61a02 -> 
  custom:video-encoder-webm-vp8: eb34c28f22e8b96e1ab97ce403110664 -> 
  custom:audio-encoder-webm-vorbis: bf7c407c2cedff20999df2af8eb42d56 -> 
  custom:framework-win-MediaFoundation: 216162199b28c13a410421893ffa2e32 -> 
  custom:container-demuxer-ogg: 62fdf1f143b41e24485cea50d1cbac27 -> 
  custom:video-decoder-webm-vp8: 9c59270c3fd7afecdb556c50c9e8de78 -> 
  custom:audio-decoder-ogg-vorbis: bf7c407c2cedff20999df2af8eb42d56 -> 
========================================================================
Received Import Request.
  Time since last request: 1053419.482441 seconds.
  path: Assets/AssetStore/Icon
  artifactKey: Guid(9b5986675e45fe04fb1de2a539ca4284) Importer(815301076,1909f56bfc062723c751e8b465ee728b)
Start importing Assets/AssetStore/Icon using Guid(9b5986675e45fe04fb1de2a539ca4284) Importer(815301076,1909f56bfc062723c751e8b465ee728b)  -> (artifact id: '872e7d9ad2733243d584756a2eaed20d') in 0.014575 seconds 
========================================================================
Received Import Request.
  Time since last request: 10.690256 seconds.
  path: Assets/AssetStore/Blink/Art/Animations/Combat
  artifactKey: Guid(89e8d4563aef42e4a9187c9520a7100b) Importer(815301076,1909f56bfc062723c751e8b465ee728b)
Start importing Assets/AssetStore/Blink/Art/Animations/Combat using Guid(89e8d4563aef42e4a9187c9520a7100b) Importer(815301076,1909f56bfc062723c751e8b465ee728b)  -> (artifact id: 'ae52d3518f30246208df26ceda88270e') in 0.009235 seconds 
========================================================================
Received Import Request.
  Time since last request: 0.705348 seconds.
  path: Assets/AssetStore/Blink/Art/Animations/Combat/BlockingLoop.fbx
  artifactKey: Guid(5cc53a90696edc1408fdda805eebb809) Importer(815301076,1909f56bfc062723c751e8b465ee728b)
Start importing Assets/AssetStore/Blink/Art/Animations/Combat/BlockingLoop.fbx using Guid(5cc53a90696edc1408fdda805eebb809) Importer(815301076,1909f56bfc062723c751e8b465ee728b)  -> (artifact id: '55caea6d8b4484208395d73fd6dbcb30') in 0.091169 seconds 
========================================================================
Received Import Request.
  Time since last request: 0.000035 seconds.
  path: Assets/AssetStore/Blink/Art/Animations/Combat/GetHit.fbx
  artifactKey: Guid(f75e27afa8373234f85607c745d65beb) Importer(815301076,1909f56bfc062723c751e8b465ee728b)
Start importing Assets/AssetStore/Blink/Art/Animations/Combat/GetHit.fbx using Guid(f75e27afa8373234f85607c745d65beb) Importer(815301076,1909f56bfc062723c751e8b465ee728b)  -> (artifact id: '4be8e428482dbc33c87943ba582900eb') in 0.049318 seconds 
========================================================================
Received Import Request.
  Time since last request: 0.000041 seconds.
  path: Assets/AssetStore/Blink/Art/Animations/Combat/PunchRight.fbx
  artifactKey: Guid(4486cfc3a1c066340b182fa51bc679ea) Importer(815301076,1909f56bfc062723c751e8b465ee728b)
Start importing Assets/AssetStore/Blink/Art/Animations/Combat/PunchRight.fbx using Guid(4486cfc3a1c066340b182fa51bc679ea) Importer(815301076,1909f56bfc062723c751e8b465ee728b)  -> (artifact id: '57d20ca13e0fd7687d092a96cbfbfddb') in 0.059802 seconds 
========================================================================
Received Import Request.
  Time since last request: 0.000023 seconds.
  path: Assets/AssetStore/Blink/Art/Animations/Combat/SpinToWin_TwoHanded.fbx
  artifactKey: Guid(ab175008c2515294a824718a7a1e5810) Importer(815301076,1909f56bfc062723c751e8b465ee728b)
Start importing Assets/AssetStore/Blink/Art/Animations/Combat/SpinToWin_TwoHanded.fbx using Guid(ab175008c2515294a824718a7a1e5810) Importer(815301076,1909f56bfc062723c751e8b465ee728b)  -> (artifact id: '6572e36055fd707c40d6b80a4a4e066d') in 0.044794 seconds 
========================================================================
Received Import Request.
  Time since last request: 0.000030 seconds.
  path: Assets/AssetStore/Blink/Art/Animations/Combat/SpinLoop_TwoHanded.fbx
  artifactKey: Guid(7c113a9e8e9b62e43ae9a94fd6144f22) Importer(815301076,1909f56bfc062723c751e8b465ee728b)
Start importing Assets/AssetStore/Blink/Art/Animations/Combat/SpinLoop_TwoHanded.fbx using Guid(7c113a9e8e9b62e43ae9a94fd6144f22) Importer(815301076,1909f56bfc062723c751e8b465ee728b)  -> (artifact id: 'f7ce1fd647f09cebb4599d9edf5e807c') in 0.030555 seconds 
========================================================================
Received Import Request.
  Time since last request: 11.434782 seconds.
  path: Assets/AssetStore/Clean Vector Icons/T_0_empty_.png
  artifactKey: Guid(6b6fd3f59ae45864286df43a2671b9f8) Importer(815301076,1909f56bfc062723c751e8b465ee728b)
Start importing Assets/AssetStore/Clean Vector Icons/T_0_empty_.png using Guid(6b6fd3f59ae45864286df43a2671b9f8) Importer(815301076,1909f56bfc062723c751e8b465ee728b)  -> (artifact id: 'ad6a0cd72f041d4088c6db316f8a5ef8') in 0.202899 seconds 
========================================================================
Received Import Request.
  Time since last request: 0.000027 seconds.
  path: Assets/AssetStore/Clean Vector Icons/T_1_magnifier_al_.png
  artifactKey: Guid(97b5eb5724a79104cb6e0ad05b9db3ac) Importer(815301076,1909f56bfc062723c751e8b465ee728b)
Start importing Assets/AssetStore/Clean Vector Icons/T_1_magnifier_al_.png using Guid(97b5eb5724a79104cb6e0ad05b9db3ac) Importer(815301076,1909f56bfc062723c751e8b465ee728b)  -> (artifact id: 'e52933b58e8501141226ae5480628371') in 0.071564 seconds 
========================================================================
Received Import Request.
  Time since last request: 0.000030 seconds.
  path: Assets/AssetStore/Clean Vector Icons/T_1_shield_.png
  artifactKey: Guid(1815ea71c4e799e45b0db8899c240c4a) Importer(815301076,1909f56bfc062723c751e8b465ee728b)
Start importing Assets/AssetStore/Clean Vector Icons/T_1_shield_.png using Guid(1815ea71c4e799e45b0db8899c240c4a) Importer(815301076,1909f56bfc062723c751e8b465ee728b)  -> (artifact id: '9b12f1c91b9be95fb7cfb330d70076a7') in 0.081745 seconds 
========================================================================
Received Import Request.
  Time since last request: 0.000023 seconds.
  path: Assets/AssetStore/Clean Vector Icons/T_2_coin_.png
  artifactKey: Guid(be5129279b1dfca4ab4fa9ddc1c574f0) Importer(815301076,1909f56bfc062723c751e8b465ee728b)
Start importing Assets/AssetStore/Clean Vector Icons/T_2_coin_.png using Guid(be5129279b1dfca4ab4fa9ddc1c574f0) Importer(815301076,1909f56bfc062723c751e8b465ee728b)  -> (artifact id: 'd6c52ebe16116ad7b5a26cd37aa9ca0b') in 0.083909 seconds 
========================================================================
Received Import Request.
  Time since last request: 0.000025 seconds.
  path: Assets/AssetStore/Clean Vector Icons/T_1_head_samurai_.png
  artifactKey: Guid(c50ecf4cb0747f64487b52e59758d9a7) Importer(815301076,1909f56bfc062723c751e8b465ee728b)
Start importing Assets/AssetStore/Clean Vector Icons/T_1_head_samurai_.png using Guid(c50ecf4cb0747f64487b52e59758d9a7) Importer(815301076,1909f56bfc062723c751e8b465ee728b)  -> (artifact id: 'c924ff1c1b41017749e295328e9a8ca9') in 0.114201 seconds 
========================================================================
Received Import Request.
  Time since last request: 0.000027 seconds.
  path: Assets/AssetStore/Clean Vector Icons/T_1_fire_.png
  artifactKey: Guid(062eeb9d5e8ba8f45a9ddfea52518f82) Importer(815301076,1909f56bfc062723c751e8b465ee728b)
Start importing Assets/AssetStore/Clean Vector Icons/T_1_fire_.png using Guid(062eeb9d5e8ba8f45a9ddfea52518f82) Importer(815301076,1909f56bfc062723c751e8b465ee728b)  -> (artifact id: '2e98d48e2cee0ba1d5e50d347a25fef1') in 0.046562 seconds 
========================================================================
Received Import Request.
  Time since last request: 5.686630 seconds.
  path: Assets/AssetStore/EffectExamples
  artifactKey: Guid(6c0b056137d972f46a0312ba21b6263f) Importer(815301076,1909f56bfc062723c751e8b465ee728b)
Start importing Assets/AssetStore/EffectExamples using Guid(6c0b056137d972f46a0312ba21b6263f) Importer(815301076,1909f56bfc062723c751e8b465ee728b)  -> (artifact id: 'fc8be781c4c0b1df3797050b3ad0d68e') in 0.009316 seconds 
========================================================================
Received Import Request.
  Time since last request: 7.395949 seconds.
  path: Assets/AssetStore/Effect
  artifactKey: Guid(18d3930d2fc984b48b85cb316407f966) Importer(815301076,1909f56bfc062723c751e8b465ee728b)
Start importing Assets/AssetStore/Effect using Guid(18d3930d2fc984b48b85cb316407f966) Importer(815301076,1909f56bfc062723c751e8b465ee728b)  -> (artifact id: 'cb694e94839600ee103df978404c62ef') in 0.007814 seconds 
========================================================================
Received Prepare
Registering precompiled user dll's ...
Registered in 0.005323 seconds.
Begin MonoManager ReloadAssembly
Symbol file LoadedFromMemory doesn't match image C:\Users\Atents\Desktop\WOS\WOS\Library\PackageCache\com.unity.visualscripting@1.7.8\Editor\VisualScripting.Core\Dependencies\YamlDotNet\Unity.VisualScripting.YamlDotNet.dll
Symbol file LoadedFromMemory doesn't match image C:\Users\Atents\Desktop\WOS\WOS\Library\PackageCache\com.unity.visualscripting@1.7.8\Editor\VisualScripting.Core\Dependencies\DotNetZip\Unity.VisualScripting.IonicZip.dll
Native extension for WindowsStandalone target not found
Refreshing native plugins compatible for Editor in 0.80 ms, found 3 plugins.
Preloading 0 native plugins for Editor in 0.00 ms.
Mono: successfully reloaded assembly
- Completed reload, in  1.155 seconds
Domain Reload Profiling:
	ReloadAssembly (1155ms)
		BeginReloadAssembly (174ms)
			ExecutionOrderSort (0ms)
			DisableScriptedObjects (6ms)
			BackupInstance (0ms)
			ReleaseScriptingObjects (0ms)
			CreateAndSetChildDomain (39ms)
		EndReloadAssembly (853ms)
			LoadAssemblies (127ms)
			RebuildTransferFunctionScriptingTraits (0ms)
			SetupTypeCache (333ms)
			ReleaseScriptCaches (1ms)
			RebuildScriptCaches (45ms)
			SetupLoadedEditorAssemblies (335ms)
				LogAssemblyErrors (0ms)
				InitializePlatformSupportModulesInManaged (15ms)
				SetLoadedEditorAssemblies (0ms)
				RefreshPlugins (1ms)
				BeforeProcessingInitializeOnLoad (83ms)
				ProcessInitializeOnLoadAttributes (199ms)
				ProcessInitializeOnLoadMethodAttributes (28ms)
				AfterProcessingInitializeOnLoad (8ms)
				EditorAssembliesLoaded (0ms)
			ExecutionOrderSort2 (0ms)
			AwakeInstancesAfterBackupRestoration (7ms)
Platform modules already initialized, skipping
Refreshing native plugins compatible for Editor in 2.11 ms, found 3 plugins.
Preloading 0 native plugins for Editor in 0.00 ms.
Unloading 3629 Unused Serialized files (Serialized files now loaded: 0)
Unloading 29 unused Assets / (1.3 MB). Loaded Objects now: 4152.
Memory consumption went from 213.2 MB to 211.9 MB.
Total: 3.125700 ms (FindLiveObjects: 0.303200 ms CreateObjectMapping: 0.237900 ms MarkObjects: 2.299500 ms  DeleteObjects: 0.283600 ms)

AssetImportParameters requested are different than current active one (requested -> active):
  custom:video-decoder-ogg-theora: a1e56fd34408186e4bbccfd4996cb3dc -> 
  custom:container-muxer-webm: aa71ff27fc2769a1b78a27578f13a17b -> 
  custom:container-demuxer-webm: 4f35f7cbe854078d1ac9338744f61a02 -> 
  custom:video-encoder-webm-vp8: eb34c28f22e8b96e1ab97ce403110664 -> 
  custom:audio-encoder-webm-vorbis: bf7c407c2cedff20999df2af8eb42d56 -> 
  custom:framework-win-MediaFoundation: 216162199b28c13a410421893ffa2e32 -> 
  custom:container-demuxer-ogg: 62fdf1f143b41e24485cea50d1cbac27 -> 
  custom:video-decoder-webm-vp8: 9c59270c3fd7afecdb556c50c9e8de78 -> 
  custom:audio-decoder-ogg-vorbis: bf7c407c2cedff20999df2af8eb42d56 -> 
========================================================================
Received Import Request.
  Time since last request: 25.821088 seconds.
  path: Assets/AssetStore/Ui
  artifactKey: Guid(8963a6df297a1b348b2faa3843fd23a2) Importer(815301076,1909f56bfc062723c751e8b465ee728b)
Start importing Assets/AssetStore/Ui using Guid(8963a6df297a1b348b2faa3843fd23a2) Importer(815301076,1909f56bfc062723c751e8b465ee728b)  -> (artifact id: '387fa7237425fbcb3feff57dc2956754') in 0.015458 seconds 
========================================================================
Received Import Request.
  Time since last request: 28.954940 seconds.
  path: Assets/AssetStore/Blink/Art/Characters/Stylized
  artifactKey: Guid(8d4697148658c5d43af10bd4e0f73490) Importer(815301076,1909f56bfc062723c751e8b465ee728b)
Start importing Assets/AssetStore/Blink/Art/Characters/Stylized using Guid(8d4697148658c5d43af10bd4e0f73490) Importer(815301076,1909f56bfc062723c751e8b465ee728b)  -> (artifact id: 'f33c8f47c557b1d9a04ea433da8745f2') in 0.010143 seconds 
========================================================================
Received Import Request.
  Time since last request: 1.435567 seconds.
  path: Assets/AssetStore/Blink/Art/Characters/Stylized/Humans
  artifactKey: Guid(3f19fedded1641c4895d8d5aedb17e9b) Importer(815301076,1909f56bfc062723c751e8b465ee728b)
Start importing Assets/AssetStore/Blink/Art/Characters/Stylized/Humans using Guid(3f19fedded1641c4895d8d5aedb17e9b) Importer(815301076,1909f56bfc062723c751e8b465ee728b)  -> (artifact id: '8c2fcf5fe480b0b9a52d3cd04d60002d') in 0.009450 seconds 
========================================================================
Received Import Request.
  Time since last request: 1.488604 seconds.
  path: Assets/AssetStore/Blink/Art/Characters/Stylized/Humans/Armors_Humans
  artifactKey: Guid(0913f8068afc2dd4880792303416168f) Importer(815301076,1909f56bfc062723c751e8b465ee728b)
Start importing Assets/AssetStore/Blink/Art/Characters/Stylized/Humans/Armors_Humans using Guid(0913f8068afc2dd4880792303416168f) Importer(815301076,1909f56bfc062723c751e8b465ee728b)  -> (artifact id: '42284c54b871fdc94b52d3f470c26a2e') in 0.008593 seconds 
========================================================================
Received Import Request.
  Time since last request: 0.792313 seconds.
  path: Assets/AssetStore/Blink/Art/Characters/Stylized/Humans/Armors_Humans/Materials_ArmorsHumans
  artifactKey: Guid(c6b5ce09edcb0fd4c9270f4d18a6e241) Importer(815301076,1909f56bfc062723c751e8b465ee728b)
Start importing Assets/AssetStore/Blink/Art/Characters/Stylized/Humans/Armors_Humans/Materials_ArmorsHumans using Guid(c6b5ce09edcb0fd4c9270f4d18a6e241) Importer(815301076,1909f56bfc062723c751e8b465ee728b)  -> (artifact id: 'c6070ab579ee554571072e2b6b084845') in 0.009804 seconds 
========================================================================
Received Import Request.
  Time since last request: 0.041852 seconds.
  path: Assets/AssetStore/Blink/Art/Characters/Stylized/Humans/Armors_Humans/Materials_ArmorsHumans/StarterArmor_1.mat
  artifactKey: Guid(bd95d05da092ee546bb149f526e4d054) Importer(815301076,1909f56bfc062723c751e8b465ee728b)
Start importing Assets/AssetStore/Blink/Art/Characters/Stylized/Humans/Armors_Humans/Materials_ArmorsHumans/StarterArmor_1.mat using Guid(bd95d05da092ee546bb149f526e4d054) Importer(815301076,1909f56bfc062723c751e8b465ee728b)  -> (artifact id: '003a0da9de57817231c9f1a9520f861e') in 0.300824 seconds 
========================================================================
Received Import Request.
  Time since last request: 0.000021 seconds.
  path: Assets/AssetStore/Blink/Art/Characters/Stylized/Humans/Armors_Humans/Materials_ArmorsHumans/StarterArmor_3.mat
  artifactKey: Guid(0cead53e4ecd4a04798672bd2e5ad8e8) Importer(815301076,1909f56bfc062723c751e8b465ee728b)
Start importing Assets/AssetStore/Blink/Art/Characters/Stylized/Humans/Armors_Humans/Materials_ArmorsHumans/StarterArmor_3.mat using Guid(0cead53e4ecd4a04798672bd2e5ad8e8) Importer(815301076,1909f56bfc062723c751e8b465ee728b)  -> (artifact id: '0724baae05fcaedd67ddf7d1b137311a') in 0.111407 seconds 
========================================================================
Received Import Request.
  Time since last request: 8.803339 seconds.
  path: Assets/AssetStore/Blink/Art/Characters/Stylized/Demo_Characters
  artifactKey: Guid(a630f8566229f2643a90bf03c5b321e8) Importer(815301076,1909f56bfc062723c751e8b465ee728b)
Start importing Assets/AssetStore/Blink/Art/Characters/Stylized/Demo_Characters using Guid(a630f8566229f2643a90bf03c5b321e8) Importer(815301076,1909f56bfc062723c751e8b465ee728b)  -> (artifact id: 'f869070c0b9f0cfc7921bbf7d8c3195f') in 0.009749 seconds 
========================================================================
Received Import Request.
  Time since last request: 0.055231 seconds.
  path: Assets/AssetStore/Blink/Art/Characters/Stylized/Demo_Characters/PPProfile.asset
  artifactKey: Guid(f77256c1bd3936e4ca0904891105b16b) Importer(815301076,1909f56bfc062723c751e8b465ee728b)
Start importing Assets/AssetStore/Blink/Art/Characters/Stylized/Demo_Characters/PPProfile.asset using Guid(f77256c1bd3936e4ca0904891105b16b) Importer(815301076,1909f56bfc062723c751e8b465ee728b)  -> (artifact id: 'ddb6eb1a09f88c9cd44094a3600f2c4b') in 0.032878 seconds 
========================================================================
Received Import Request.
  Time since last request: 1.378300 seconds.
  path: Assets/AssetStore/Blink/Art/Characters/Stylized/Demo_Characters/DEMO_FreeStylizedHumanMale
  artifactKey: Guid(8fde04ccbede9a74c8b0970ab4e57371) Importer(815301076,1909f56bfc062723c751e8b465ee728b)
Start importing Assets/AssetStore/Blink/Art/Characters/Stylized/Demo_Characters/DEMO_FreeStylizedHumanMale using Guid(8fde04ccbede9a74c8b0970ab4e57371) Importer(815301076,1909f56bfc062723c751e8b465ee728b)  -> (artifact id: '61a2b0505cfbff2064200a886c1be3ea') in 0.006661 seconds 
========================================================================
Received Import Request.
  Time since last request: 0.028929 seconds.
  path: Assets/AssetStore/Blink/Art/Characters/Stylized/Demo_Characters/DEMO_FreeStylizedHumanMale/LightingData.asset
  artifactKey: Guid(467bb27a48d7e004f848123e623ddea4) Importer(815301076,1909f56bfc062723c751e8b465ee728b)
Start importing Assets/AssetStore/Blink/Art/Characters/Stylized/Demo_Characters/DEMO_FreeStylizedHumanMale/LightingData.asset using Guid(467bb27a48d7e004f848123e623ddea4) Importer(815301076,1909f56bfc062723c751e8b465ee728b) Unable to read header from archive file: memarchive0
Mounting archive file system for lighting data asset failed!
 -> (artifact id: 'bab8109bffda4b4e7645791aaf019df6') in 0.085061 seconds 
========================================================================
Received Import Request.
  Time since last request: 38.456274 seconds.
  path: Assets/AssetStore/Blink/Art/Characters/Stylized/Demo_Characters/StylizedHumanAnimator.controller
  artifactKey: Guid(ef6403663453e6a4cb106814a81e72b4) Importer(815301076,1909f56bfc062723c751e8b465ee728b)
Start importing Assets/AssetStore/Blink/Art/Characters/Stylized/Demo_Characters/StylizedHumanAnimator.controller using Guid(ef6403663453e6a4cb106814a81e72b4) Importer(815301076,1909f56bfc062723c751e8b465ee728b)  -> (artifact id: '71e172a625df7c6ec1fc99f1489d4a8a') in 0.015260 seconds 
========================================================================
Received Import Request.
  Time since last request: 17.523006 seconds.
  path: Assets/Animation/Bender
  artifactKey: Guid(015b5326d1428224487e3aa3a4b85014) Importer(815301076,1909f56bfc062723c751e8b465ee728b)
Start importing Assets/Animation/Bender using Guid(015b5326d1428224487e3aa3a4b85014) Importer(815301076,1909f56bfc062723c751e8b465ee728b)  -> (artifact id: '67d1841cac5304f10251cf91ea3f2987') in 0.008455 seconds 
========================================================================
Received Import Request.
  Time since last request: 12.049785 seconds.
  path: Assets/Animation/Bender/Bender.controller
  artifactKey: Guid(ef6403663453e6a4cb106814a81e72b4) Importer(815301076,1909f56bfc062723c751e8b465ee728b)
Start importing Assets/Animation/Bender/Bender.controller using Guid(ef6403663453e6a4cb106814a81e72b4) Importer(815301076,1909f56bfc062723c751e8b465ee728b)  -> (artifact id: '5739527cc2995cb2a157717d434cc856') in 0.006068 seconds 
========================================================================
Received Import Request.
  Time since last request: 4.361371 seconds.
  path: Assets/AssetStore/Blink/Art/Characters/Stylized/Humans/Meshes_Humans/HumanMale_Character.fbx
  artifactKey: Guid(2255221d850daf642981c1a4eedf85a1) Importer(815301076,1909f56bfc062723c751e8b465ee728b)
Start importing Assets/AssetStore/Blink/Art/Characters/Stylized/Humans/Meshes_Humans/HumanMale_Character.fbx using Guid(2255221d850daf642981c1a4eedf85a1) Importer(815301076,1909f56bfc062723c751e8b465ee728b)  -> (artifact id: '570365c5d338b885273e48394dc249ab') in 0.287439 seconds 
========================================================================
Received Import Request.
  Time since last request: 0.000026 seconds.
  path: Assets/AssetStore/Blink/Art/Characters/Stylized/Humans/Meshes_Humans/StylizedHumanMale_TopKnot.fbx
  artifactKey: Guid(a6d7db1de2226af429da52cf7c2b1169) Importer(815301076,1909f56bfc062723c751e8b465ee728b)
Start importing Assets/AssetStore/Blink/Art/Characters/Stylized/Humans/Meshes_Humans/StylizedHumanMale_TopKnot.fbx using Guid(a6d7db1de2226af429da52cf7c2b1169) Importer(815301076,1909f56bfc062723c751e8b465ee728b)  -> (artifact id: '696e2a1028fc229236c560acf1f8f040') in 0.074593 seconds 
========================================================================
Received Import Request.
  Time since last request: 0.000030 seconds.
  path: Assets/AssetStore/Blink/Art/Characters/Stylized/Humans/Meshes_Humans/StylizedHumanMale_Eyebrow1.fbx
  artifactKey: Guid(7144ca39c8def44479cb396ea320624a) Importer(815301076,1909f56bfc062723c751e8b465ee728b)
Start importing Assets/AssetStore/Blink/Art/Characters/Stylized/Humans/Meshes_Humans/StylizedHumanMale_Eyebrow1.fbx using Guid(7144ca39c8def44479cb396ea320624a) Importer(815301076,1909f56bfc062723c751e8b465ee728b)  -> (artifact id: '2b7cad7eaa5de5b7ae9b472be5d9d8d8') in 0.066817 seconds 
========================================================================
Received Import Request.
  Time since last request: 26.395698 seconds.
  path: Assets/Model/3D_Model/Character
  artifactKey: Guid(a80211048da7b2c4d8d54e40531ddc2a) Importer(815301076,1909f56bfc062723c751e8b465ee728b)
Start importing Assets/Model/3D_Model/Character using Guid(a80211048da7b2c4d8d54e40531ddc2a) Importer(815301076,1909f56bfc062723c751e8b465ee728b)  -> (artifact id: '6a35dde37e710f280a8e95cd94ad55a4') in 0.009588 seconds 
========================================================================
Received Import Request.
  Time since last request: 1.983709 seconds.
  path: Assets/Model/3D_Model/Character/Npc
  artifactKey: Guid(059e1b6606bc6214fb3a3dd6d7408ac4) Importer(815301076,1909f56bfc062723c751e8b465ee728b)
Start importing Assets/Model/3D_Model/Character/Npc using Guid(059e1b6606bc6214fb3a3dd6d7408ac4) Importer(815301076,1909f56bfc062723c751e8b465ee728b)  -> (artifact id: '0dccce50134037fa1258aeead4291d4b') in 0.009794 seconds 
========================================================================
Received Import Request.
  Time since last request: 0.023868 seconds.
  path: Assets/Model/3D_Model/Character/Npc/Bender.prefab
  artifactKey: Guid(c7fcfe11f87ae3944b2990549d422b0f) Importer(815301076,1909f56bfc062723c751e8b465ee728b)
Start importing Assets/Model/3D_Model/Character/Npc/Bender.prefab using Guid(c7fcfe11f87ae3944b2990549d422b0f) Importer(815301076,1909f56bfc062723c751e8b465ee728b)  -> (artifact id: '24771351d6c473fc08117af437bb0d91') in 0.142839 seconds 
========================================================================
Received Import Request.
  Time since last request: 9.256084 seconds.
  path: Assets/Model/3D_Model/Character/Npc/Bender
  artifactKey: Guid(6d3514d1234dc324680d3f7258c97a67) Importer(815301076,1909f56bfc062723c751e8b465ee728b)
Start importing Assets/Model/3D_Model/Character/Npc/Bender using Guid(6d3514d1234dc324680d3f7258c97a67) Importer(815301076,1909f56bfc062723c751e8b465ee728b)  -> (artifact id: 'fc957be2995f3e3394555cb57916308a') in 0.004214 seconds 
========================================================================
Received Prepare
Registering precompiled user dll's ...
Registered in 0.005202 seconds.
Begin MonoManager ReloadAssembly
Symbol file LoadedFromMemory doesn't match image C:\Users\Atents\Desktop\WOS\WOS\Library\PackageCache\com.unity.visualscripting@1.7.8\Editor\VisualScripting.Core\Dependencies\YamlDotNet\Unity.VisualScripting.YamlDotNet.dll
Symbol file LoadedFromMemory doesn't match image C:\Users\Atents\Desktop\WOS\WOS\Library\PackageCache\com.unity.visualscripting@1.7.8\Editor\VisualScripting.Core\Dependencies\DotNetZip\Unity.VisualScripting.IonicZip.dll
Native extension for WindowsStandalone target not found
Refreshing native plugins compatible for Editor in 0.79 ms, found 3 plugins.
Preloading 0 native plugins for Editor in 0.00 ms.
Mono: successfully reloaded assembly
- Completed reload, in  1.128 seconds
Domain Reload Profiling:
	ReloadAssembly (1129ms)
		BeginReloadAssembly (142ms)
			ExecutionOrderSort (0ms)
			DisableScriptedObjects (6ms)
			BackupInstance (0ms)
			ReleaseScriptingObjects (0ms)
			CreateAndSetChildDomain (39ms)
		EndReloadAssembly (869ms)
			LoadAssemblies (90ms)
			RebuildTransferFunctionScriptingTraits (0ms)
			SetupTypeCache (339ms)
			ReleaseScriptCaches (1ms)
			RebuildScriptCaches (50ms)
			SetupLoadedEditorAssemblies (345ms)
				LogAssemblyErrors (0ms)
				InitializePlatformSupportModulesInManaged (13ms)
				SetLoadedEditorAssemblies (0ms)
				RefreshPlugins (1ms)
				BeforeProcessingInitializeOnLoad (75ms)
				ProcessInitializeOnLoadAttributes (215ms)
				ProcessInitializeOnLoadMethodAttributes (31ms)
				AfterProcessingInitializeOnLoad (9ms)
				EditorAssembliesLoaded (0ms)
			ExecutionOrderSort2 (0ms)
			AwakeInstancesAfterBackupRestoration (7ms)
Platform modules already initialized, skipping
Refreshing native plugins compatible for Editor in 2.00 ms, found 3 plugins.
Preloading 0 native plugins for Editor in 0.00 ms.
Unloading 3629 Unused Serialized files (Serialized files now loaded: 0)
Unloading 29 unused Assets / (1.3 MB). Loaded Objects now: 4195.
Memory consumption went from 213.9 MB to 212.5 MB.
Total: 5.313500 ms (FindLiveObjects: 0.310800 ms CreateObjectMapping: 0.211100 ms MarkObjects: 4.516900 ms  DeleteObjects: 0.273500 ms)

AssetImportParameters requested are different than current active one (requested -> active):
  custom:video-decoder-ogg-theora: a1e56fd34408186e4bbccfd4996cb3dc -> 
  custom:container-muxer-webm: aa71ff27fc2769a1b78a27578f13a17b -> 
  custom:container-demuxer-webm: 4f35f7cbe854078d1ac9338744f61a02 -> 
  custom:video-encoder-webm-vp8: eb34c28f22e8b96e1ab97ce403110664 -> 
  custom:audio-encoder-webm-vorbis: bf7c407c2cedff20999df2af8eb42d56 -> 
  custom:framework-win-MediaFoundation: 216162199b28c13a410421893ffa2e32 -> 
  custom:container-demuxer-ogg: 62fdf1f143b41e24485cea50d1cbac27 -> 
  custom:video-decoder-webm-vp8: 9c59270c3fd7afecdb556c50c9e8de78 -> 
  custom:audio-decoder-ogg-vorbis: bf7c407c2cedff20999df2af8eb42d56 -> 
========================================================================
Received Import Request.
  Time since last request: 176.852983 seconds.
  path: Assets/AssetStore/Blink/Art/Characters/Stylized/Humans/Materials_Humans/Accessories.mat
  artifactKey: Guid(39ae67ede742d8c47ab9068a6d2707a4) Importer(815301076,1909f56bfc062723c751e8b465ee728b)
Start importing Assets/AssetStore/Blink/Art/Characters/Stylized/Humans/Materials_Humans/Accessories.mat using Guid(39ae67ede742d8c47ab9068a6d2707a4) Importer(815301076,1909f56bfc062723c751e8b465ee728b)  -> (artifact id: 'c7bb4f8d491e64974e150c47cd89a4fe') in 0.316691 seconds 
========================================================================
Received Import Request.
  Time since last request: 0.000029 seconds.
  path: Assets/AssetStore/Blink/Art/Characters/Stylized/Humans/Materials_Humans/Eyes.mat
  artifactKey: Guid(7726c302197b98f4ab78e0270ffc7b2f) Importer(815301076,1909f56bfc062723c751e8b465ee728b)
Start importing Assets/AssetStore/Blink/Art/Characters/Stylized/Humans/Materials_Humans/Eyes.mat using Guid(7726c302197b98f4ab78e0270ffc7b2f) Importer(815301076,1909f56bfc062723c751e8b465ee728b)  -> (artifact id: 'bafd85c3bb72dbfc606fea499ccd3cb7') in 0.037493 seconds 
========================================================================
Received Import Request.
  Time since last request: 0.000027 seconds.
  path: Assets/AssetStore/Blink/Art/Characters/Stylized/Humans/Materials_Humans/Face1.mat
  artifactKey: Guid(054d31690a0aa2b4ca36ab9490a41860) Importer(815301076,1909f56bfc062723c751e8b465ee728b)
Start importing Assets/AssetStore/Blink/Art/Characters/Stylized/Humans/Materials_Humans/Face1.mat using Guid(054d31690a0aa2b4ca36ab9490a41860) Importer(815301076,1909f56bfc062723c751e8b465ee728b)  -> (artifact id: '6aa528b4e497a664d52cc6c1c05f35fd') in 0.070694 seconds 
========================================================================
Received Import Request.
  Time since last request: 0.000021 seconds.
  path: Assets/AssetStore/Blink/Art/Characters/Stylized/Humans/Materials_Humans/Hair2.mat
  artifactKey: Guid(ab2bb6566402b8d43a5ec0dcf31e9479) Importer(815301076,1909f56bfc062723c751e8b465ee728b)
Start importing Assets/AssetStore/Blink/Art/Characters/Stylized/Humans/Materials_Humans/Hair2.mat using Guid(ab2bb6566402b8d43a5ec0dcf31e9479) Importer(815301076,1909f56bfc062723c751e8b465ee728b)  -> (artifact id: '2ff791225de2fdf5215bbc53af002478') in 0.049861 seconds 
========================================================================
Received Import Request.
  Time since last request: 0.000024 seconds.
  path: Assets/AssetStore/Blink/Art/Characters/Stylized/Humans/Materials_Humans/EyesOuter.mat
  artifactKey: Guid(9a99dff16321ae842a85df39fa0e9992) Importer(815301076,1909f56bfc062723c751e8b465ee728b)
Start importing Assets/AssetStore/Blink/Art/Characters/Stylized/Humans/Materials_Humans/EyesOuter.mat using Guid(9a99dff16321ae842a85df39fa0e9992) Importer(815301076,1909f56bfc062723c751e8b465ee728b)  -> (artifact id: 'dd3255762100dc56b2395bc8927e05ff') in 0.045811 seconds 
========================================================================
Received Import Request.
  Time since last request: 36.335388 seconds.
  path: Assets/AssetStore/Blink/Art/Characters/Stylized/Humans/Materials_Humans
  artifactKey: Guid(a215d8cdce4d0c343b394b229c7deae2) Importer(815301076,1909f56bfc062723c751e8b465ee728b)
Start importing Assets/AssetStore/Blink/Art/Characters/Stylized/Humans/Materials_Humans using Guid(a215d8cdce4d0c343b394b229c7deae2) Importer(815301076,1909f56bfc062723c751e8b465ee728b)  -> (artifact id: '27f8791a21e9aac31bfd06c9f04ee140') in 0.008308 seconds 
========================================================================
Received Import Request.
  Time since last request: 48.954015 seconds.
  path: Assets/Model/3D_Model/Character/Npc/Bender/Mat
  artifactKey: Guid(8c4a118515f84434f83e98e673bc1d81) Importer(815301076,1909f56bfc062723c751e8b465ee728b)
Start importing Assets/Model/3D_Model/Character/Npc/Bender/Mat using Guid(8c4a118515f84434f83e98e673bc1d81) Importer(815301076,1909f56bfc062723c751e8b465ee728b)  -> (artifact id: 'c657bb8dc7aba358d1c1fa6717b37cef') in 0.010577 seconds 
========================================================================
Received Import Request.
  Time since last request: 13.019528 seconds.
  path: Assets/AssetStore/Blink/Art/Characters/Stylized/Humans/Textures_Humans/HM_Beard_1_BaseColor.png
  artifactKey: Guid(8b78a38ab73774b44b442e195e8d2282) Importer(815301076,1909f56bfc062723c751e8b465ee728b)
Start importing Assets/AssetStore/Blink/Art/Characters/Stylized/Humans/Textures_Humans/HM_Beard_1_BaseColor.png using Guid(8b78a38ab73774b44b442e195e8d2282) Importer(815301076,1909f56bfc062723c751e8b465ee728b)  -> (artifact id: '120859283805eebc789cd4014eb85b61') in 0.091352 seconds 
========================================================================
Received Import Request.
  Time since last request: 0.000034 seconds.
  path: Assets/AssetStore/Blink/Art/Characters/Stylized/Humans/Textures_Humans/HM_Body_AO.png
  artifactKey: Guid(d3c3123dba89806428667d5a559ff7e3) Importer(815301076,1909f56bfc062723c751e8b465ee728b)
Start importing Assets/AssetStore/Blink/Art/Characters/Stylized/Humans/Textures_Humans/HM_Body_AO.png using Guid(d3c3123dba89806428667d5a559ff7e3) Importer(815301076,1909f56bfc062723c751e8b465ee728b)  -> (artifact id: '66b186dba1b14ceb2310307e36a703d6') in 0.029688 seconds 
========================================================================
Received Import Request.
  Time since last request: 0.000029 seconds.
  path: Assets/AssetStore/Blink/Art/Characters/Stylized/Humans/Textures_Humans/HM_Body_Metallic.png
  artifactKey: Guid(1da532cca8ff9d542bf8578cad63da06) Importer(815301076,1909f56bfc062723c751e8b465ee728b)
Start importing Assets/AssetStore/Blink/Art/Characters/Stylized/Humans/Textures_Humans/HM_Body_Metallic.png using Guid(1da532cca8ff9d542bf8578cad63da06) Importer(815301076,1909f56bfc062723c751e8b465ee728b)  -> (artifact id: '6577946f0e726b80fbfbe3c3b3c1cf27') in 0.045294 seconds 
========================================================================
Received Import Request.
  Time since last request: 0.000024 seconds.
  path: Assets/AssetStore/Blink/Art/Characters/Stylized/Humans/Textures_Humans/HM_Eyebrows_Metallic.png
  artifactKey: Guid(9b77a3ecd7218134b9b4f88fc7bf4e3d) Importer(815301076,1909f56bfc062723c751e8b465ee728b)
Start importing Assets/AssetStore/Blink/Art/Characters/Stylized/Humans/Textures_Humans/HM_Eyebrows_Metallic.png using Guid(9b77a3ecd7218134b9b4f88fc7bf4e3d) Importer(815301076,1909f56bfc062723c751e8b465ee728b)  -> (artifact id: 'b2c6dc311570b5a0b5004ac772b13bfe') in 0.030639 seconds 
========================================================================
Received Import Request.
  Time since last request: 0.000027 seconds.
  path: Assets/AssetStore/Blink/Art/Characters/Stylized/Humans/Textures_Humans/HM_Eyebrows_Normal.png
  artifactKey: Guid(6c9a630e98e5d534f84a7a4fc8613fd1) Importer(815301076,1909f56bfc062723c751e8b465ee728b)
Start importing Assets/AssetStore/Blink/Art/Characters/Stylized/Humans/Textures_Humans/HM_Eyebrows_Normal.png using Guid(6c9a630e98e5d534f84a7a4fc8613fd1) Importer(815301076,1909f56bfc062723c751e8b465ee728b)  -> (artifact id: '40a6b4183c001c6aec9a07b4b52b00ed') in 0.057242 seconds 
========================================================================
Received Import Request.
  Time since last request: 0.000028 seconds.
  path: Assets/AssetStore/Blink/Art/Characters/Stylized/Humans/Textures_Humans/HM_Hair_1_Normal.png
  artifactKey: Guid(b5b8b0556071abf46886ebf5c8a1d67a) Importer(815301076,1909f56bfc062723c751e8b465ee728b)
Start importing Assets/AssetStore/Blink/Art/Characters/Stylized/Humans/Textures_Humans/HM_Hair_1_Normal.png using Guid(b5b8b0556071abf46886ebf5c8a1d67a) Importer(815301076,1909f56bfc062723c751e8b465ee728b)  -> (artifact id: 'e964b24cb202131d0f68fdc08563e3e7') in 0.053953 seconds 
========================================================================
Received Import Request.
  Time since last request: 0.000028 seconds.
  path: Assets/AssetStore/Blink/Art/Characters/Stylized/Humans/Textures_Humans/HM_Body_BaseColor.png
  artifactKey: Guid(e9afd4073d6bf2041bb6db2850dcee83) Importer(815301076,1909f56bfc062723c751e8b465ee728b)
Start importing Assets/AssetStore/Blink/Art/Characters/Stylized/Humans/Textures_Humans/HM_Body_BaseColor.png using Guid(e9afd4073d6bf2041bb6db2850dcee83) Importer(815301076,1909f56bfc062723c751e8b465ee728b)  -> (artifact id: '4e1da9172a59fc0c322b838b71590811') in 0.031611 seconds 
========================================================================
Received Import Request.
  Time since last request: 0.000028 seconds.
  path: Assets/AssetStore/Blink/Art/Characters/Stylized/Humans/Textures_Humans/HM_Beard_1_Normal.png
  artifactKey: Guid(16933b4cbd0505b43bc21ccdf8db38f5) Importer(815301076,1909f56bfc062723c751e8b465ee728b)
Start importing Assets/AssetStore/Blink/Art/Characters/Stylized/Humans/Textures_Humans/HM_Beard_1_Normal.png using Guid(16933b4cbd0505b43bc21ccdf8db38f5) Importer(815301076,1909f56bfc062723c751e8b465ee728b)  -> (artifact id: 'cc52e63afe8d20f1a1dca835d1470c13') in 0.034058 seconds 
========================================================================
Received Import Request.
  Time since last request: 0.000061 seconds.
  path: Assets/AssetStore/Blink/Art/Characters/Stylized/Humans/Textures_Humans/HM_Eyes_Normal.png
  artifactKey: Guid(385ad83120284f141ab6bc1d7faee193) Importer(815301076,1909f56bfc062723c751e8b465ee728b)
Start importing Assets/AssetStore/Blink/Art/Characters/Stylized/Humans/Textures_Humans/HM_Eyes_Normal.png using Guid(385ad83120284f141ab6bc1d7faee193) Importer(815301076,1909f56bfc062723c751e8b465ee728b)  -> (artifact id: 'e9b3707ab60f0c608efe6d754864e0d0') in 0.031529 seconds 
========================================================================
Received Import Request.
  Time since last request: 0.000020 seconds.
  path: Assets/AssetStore/Blink/Art/Characters/Stylized/Humans/Textures_Humans/HM_Eyebrows_Roughness.png
  artifactKey: Guid(b50fddec426788b438cd76c2567394a9) Importer(815301076,1909f56bfc062723c751e8b465ee728b)
Start importing Assets/AssetStore/Blink/Art/Characters/Stylized/Humans/Textures_Humans/HM_Eyebrows_Roughness.png using Guid(b50fddec426788b438cd76c2567394a9) Importer(815301076,1909f56bfc062723c751e8b465ee728b)  -> (artifact id: 'e09066cc4c30d2bdfb6c8e261fadf0b1') in 0.025793 seconds 
========================================================================
Received Import Request.
  Time since last request: 0.000023 seconds.
  path: Assets/AssetStore/Blink/Art/Characters/Stylized/Humans/Textures_Humans/HM_Eyebrows_BaseColor.png
  artifactKey: Guid(86d5f01b65fb52f46a32b15bcae95926) Importer(815301076,1909f56bfc062723c751e8b465ee728b)
Start importing Assets/AssetStore/Blink/Art/Characters/Stylized/Humans/Textures_Humans/HM_Eyebrows_BaseColor.png using Guid(86d5f01b65fb52f46a32b15bcae95926) Importer(815301076,1909f56bfc062723c751e8b465ee728b)  -> (artifact id: 'a05b3d883858cc46ea09bd4d2dd2eee2') in 0.029385 seconds 
========================================================================
Received Import Request.
  Time since last request: 0.000023 seconds.
  path: Assets/AssetStore/Blink/Art/Characters/Stylized/Humans/Textures_Humans/HM_Beard_3_Metallic.png
  artifactKey: Guid(900d45742e1b9ba4a85fe4cb9b1d98cc) Importer(815301076,1909f56bfc062723c751e8b465ee728b)
Start importing Assets/AssetStore/Blink/Art/Characters/Stylized/Humans/Textures_Humans/HM_Beard_3_Metallic.png using Guid(900d45742e1b9ba4a85fe4cb9b1d98cc) Importer(815301076,1909f56bfc062723c751e8b465ee728b)  -> (artifact id: 'ef794640ff4b00e3fdf4d72ff258a62a') in 0.035664 seconds 
========================================================================
Received Import Request.
  Time since last request: 0.000023 seconds.
  path: Assets/AssetStore/Blink/Art/Characters/Stylized/Humans/Textures_Humans/HM_Beard_3_BaseColor.png
  artifactKey: Guid(8758dcce90534d447a2730abdb6b12b4) Importer(815301076,1909f56bfc062723c751e8b465ee728b)
Start importing Assets/AssetStore/Blink/Art/Characters/Stylized/Humans/Textures_Humans/HM_Beard_3_BaseColor.png using Guid(8758dcce90534d447a2730abdb6b12b4) Importer(815301076,1909f56bfc062723c751e8b465ee728b)  -> (artifact id: '4b5f959e84171f934699a11ff5ac9d7b') in 0.033496 seconds 
========================================================================
Received Import Request.
  Time since last request: 0.001107 seconds.
  path: Assets/AssetStore/Blink/Art/Characters/Stylized/Humans/Textures_Humans/HM_Face_1_Metallic.png
  artifactKey: Guid(7f922437f53c5cb44b885ac8a021719e) Importer(815301076,1909f56bfc062723c751e8b465ee728b)
Start importing Assets/AssetStore/Blink/Art/Characters/Stylized/Humans/Textures_Humans/HM_Face_1_Metallic.png using Guid(7f922437f53c5cb44b885ac8a021719e) Importer(815301076,1909f56bfc062723c751e8b465ee728b)  -> (artifact id: '3ab10b576cf737908444a67983cb1af0') in 0.043961 seconds 
========================================================================
Received Import Request.
  Time since last request: 0.000022 seconds.
  path: Assets/AssetStore/Blink/Art/Characters/Stylized/Humans/Textures_Humans/HM_Beard_3_Normal.png
  artifactKey: Guid(6830f91aa93200f43adf85d7570efa9f) Importer(815301076,1909f56bfc062723c751e8b465ee728b)
Start importing Assets/AssetStore/Blink/Art/Characters/Stylized/Humans/Textures_Humans/HM_Beard_3_Normal.png using Guid(6830f91aa93200f43adf85d7570efa9f) Importer(815301076,1909f56bfc062723c751e8b465ee728b)  -> (artifact id: '2ce8fc69ee8d0f7a808b045a327b805b') in 0.032310 seconds 
========================================================================
Received Import Request.
  Time since last request: 0.000030 seconds.
  path: Assets/AssetStore/Blink/Art/Characters/Stylized/Humans/Textures_Humans/HM_Eyes_BaseColor.png
  artifactKey: Guid(d1743472980acec48b44547e4eead58c) Importer(815301076,1909f56bfc062723c751e8b465ee728b)
Start importing Assets/AssetStore/Blink/Art/Characters/Stylized/Humans/Textures_Humans/HM_Eyes_BaseColor.png using Guid(d1743472980acec48b44547e4eead58c) Importer(815301076,1909f56bfc062723c751e8b465ee728b)  -> (artifact id: '9636b2d7e9a925c4cd782082a2f530dc') in 0.041006 seconds 
========================================================================
Received Import Request.
  Time since last request: 0.000023 seconds.
  path: Assets/AssetStore/Blink/Art/Characters/Stylized/Humans/Textures_Humans/HM_Beard_1_Roughness.png
  artifactKey: Guid(4794f77290c4e3a4e94b5e0e924f1e51) Importer(815301076,1909f56bfc062723c751e8b465ee728b)
Start importing Assets/AssetStore/Blink/Art/Characters/Stylized/Humans/Textures_Humans/HM_Beard_1_Roughness.png using Guid(4794f77290c4e3a4e94b5e0e924f1e51) Importer(815301076,1909f56bfc062723c751e8b465ee728b)  -> (artifact id: '7f70f31220f9e1ce0d73403596a5a70f') in 0.042775 seconds 
========================================================================
Received Import Request.
  Time since last request: 0.000023 seconds.
  path: Assets/AssetStore/Blink/Art/Characters/Stylized/Humans/Textures_Humans/HM_Eyebrows_AO.png
  artifactKey: Guid(f3348c3f4b4326c47b4cd9b43124f7fa) Importer(815301076,1909f56bfc062723c751e8b465ee728b)
Start importing Assets/AssetStore/Blink/Art/Characters/Stylized/Humans/Textures_Humans/HM_Eyebrows_AO.png using Guid(f3348c3f4b4326c47b4cd9b43124f7fa) Importer(815301076,1909f56bfc062723c751e8b465ee728b)  -> (artifact id: 'e1ea5ae6440c86d19e5615e691043aab') in 0.026646 seconds 
========================================================================
Received Import Request.
  Time since last request: 0.000047 seconds.
  path: Assets/AssetStore/Blink/Art/Characters/Stylized/Humans/Textures_Humans/HM_Face_1_AO.png
  artifactKey: Guid(1e5c2d77de9d7e5469b9c4954b606400) Importer(815301076,1909f56bfc062723c751e8b465ee728b)
Start importing Assets/AssetStore/Blink/Art/Characters/Stylized/Humans/Textures_Humans/HM_Face_1_AO.png using Guid(1e5c2d77de9d7e5469b9c4954b606400) Importer(815301076,1909f56bfc062723c751e8b465ee728b)  -> (artifact id: '913d1d130d88ff855c7005f98aa37f7b') in 0.038982 seconds 
========================================================================
Received Import Request.
  Time since last request: 26.870572 seconds.
  path: Assets/Model/3D_Model/Character/Npc/Bender/Mat/Tex
  artifactKey: Guid(8d20c15201c04554e95aede685f0e8c4) Importer(815301076,1909f56bfc062723c751e8b465ee728b)
Start importing Assets/Model/3D_Model/Character/Npc/Bender/Mat/Tex using Guid(8d20c15201c04554e95aede685f0e8c4) Importer(815301076,1909f56bfc062723c751e8b465ee728b)  -> (artifact id: '877e5d048e3dbf3d7ac8bee20b165b88') in 0.009361 seconds 
========================================================================
Received Import Request.
  Time since last request: 41.287271 seconds.
  path: Assets/AssetStore/Blink/Art/Characters/Stylized/Humans/Textures_Humans/HM_Hair_1_Roughness.png
  artifactKey: Guid(aa421fbf2a3cd4141b562bb7f623769b) Importer(815301076,1909f56bfc062723c751e8b465ee728b)
Start importing Assets/AssetStore/Blink/Art/Characters/Stylized/Humans/Textures_Humans/HM_Hair_1_Roughness.png using Guid(aa421fbf2a3cd4141b562bb7f623769b) Importer(815301076,1909f56bfc062723c751e8b465ee728b)  -> (artifact id: '558dabcd34bb71164cb9275753a46835') in 0.113564 seconds 
========================================================================
Received Import Request.
  Time since last request: 0.000033 seconds.
  path: Assets/AssetStore/Blink/Art/Characters/Stylized/Humans/Textures_Humans/HM_Hair_2_Metallic.png
  artifactKey: Guid(e552b9ddb34582d4e848a45b66ae0469) Importer(815301076,1909f56bfc062723c751e8b465ee728b)
Start importing Assets/AssetStore/Blink/Art/Characters/Stylized/Humans/Textures_Humans/HM_Hair_2_Metallic.png using Guid(e552b9ddb34582d4e848a45b66ae0469) Importer(815301076,1909f56bfc062723c751e8b465ee728b)  -> (artifact id: '9d096201ae1e8b499aa1575084e276e4') in 0.026305 seconds 
========================================================================
Received Import Request.
  Time since last request: 0.000030 seconds.
  path: Assets/AssetStore/Blink/Art/Characters/Stylized/Humans/Textures_Humans/HM_Hair_2_BaseColor.png
  artifactKey: Guid(6c93c2186a6642e4386272101c5d5516) Importer(815301076,1909f56bfc062723c751e8b465ee728b)
Start importing Assets/AssetStore/Blink/Art/Characters/Stylized/Humans/Textures_Humans/HM_Hair_2_BaseColor.png using Guid(6c93c2186a6642e4386272101c5d5516) Importer(815301076,1909f56bfc062723c751e8b465ee728b)  -> (artifact id: 'f14bf6b44484b6833f69b70a39b925e2') in 0.034145 seconds 
========================================================================
Received Import Request.
  Time since last request: 0.000025 seconds.
  path: Assets/AssetStore/Blink/Art/Characters/Stylized/Humans/Textures_Humans/HM_Hair_2_Roughness.png
  artifactKey: Guid(db4c55cf1979eff418b360a46fc69ea2) Importer(815301076,1909f56bfc062723c751e8b465ee728b)
Start importing Assets/AssetStore/Blink/Art/Characters/Stylized/Humans/Textures_Humans/HM_Hair_2_Roughness.png using Guid(db4c55cf1979eff418b360a46fc69ea2) Importer(815301076,1909f56bfc062723c751e8b465ee728b)  -> (artifact id: 'a4033816e58a9604ae83189969c1db23') in 0.045666 seconds 
Editor requested this worker to shutdown with reason: Scaling down because of idle timeout
AssetImportWorker is now disconnected from the server
Process exiting
Exiting without the bug reporter. Application will terminate with return code 0