Using pre-set license
Built from '2021.3/staging' branch; Version is '2021.3.16f1 (4016570cf34f) revision 4200023'; Using compiler version '192829333'; Build Type 'Release'
OS: 'Windows 10  (10.0.19044) 64bit Professional' Language: 'ko' Physical Memory: 16321 MB
BatchMode: 1, IsHumanControllingUs: 0, StartBugReporterOnCrash: 0, Is64bit: 1, IsPro: 1

COMMAND LINE ARGUMENTS:
C:\Program Files\Unity\Hub\Editor\2021.3.16f1\Editor\Unity.exe
-adb2
-batchMode
-noUpm
-name
AssetImportWorker17
-projectPath
C:/Users/Atents/Desktop/WOS/WOS
-logFile
Logs/AssetImportWorker17.log
-srvPort
50172
Successfully changed project path to: C:/Users/Atents/Desktop/WOS/WOS
C:/Users/Atents/Desktop/WOS/WOS
[UnityMemory] Configuration Parameters - Can be set up in boot.config
    "memorysetup-bucket-allocator-granularity=16"
    "memorysetup-bucket-allocator-bucket-count=8"
    "memorysetup-bucket-allocator-block-size=33554432"
    "memorysetup-bucket-allocator-block-count=8"
    "memorysetup-main-allocator-block-size=16777216"
    "memorysetup-thread-allocator-block-size=16777216"
    "memorysetup-gfx-main-allocator-block-size=16777216"
    "memorysetup-gfx-thread-allocator-block-size=16777216"
    "memorysetup-cache-allocator-block-size=4194304"
    "memorysetup-typetree-allocator-block-size=2097152"
    "memorysetup-profiler-bucket-allocator-granularity=16"
    "memorysetup-profiler-bucket-allocator-bucket-count=8"
    "memorysetup-profiler-bucket-allocator-block-size=33554432"
    "memorysetup-profiler-bucket-allocator-block-count=8"
    "memorysetup-profiler-allocator-block-size=16777216"
    "memorysetup-profiler-editor-allocator-block-size=1048576"
    "memorysetup-temp-allocator-size-main=16777216"
    "memorysetup-job-temp-allocator-block-size=2097152"
    "memorysetup-job-temp-allocator-block-size-background=1048576"
    "memorysetup-job-temp-allocator-reduction-small-platforms=262144"
    "memorysetup-temp-allocator-size-background-worker=32768"
    "memorysetup-temp-allocator-size-job-worker=262144"
    "memorysetup-temp-allocator-size-preload-manager=33554432"
    "memorysetup-temp-allocator-size-nav-mesh-worker=65536"
    "memorysetup-temp-allocator-size-audio-worker=65536"
    "memorysetup-temp-allocator-size-cloud-worker=32768"
    "memorysetup-temp-allocator-size-gi-baking-worker=262144"
    "memorysetup-temp-allocator-size-gfx=262144"
Player connection [13080] Host "[IP] 192.168.20.34 [Port] 0 [Flags] 2 [Guid] 1471148571 [EditorId] 1471148571 [Version] 1048832 [Id] WindowsEditor(7,DESKTOP-CN8CFQ1) [Debug] 1 [PackageName] WindowsEditor [ProjectName] Editor" joined multi-casting on [225.0.0.222:54997]...

Player connection [13080] Host "[IP] 192.168.20.34 [Port] 0 [Flags] 2 [Guid] 1471148571 [EditorId] 1471148571 [Version] 1048832 [Id] WindowsEditor(7,DESKTOP-CN8CFQ1) [Debug] 1 [PackageName] WindowsEditor [ProjectName] Editor" joined alternative multi-casting on [225.0.0.222:34997]...

Refreshing native plugins compatible for Editor in 123.80 ms, found 3 plugins.
Preloading 0 native plugins for Editor in 0.00 ms.
Initialize engine version: 2021.3.16f1 (4016570cf34f)
[Subsystems] Discovering subsystems at path C:/Program Files/Unity/Hub/Editor/2021.3.16f1/Editor/Data/Resources/UnitySubsystems
[Subsystems] Discovering subsystems at path C:/Users/Atents/Desktop/WOS/WOS/Assets
GfxDevice: creating device client; threaded=0; jobified=0
Direct3D:
    Version:  Direct3D 11.0 [level 11.0]
    Renderer: NVIDIA GeForce GT 710 (ID=0x128b)
    Vendor:   NVIDIA
    VRAM:     984 MB
    Driver:   30.0.14.7404
Initialize mono
Mono path[0] = 'C:/Program Files/Unity/Hub/Editor/2021.3.16f1/Editor/Data/Managed'
Mono path[1] = 'C:/Program Files/Unity/Hub/Editor/2021.3.16f1/Editor/Data/MonoBleedingEdge/lib/mono/unityjit-win32'
Mono config path = 'C:/Program Files/Unity/Hub/Editor/2021.3.16f1/Editor/Data/MonoBleedingEdge/etc'
Using monoOptions --debugger-agent=transport=dt_socket,embedding=1,server=y,suspend=n,address=127.0.0.1:56848
Begin MonoManager ReloadAssembly
Registering precompiled unity dll's ...
Register platform support module: C:/Program Files/Unity/Hub/Editor/2021.3.16f1/Editor/Data/PlaybackEngines/WebGLSupport/UnityEditor.WebGL.Extensions.dll
Register platform support module: C:/Program Files/Unity/Hub/Editor/2021.3.16f1/Editor/Data/PlaybackEngines/AndroidPlayer/UnityEditor.Android.Extensions.dll
Register platform support module: C:/Program Files/Unity/Hub/Editor/2021.3.16f1/Editor/Data/PlaybackEngines/WindowsStandaloneSupport/UnityEditor.WindowsStandalone.Extensions.dll
Register platform support module: C:/Program Files/Unity/Hub/Editor/2021.3.16f1/Editor/Data/PlaybackEngines/MetroSupport/UnityEditor.UWP.Extensions.dll
Registered in 0.012867 seconds.
Native extension for UWP target not found
Native extension for WindowsStandalone target not found
Native extension for Android target not found
Native extension for WebGL target not found
Refreshing native plugins compatible for Editor in 152.19 ms, found 3 plugins.
Preloading 0 native plugins for Editor in 0.00 ms.
Mono: successfully reloaded assembly
- Completed reload, in  0.800 seconds
Domain Reload Profiling:
	ReloadAssembly (801ms)
		BeginReloadAssembly (77ms)
			ExecutionOrderSort (0ms)
			DisableScriptedObjects (0ms)
			BackupInstance (0ms)
			ReleaseScriptingObjects (0ms)
			CreateAndSetChildDomain (1ms)
		EndReloadAssembly (589ms)
			LoadAssemblies (75ms)
			RebuildTransferFunctionScriptingTraits (0ms)
			SetupTypeCache (120ms)
			ReleaseScriptCaches (0ms)
			RebuildScriptCaches (29ms)
			SetupLoadedEditorAssemblies (385ms)
				LogAssemblyErrors (0ms)
				InitializePlatformSupportModulesInManaged (65ms)
				SetLoadedEditorAssemblies (0ms)
				RefreshPlugins (152ms)
				BeforeProcessingInitializeOnLoad (1ms)
				ProcessInitializeOnLoadAttributes (115ms)
				ProcessInitializeOnLoadMethodAttributes (52ms)
				AfterProcessingInitializeOnLoad (0ms)
				EditorAssembliesLoaded (0ms)
			ExecutionOrderSort2 (0ms)
			AwakeInstancesAfterBackupRestoration (0ms)
Platform modules already initialized, skipping
Registering precompiled user dll's ...
Registered in 0.006297 seconds.
Begin MonoManager ReloadAssembly
Symbol file LoadedFromMemory doesn't match image C:\Users\Atents\Desktop\WOS\WOS\Library\PackageCache\com.unity.visualscripting@1.7.8\Editor\VisualScripting.Core\Dependencies\YamlDotNet\Unity.VisualScripting.YamlDotNet.dll
Symbol file LoadedFromMemory doesn't match image C:\Users\Atents\Desktop\WOS\WOS\Library\PackageCache\com.unity.visualscripting@1.7.8\Editor\VisualScripting.Core\Dependencies\DotNetZip\Unity.VisualScripting.IonicZip.dll
Native extension for UWP target not found
Native extension for WindowsStandalone target not found
Native extension for Android target not found
Native extension for WebGL target not found
Refreshing native plugins compatible for Editor in 0.87 ms, found 3 plugins.
Preloading 0 native plugins for Editor in 0.00 ms.
Mono: successfully reloaded assembly
- Completed reload, in  8.612 seconds
Domain Reload Profiling:
	ReloadAssembly (8613ms)
		BeginReloadAssembly (231ms)
			ExecutionOrderSort (0ms)
			DisableScriptedObjects (7ms)
			BackupInstance (0ms)
			ReleaseScriptingObjects (0ms)
			CreateAndSetChildDomain (132ms)
		EndReloadAssembly (8210ms)
			LoadAssemblies (4495ms)
			RebuildTransferFunctionScriptingTraits (0ms)
			SetupTypeCache (1044ms)
			ReleaseScriptCaches (1ms)
			RebuildScriptCaches (66ms)
			SetupLoadedEditorAssemblies (2557ms)
				LogAssemblyErrors (0ms)
				InitializePlatformSupportModulesInManaged (21ms)
				SetLoadedEditorAssemblies (1ms)
				RefreshPlugins (1ms)
				BeforeProcessingInitializeOnLoad (100ms)
				ProcessInitializeOnLoadAttributes (1186ms)
				ProcessInitializeOnLoadMethodAttributes (1237ms)
				AfterProcessingInitializeOnLoad (10ms)
				EditorAssembliesLoaded (2ms)
			ExecutionOrderSort2 (0ms)
			AwakeInstancesAfterBackupRestoration (6ms)
Platform modules already initialized, skipping
========================================================================
Worker process is ready to serve import requests
Launched and connected shader compiler UnityShaderCompiler.exe after 0.17 seconds
Refreshing native plugins compatible for Editor in 1.30 ms, found 3 plugins.
Preloading 0 native plugins for Editor in 0.00 ms.
Unloading 3828 Unused Serialized files (Serialized files now loaded: 0)
Unloading 43 unused Assets / (1.4 MB). Loaded Objects now: 4287.
Memory consumption went from 218.4 MB to 217.0 MB.
Total: 19.461000 ms (FindLiveObjects: 0.330500 ms CreateObjectMapping: 0.239800 ms MarkObjects: 18.536600 ms  DeleteObjects: 0.353100 ms)

AssetImportParameters requested are different than current active one (requested -> active):
  custom:video-decoder-ogg-theora: a1e56fd34408186e4bbccfd4996cb3dc -> 
  custom:container-muxer-webm: aa71ff27fc2769a1b78a27578f13a17b -> 
  custom:container-demuxer-webm: 4f35f7cbe854078d1ac9338744f61a02 -> 
  custom:video-encoder-webm-vp8: eb34c28f22e8b96e1ab97ce403110664 -> 
  custom:audio-encoder-webm-vorbis: bf7c407c2cedff20999df2af8eb42d56 -> 
  custom:framework-win-MediaFoundation: 216162199b28c13a410421893ffa2e32 -> 
  custom:container-demuxer-ogg: 62fdf1f143b41e24485cea50d1cbac27 -> 
  custom:video-decoder-webm-vp8: 9c59270c3fd7afecdb556c50c9e8de78 -> 
  custom:audio-decoder-ogg-vorbis: bf7c407c2cedff20999df2af8eb42d56 -> 
========================================================================
Received Import Request.
  Time since last request: 8468.029582 seconds.
  path: Assets/Model/2D_Model/Ui/Window/Window_Frame_R.png
  artifactKey: Guid(4107bb4d3dcc87c4883f78c034b25807) Importer(815301076,1909f56bfc062723c751e8b465ee728b)
Start importing Assets/Model/2D_Model/Ui/Window/Window_Frame_R.png using Guid(4107bb4d3dcc87c4883f78c034b25807) Importer(815301076,1909f56bfc062723c751e8b465ee728b)  -> (artifact id: '00c08d37473b3b075faf885f0857d009') in 0.784359 seconds 
========================================================================
Received Import Request.
  Time since last request: 0.000029 seconds.
  path: Assets/Model/2D_Model/Ui/Window/Icon_Window
  artifactKey: Guid(2c07d22f25e239f4ab6c8bc176292519) Importer(815301076,1909f56bfc062723c751e8b465ee728b)
Start importing Assets/Model/2D_Model/Ui/Window/Icon_Window using Guid(2c07d22f25e239f4ab6c8bc176292519) Importer(815301076,1909f56bfc062723c751e8b465ee728b)  -> (artifact id: '4abeedd95f5abfce3e9bfc0e9b5ac662') in 0.006327 seconds 
========================================================================
Received Import Request.
  Time since last request: 0.000034 seconds.
  path: Assets/Model/2D_Model/Ui/Window/NameTag2.png
  artifactKey: Guid(8839d442d9092c44e8d7376d7d9981b1) Importer(815301076,1909f56bfc062723c751e8b465ee728b)
Start importing Assets/Model/2D_Model/Ui/Window/NameTag2.png using Guid(8839d442d9092c44e8d7376d7d9981b1) Importer(815301076,1909f56bfc062723c751e8b465ee728b)  -> (artifact id: '96809e1461c450f9f767725ba442cde3') in 0.165282 seconds 
========================================================================
Received Import Request.
  Time since last request: 0.000020 seconds.
  path: Assets/Model/2D_Model/Ui/Window/Icon_Window/Status
  artifactKey: Guid(fc2d30a21d734c84381ec3979b611c67) Importer(815301076,1909f56bfc062723c751e8b465ee728b)
Start importing Assets/Model/2D_Model/Ui/Window/Icon_Window/Status using Guid(fc2d30a21d734c84381ec3979b611c67) Importer(815301076,1909f56bfc062723c751e8b465ee728b)  -> (artifact id: '6819269f0058e28e5fb4b81c7f40e871') in 0.005805 seconds 
========================================================================
Received Import Request.
  Time since last request: 0.000027 seconds.
  path: Assets/Model
  artifactKey: Guid(62bcc2c0d82b7d048bdc65161728f5df) Importer(815301076,1909f56bfc062723c751e8b465ee728b)
Start importing Assets/Model using Guid(62bcc2c0d82b7d048bdc65161728f5df) Importer(815301076,1909f56bfc062723c751e8b465ee728b)  -> (artifact id: '026b6f547afe88373e33e0a6c6816f41') in 0.008800 seconds 
========================================================================
Received Import Request.
  Time since last request: 0.000025 seconds.
  path: Assets/Model/2D_Model/Ui/Window/Exit_Button.png
  artifactKey: Guid(acbba4f81e74aeb42a0cff89b55c60d3) Importer(815301076,1909f56bfc062723c751e8b465ee728b)
Start importing Assets/Model/2D_Model/Ui/Window/Exit_Button.png using Guid(acbba4f81e74aeb42a0cff89b55c60d3) Importer(815301076,1909f56bfc062723c751e8b465ee728b)  -> (artifact id: '68f3e524972db4689c50b7d21270ff6f') in 0.151343 seconds 
========================================================================
Received Import Request.
  Time since last request: 0.000024 seconds.
  path: Assets/Model/2D_Model/Ui/Window/Icon_Window/Status/Health.PNG
  artifactKey: Guid(a210cf6479b23bd4eb4e831b460070b0) Importer(815301076,1909f56bfc062723c751e8b465ee728b)
Start importing Assets/Model/2D_Model/Ui/Window/Icon_Window/Status/Health.PNG using Guid(a210cf6479b23bd4eb4e831b460070b0) Importer(815301076,1909f56bfc062723c751e8b465ee728b)  -> (artifact id: '00000000000000000000000000000000') in 3.298902 seconds  code(4) message(Build asset version error: assets/model/2d_model/ui/window/icon_window/status/health.png in SourceAssetDB has modification time of '2023-01-13T06:48:52.0818839Z' while content on disk has modification time of '0001-01-01T00:00:00Z' with error code 2
Stacktrace:
0x00007ff7338069cd (Unity) StackWalker::GetCurrentCallstack
0x00007ff73380d589 (Unity) StackWalker::ShowCallstack
0x00007ff734790943 (Unity) GetStacktrace
0x00007ff734b2eb24 (Unity) GetAssetHashAndValidate
0x00007ff734b2a088 (Unity) AssetVersionBuilder::BuildHashOfSourceAssetArray
0x00007ff734b2805d (Unity) AssetVersionBuilder::BuildAssetVersion
0x00007ff734aaf6aa (Unity) CreateAssetVersionBuilder
0x00007ff734ab61a3 (Unity) ImportToObjects
0x00007ff734ab4ed3 (Unity) ImportAsset
0x00007ff734ad7912 (Unity) AssetImportWorker::Import
0x00007ff734b3e7d4 (Unity) <lambda_61a9544df00a9e76ece93a9d8f6ff838>::operator()
0x00007ff734b7f392 (Unity) asio::detail::completion_handler<core::mutable_function<void __cdecl(void)>,asio::io_context::basic_executor_type<std::allocator<void>,0> >::do_complete
0x00007ff734b6b27e (Unity) asio::detail::win_iocp_io_context::do_one
0x00007ff734b6cee4 (Unity) asio::detail::win_iocp_io_context::run
0x00007ff734b7d77e (Unity) IOService::Run
0x00007ff734b5038f (Unity) AssetImportWorkerClient::Run
0x00007ff734b1a3d3 (Unity) RunAssetImportWorkerClientV2
0x00007ff734b1a45b (Unity) RunAssetImporterV2
0x00007ff734335da8 (Unity) Application::InitializeProject
0x00007ff73479b0a8 (Unity) WinMain
0x00007ff735b4e78e (Unity) __scrt_common_main_seh
0x00007ffee5117614 (KERNEL32) BaseThreadInitThunk
0x00007ffee68626a1 (ntdll) RtlUserThreadStart
)
  ERROR: Build asset version error: assets/model/2d_model/ui/window/icon_window/status/health.png in SourceAssetDB has modification time of '2023-01-13T06:48:52.0818839Z' while content on disk has modification time of '0001-01-01T00:00:00Z' with error code 2
Stacktrace:
0x00007ff7338069cd (Unity) StackWalker::GetCurrentCallstack
0x00007ff73380d589 (Unity) StackWalker::ShowCallstack
0x00007ff734790943 (Unity) GetStacktrace
0x00007ff734b2eb24 (Unity) GetAssetHashAndValidate
0x00007ff734b2a088 (Unity) AssetVersionBuilder::BuildHashOfSourceAssetArray
0x00007ff734b2805d (Unity) AssetVersionBuilder::BuildAssetVersion
0x00007ff734aaf6aa (Unity) CreateAssetVersionBuilder
0x00007ff734ab61a3 (Unity) ImportToObjects
0x00007ff734ab4ed3 (Unity) ImportAsset
0x00007ff734ad7912 (Unity) AssetImportWorker::Import
0x00007ff734b3e7d4 (Unity) <lambda_61a9544df00a9e76ece93a9d8f6ff838>::operator()
0x00007ff734b7f392 (Unity) asio::detail::completion_handler<core::mutable_function<void __cdecl(void)>,asio::io_context::basic_executor_type<std::allocator<void>,0> >::do_complete
0x00007ff734b6b27e (Unity) asio::detail::win_iocp_io_context::do_one
0x00007ff734b6cee4 (Unity) asio::detail::win_iocp_io_context::run
0x00007ff734b7d77e (Unity) IOService::Run
0x00007ff734b5038f (Unity) AssetImportWorkerClient::Run
0x00007ff734b1a3d3 (Unity) RunAssetImportWorkerClientV2
0x00007ff734b1a45b (Unity) RunAssetImporterV2
0x00007ff734335da8 (Unity) Application::InitializeProject
0x00007ff73479b0a8 (Unity) WinMain
0x00007ff735b4e78e (Unity) __scrt_common_main_seh
0x00007ffee5117614 (KERNEL32) BaseThreadInitThunk
0x00007ffee68626a1 (ntdll) RtlUserThreadStart

========================================================================
Received Import Request.
  Time since last request: 0.000032 seconds.
  path: Assets/Model/2D_Model/Ui/Window/Window3.png
  artifactKey: Guid(4edbc5539b441f049966c07e2ba12186) Importer(815301076,1909f56bfc062723c751e8b465ee728b)
Start importing Assets/Model/2D_Model/Ui/Window/Window3.png using Guid(4edbc5539b441f049966c07e2ba12186) Importer(815301076,1909f56bfc062723c751e8b465ee728b)  -> (artifact id: '0d6078e12509b85a87f06a248adedd7f') in 0.428522 seconds 
========================================================================
Received Import Request.
  Time since last request: 564.375395 seconds.
  path: Assets/Model/2D_Model/Ui/Window/Icon_Window/Status/Dp.PNG
  artifactKey: Guid(1e6b4d2df8c0bc745afe93be56eb6d32) Importer(815301076,1909f56bfc062723c751e8b465ee728b)
Start importing Assets/Model/2D_Model/Ui/Window/Icon_Window/Status/Dp.PNG using Guid(1e6b4d2df8c0bc745afe93be56eb6d32) Importer(815301076,1909f56bfc062723c751e8b465ee728b)  -> (artifact id: '041187be94001dd6cd4eb11956fe09b0') in 0.051222 seconds 
========================================================================
Received Import Request.
  Time since last request: 18.438628 seconds.
  path: Assets/Model/2D_Model/Ui/Window/Icon_Window/Status/ASpeed.png
  artifactKey: Guid(6b629d6cdcd919e409b9f7ef75e43370) Importer(815301076,1909f56bfc062723c751e8b465ee728b)
Start importing Assets/Model/2D_Model/Ui/Window/Icon_Window/Status/ASpeed.png using Guid(6b629d6cdcd919e409b9f7ef75e43370) Importer(815301076,1909f56bfc062723c751e8b465ee728b)  -> (artifact id: 'e409f45ea93e309dc2180828b720928e') in 0.032029 seconds 
========================================================================
Received Import Request.
  Time since last request: 0.000028 seconds.
  path: Assets/Model/2D_Model/Ui/Window/Icon_Window/Status/Health.PNG
  artifactKey: Guid(a210cf6479b23bd4eb4e831b460070b0) Importer(815301076,1909f56bfc062723c751e8b465ee728b)
Start importing Assets/Model/2D_Model/Ui/Window/Icon_Window/Status/Health.PNG using Guid(a210cf6479b23bd4eb4e831b460070b0) Importer(815301076,1909f56bfc062723c751e8b465ee728b)  -> (artifact id: '75ebde376c004e03f8e2396dc9be6e56') in 0.034327 seconds 
========================================================================
Received Import Request.
  Time since last request: 26.654006 seconds.
  path: Assets/Font/Cursive/Korean_Cursive SDF.asset
  artifactKey: Guid(9d0e74257d6897e4c97729fb85349b52) Importer(815301076,1909f56bfc062723c751e8b465ee728b)
Start importing Assets/Font/Cursive/Korean_Cursive SDF.asset using Guid(9d0e74257d6897e4c97729fb85349b52) Importer(815301076,1909f56bfc062723c751e8b465ee728b)  -> (artifact id: 'e403f32ae8b9ee2077865f777da52385') in 0.714189 seconds 
========================================================================
Received Import Request.
  Time since last request: 0.000029 seconds.
  path: Assets/Font/Dot/Korean_Dot2 SDF.asset
  artifactKey: Guid(53bc718d8f05f8742994c4c09a8e8cfd) Importer(815301076,1909f56bfc062723c751e8b465ee728b)
Start importing Assets/Font/Dot/Korean_Dot2 SDF.asset using Guid(53bc718d8f05f8742994c4c09a8e8cfd) Importer(815301076,1909f56bfc062723c751e8b465ee728b)  -> (artifact id: '3607ba0d33b32e5361fd2e9f36a3b101') in 0.590856 seconds 
========================================================================
Received Import Request.
  Time since last request: 0.000063 seconds.
  path: Assets/Tools/TextMesh Pro/Resources/Fonts & Materials/LiberationSans SDF - Fallback.asset
  artifactKey: Guid(2e498d1c8094910479dc3e1b768306a4) Importer(815301076,1909f56bfc062723c751e8b465ee728b)
Start importing Assets/Tools/TextMesh Pro/Resources/Fonts & Materials/LiberationSans SDF - Fallback.asset using Guid(2e498d1c8094910479dc3e1b768306a4) Importer(815301076,1909f56bfc062723c751e8b465ee728b)  -> (artifact id: '5f380c9410d6be606acc6e09dcef0966') in 0.185900 seconds 
Editor requested this worker to shutdown with reason: Scaling down because of idle timeout
AssetImportWorker is now disconnected from the server
Process exiting
Exiting without the bug reporter. Application will terminate with return code 0