Using pre-set license
Built from '2021.3/staging' branch; Version is '2021.3.11f1 (0a5ca18544bf) revision 679073'; Using compiler version '192829333'; Build Type 'Release'
OS: 'Windows 10  (10.0.19045) 64bit Professional' Language: 'ko' Physical Memory: 16332 MB
BatchMode: 1, IsHumanControllingUs: 0, StartBugReporterOnCrash: 0, Is64bit: 1, IsPro: 1

COMMAND LINE ARGUMENTS:
C:\Program Files\Unity\Hub\Editor\2021.3.11f1\Editor\Unity.exe
-adb2
-batchMode
-noUpm
-name
AssetImportWorker13
-projectPath
C:/Users/김주현/Desktop/WosGit/WOS/WOS
-logFile
Logs/AssetImportWorker13.log
-srvPort
11176
Successfully changed project path to: C:/Users/김주현/Desktop/WosGit/WOS/WOS
C:/Users/김주현/Desktop/WosGit/WOS/WOS
[UnityMemory] Configuration Parameters - Can be set up in boot.config
    "memorysetup-bucket-allocator-granularity=16"
    "memorysetup-bucket-allocator-bucket-count=8"
    "memorysetup-bucket-allocator-block-size=33554432"
    "memorysetup-bucket-allocator-block-count=8"
    "memorysetup-main-allocator-block-size=16777216"
    "memorysetup-thread-allocator-block-size=16777216"
    "memorysetup-gfx-main-allocator-block-size=16777216"
    "memorysetup-gfx-thread-allocator-block-size=16777216"
    "memorysetup-cache-allocator-block-size=4194304"
    "memorysetup-typetree-allocator-block-size=2097152"
    "memorysetup-profiler-bucket-allocator-granularity=16"
    "memorysetup-profiler-bucket-allocator-bucket-count=8"
    "memorysetup-profiler-bucket-allocator-block-size=33554432"
    "memorysetup-profiler-bucket-allocator-block-count=8"
    "memorysetup-profiler-allocator-block-size=16777216"
    "memorysetup-profiler-editor-allocator-block-size=1048576"
    "memorysetup-temp-allocator-size-main=16777216"
    "memorysetup-job-temp-allocator-block-size=2097152"
    "memorysetup-job-temp-allocator-block-size-background=1048576"
    "memorysetup-job-temp-allocator-reduction-small-platforms=262144"
    "memorysetup-temp-allocator-size-background-worker=32768"
    "memorysetup-temp-allocator-size-job-worker=262144"
    "memorysetup-temp-allocator-size-preload-manager=33554432"
    "memorysetup-temp-allocator-size-nav-mesh-worker=65536"
    "memorysetup-temp-allocator-size-audio-worker=65536"
    "memorysetup-temp-allocator-size-cloud-worker=32768"
    "memorysetup-temp-allocator-size-gi-baking-worker=262144"
    "memorysetup-temp-allocator-size-gfx=262144"
Refreshing native plugins compatible for Editor in 159.58 ms, found 3 plugins.
Preloading 0 native plugins for Editor in 0.00 ms.
Initialize engine version: 2021.3.11f1 (0a5ca18544bf)
[Subsystems] Discovering subsystems at path C:/Program Files/Unity/Hub/Editor/2021.3.11f1/Editor/Data/Resources/UnitySubsystems
[Subsystems] Discovering subsystems at path C:/Users/김주현/Desktop/WosGit/WOS/WOS/Assets
GfxDevice: creating device client; threaded=0; jobified=0
Direct3D:
    Version:  Direct3D 11.0 [level 11.1]
    Renderer: NVIDIA GeForce RTX 2060 SUPER (ID=0x1f06)
    Vendor:   NVIDIA
    VRAM:     8031 MB
    Driver:   31.0.15.1694
Initialize mono
Mono path[0] = 'C:/Program Files/Unity/Hub/Editor/2021.3.11f1/Editor/Data/Managed'
Mono path[1] = 'C:/Program Files/Unity/Hub/Editor/2021.3.11f1/Editor/Data/MonoBleedingEdge/lib/mono/unityjit-win32'
Mono config path = 'C:/Program Files/Unity/Hub/Editor/2021.3.11f1/Editor/Data/MonoBleedingEdge/etc'
Using monoOptions --debugger-agent=transport=dt_socket,embedding=1,server=y,suspend=n,address=127.0.0.1:56476
Begin MonoManager ReloadAssembly
Registering precompiled unity dll's ...
Register platform support module: C:/Program Files/Unity/Hub/Editor/2021.3.11f1/Editor/Data/PlaybackEngines/WindowsStandaloneSupport/UnityEditor.WindowsStandalone.Extensions.dll
Registered in 0.054128 seconds.
Native extension for WindowsStandalone target not found
Refreshing native plugins compatible for Editor in 124.24 ms, found 3 plugins.
Preloading 0 native plugins for Editor in 0.00 ms.
Mono: successfully reloaded assembly
- Completed reload, in  0.967 seconds
Domain Reload Profiling:
	ReloadAssembly (968ms)
		BeginReloadAssembly (201ms)
			ExecutionOrderSort (0ms)
			DisableScriptedObjects (0ms)
			BackupInstance (0ms)
			ReleaseScriptingObjects (0ms)
			CreateAndSetChildDomain (1ms)
		EndReloadAssembly (527ms)
			LoadAssemblies (189ms)
			RebuildTransferFunctionScriptingTraits (0ms)
			SetupTypeCache (109ms)
			ReleaseScriptCaches (0ms)
			RebuildScriptCaches (24ms)
			SetupLoadedEditorAssemblies (310ms)
				LogAssemblyErrors (0ms)
				InitializePlatformSupportModulesInManaged (20ms)
				SetLoadedEditorAssemblies (0ms)
				RefreshPlugins (124ms)
				BeforeProcessingInitializeOnLoad (1ms)
				ProcessInitializeOnLoadAttributes (111ms)
				ProcessInitializeOnLoadMethodAttributes (52ms)
				AfterProcessingInitializeOnLoad (0ms)
				EditorAssembliesLoaded (0ms)
			ExecutionOrderSort2 (0ms)
			AwakeInstancesAfterBackupRestoration (0ms)
Platform modules already initialized, skipping
Registering precompiled user dll's ...
Registered in 0.027544 seconds.
Begin MonoManager ReloadAssembly
Symbol file LoadedFromMemory doesn't match image C:\Users\김주현\Desktop\WosGit\WOS\WOS\Library\PackageCache\com.unity.visualscripting@1.7.8\Editor\VisualScripting.Core\Dependencies\YamlDotNet\Unity.VisualScripting.YamlDotNet.dll
Symbol file LoadedFromMemory doesn't match image C:\Users\김주현\Desktop\WosGit\WOS\WOS\Library\PackageCache\com.unity.visualscripting@1.7.8\Editor\VisualScripting.Core\Dependencies\DotNetZip\Unity.VisualScripting.IonicZip.dll
Native extension for WindowsStandalone target not found
Refreshing native plugins compatible for Editor in 1.29 ms, found 3 plugins.
Preloading 0 native plugins for Editor in 0.00 ms.
Mono: successfully reloaded assembly
- Completed reload, in  1.612 seconds
Domain Reload Profiling:
	ReloadAssembly (1613ms)
		BeginReloadAssembly (222ms)
			ExecutionOrderSort (0ms)
			DisableScriptedObjects (5ms)
			BackupInstance (0ms)
			ReleaseScriptingObjects (0ms)
			CreateAndSetChildDomain (20ms)
		EndReloadAssembly (1191ms)
			LoadAssemblies (243ms)
			RebuildTransferFunctionScriptingTraits (0ms)
			SetupTypeCache (284ms)
			ReleaseScriptCaches (1ms)
			RebuildScriptCaches (54ms)
			SetupLoadedEditorAssemblies (622ms)
				LogAssemblyErrors (0ms)
				InitializePlatformSupportModulesInManaged (17ms)
				SetLoadedEditorAssemblies (0ms)
				RefreshPlugins (1ms)
				BeforeProcessingInitializeOnLoad (190ms)
				ProcessInitializeOnLoadAttributes (321ms)
				ProcessInitializeOnLoadMethodAttributes (39ms)
				AfterProcessingInitializeOnLoad (53ms)
				EditorAssembliesLoaded (0ms)
			ExecutionOrderSort2 (0ms)
			AwakeInstancesAfterBackupRestoration (15ms)
Platform modules already initialized, skipping
========================================================================
Worker process is ready to serve import requests
Launched and connected shader compiler UnityShaderCompiler.exe after 0.08 seconds
Refreshing native plugins compatible for Editor in 1.81 ms, found 3 plugins.
Preloading 0 native plugins for Editor in 0.00 ms.
Unloading 3928 Unused Serialized files (Serialized files now loaded: 0)
Unloading 43 unused Assets / (1.4 MB). Loaded Objects now: 4417.
Memory consumption went from 236.7 MB to 235.3 MB.
Total: 4.299600 ms (FindLiveObjects: 0.443000 ms CreateObjectMapping: 0.102500 ms MarkObjects: 3.301400 ms  DeleteObjects: 0.451200 ms)

AssetImportParameters requested are different than current active one (requested -> active):
  custom:video-decoder-ogg-theora: a1e56fd34408186e4bbccfd4996cb3dc -> 
  custom:container-muxer-webm: aa71ff27fc2769a1b78a27578f13a17b -> 
  custom:container-demuxer-webm: 4f35f7cbe854078d1ac9338744f61a02 -> 
  custom:video-encoder-webm-vp8: eb34c28f22e8b96e1ab97ce403110664 -> 
  custom:audio-encoder-webm-vorbis: bf7c407c2cedff20999df2af8eb42d56 -> 
  custom:framework-win-MediaFoundation: 216162199b28c13a410421893ffa2e32 -> 
  custom:container-demuxer-ogg: 62fdf1f143b41e24485cea50d1cbac27 -> 
  custom:video-decoder-webm-vp8: 9c59270c3fd7afecdb556c50c9e8de78 -> 
  custom:audio-decoder-ogg-vorbis: bf7c407c2cedff20999df2af8eb42d56 -> 
========================================================================
Received Import Request.
  Time since last request: 20698.825226 seconds.
  path: Assets/AssetStore/Ui/Dark_Brown_GUI_kit/icon/simple/inf.png
  artifactKey: Guid(18ac734f8ad04bc4e809e0dbce45ce35) Importer(815301076,1909f56bfc062723c751e8b465ee728b)
Start importing Assets/AssetStore/Ui/Dark_Brown_GUI_kit/icon/simple/inf.png using Guid(18ac734f8ad04bc4e809e0dbce45ce35) Importer(815301076,1909f56bfc062723c751e8b465ee728b)  -> (artifact id: 'f1e24b60b24b06bd95121f705b861f89') in 0.220100 seconds 
========================================================================
Received Import Request.
  Time since last request: 0.105749 seconds.
  path: Packages/com.unity.collab-proxy/Editor/PlasticSCM/Assets/Images/iconrepository.png
  artifactKey: Guid(ed64f3a17f2ede646be21ed6edc9161a) Importer(815301076,1909f56bfc062723c751e8b465ee728b)
Start importing Packages/com.unity.collab-proxy/Editor/PlasticSCM/Assets/Images/iconrepository.png using Guid(ed64f3a17f2ede646be21ed6edc9161a) Importer(815301076,1909f56bfc062723c751e8b465ee728b)  -> (artifact id: 'a2087f78f9d7694f510942e09dd8c4f8') in 0.026414 seconds 
========================================================================
Received Import Request.
  Time since last request: 0.003642 seconds.
  path: Packages/com.unity.collab-proxy/Editor/PlasticSCM/Assets/Images/iconundo@2x.png
  artifactKey: Guid(0dfbb2b6ddcdd254da80e3418498b3a6) Importer(815301076,1909f56bfc062723c751e8b465ee728b)
Start importing Packages/com.unity.collab-proxy/Editor/PlasticSCM/Assets/Images/iconundo@2x.png using Guid(0dfbb2b6ddcdd254da80e3418498b3a6) Importer(815301076,1909f56bfc062723c751e8b465ee728b)  -> (artifact id: '46f53427244980183c139e87f720ac5c') in 0.028825 seconds 
========================================================================
Received Import Request.
  Time since last request: 0.000033 seconds.
  path: Packages/com.unity.collab-proxy/Editor/PlasticSCM/Assets/Images/iconplasticviewnotify@2x.png
  artifactKey: Guid(0a4da12ff51bd83498216f698c7f20fa) Importer(815301076,1909f56bfc062723c751e8b465ee728b)
Start importing Packages/com.unity.collab-proxy/Editor/PlasticSCM/Assets/Images/iconplasticviewnotify@2x.png using Guid(0a4da12ff51bd83498216f698c7f20fa) Importer(815301076,1909f56bfc062723c751e8b465ee728b)  -> (artifact id: '921d54d44bf8bdfe6b30d369eb88ef48') in 0.034173 seconds 
========================================================================
Received Import Request.
  Time since last request: 0.000037 seconds.
  path: Packages/com.unity.collab-proxy/Editor/PlasticSCM/Assets/Images/iconundo.png
  artifactKey: Guid(98773313eabe35543bfdbf542ccea271) Importer(815301076,1909f56bfc062723c751e8b465ee728b)
Start importing Packages/com.unity.collab-proxy/Editor/PlasticSCM/Assets/Images/iconundo.png using Guid(98773313eabe35543bfdbf542ccea271) Importer(815301076,1909f56bfc062723c751e8b465ee728b)  -> (artifact id: 'ee6f9d393899b319e2944222714793a4') in 0.026865 seconds 
========================================================================
Received Import Request.
  Time since last request: 0.512601 seconds.
  path: Packages/com.unity.collab-proxy/Editor/PlasticSCM/Assets/Images/iconplasticnotifyconflict.png
  artifactKey: Guid(a916ed6819efd014588f58e3cfc48196) Importer(815301076,1909f56bfc062723c751e8b465ee728b)
Start importing Packages/com.unity.collab-proxy/Editor/PlasticSCM/Assets/Images/iconplasticnotifyconflict.png using Guid(a916ed6819efd014588f58e3cfc48196) Importer(815301076,1909f56bfc062723c751e8b465ee728b)  -> (artifact id: 'f4dfa20b694ab00d4f4083d085dbeaf1') in 0.026661 seconds 
========================================================================
Received Import Request.
  Time since last request: 0.000020 seconds.
  path: Packages/com.unity.collab-proxy/Editor/PlasticSCM/Assets/Images/iconplasticnotifyincoming.png
  artifactKey: Guid(1e6c9635b80f973488d8335a081c905f) Importer(815301076,1909f56bfc062723c751e8b465ee728b)
Start importing Packages/com.unity.collab-proxy/Editor/PlasticSCM/Assets/Images/iconplasticnotifyincoming.png using Guid(1e6c9635b80f973488d8335a081c905f) Importer(815301076,1909f56bfc062723c751e8b465ee728b)  -> (artifact id: '30bfe538ac2d7e53af908fa79b9233c1') in 0.035226 seconds 
========================================================================
Received Import Request.
  Time since last request: 2.942008 seconds.
  path: Packages/com.unity.collab-proxy/Editor/PlasticSCM/Assets/Images/iconmoved.png
  artifactKey: Guid(8a6cca56e2b63344eb4769cd92d93ffb) Importer(815301076,1909f56bfc062723c751e8b465ee728b)
Start importing Packages/com.unity.collab-proxy/Editor/PlasticSCM/Assets/Images/iconmoved.png using Guid(8a6cca56e2b63344eb4769cd92d93ffb) Importer(815301076,1909f56bfc062723c751e8b465ee728b)  -> (artifact id: '3b44bf9f7faba6bd2b9127b671b3fa6d') in 0.021970 seconds 
========================================================================
Received Import Request.
  Time since last request: 0.000028 seconds.
  path: Packages/com.unity.collab-proxy/Editor/PlasticSCM/Assets/Images/iconoutofsync.png
  artifactKey: Guid(636d03a8834e3ed4cac3a1cb4b82deaf) Importer(815301076,1909f56bfc062723c751e8b465ee728b)
Start importing Packages/com.unity.collab-proxy/Editor/PlasticSCM/Assets/Images/iconoutofsync.png using Guid(636d03a8834e3ed4cac3a1cb4b82deaf) Importer(815301076,1909f56bfc062723c751e8b465ee728b)  -> (artifact id: '0e7714155274d6279556362eef4dc053') in 0.058341 seconds 
========================================================================
Received Import Request.
  Time since last request: 0.000023 seconds.
  path: Packages/com.unity.collab-proxy/Editor/PlasticSCM/Assets/Images/iconlockedlocaloverlay@2x.png
  artifactKey: Guid(b528c1b33a65cf94ea74f830b54c9acb) Importer(815301076,1909f56bfc062723c751e8b465ee728b)
Start importing Packages/com.unity.collab-proxy/Editor/PlasticSCM/Assets/Images/iconlockedlocaloverlay@2x.png using Guid(b528c1b33a65cf94ea74f830b54c9acb) Importer(815301076,1909f56bfc062723c751e8b465ee728b)  -> (artifact id: '2a76e1f3c43a355f65c8d61fc7c4f5d8') in 0.048691 seconds 
========================================================================
Received Import Request.
  Time since last request: 0.000027 seconds.
  path: Packages/com.unity.collab-proxy/Editor/PlasticSCM/Assets/Images/iconlockedremoteoverlay@2x.png
  artifactKey: Guid(f73a7d8758d7be04588b15637d94b5a8) Importer(815301076,1909f56bfc062723c751e8b465ee728b)
Start importing Packages/com.unity.collab-proxy/Editor/PlasticSCM/Assets/Images/iconlockedremoteoverlay@2x.png using Guid(f73a7d8758d7be04588b15637d94b5a8) Importer(815301076,1909f56bfc062723c751e8b465ee728b)  -> (artifact id: '5af297ad7eae6273a79e9e7e450891b3') in 0.058738 seconds 
========================================================================
Received Import Request.
  Time since last request: 0.000029 seconds.
  path: Packages/com.unity.collab-proxy/Editor/PlasticSCM/Assets/Images/icondeleted.png
  artifactKey: Guid(77a39e873655d3c4b93d0b7696397b83) Importer(815301076,1909f56bfc062723c751e8b465ee728b)
Start importing Packages/com.unity.collab-proxy/Editor/PlasticSCM/Assets/Images/icondeleted.png using Guid(77a39e873655d3c4b93d0b7696397b83) Importer(815301076,1909f56bfc062723c751e8b465ee728b)  -> (artifact id: 'e2ff8b3c3645d14f05325110f63efb62') in 0.063081 seconds 
========================================================================
Received Import Request.
  Time since last request: 0.000063 seconds.
  path: Packages/com.unity.collab-proxy/Editor/PlasticSCM/Assets/Images/icondeletedremote.png
  artifactKey: Guid(b85a4b2ec6433d04895612d791edc260) Importer(815301076,1909f56bfc062723c751e8b465ee728b)
Start importing Packages/com.unity.collab-proxy/Editor/PlasticSCM/Assets/Images/icondeletedremote.png using Guid(b85a4b2ec6433d04895612d791edc260) Importer(815301076,1909f56bfc062723c751e8b465ee728b)  -> (artifact id: '03c325acfa5283a0fbf6456edbd39bbf') in 0.023930 seconds 
========================================================================
Received Import Request.
  Time since last request: 0.000018 seconds.
  path: Packages/com.unity.collab-proxy/Editor/PlasticSCM/Assets/Images/iconoutofsync@2x.png
  artifactKey: Guid(d7094718bdac022428dd29244922d06b) Importer(815301076,1909f56bfc062723c751e8b465ee728b)
Start importing Packages/com.unity.collab-proxy/Editor/PlasticSCM/Assets/Images/iconoutofsync@2x.png using Guid(d7094718bdac022428dd29244922d06b) Importer(815301076,1909f56bfc062723c751e8b465ee728b)  -> (artifact id: '042c1a90b56c78d48536060e54851a7c') in 0.025951 seconds 
========================================================================
Received Import Request.
  Time since last request: 0.000026 seconds.
  path: Packages/com.unity.collab-proxy/Editor/PlasticSCM/Assets/Images/iconaddedlocal@2x.png
  artifactKey: Guid(a67b58d6cddcd4345b1e001340de5a76) Importer(815301076,1909f56bfc062723c751e8b465ee728b)
Start importing Packages/com.unity.collab-proxy/Editor/PlasticSCM/Assets/Images/iconaddedlocal@2x.png using Guid(a67b58d6cddcd4345b1e001340de5a76) Importer(815301076,1909f56bfc062723c751e8b465ee728b)  -> (artifact id: '9500c54bf9d333db6df2bec1c9b57068') in 0.028313 seconds 
========================================================================
Received Import Request.
  Time since last request: 0.000036 seconds.
  path: Packages/com.unity.collab-proxy/Editor/PlasticSCM/Assets/Images/iconaddedoverlay@2x.png
  artifactKey: Guid(74ef721fef79c44489d4e3edb0ab0c01) Importer(815301076,1909f56bfc062723c751e8b465ee728b)
Start importing Packages/com.unity.collab-proxy/Editor/PlasticSCM/Assets/Images/iconaddedoverlay@2x.png using Guid(74ef721fef79c44489d4e3edb0ab0c01) Importer(815301076,1909f56bfc062723c751e8b465ee728b)  -> (artifact id: '1a8e454376e6d92ef73e0522d26a8e20') in 0.024828 seconds 
========================================================================
Received Import Request.
  Time since last request: 0.000078 seconds.
  path: Assets/Model/2D_Model/Ui/Interface/DownBar/HP_Bar.png
  artifactKey: Guid(26b06f7880a8ed54cb06594921d8c8c8) Importer(815301076,1909f56bfc062723c751e8b465ee728b)
Start importing Assets/Model/2D_Model/Ui/Interface/DownBar/HP_Bar.png using Guid(26b06f7880a8ed54cb06594921d8c8c8) Importer(815301076,1909f56bfc062723c751e8b465ee728b)  -> (artifact id: '76e431318074aee21c791f72d793bed6') in 0.030290 seconds 
========================================================================
Received Import Request.
  Time since last request: 0.000029 seconds.
  path: Packages/com.unity.collab-proxy/Editor/PlasticSCM/Assets/Images/iconconflicted.png
  artifactKey: Guid(d1c88f142eee55b4eb2b2cfd7b3624ce) Importer(815301076,1909f56bfc062723c751e8b465ee728b)
Start importing Packages/com.unity.collab-proxy/Editor/PlasticSCM/Assets/Images/iconconflicted.png using Guid(d1c88f142eee55b4eb2b2cfd7b3624ce) Importer(815301076,1909f56bfc062723c751e8b465ee728b)  -> (artifact id: 'cc1ec1baf7d81dac834e97663d7a30ad') in 0.023958 seconds 
========================================================================
Received Import Request.
  Time since last request: 0.000030 seconds.
  path: Packages/com.unity.collab-proxy/Editor/PlasticSCM/Assets/Images/iconbranch.png
  artifactKey: Guid(a6219d44b6fc910449f7c3fee45db5c5) Importer(815301076,1909f56bfc062723c751e8b465ee728b)
Start importing Packages/com.unity.collab-proxy/Editor/PlasticSCM/Assets/Images/iconbranch.png using Guid(a6219d44b6fc910449f7c3fee45db5c5) Importer(815301076,1909f56bfc062723c751e8b465ee728b)  -> (artifact id: '7b28ef6243c2fbeaab64b2f921e4e856') in 0.023235 seconds 
========================================================================
Received Import Request.
  Time since last request: 0.000047 seconds.
  path: Packages/com.unity.collab-proxy/Editor/PlasticSCM/Assets/Images/iconconflicted@2x.png
  artifactKey: Guid(f95f697d66d238446b1ab717def09945) Importer(815301076,1909f56bfc062723c751e8b465ee728b)
Start importing Packages/com.unity.collab-proxy/Editor/PlasticSCM/Assets/Images/iconconflicted@2x.png using Guid(f95f697d66d238446b1ab717def09945) Importer(815301076,1909f56bfc062723c751e8b465ee728b)  -> (artifact id: 'ce996679e8e7801425f3e3a89aebe0b9') in 0.024182 seconds 
========================================================================
Received Import Request.
  Time since last request: 0.505015 seconds.
  path: Assets/AssetStore/Ui/Dark_Brown_GUI_kit/skill_icon/holy/holy_hand.png
  artifactKey: Guid(5d4f7f8c18c81b14499cfb251e39af08) Importer(815301076,1909f56bfc062723c751e8b465ee728b)
Start importing Assets/AssetStore/Ui/Dark_Brown_GUI_kit/skill_icon/holy/holy_hand.png using Guid(5d4f7f8c18c81b14499cfb251e39af08) Importer(815301076,1909f56bfc062723c751e8b465ee728b)  -> (artifact id: '2914e8ea6b72ae0855a48b5eb7b77310') in 0.030017 seconds 
========================================================================
Received Import Request.
  Time since last request: 0.000026 seconds.
  path: Assets/AssetStore/Ui/Dark_Brown_GUI_kit/skill_icon/holy/holy_smal_cross.png
  artifactKey: Guid(c8db1b0a9c81ccd4b8dba349465e89b8) Importer(815301076,1909f56bfc062723c751e8b465ee728b)
Start importing Assets/AssetStore/Ui/Dark_Brown_GUI_kit/skill_icon/holy/holy_smal_cross.png using Guid(c8db1b0a9c81ccd4b8dba349465e89b8) Importer(815301076,1909f56bfc062723c751e8b465ee728b)  -> (artifact id: 'c7093043d41859876085e064342d0f98') in 0.031099 seconds 
========================================================================
Received Import Request.
  Time since last request: 0.000023 seconds.
  path: Assets/AssetStore/Ui/Dark_Brown_GUI_kit/background/other/health_bar_background0.png
  artifactKey: Guid(da0cbf9852130fb48972846671b85b48) Importer(815301076,1909f56bfc062723c751e8b465ee728b)
Start importing Assets/AssetStore/Ui/Dark_Brown_GUI_kit/background/other/health_bar_background0.png using Guid(da0cbf9852130fb48972846671b85b48) Importer(815301076,1909f56bfc062723c751e8b465ee728b)  -> (artifact id: '4c62a3e3ef385eec601e709aa74afbc5') in 0.025158 seconds 
========================================================================
Received Import Request.
  Time since last request: 0.000023 seconds.
  path: Assets/AssetStore/Ui/Dark_Brown_GUI_kit/background/other/health_bar_background2.png
  artifactKey: Guid(59a7e08ad339e9c4880e3f9648abc5c9) Importer(815301076,1909f56bfc062723c751e8b465ee728b)
Start importing Assets/AssetStore/Ui/Dark_Brown_GUI_kit/background/other/health_bar_background2.png using Guid(59a7e08ad339e9c4880e3f9648abc5c9) Importer(815301076,1909f56bfc062723c751e8b465ee728b)  -> (artifact id: '0557869f4f98ef4124f9f3a455b5a57f') in 0.024045 seconds 
========================================================================
Received Import Request.
  Time since last request: 0.000036 seconds.
  path: Assets/AssetStore/Ui/Dark_Brown_GUI_kit/icon/simple/home.png
  artifactKey: Guid(947c90ea345a54944bf0e2dc4af85150) Importer(815301076,1909f56bfc062723c751e8b465ee728b)
Start importing Assets/AssetStore/Ui/Dark_Brown_GUI_kit/icon/simple/home.png using Guid(947c90ea345a54944bf0e2dc4af85150) Importer(815301076,1909f56bfc062723c751e8b465ee728b)  -> (artifact id: '8900eee1c126742796895a35d2816cb5') in 0.025351 seconds 
========================================================================
Received Import Request.
  Time since last request: 0.644686 seconds.
  path: Assets/AssetStore/Ui/Dark_Brown_GUI_kit/icon/other/craft/green_сlover.png
  artifactKey: Guid(6832d5797dd668e42be64449cf6c88e7) Importer(815301076,1909f56bfc062723c751e8b465ee728b)
Start importing Assets/AssetStore/Ui/Dark_Brown_GUI_kit/icon/other/craft/green_сlover.png using Guid(6832d5797dd668e42be64449cf6c88e7) Importer(815301076,1909f56bfc062723c751e8b465ee728b)  -> (artifact id: '7239351bd6810e7b2e36776a5dd79b06') in 0.032306 seconds 
========================================================================
Received Import Request.
  Time since last request: 0.000020 seconds.
  path: Assets/AssetStore/Ui/Dark_Brown_GUI_kit/icon/other/craft/tr/green_сlover_tr.png
  artifactKey: Guid(b54b0a2f37657794c943f3f14f3750e1) Importer(815301076,1909f56bfc062723c751e8b465ee728b)
Start importing Assets/AssetStore/Ui/Dark_Brown_GUI_kit/icon/other/craft/tr/green_сlover_tr.png using Guid(b54b0a2f37657794c943f3f14f3750e1) Importer(815301076,1909f56bfc062723c751e8b465ee728b)  -> (artifact id: 'c153743c94c3466551042007afe518cb') in 0.031015 seconds 
========================================================================
Received Import Request.
  Time since last request: 0.000024 seconds.
  path: Assets/AssetStore/Cursors/Cursors 64/G_Cursor_shoot.png
  artifactKey: Guid(867f8a289a5fcd547a64768b400584ea) Importer(815301076,1909f56bfc062723c751e8b465ee728b)
Start importing Assets/AssetStore/Cursors/Cursors 64/G_Cursor_shoot.png using Guid(867f8a289a5fcd547a64768b400584ea) Importer(815301076,1909f56bfc062723c751e8b465ee728b)  -> (artifact id: '12d957e9c9080ee2099a8a129f6c540a') in 0.025295 seconds 
========================================================================
Received Import Request.
  Time since last request: 0.000023 seconds.
  path: Assets/Model/2D_Model/Item/Gold/Gold_Icon.png
  artifactKey: Guid(a2518382905fd754cbe1fa5881fc5182) Importer(815301076,1909f56bfc062723c751e8b465ee728b)
Start importing Assets/Model/2D_Model/Item/Gold/Gold_Icon.png using Guid(a2518382905fd754cbe1fa5881fc5182) Importer(815301076,1909f56bfc062723c751e8b465ee728b)  -> (artifact id: 'abac1d32267e555e4e71f9a01aff5c01') in 0.021943 seconds 
========================================================================
Received Import Request.
  Time since last request: 0.435349 seconds.
  path: Assets/AssetStore/Cursors/Cursors 64/G_Cursor_Settings.png
  artifactKey: Guid(7ec1dbfa4ac227442ae8e6e238233e41) Importer(815301076,1909f56bfc062723c751e8b465ee728b)
Start importing Assets/AssetStore/Cursors/Cursors 64/G_Cursor_Settings.png using Guid(7ec1dbfa4ac227442ae8e6e238233e41) Importer(815301076,1909f56bfc062723c751e8b465ee728b)  -> (artifact id: 'da9f022a71981b4a653843e4c9c4f88c') in 0.027908 seconds 
========================================================================
Received Import Request.
  Time since last request: 0.000026 seconds.
  path: Assets/AssetStore/Cursors/Cursors 64/G_Cursor_ship.png
  artifactKey: Guid(aa6499af552f37a42826f5dfb9efc3e6) Importer(815301076,1909f56bfc062723c751e8b465ee728b)
Start importing Assets/AssetStore/Cursors/Cursors 64/G_Cursor_ship.png using Guid(aa6499af552f37a42826f5dfb9efc3e6) Importer(815301076,1909f56bfc062723c751e8b465ee728b)  -> (artifact id: '47d94818195dc43af16c30f6ffdab2e1') in 0.031999 seconds 
========================================================================
Received Import Request.
  Time since last request: 0.000023 seconds.
  path: Assets/AssetStore/Cursors/Cursors 256/G_Cursor_Move2.png
  artifactKey: Guid(460b8c81943825c479af7ffbd80c9e5d) Importer(815301076,1909f56bfc062723c751e8b465ee728b)
Start importing Assets/AssetStore/Cursors/Cursors 256/G_Cursor_Move2.png using Guid(460b8c81943825c479af7ffbd80c9e5d) Importer(815301076,1909f56bfc062723c751e8b465ee728b)  -> (artifact id: '38f7a6555a6cd6e53a43cbac788963e7') in 0.032474 seconds 
========================================================================
Received Import Request.
  Time since last request: 0.000031 seconds.
  path: Assets/AssetStore/Cursors/Cursors 64/G_Cursor_Move2.png
  artifactKey: Guid(044ad49b35534f342af6d00d70eae1dd) Importer(815301076,1909f56bfc062723c751e8b465ee728b)
Start importing Assets/AssetStore/Cursors/Cursors 64/G_Cursor_Move2.png using Guid(044ad49b35534f342af6d00d70eae1dd) Importer(815301076,1909f56bfc062723c751e8b465ee728b)  -> (artifact id: '29202d1f69626b412758f1634e443b68') in 0.026079 seconds 
========================================================================
Received Import Request.
  Time since last request: 0.000026 seconds.
  path: Assets/AssetStore/Cursors/Cursors 64/G_Cursor_Production.png
  artifactKey: Guid(fecb9a641cb3b244da7e3cf13d0df392) Importer(815301076,1909f56bfc062723c751e8b465ee728b)
Start importing Assets/AssetStore/Cursors/Cursors 64/G_Cursor_Production.png using Guid(fecb9a641cb3b244da7e3cf13d0df392) Importer(815301076,1909f56bfc062723c751e8b465ee728b)  -> (artifact id: '098f3e489e5c080c2f6c67b5f69ef7e3') in 0.026141 seconds 
========================================================================
Received Import Request.
  Time since last request: 0.589988 seconds.
  path: Assets/AssetStore/Cursors/Cursors 64/G_Cursor_Hand2.png
  artifactKey: Guid(daf580b39fe978f4f93d2871853610b2) Importer(815301076,1909f56bfc062723c751e8b465ee728b)
Start importing Assets/AssetStore/Cursors/Cursors 64/G_Cursor_Hand2.png using Guid(daf580b39fe978f4f93d2871853610b2) Importer(815301076,1909f56bfc062723c751e8b465ee728b)  -> (artifact id: '129629677bca78aa65b60ac51af5652f') in 0.026685 seconds 
========================================================================
Received Import Request.
  Time since last request: 0.000022 seconds.
  path: Assets/AssetStore/Cursors/Cursors 256/G_Cursor_Hand.png
  artifactKey: Guid(4fee88e7ef452b146aa4add22a3da773) Importer(815301076,1909f56bfc062723c751e8b465ee728b)
Start importing Assets/AssetStore/Cursors/Cursors 256/G_Cursor_Hand.png using Guid(4fee88e7ef452b146aa4add22a3da773) Importer(815301076,1909f56bfc062723c751e8b465ee728b)  -> (artifact id: 'cd953fa6f516c95b117817b74933857b') in 0.031468 seconds 
========================================================================
Received Import Request.
  Time since last request: 0.000035 seconds.
  path: Assets/AssetStore/Cursors/Cursors 64/G_Cursor_Hand.png
  artifactKey: Guid(e43eb6dc9e9ce1f47bac91c53a5246fc) Importer(815301076,1909f56bfc062723c751e8b465ee728b)
Start importing Assets/AssetStore/Cursors/Cursors 64/G_Cursor_Hand.png using Guid(e43eb6dc9e9ce1f47bac91c53a5246fc) Importer(815301076,1909f56bfc062723c751e8b465ee728b)  -> (artifact id: 'ef1b34ffaa566e98d5cb7d80d764ddb5') in 0.023328 seconds 
========================================================================
Received Import Request.
  Time since last request: 0.000090 seconds.
  path: Assets/AssetStore/Cursors/Cursors 256/G_Cursor_loot.png
  artifactKey: Guid(88a3efd142a70364eb0219ded72e16cd) Importer(815301076,1909f56bfc062723c751e8b465ee728b)
Start importing Assets/AssetStore/Cursors/Cursors 256/G_Cursor_loot.png using Guid(88a3efd142a70364eb0219ded72e16cd) Importer(815301076,1909f56bfc062723c751e8b465ee728b)  -> (artifact id: '4a6d12291a048ad4e5022a85fa82801a') in 0.027934 seconds 
========================================================================
Received Import Request.
  Time since last request: 0.000040 seconds.
  path: Assets/AssetStore/Cursors/Cursors 256/G_Cursor_Move1.png
  artifactKey: Guid(b46c0e8558f88124b90949b499fa801f) Importer(815301076,1909f56bfc062723c751e8b465ee728b)
Start importing Assets/AssetStore/Cursors/Cursors 256/G_Cursor_Move1.png using Guid(b46c0e8558f88124b90949b499fa801f) Importer(815301076,1909f56bfc062723c751e8b465ee728b)  -> (artifact id: 'e019ff16535c118cfbacce5a2c5f4900') in 0.030565 seconds 
========================================================================
Received Import Request.
  Time since last request: 0.234138 seconds.
  path: Assets/AssetStore/Cursors/Cursors 64/G_Cursor_Basic2_R.png
  artifactKey: Guid(11ced191b585af049981750de4f6125d) Importer(815301076,1909f56bfc062723c751e8b465ee728b)
Start importing Assets/AssetStore/Cursors/Cursors 64/G_Cursor_Basic2_R.png using Guid(11ced191b585af049981750de4f6125d) Importer(815301076,1909f56bfc062723c751e8b465ee728b)  -> (artifact id: 'd4a8df6a14b91ffe54e5ce1f64e2e9ed') in 0.034397 seconds 
========================================================================
Received Import Request.
  Time since last request: 0.000048 seconds.
  path: Assets/AssetStore/Cursors/Cursors 64/G_Cursor_book.png
  artifactKey: Guid(9cda48e378d35dc4ab62c87729c084dd) Importer(815301076,1909f56bfc062723c751e8b465ee728b)
Start importing Assets/AssetStore/Cursors/Cursors 64/G_Cursor_book.png using Guid(9cda48e378d35dc4ab62c87729c084dd) Importer(815301076,1909f56bfc062723c751e8b465ee728b)  -> (artifact id: '58875664c813d2242526fa195cf0f3ac') in 0.055715 seconds 
========================================================================
Received Import Request.
  Time since last request: 0.000035 seconds.
  path: Assets/AssetStore/Cursors/Cursors 256/G_Cursor_Deff.png
  artifactKey: Guid(147a888a28b5a5c4c98627d5b0df3f00) Importer(815301076,1909f56bfc062723c751e8b465ee728b)
Start importing Assets/AssetStore/Cursors/Cursors 256/G_Cursor_Deff.png using Guid(147a888a28b5a5c4c98627d5b0df3f00) Importer(815301076,1909f56bfc062723c751e8b465ee728b)  -> (artifact id: 'defd092a27c559ff0e699f87172e85fa') in 0.035518 seconds 
========================================================================
Received Import Request.
  Time since last request: 0.039515 seconds.
  path: Assets/AssetStore/Cursors/Cursors 64/G_Cursor_Basic.png
  artifactKey: Guid(bb57a4c5a1ec38a41949d0975ede9ac1) Importer(815301076,1909f56bfc062723c751e8b465ee728b)
Start importing Assets/AssetStore/Cursors/Cursors 64/G_Cursor_Basic.png using Guid(bb57a4c5a1ec38a41949d0975ede9ac1) Importer(815301076,1909f56bfc062723c751e8b465ee728b)  -> (artifact id: 'c2e5d4bf8807071c3a87421d1384604c') in 0.032659 seconds 
========================================================================
Received Import Request.
  Time since last request: 0.000025 seconds.
  path: Assets/AssetStore/Cursors/Cursors 256/G_Cursor_Basic2.png
  artifactKey: Guid(c0b55e16840fbb642b2d8836c473dc39) Importer(815301076,1909f56bfc062723c751e8b465ee728b)
Start importing Assets/AssetStore/Cursors/Cursors 256/G_Cursor_Basic2.png using Guid(c0b55e16840fbb642b2d8836c473dc39) Importer(815301076,1909f56bfc062723c751e8b465ee728b)  -> (artifact id: 'd3a79e6b23fba7ace115276b9268c473') in 0.036169 seconds 
========================================================================
Received Import Request.
  Time since last request: 0.000037 seconds.
  path: Assets/AssetStore/Cursors/Cursors 256/G_Cursor_Attack_R.png
  artifactKey: Guid(73d03fd21dd11534e8d58428d91fa2bc) Importer(815301076,1909f56bfc062723c751e8b465ee728b)
Start importing Assets/AssetStore/Cursors/Cursors 256/G_Cursor_Attack_R.png using Guid(73d03fd21dd11534e8d58428d91fa2bc) Importer(815301076,1909f56bfc062723c751e8b465ee728b)  -> (artifact id: '3fe440b855bd5fb65be966abcb82c957') in 0.033069 seconds 
========================================================================
Received Import Request.
  Time since last request: 0.000034 seconds.
  path: Assets/AssetStore/Cursors/Cursors 256/G_Cursor_Attack_G.png
  artifactKey: Guid(ca99d9828f6fd5d4a8c4f2c9587aa7d4) Importer(815301076,1909f56bfc062723c751e8b465ee728b)
Start importing Assets/AssetStore/Cursors/Cursors 256/G_Cursor_Attack_G.png using Guid(ca99d9828f6fd5d4a8c4f2c9587aa7d4) Importer(815301076,1909f56bfc062723c751e8b465ee728b)  -> (artifact id: 'dd9ad99145b2a3c44502da5ab528f51f') in 0.039069 seconds 
========================================================================
Received Import Request.
  Time since last request: 0.000036 seconds.
  path: Assets/AssetStore/Cursors/Cursors 64/G_Cursor_Basic2_G.png
  artifactKey: Guid(50df96a1a1ddc4b4ca4058e759481611) Importer(815301076,1909f56bfc062723c751e8b465ee728b)
Start importing Assets/AssetStore/Cursors/Cursors 64/G_Cursor_Basic2_G.png using Guid(50df96a1a1ddc4b4ca4058e759481611) Importer(815301076,1909f56bfc062723c751e8b465ee728b)  -> (artifact id: 'dccefc36b493888bcf40e79a76ba0b92') in 0.026669 seconds 
========================================================================
Received Import Request.
  Time since last request: 0.287878 seconds.
  path: Assets/AssetStore/Cursors/Cursors 64/G_Arrow.png
  artifactKey: Guid(6d3fc80206b127d469d54dc4512be56c) Importer(815301076,1909f56bfc062723c751e8b465ee728b)
Start importing Assets/AssetStore/Cursors/Cursors 64/G_Arrow.png using Guid(6d3fc80206b127d469d54dc4512be56c) Importer(815301076,1909f56bfc062723c751e8b465ee728b)  -> (artifact id: '4d77b338b143c3444b75c42b37ced931') in 0.026766 seconds 
========================================================================
Received Import Request.
  Time since last request: 0.000694 seconds.
  path: Assets/Model/2D_Model/Ui/Window/Events/Forest.png
  artifactKey: Guid(156812626e42f7943bf42f7695f1c3fa) Importer(815301076,1909f56bfc062723c751e8b465ee728b)
Start importing Assets/Model/2D_Model/Ui/Window/Events/Forest.png using Guid(156812626e42f7943bf42f7695f1c3fa) Importer(815301076,1909f56bfc062723c751e8b465ee728b)  -> (artifact id: 'c5c3b17e9f0e4ecdb900a6a2b94696b6') in 0.106299 seconds 
========================================================================
Received Import Request.
  Time since last request: 9.420084 seconds.
  path: Packages/com.unity.collab-proxy/Editor/PlasticSCM/Assets/Images/d_cloudbuhochristmas.png
  artifactKey: Guid(70632ddfe8e71b04b8f90ef7e29a9e98) Importer(815301076,1909f56bfc062723c751e8b465ee728b)
Start importing Packages/com.unity.collab-proxy/Editor/PlasticSCM/Assets/Images/d_cloudbuhochristmas.png using Guid(70632ddfe8e71b04b8f90ef7e29a9e98) Importer(815301076,1909f56bfc062723c751e8b465ee728b)  -> (artifact id: '1f0564aed8d77d73a903ac2a6c00050c') in 0.047358 seconds 
========================================================================
Received Import Request.
  Time since last request: 0.000022 seconds.
  path: Packages/com.unity.collab-proxy/Editor/PlasticSCM/Assets/Images/d_expertbuhoshechristmas.png
  artifactKey: Guid(372e7b39fc8f34549ac25d8757965a2c) Importer(815301076,1909f56bfc062723c751e8b465ee728b)
Start importing Packages/com.unity.collab-proxy/Editor/PlasticSCM/Assets/Images/d_expertbuhoshechristmas.png using Guid(372e7b39fc8f34549ac25d8757965a2c) Importer(815301076,1909f56bfc062723c751e8b465ee728b)  -> (artifact id: 'd78564679007dc83c9c3b55ef2f35a3b') in 0.035449 seconds 
========================================================================
Received Import Request.
  Time since last request: 0.000029 seconds.
  path: Packages/com.unity.collab-proxy/Editor/PlasticSCM/Assets/Images/d_colorbuhoshechristmas.png
  artifactKey: Guid(ec03f79379868c642b48ae5ddc821b6d) Importer(815301076,1909f56bfc062723c751e8b465ee728b)
Start importing Packages/com.unity.collab-proxy/Editor/PlasticSCM/Assets/Images/d_colorbuhoshechristmas.png using Guid(ec03f79379868c642b48ae5ddc821b6d) Importer(815301076,1909f56bfc062723c751e8b465ee728b)  -> (artifact id: 'dcb3bc594e3fd7fdf20e2579b48af1b6') in 0.034208 seconds 
========================================================================
Received Import Request.
  Time since last request: 0.000033 seconds.
  path: Packages/com.unity.collab-proxy/Editor/PlasticSCM/Assets/Images/d_colorbuho.png
  artifactKey: Guid(3a0c527d7f890d64a9b56b086e6e766a) Importer(815301076,1909f56bfc062723c751e8b465ee728b)
Start importing Packages/com.unity.collab-proxy/Editor/PlasticSCM/Assets/Images/d_colorbuho.png using Guid(3a0c527d7f890d64a9b56b086e6e766a) Importer(815301076,1909f56bfc062723c751e8b465ee728b)  -> (artifact id: '997e4e5448ed0972a43fbd21e5fbf590') in 0.035980 seconds 
Editor requested this worker to shutdown with reason: Scaling down because of idle timeout
AssetImportWorker is now disconnected from the server
Process exiting
Exiting without the bug reporter. Application will terminate with return code 0